

================================================================
== Vivado HLS Report for 'Conv2d'
================================================================
* Date:           Thu Nov  3 16:10:45 2022

* Version:        2019.1 (Build 2552052 on Fri May 24 15:28:33 MDT 2019)
* Project:        f_b_4_new_network
* Solution:       solution1
* Product family: zynquplus
* Target device:  xczu3eg-sbva484-1-e


================================================================
== Performance Estimates
================================================================
+ Timing (ns): 
    * Summary: 
    +--------+-------+----------+------------+
    |  Clock | Target| Estimated| Uncertainty|
    +--------+-------+----------+------------+
    |ap_clk  |  10.00|     8.507|        1.25|
    +--------+-------+----------+------------+

+ Latency (clock cycles): 
    * Summary: 
    +-----+-----+-----+-----+---------+
    |  Latency  |  Interval | Pipeline|
    | min | max | min | max |   Type  |
    +-----+-----+-----+-----+---------+
    |  388|  388|  388|  388|   none  |
    +-----+-----+-----+-----+---------+

    + Detail: 
        * Instance: 
        N/A

        * Loop: 
        +--------------------+-----+-----+----------+-----------+-----------+------+----------+
        |                    |  Latency  | Iteration|  Initiation Interval  | Trip |          |
        |      Loop Name     | min | max |  Latency |  achieved |   target  | Count| Pipelined|
        +--------------------+-----+-----+----------+-----------+-----------+------+----------+
        |- Loop 1            |  387|  387|        43|          -|          -|     9|    no    |
        | + Conv2d_label0_L  |   40|   40|         9|          4|          1|     9|    yes   |
        +--------------------+-----+-----+----------+-----------+-----------+------+----------+



================================================================
== Utilization Estimates
================================================================
* Summary: 
+-----------------+---------+-------+--------+-------+-----+
|       Name      | BRAM_18K| DSP48E|   FF   |  LUT  | URAM|
+-----------------+---------+-------+--------+-------+-----+
|DSP              |        -|      -|       -|      -|    -|
|Expression       |        -|      -|       0|    318|    -|
|FIFO             |        -|      -|       -|      -|    -|
|Instance         |        -|      5|     355|    352|    -|
|Memory           |        -|      -|       -|      -|    -|
|Multiplexer      |        -|      -|       -|    179|    -|
|Register         |        -|      -|     195|      -|    -|
+-----------------+---------+-------+--------+-------+-----+
|Total            |        0|      5|     550|    849|    0|
+-----------------+---------+-------+--------+-------+-----+
|Available        |      432|    360|  141120|  70560|    0|
+-----------------+---------+-------+--------+-------+-----+
|Utilization (%)  |        0|      1|   ~0   |      1|    0|
+-----------------+---------+-------+--------+-------+-----+

+ Detail: 
    * Instance: 
    +--------------------------+----------------------+---------+-------+-----+-----+-----+
    |         Instance         |        Module        | BRAM_18K| DSP48E|  FF | LUT | URAM|
    +--------------------------+----------------------+---------+-------+-----+-----+-----+
    |forw_back_fadd_32bkb_U74  |forw_back_fadd_32bkb  |        0|      2|  227|  214|    0|
    |forw_back_fmul_32cud_U75  |forw_back_fmul_32cud  |        0|      3|  128|  138|    0|
    +--------------------------+----------------------+---------+-------+-----+-----+-----+
    |Total                     |                      |        0|      5|  355|  352|    0|
    +--------------------------+----------------------+---------+-------+-----+-----+-----+

    * DSP48E: 
    N/A

    * Memory: 
    N/A

    * FIFO: 
    N/A

    * Expression: 
    +-----------------------------+----------+-------+---+----+------------+------------+
    |        Variable Name        | Operation| DSP48E| FF| LUT| Bitwidth P0| Bitwidth P1|
    +-----------------------------+----------+-------+---+----+------------+------------+
    |add_ln28_fu_227_p2           |     +    |      0|  0|  12|           4|           1|
    |add_ln29_fu_563_p2           |     +    |      0|  0|  11|           3|           1|
    |add_ln30_fu_319_p2           |     +    |      0|  0|  15|           5|           5|
    |add_ln31_fu_405_p2           |     +    |      0|  0|  12|           4|           1|
    |add_ln33_2_fu_542_p2         |     +    |      0|  0|  10|           9|           9|
    |add_ln33_fu_527_p2           |     +    |      0|  0|  16|           9|           9|
    |col_9_fu_411_p2              |     +    |      0|  0|  11|           3|           1|
    |i_fu_233_p2                  |     +    |      0|  0|   9|           2|           1|
    |j_fu_558_p2                  |     +    |      0|  0|   9|           2|           1|
    |row_7_fu_553_p2              |     +    |      0|  0|  11|           3|           1|
    |sub_ln30_5_fu_293_p2         |     -    |      0|  0|  15|           5|           5|
    |sub_ln30_fu_215_p2           |     -    |      0|  0|  15|           5|           5|
    |sub_ln33_10_fu_393_p2        |     -    |      0|  0|  16|           9|           9|
    |sub_ln33_14_fu_457_p2        |     -    |      0|  0|  16|           9|           9|
    |sub_ln33_15_fu_471_p2        |     -    |      0|  0|  12|           4|           4|
    |sub_ln33_16_fu_496_p2        |     -    |      0|  0|  16|           9|           9|
    |sub_ln33_5_mid2_fu_510_p2    |     -    |      0|  0|  10|           9|           9|
    |sub_ln33_9_fu_362_p2         |     -    |      0|  0|  16|           9|           9|
    |sub_ln33_fu_368_p2           |     -    |      0|  0|  12|           4|           4|
    |icmp_ln28_fu_221_p2          |   icmp   |      0|  0|   9|           4|           4|
    |icmp_ln29_fu_239_p2          |   icmp   |      0|  0|   9|           3|           3|
    |icmp_ln31_fu_399_p2          |   icmp   |      0|  0|   9|           4|           4|
    |icmp_ln32_fu_417_p2          |   icmp   |      0|  0|   9|           3|           3|
    |col_cast6_mid2_v_fu_261_p3   |  select  |      0|  0|   2|           1|           2|
    |indvars_iv_mid2_fu_245_p3    |  select  |      0|  0|   3|           1|           2|
    |row_0_mid2_fu_422_p3         |  select  |      0|  0|   3|           1|           3|
    |row_mid2_fu_253_p3           |  select  |      0|  0|   2|           1|           1|
    |select_ln31_fu_519_p3        |  select  |      0|  0|   3|           1|           3|
    |sub_ln30_mid2_fu_299_p3      |  select  |      0|  0|   5|           1|           5|
    |sub_ln33_5_mid2_v_fu_502_p3  |  select  |      0|  0|   9|           1|           9|
    |sub_ln33_9_mid2_fu_463_p3    |  select  |      0|  0|   9|           1|           9|
    |ap_enable_pp0                |    xor   |      0|  0|   2|           1|           2|
    +-----------------------------+----------+-------+---+----+------------+------------+
    |Total                        |          |      0|  0| 318|         130|         143|
    +-----------------------------+----------+-------+---+----+------------+------------+

    * Multiplexer: 
    +-----------------------------------------+----+-----------+-----+-----------+
    |                   Name                  | LUT| Input Size| Bits| Total Bits|
    +-----------------------------------------+----+-----------+-----+-----------+
    |ap_NS_fsm                                |  41|          8|    1|          8|
    |ap_enable_reg_pp0_iter2                  |   9|          2|    1|          2|
    |ap_phi_mux_col_0_phi_fu_162_p4           |   9|          2|    3|          6|
    |ap_phi_mux_indvar_flatten_phi_fu_152_p4  |   9|          2|    4|          8|
    |ap_phi_mux_row_0_phi_fu_183_p4           |   9|          2|    3|          6|
    |col_0_reg_159                            |   9|          2|    3|          6|
    |col_reg_115                              |   9|          2|    2|          4|
    |empty_reg_168                            |   9|          2|   32|         64|
    |indvar_flatten7_reg_104                  |   9|          2|    4|          8|
    |indvar_flatten_reg_148                   |   9|          2|    4|          8|
    |indvars_iv_reg_126                       |   9|          2|    3|          6|
    |out_matrix_address0                      |  15|          3|    4|         12|
    |out_matrix_d0                            |  15|          3|   32|         96|
    |row_0_reg_180                            |   9|          2|    3|          6|
    |row_reg_137                              |   9|          2|    2|          4|
    +-----------------------------------------+----+-----------+-----+-----------+
    |Total                                    | 179|         38|  101|        244|
    +-----------------------------------------+----+-----------+-----+-----------+

    * Register: 
    +---------------------------------+----+----+-----+-----------+
    |               Name              | FF | LUT| Bits| Const Bits|
    +---------------------------------+----+----+-----+-----------+
    |add_ln28_reg_572                 |   4|   0|    4|          0|
    |add_ln31_reg_624                 |   4|   0|    4|          0|
    |ap_CS_fsm                        |   7|   0|    7|          0|
    |ap_enable_reg_pp0_iter0          |   1|   0|    1|          0|
    |ap_enable_reg_pp0_iter1          |   1|   0|    1|          0|
    |ap_enable_reg_pp0_iter2          |   1|   0|    1|          0|
    |col_0_reg_159                    |   3|   0|    3|          0|
    |col_cast6_mid2_v_reg_588         |   2|   0|    2|          0|
    |col_cast_mid2_reg_598            |   2|   0|    4|          2|
    |col_reg_115                      |   2|   0|    2|          0|
    |empty_reg_168                    |  32|   0|   32|          0|
    |icmp_ln31_reg_620                |   1|   0|    1|          0|
    |icmp_ln31_reg_620_pp0_iter1_reg  |   1|   0|    1|          0|
    |indvar_flatten7_reg_104          |   4|   0|    4|          0|
    |indvar_flatten_reg_148           |   4|   0|    4|          0|
    |indvars_iv_mid2_reg_577          |   3|   0|    3|          0|
    |indvars_iv_reg_126               |   3|   0|    3|          0|
    |input_matrix_load_reg_649        |  32|   0|   32|          0|
    |kernel_load_reg_654              |  32|   0|   32|          0|
    |out_matrix_addr_reg_615          |   4|   0|    4|          0|
    |row_0_mid2_reg_629               |   3|   0|    3|          0|
    |row_0_reg_180                    |   3|   0|    3|          0|
    |row_7_reg_659                    |   3|   0|    3|          0|
    |row_cast3_reg_604                |   2|   0|    3|          1|
    |row_cast_reg_610                 |   2|   0|    9|          7|
    |row_mid2_reg_583                 |   2|   0|    2|          0|
    |row_reg_137                      |   2|   0|    2|          0|
    |select_ln31_reg_634              |   3|   0|    3|          0|
    |tmp_reg_664                      |  32|   0|   32|          0|
    +---------------------------------+----+----+-----+-----------+
    |Total                            | 195|   0|  205|         10|
    +---------------------------------+----+----+-----+-----------+



================================================================
== Interface
================================================================
* Summary: 
+-----------------------+-----+-----+------------+--------------+--------------+
|       RTL Ports       | Dir | Bits|  Protocol  | Source Object|    C Type    |
+-----------------------+-----+-----+------------+--------------+--------------+
|ap_clk                 |  in |    1| ap_ctrl_hs |    Conv2d    | return value |
|ap_rst                 |  in |    1| ap_ctrl_hs |    Conv2d    | return value |
|ap_start               |  in |    1| ap_ctrl_hs |    Conv2d    | return value |
|ap_done                | out |    1| ap_ctrl_hs |    Conv2d    | return value |
|ap_idle                | out |    1| ap_ctrl_hs |    Conv2d    | return value |
|ap_ready               | out |    1| ap_ctrl_hs |    Conv2d    | return value |
|input_matrix_address0  | out |   10|  ap_memory | input_matrix |     array    |
|input_matrix_ce0       | out |    1|  ap_memory | input_matrix |     array    |
|input_matrix_q0        |  in |   32|  ap_memory | input_matrix |     array    |
|kernel_address0        | out |   10|  ap_memory |    kernel    |     array    |
|kernel_ce0             | out |    1|  ap_memory |    kernel    |     array    |
|kernel_q0              |  in |   32|  ap_memory |    kernel    |     array    |
|out_matrix_address0    | out |    4|  ap_memory |  out_matrix  |     array    |
|out_matrix_ce0         | out |    1|  ap_memory |  out_matrix  |     array    |
|out_matrix_we0         | out |    1|  ap_memory |  out_matrix  |     array    |
|out_matrix_d0          | out |   32|  ap_memory |  out_matrix  |     array    |
+-----------------------+-----+-----+------------+--------------+--------------+

