

================================================================
== Vivado HLS Report for 'MaxPool2d'
================================================================
* Date:           Thu Nov  3 16:10:39 2022

* Version:        2019.1 (Build 2552052 on Fri May 24 15:28:33 MDT 2019)
* Project:        f_b_4_new_network
* Solution:       solution1
* Product family: zynquplus
* Target device:  xczu3eg-sbva484-1-e


================================================================
== Performance Estimates
================================================================
+ Timing (ns): 
    * Summary: 
    +--------+-------+----------+------------+
    |  Clock | Target| Estimated| Uncertainty|
    +--------+-------+----------+------------+
    |ap_clk  |  10.00|     8.027|        1.25|
    +--------+-------+----------+------------+

+ Latency (clock cycles): 
    * Summary: 
    +-----+-----+-----+-----+---------+
    |  Latency  |  Interval | Pipeline|
    | min | max | min | max |   Type  |
    +-----+-----+-----+-----+---------+
    |    ?|    ?|    ?|    ?|   none  |
    +-----+-----+-----+-----+---------+

    + Detail: 
        * Instance: 
        N/A

        * Loop: 
        +---------------------+-----+-----+----------+-----------+-----------+------+----------+
        |                     |  Latency  | Iteration|  Initiation Interval  | Trip |          |
        |      Loop Name      | min | max |  Latency |  achieved |   target  | Count| Pipelined|
        +---------------------+-----+-----+----------+-----------+-----------+------+----------+
        |- Loop 1             |    ?|    ?|         ?|          -|          -|     6|    no    |
        | + Loop 1.1          |    ?|    ?|         ?|          -|          -|     6|    no    |
        |  ++ Loop 1.1.1      |    ?|    ?|         ?|          -|          -|     ?|    no    |
        |   +++ Loop 1.1.1.1  |    ?|    ?|   7 ~ 9  |          -|          -|     ?|    no    |
        +---------------------+-----+-----+----------+-----------+-----------+------+----------+



================================================================
== Utilization Estimates
================================================================
* Summary: 
+-----------------+---------+-------+--------+-------+-----+
|       Name      | BRAM_18K| DSP48E|   FF   |  LUT  | URAM|
+-----------------+---------+-------+--------+-------+-----+
|DSP              |        -|      -|       -|      -|    -|
|Expression       |        -|      -|       0|    819|    -|
|FIFO             |        -|      -|       -|      -|    -|
|Instance         |        -|      0|     234|    405|    -|
|Memory           |        -|      -|       -|      -|    -|
|Multiplexer      |        -|      -|       -|    178|    -|
|Register         |        -|      -|     379|      -|    -|
+-----------------+---------+-------+--------+-------+-----+
|Total            |        0|      0|     613|   1402|    0|
+-----------------+---------+-------+--------+-------+-----+
|Available        |      432|    360|  141120|  70560|    0|
+-----------------+---------+-------+--------+-------+-----+
|Utilization (%)  |        0|      0|   ~0   |      1|    0|
+-----------------+---------+-------+--------+-------+-----+

+ Detail: 
    * Instance: 
    +--------------------------+----------------------+---------+-------+-----+-----+-----+
    |         Instance         |        Module        | BRAM_18K| DSP48E|  FF | LUT | URAM|
    +--------------------------+----------------------+---------+-------+-----+-----+-----+
    |forw_back_fcmp_32eOg_U21  |forw_back_fcmp_32eOg  |        0|      0|   66|   66|    0|
    |forw_back_sitofp_dEe_U20  |forw_back_sitofp_dEe  |        0|      0|  168|  339|    0|
    +--------------------------+----------------------+---------+-------+-----+-----+-----+
    |Total                     |                      |        0|      0|  234|  405|    0|
    +--------------------------+----------------------+---------+-------+-----+-----+-----+

    * DSP48E: 
    N/A

    * Memory: 
    N/A

    * FIFO: 
    N/A

    * Expression: 
    +-----------------------+----------+-------+---+-----+------------+------------+
    |     Variable Name     | Operation| DSP48E| FF| LUT | Bitwidth P0| Bitwidth P1|
    +-----------------------+----------+-------+---+-----+------------+------------+
    |add_ln339_fu_464_p2    |     +    |      0|  0|   16|           9|           8|
    |add_ln41_fu_235_p2     |     +    |      0|  0|   12|           4|           2|
    |add_ln42_fu_291_p2     |     +    |      0|  0|   12|           4|           2|
    |add_ln43_fu_350_p2     |     +    |      0|  0|   39|          32|          32|
    |add_ln45_fu_301_p2     |     +    |      0|  0|   15|           7|           7|
    |col_2_fu_344_p2        |     +    |      0|  0|   39|          32|           1|
    |i_fu_213_p2            |     +    |      0|  0|   11|           3|           1|
    |j_fu_273_p2            |     +    |      0|  0|   11|           3|           1|
    |row_2_fu_563_p2        |     +    |      0|  0|   39|          32|           1|
    |result_V_2_fu_549_p2   |     -    |      0|  0|   39|           1|          32|
    |sub_ln1311_fu_478_p2   |     -    |      0|  0|   15|           7|           8|
    |sub_ln43_fu_333_p2     |     -    |      0|  0|   39|          32|          32|
    |sub_ln45_fu_257_p2     |     -    |      0|  0|   15|           7|           7|
    |and_ln43_2_fu_434_p2   |    and   |      0|  0|    2|           1|           1|
    |and_ln43_fu_428_p2     |    and   |      0|  0|    2|           1|           1|
    |icmp_ln38_fu_207_p2    |   icmp   |      0|  0|    9|           3|           3|
    |icmp_ln39_fu_267_p2    |   icmp   |      0|  0|    9|           3|           3|
    |icmp_ln41_fu_316_p2    |   icmp   |      0|  0|   20|          32|          32|
    |icmp_ln42_fu_339_p2    |   icmp   |      0|  0|   20|          32|          32|
    |icmp_ln43_4_fu_412_p2  |   icmp   |      0|  0|   20|          23|           1|
    |icmp_ln43_5_fu_377_p2  |   icmp   |      0|  0|   11|           8|           2|
    |icmp_ln43_6_fu_383_p2  |   icmp   |      0|  0|   20|          23|           1|
    |icmp_ln43_fu_406_p2    |   icmp   |      0|  0|   11|           8|           2|
    |r_V_fu_507_p2          |   lshr   |      0|  0|   73|          25|          25|
    |or_ln43_2_fu_424_p2    |    or    |      0|  0|    2|           1|           1|
    |or_ln43_fu_418_p2      |    or    |      0|  0|    2|           1|           1|
    |p_Val2_11_fu_541_p3    |  select  |      0|  0|   32|           1|          32|
    |p_Val2_12_fu_555_p3    |  select  |      0|  0|   32|           1|          32|
    |ush_fu_487_p3          |  select  |      0|  0|    9|           1|           9|
    |r_V_2_fu_513_p2        |    shl   |      0|  0|  243|          79|          79|
    +-----------------------+----------+-------+---+-----+------------+------------+
    |Total                  |          |      0|  0|  819|         416|         391|
    +-----------------------+----------+-------+---+-----+------------+------------+

    * Multiplexer: 
    +------------------------------------+----+-----------+-----+-----------+
    |                Name                | LUT| Input Size| Bits| Total Bits|
    +------------------------------------+----+-----------+-----+-----------+
    |ap_NS_fsm                           |  85|         17|    1|         17|
    |ap_phi_mux_max_num_2_phi_fu_187_p4  |   9|          2|   32|         64|
    |col_0_reg_151                       |   9|          2|   32|         64|
    |grp_fu_195_p0                       |  21|          4|   32|        128|
    |i_0_reg_117                         |   9|          2|    3|          6|
    |j_0_reg_128                         |   9|          2|    3|          6|
    |max_num_0_reg_139                   |   9|          2|   32|         64|
    |max_num_1_reg_161                   |   9|          2|   32|         64|
    |max_num_2_reg_183                   |   9|          2|   32|         64|
    |row_0_reg_173                       |   9|          2|   32|         64|
    +------------------------------------+----+-----------+-----+-----------+
    |Total                               | 178|         37|  231|        541|
    +------------------------------------+----+-----------+-----+-----------+

    * Register: 
    +----------------------------+----+----+-----+-----------+
    |            Name            | FF | LUT| Bits| Const Bits|
    +----------------------------+----+----+-----+-----------+
    |add_ln43_reg_636            |  32|   0|   32|          0|
    |and_ln43_2_reg_679          |   1|   0|    1|          0|
    |ap_CS_fsm                   |  16|   0|   16|          0|
    |col_0_reg_151               |  32|   0|   32|          0|
    |conv_out_2_load_reg_652     |  32|   0|   32|          0|
    |i_0_reg_117                 |   3|   0|    3|          0|
    |i_reg_572                   |   3|   0|    3|          0|
    |icmp_ln43_5_reg_658         |   1|   0|    1|          0|
    |icmp_ln43_6_reg_663         |   1|   0|    1|          0|
    |j_0_reg_128                 |   3|   0|    3|          0|
    |j_reg_595                   |   3|   0|    3|          0|
    |locate_matrix_addr_reg_615  |   6|   0|    6|          0|
    |max_num_0_reg_139           |  32|   0|   32|          0|
    |max_num_1_reg_161           |  32|   0|   32|          0|
    |max_num_2_reg_183           |  32|   0|   32|          0|
    |output_matrix_addr_reg_610  |   6|   0|    6|          0|
    |p_Result_s_reg_683          |   1|   0|    1|          0|
    |row_0_reg_173               |  32|   0|   32|          0|
    |sub_ln43_reg_623            |  30|   0|   32|          2|
    |sub_ln45_reg_587            |   6|   0|    7|          1|
    |tmp_V_2_reg_674             |  23|   0|   23|          0|
    |tmp_V_reg_668               |   8|   0|    8|          0|
    |tmp_s_reg_646               |  32|   0|   32|          0|
    |zext_ln41_4_reg_582         |   3|   0|   32|         29|
    |zext_ln41_reg_577           |   3|   0|   32|         29|
    |zext_ln42_2_reg_605         |   3|   0|   32|         29|
    |zext_ln42_reg_600           |   3|   0|   32|         29|
    +----------------------------+----+----+-----+-----------+
    |Total                       | 379|   0|  498|        119|
    +----------------------------+----+----+-----+-----------+



================================================================
== Interface
================================================================
* Summary: 
+------------------------+-----+-----+------------+---------------+--------------+
|        RTL Ports       | Dir | Bits|  Protocol  | Source Object |    C Type    |
+------------------------+-----+-----+------------+---------------+--------------+
|ap_clk                  |  in |    1| ap_ctrl_hs |   MaxPool2d   | return value |
|ap_rst                  |  in |    1| ap_ctrl_hs |   MaxPool2d   | return value |
|ap_start                |  in |    1| ap_ctrl_hs |   MaxPool2d   | return value |
|ap_done                 | out |    1| ap_ctrl_hs |   MaxPool2d   | return value |
|ap_idle                 | out |    1| ap_ctrl_hs |   MaxPool2d   | return value |
|ap_ready                | out |    1| ap_ctrl_hs |   MaxPool2d   | return value |
|output_matrix_address0  | out |    6|  ap_memory | output_matrix |     array    |
|output_matrix_ce0       | out |    1|  ap_memory | output_matrix |     array    |
|output_matrix_we0       | out |    1|  ap_memory | output_matrix |     array    |
|output_matrix_d0        | out |   32|  ap_memory | output_matrix |     array    |
|locate_matrix_address0  | out |    6|  ap_memory | locate_matrix |     array    |
|locate_matrix_ce0       | out |    1|  ap_memory | locate_matrix |     array    |
|locate_matrix_we0       | out |    1|  ap_memory | locate_matrix |     array    |
|locate_matrix_d0        | out |   32|  ap_memory | locate_matrix |     array    |
|conv_out_2_address0     | out |    8|  ap_memory |   conv_out_2  |     array    |
|conv_out_2_ce0          | out |    1|  ap_memory |   conv_out_2  |     array    |
|conv_out_2_q0           |  in |   32|  ap_memory |   conv_out_2  |     array    |
+------------------------+-----+-----+------------+---------------+--------------+

