

================================================================
== Vivado HLS Report for 'Conv2d2'
================================================================
* Date:           Wed Oct 26 23:36:17 2022

* Version:        2019.1 (Build 2552052 on Fri May 24 15:28:33 MDT 2019)
* Project:        f_b_0
* Solution:       solution1
* Product family: zynquplus
* Target device:  xczu3eg-sbva484-1-e


================================================================
== Performance Estimates
================================================================
+ Timing (ns): 
    * Summary: 
    +--------+-------+----------+------------+
    |  Clock | Target| Estimated| Uncertainty|
    +--------+-------+----------+------------+
    |ap_clk  |  10.00|     8.286|        1.25|
    +--------+-------+----------+------------+

+ Latency (clock cycles): 
    * Summary: 
    +-----+-----+-----+-----+---------+
    |  Latency  |  Interval | Pipeline|
    | min | max | min | max |   Type  |
    +-----+-----+-----+-----+---------+
    |    ?|    ?|    ?|    ?|   none  |
    +-----+-----+-----+-----+---------+

    + Detail: 
        * Instance: 
        N/A

        * Loop: 
        +---------------------+-----+-----+----------+-----------+-----------+------+----------+
        |                     |  Latency  | Iteration|  Initiation Interval  | Trip |          |
        |      Loop Name      | min | max |  Latency |  achieved |   target  | Count| Pipelined|
        +---------------------+-----+-----+----------+-----------+-----------+------+----------+
        |- Loop 1             |    ?|    ?|         ?|          -|          -|   676|    no    |
        | + Conv2d2_label1_L  |    ?|    ?|        10|          4|          1|     ?|    yes   |
        +---------------------+-----+-----+----------+-----------+-----------+------+----------+



================================================================
== Utilization Estimates
================================================================
* Summary: 
+-----------------+---------+-------+--------+-------+-----+
|       Name      | BRAM_18K| DSP48E|   FF   |  LUT  | URAM|
+-----------------+---------+-------+--------+-------+-----+
|DSP              |        -|      1|       -|      -|    -|
|Expression       |        -|      4|       0|   1494|    -|
|FIFO             |        -|      -|       -|      -|    -|
|Instance         |        -|      5|     355|    352|    -|
|Memory           |        -|      -|       -|      -|    -|
|Multiplexer      |        -|      -|       -|    233|    -|
|Register         |        0|      -|    1036|     32|    -|
+-----------------+---------+-------+--------+-------+-----+
|Total            |        0|     10|    1391|   2111|    0|
+-----------------+---------+-------+--------+-------+-----+
|Available        |      432|    360|  141120|  70560|    0|
+-----------------+---------+-------+--------+-------+-----+
|Utilization (%)  |        0|      2|   ~0   |      2|    0|
+-----------------+---------+-------+--------+-------+-----+

+ Detail: 
    * Instance: 
    +-------------------------+----------------------+---------+-------+-----+-----+-----+
    |         Instance        |        Module        | BRAM_18K| DSP48E|  FF | LUT | URAM|
    +-------------------------+----------------------+---------+-------+-----+-----+-----+
    |forw_back_fadd_32bkb_U8  |forw_back_fadd_32bkb  |        0|      2|  227|  214|    0|
    |forw_back_fmul_32cud_U9  |forw_back_fmul_32cud  |        0|      3|  128|  138|    0|
    +-------------------------+----------------------+---------+-------+-----+-----+-----+
    |Total                    |                      |        0|      5|  355|  352|    0|
    +-------------------------+----------------------+---------+-------+-----+-----+-----+

    * DSP48E: 
    +--------------------------+----------------------+--------------+
    |         Instance         |        Module        |  Expression  |
    +--------------------------+----------------------+--------------+
    |forw_back_mac_muldEe_U10  |forw_back_mac_muldEe  | i0 * i1 + i2 |
    +--------------------------+----------------------+--------------+

    * Memory: 
    N/A

    * FIFO: 
    N/A

    * Expression: 
    +-------------------------+----------+-------+---+----+------------+------------+
    |      Variable Name      | Operation| DSP48E| FF| LUT| Bitwidth P0| Bitwidth P1|
    +-------------------------+----------+-------+---+----+------------+------------+
    |mul_ln44_fu_459_p2       |     *    |      4|  0|  20|          32|          32|
    |add_ln4233_fu_355_p2     |     +    |      0|  0|  39|          32|          32|
    |add_ln42_2_fu_265_p2     |     +    |      0|  0|  39|          32|           1|
    |add_ln42_3_fu_271_p2     |     +    |      0|  0|  39|          32|           1|
    |add_ln42_4_fu_277_p2     |     +    |      0|  0|  39|          32|           2|
    |add_ln42_5_fu_335_p2     |     +    |      0|  0|  39|          32|          32|
    |add_ln42_fu_253_p2       |     +    |      0|  0|  17|          10|           1|
    |add_ln43_2_fu_625_p2     |     +    |      0|  0|  39|          32|           1|
    |add_ln43_3_fu_630_p2     |     +    |      0|  0|  39|          32|           1|
    |add_ln43_4_fu_635_p2     |     +    |      0|  0|  39|          32|           2|
    |add_ln43_fu_423_p2       |     +    |      0|  0|  39|          32|          32|
    |add_ln45_fu_505_p2       |     +    |      0|  0|  71|           1|          64|
    |add_ln46_fu_441_p2       |     +    |      0|  0|  15|           5|           2|
    |add_ln47_1_fu_604_p2     |     +    |      0|  0|  23|          32|          32|
    |add_ln47_fu_593_p2       |     +    |      0|  0|  39|          32|          32|
    |col_4_fu_615_p2          |     +    |      0|  0|  39|           1|          32|
    |i_fu_259_p2              |     +    |      0|  0|  15|           5|           1|
    |j_fu_620_p2              |     +    |      0|  0|  15|           5|           1|
    |row_9_fu_511_p2          |     +    |      0|  0|  39|           1|          32|
    |sub_ln46_fu_580_p2       |     -    |      0|  0|  23|          32|          32|
    |sub_ln47_1_fu_477_p2     |     -    |      0|  0|  39|          32|          32|
    |sub_ln47_2_fu_494_p2     |     -    |      0|  0|  39|          32|          32|
    |sub_ln47_3_fu_541_p2     |     -    |      0|  0|  39|          32|          32|
    |sub_ln47_4_fu_555_p2     |     -    |      0|  0|  39|          32|          32|
    |sub_ln47_5_fu_566_p2     |     -    |      0|  0|  39|          32|          32|
    |sub_ln47_fu_483_p2       |     -    |      0|  0|  39|          32|          32|
    |icmp_ln42_1_fu_321_p2    |   icmp   |      0|  0|  20|          32|          32|
    |icmp_ln42_2_fu_341_p2    |   icmp   |      0|  0|  20|          32|          32|
    |icmp_ln42_fu_247_p2      |   icmp   |      0|  0|  13|          10|          10|
    |icmp_ln43_1_fu_409_p2    |   icmp   |      0|  0|  20|          32|          32|
    |icmp_ln43_fu_283_p2      |   icmp   |      0|  0|  11|           5|           4|
    |icmp_ln45_fu_500_p2      |   icmp   |      0|  0|  29|          64|          64|
    |icmp_ln46_fu_517_p2      |   icmp   |      0|  0|  20|          32|          32|
    |select_ln4234_fu_347_p3  |  select  |      0|  0|  32|           1|          32|
    |select_ln42_1_fu_297_p3  |  select  |      0|  0|  32|           1|           1|
    |select_ln42_2_fu_305_p3  |  select  |      0|  0|  32|           1|           2|
    |select_ln42_3_fu_313_p3  |  select  |      0|  0|   5|           1|           1|
    |select_ln42_4_fu_327_p3  |  select  |      0|  0|  32|           1|          32|
    |select_ln42_5_fu_361_p3  |  select  |      0|  0|  32|           1|          32|
    |select_ln42_6_fu_369_p3  |  select  |      0|  0|   5|           1|           5|
    |select_ln42_7_fu_385_p3  |  select  |      0|  0|  32|           1|          32|
    |select_ln42_8_fu_393_p3  |  select  |      0|  0|  32|           1|          32|
    |select_ln42_9_fu_401_p3  |  select  |      0|  0|  32|           1|          32|
    |select_ln42_fu_289_p3    |  select  |      0|  0|  32|           1|           1|
    |select_ln43_fu_415_p3    |  select  |      0|  0|  32|           1|          32|
    |select_ln45_fu_585_p3    |  select  |      0|  0|  32|           1|          32|
    |select_ln46_1_fu_547_p3  |  select  |      0|  0|  32|           1|          32|
    |select_ln46_2_fu_572_p3  |  select  |      0|  0|  32|           1|          32|
    |select_ln46_fu_522_p3    |  select  |      0|  0|  32|           1|          32|
    |ap_enable_pp0            |    xor   |      0|  0|   2|           1|           2|
    +-------------------------+----------+-------+---+----+------------+------------+
    |Total                    |          |      4|  0|1494|         860|        1127|
    +-------------------------+----------+-------+---+----+------------+------------+

    * Multiplexer: 
    +-----------------------------------------+----+-----------+-----+-----------+
    |                   Name                  | LUT| Input Size| Bits| Total Bits|
    +-----------------------------------------+----+-----------+-----+-----------+
    |ap_NS_fsm                                |  41|          8|    1|          8|
    |ap_enable_reg_pp0_iter2                  |   9|          2|    1|          2|
    |ap_phi_mux_col_0_phi_fu_232_p4           |   9|          2|   32|         64|
    |ap_phi_mux_empty_phi_fu_221_p4           |   9|          2|   32|         64|
    |ap_phi_mux_indvar_flatten_phi_fu_201_p4  |   9|          2|   64|        128|
    |ap_phi_mux_row_0_phi_fu_211_p4           |   9|          2|   32|         64|
    |col_0_reg_229                            |   9|          2|   32|         64|
    |col_reg_186                              |   9|          2|    5|         10|
    |empty_reg_217                            |   9|          2|   32|         64|
    |indvar_flatten42_reg_98                  |   9|          2|   10|         20|
    |indvar_flatten_reg_197                   |   9|          2|   64|        128|
    |indvars_iv12_reg_131                     |   9|          2|   32|         64|
    |indvars_iv19_reg_175                     |   9|          2|   32|         64|
    |out_matrix_address0                      |  15|          3|   10|         30|
    |out_matrix_d0                            |  15|          3|   32|         96|
    |phi_ln42_1_reg_120                       |   9|          2|   32|         64|
    |phi_ln42_reg_109                         |   9|          2|   32|         64|
    |phi_ln43_1_reg_164                       |   9|          2|   32|         64|
    |phi_ln43_reg_153                         |   9|          2|   32|         64|
    |row_0_reg_208                            |   9|          2|   32|         64|
    |row_reg_142                              |   9|          2|    5|         10|
    +-----------------------------------------+----+-----------+-----+-----------+
    |Total                                    | 233|         50|  576|       1200|
    +-----------------------------------------+----+-----------+-----+-----------+

    * Register: 
    +---------------------------+----+----+-----+-----------+
    |            Name           | FF | LUT| Bits| Const Bits|
    +---------------------------+----+----+-----+-----------+
    |add_ln42_reg_653           |  10|   0|   10|          0|
    |add_ln45_reg_731           |  64|   0|   64|          0|
    |ap_CS_fsm                  |   7|   0|    7|          0|
    |ap_enable_reg_pp0_iter0    |   1|   0|    1|          0|
    |ap_enable_reg_pp0_iter1    |   1|   0|    1|          0|
    |ap_enable_reg_pp0_iter2    |   1|   0|    1|          0|
    |col_0_reg_229              |  32|   0|   32|          0|
    |col_4_reg_766              |  32|   0|   32|          0|
    |col_reg_186                |   5|   0|    5|          0|
    |empty_reg_217              |  32|   0|   32|          0|
    |icmp_ln45_reg_727          |   1|   0|    1|          0|
    |indvar_flatten42_reg_98    |  10|   0|   10|          0|
    |indvar_flatten_reg_197     |  64|   0|   64|          0|
    |indvars_iv12_reg_131       |  32|   0|   32|          0|
    |indvars_iv19_reg_175       |  32|   0|   32|          0|
    |input_matrix_load_reg_756  |  32|   0|   32|          0|
    |kernel_load_reg_761        |  32|   0|   32|          0|
    |mul_ln44_reg_722           |  64|   0|   64|          0|
    |out_matrix_addr_reg_712    |  10|   0|   10|          0|
    |phi_ln42_1_reg_120         |  32|   0|   32|          0|
    |phi_ln42_reg_109           |  32|   0|   32|          0|
    |phi_ln43_1_reg_164         |  32|   0|   32|          0|
    |phi_ln43_reg_153           |  32|   0|   32|          0|
    |row_0_reg_208              |  32|   0|   32|          0|
    |row_reg_142                |   5|   0|    5|          0|
    |select_ln42_1_reg_663      |  32|   0|   32|          0|
    |select_ln42_2_reg_668      |  32|   0|   32|          0|
    |select_ln42_3_reg_673      |   5|   0|    5|          0|
    |select_ln42_6_reg_678      |   5|   0|    5|          0|
    |select_ln42_7_reg_690      |  32|   0|   32|          0|
    |select_ln42_8_reg_695      |  32|   0|   32|          0|
    |select_ln42_9_reg_700      |  32|   0|   32|          0|
    |select_ln42_reg_658        |  32|   0|   32|          0|
    |select_ln45_reg_741        |  32|   0|   32|          0|
    |select_ln46_reg_736        |  32|   0|   32|          0|
    |tmp_reg_771                |  32|   0|   32|          0|
    |tmp_s_reg_776              |  32|   0|   32|          0|
    |zext_ln42_reg_683          |   5|   0|   32|         27|
    |zext_ln43_1_reg_705        |   5|   0|   32|         27|
    |zext_ln46_reg_717          |   5|   0|   32|         27|
    |icmp_ln45_reg_727          |  64|  32|    1|          0|
    +---------------------------+----+----+-----+-----------+
    |Total                      |1036|  32| 1054|         81|
    +---------------------------+----+----+-----+-----------+



================================================================
== Interface
================================================================
* Summary: 
+-----------------------+-----+-----+------------+--------------+--------------+
|       RTL Ports       | Dir | Bits|  Protocol  | Source Object|    C Type    |
+-----------------------+-----+-----+------------+--------------+--------------+
|ap_clk                 |  in |    1| ap_ctrl_hs |    Conv2d2   | return value |
|ap_rst                 |  in |    1| ap_ctrl_hs |    Conv2d2   | return value |
|ap_start               |  in |    1| ap_ctrl_hs |    Conv2d2   | return value |
|ap_done                | out |    1| ap_ctrl_hs |    Conv2d2   | return value |
|ap_idle                | out |    1| ap_ctrl_hs |    Conv2d2   | return value |
|ap_ready               | out |    1| ap_ctrl_hs |    Conv2d2   | return value |
|input_matrix_address0  | out |   10|  ap_memory | input_matrix |     array    |
|input_matrix_ce0       | out |    1|  ap_memory | input_matrix |     array    |
|input_matrix_q0        |  in |   32|  ap_memory | input_matrix |     array    |
|kernel_address0        | out |    4|  ap_memory |    kernel    |     array    |
|kernel_ce0             | out |    1|  ap_memory |    kernel    |     array    |
|kernel_q0              |  in |   32|  ap_memory |    kernel    |     array    |
|out_matrix_address0    | out |   10|  ap_memory |  out_matrix  |     array    |
|out_matrix_ce0         | out |    1|  ap_memory |  out_matrix  |     array    |
|out_matrix_we0         | out |    1|  ap_memory |  out_matrix  |     array    |
|out_matrix_d0          | out |   32|  ap_memory |  out_matrix  |     array    |
+-----------------------+-----+-----+------------+--------------+--------------+

