

================================================================
== Vivado HLS Report for 'Conv2d_b1'
================================================================
* Date:           Wed Oct 26 23:36:20 2022

* Version:        2019.1 (Build 2552052 on Fri May 24 15:28:33 MDT 2019)
* Project:        f_b_0
* Solution:       solution1
* Product family: zynquplus
* Target device:  xczu3eg-sbva484-1-e


================================================================
== Performance Estimates
================================================================
+ Timing (ns): 
    * Summary: 
    +--------+-------+----------+------------+
    |  Clock | Target| Estimated| Uncertainty|
    +--------+-------+----------+------------+
    |ap_clk  |  10.00|     8.507|        1.25|
    +--------+-------+----------+------------+

+ Latency (clock cycles): 
    * Summary: 
    +-----+-----+-----+-----+---------+
    |  Latency  |  Interval | Pipeline|
    | min | max | min | max |   Type  |
    +-----+-----+-----+-----+---------+
    |  388|  388|  388|  388|   none  |
    +-----+-----+-----+-----+---------+

    + Detail: 
        * Instance: 
        N/A

        * Loop: 
        +---------------------+-----+-----+----------+-----------+-----------+------+----------+
        |                     |  Latency  | Iteration|  Initiation Interval  | Trip |          |
        |      Loop Name      | min | max |  Latency |  achieved |   target  | Count| Pipelined|
        +---------------------+-----+-----+----------+-----------+-----------+------+----------+
        |- Loop 1             |  387|  387|        43|          -|          -|     9|    no    |
        | + Conv2d_b1_label4  |   40|   40|        17|         12|          1|     3|    yes   |
        +---------------------+-----+-----+----------+-----------+-----------+------+----------+



================================================================
== Utilization Estimates
================================================================
* Summary: 
+-----------------+---------+-------+--------+-------+-----+
|       Name      | BRAM_18K| DSP48E|   FF   |  LUT  | URAM|
+-----------------+---------+-------+--------+-------+-----+
|DSP              |        -|      -|       -|      -|    -|
|Expression       |        -|      0|       0|    315|    -|
|FIFO             |        -|      -|       -|      -|    -|
|Instance         |        -|      5|     355|    352|    -|
|Memory           |        -|      -|       -|      -|    -|
|Multiplexer      |        -|      -|       -|    284|    -|
|Register         |        -|      -|     426|      -|    -|
+-----------------+---------+-------+--------+-------+-----+
|Total            |        0|      5|     781|    951|    0|
+-----------------+---------+-------+--------+-------+-----+
|Available        |      432|    360|  141120|  70560|    0|
+-----------------+---------+-------+--------+-------+-----+
|Utilization (%)  |        0|      1|   ~0   |      1|    0|
+-----------------+---------+-------+--------+-------+-----+

+ Detail: 
    * Instance: 
    +--------------------------+----------------------+---------+-------+-----+-----+-----+
    |         Instance         |        Module        | BRAM_18K| DSP48E|  FF | LUT | URAM|
    +--------------------------+----------------------+---------+-------+-----+-----+-----+
    |forw_back_fadd_32bkb_U54  |forw_back_fadd_32bkb  |        0|      2|  227|  214|    0|
    |forw_back_fmul_32cud_U55  |forw_back_fmul_32cud  |        0|      3|  128|  138|    0|
    +--------------------------+----------------------+---------+-------+-----+-----+-----+
    |Total                     |                      |        0|      5|  355|  352|    0|
    +--------------------------+----------------------+---------+-------+-----+-----+-----+

    * DSP48E: 
    N/A

    * Memory: 
    N/A

    * FIFO: 
    N/A

    * Expression: 
    +--------------------------+----------+-------+---+----+------------+------------+
    |       Variable Name      | Operation| DSP48E| FF| LUT| Bitwidth P0| Bitwidth P1|
    +--------------------------+----------+-------+---+----+------------+------------+
    |mul_ln107_fu_407_p2       |     *    |      0|  0|  17|           3|           5|
    |add_ln102_1_fu_275_p2     |     +    |      0|  0|  12|           4|           1|
    |add_ln102_fu_287_p2       |     +    |      0|  0|  11|           3|           1|
    |add_ln103_fu_515_p2       |     +    |      0|  0|  11|           3|           1|
    |add_ln104_fu_369_p2       |     +    |      0|  0|  15|           5|           5|
    |add_ln107_1_fu_463_p2     |     +    |      0|  0|  15|           7|           7|
    |add_ln107_2_fu_490_p2     |     +    |      0|  0|  23|           7|           7|
    |add_ln107_3_fu_484_p2     |     +    |      0|  0|  23|           7|           2|
    |add_ln107_fu_448_p2       |     +    |      0|  0|  15|           7|           7|
    |i_fu_281_p2               |     +    |      0|  0|   9|           2|           1|
    |j_fu_384_p2               |     +    |      0|  0|   9|           2|           1|
    |row_7_fu_509_p2           |     +    |      0|  0|  11|           3|           1|
    |sub_ln104_1_fu_339_p2     |     -    |      0|  0|  15|           5|           5|
    |sub_ln104_fu_263_p2       |     -    |      0|  0|  15|           5|           5|
    |sub_ln107_1_fu_438_p2     |     -    |      0|  0|  16|           9|           9|
    |sub_ln107_fu_413_p2       |     -    |      0|  0|  12|           4|           4|
    |icmp_ln102_fu_269_p2      |   icmp   |      0|  0|   9|           4|           4|
    |icmp_ln103_fu_293_p2      |   icmp   |      0|  0|   9|           3|           3|
    |icmp_ln105_fu_394_p2      |   icmp   |      0|  0|   9|           3|           3|
    |or_ln107_1_fu_499_p2      |    or    |      0|  0|   9|           9|           2|
    |or_ln107_fu_473_p2        |    or    |      0|  0|  32|          32|           1|
    |select_ln102_1_fu_307_p3  |  select  |      0|  0|   2|           1|           2|
    |select_ln102_2_fu_345_p3  |  select  |      0|  0|   5|           1|           5|
    |select_ln102_3_fu_353_p3  |  select  |      0|  0|   3|           1|           3|
    |select_ln102_fu_299_p3    |  select  |      0|  0|   2|           1|           1|
    |select_ln103_fu_521_p3    |  select  |      0|  0|   4|           1|           4|
    |ap_enable_pp0             |    xor   |      0|  0|   2|           1|           2|
    +--------------------------+----------+-------+---+----+------------+------------+
    |Total                     |          |      0|  0| 315|         133|          92|
    +--------------------------+----------+-------+---+----+------------+------------+

    * Multiplexer: 
    +--------------------------------+----+-----------+-----+-----------+
    |              Name              | LUT| Input Size| Bits| Total Bits|
    +--------------------------------+----+-----------+-----+-----------+
    |ap_NS_fsm                       |  65|         16|    1|         16|
    |ap_enable_reg_pp0_iter1         |   9|          2|    1|          2|
    |ap_phi_mux_row_0_phi_fu_225_p4  |   9|          2|    3|          6|
    |col_reg_199                     |   9|          2|    2|          4|
    |empty_reg_210                   |   9|          2|   32|         64|
    |grp_fu_232_p0                   |  15|          3|   32|         96|
    |grp_fu_232_p1                   |  21|          4|   32|        128|
    |grp_fu_238_p0                   |  21|          4|   32|        128|
    |grp_fu_238_p1                   |  21|          4|   32|        128|
    |indvar_flatten_reg_154          |   9|          2|    4|          8|
    |indvars_iv1_reg_165             |   9|          2|    3|          6|
    |indvars_iv_reg_187              |   9|          2|    3|          6|
    |kernel_address0                 |  15|          3|   10|         30|
    |out_matrix_address0             |  15|          3|    4|         12|
    |out_matrix_d0                   |  15|          3|   32|         96|
    |row_0_reg_222                   |   9|          2|    3|          6|
    |row_reg_176                     |   9|          2|    2|          4|
    |sencond_conv1_address0          |  15|          3|   10|         30|
    +--------------------------------+----+-----------+-----+-----------+
    |Total                           | 284|         61|  238|        770|
    +--------------------------------+----+-----------+-----+-----------+

    * Register: 
    +----------------------------------+----+----+-----+-----------+
    |               Name               | FF | LUT| Bits| Const Bits|
    +----------------------------------+----+----+-----+-----------+
    |add_ln102_1_reg_532               |   4|   0|    4|          0|
    |add_ln107_2_reg_613               |   7|   0|    7|          0|
    |ap_CS_fsm                         |  15|   0|   15|          0|
    |ap_enable_reg_pp0_iter0           |   1|   0|    1|          0|
    |ap_enable_reg_pp0_iter1           |   1|   0|    1|          0|
    |col_reg_199                       |   2|   0|    2|          0|
    |empty_reg_210                     |  32|   0|   32|          0|
    |icmp_ln103_reg_537                |   1|   0|    1|          0|
    |icmp_ln105_reg_584                |   1|   0|    1|          0|
    |icmp_ln105_reg_584_pp0_iter1_reg  |   1|   0|    1|          0|
    |indvar_flatten_reg_154            |   4|   0|    4|          0|
    |indvars_iv1_reg_165               |   3|   0|    3|          0|
    |indvars_iv_reg_187                |   3|   0|    3|          0|
    |j_reg_574                         |   2|   0|    2|          0|
    |kernel_load_1_reg_633             |  32|   0|   32|          0|
    |kernel_load_2_reg_653             |  32|   0|   32|          0|
    |kernel_load_reg_623               |  32|   0|   32|          0|
    |out_matrix_addr_reg_569           |   4|   0|    4|          0|
    |reg_242                           |  32|   0|   32|          0|
    |row_0_reg_222                     |   3|   0|    3|          0|
    |row_7_reg_673                     |   3|   0|    3|          0|
    |row_reg_176                       |   2|   0|    2|          0|
    |select_ln102_1_reg_542            |   2|   0|    2|          0|
    |select_ln102_3_reg_557            |   3|   0|    3|          0|
    |sencond_conv1_load_1_reg_628      |  32|   0|   32|          0|
    |sencond_conv1_load_2_reg_648      |  32|   0|   32|          0|
    |sencond_conv1_load_reg_618        |  32|   0|   32|          0|
    |sub_ln107_1_reg_588               |   6|   0|    9|          3|
    |tmp5_reg_658                      |  32|   0|   32|          0|
    |tmp_1_reg_663                     |  32|   0|   32|          0|
    |tmp_2_reg_668                     |  32|   0|   32|          0|
    |zext_ln102_3_reg_552              |   2|   0|    4|          2|
    |zext_ln103_reg_563                |   2|   0|    7|          5|
    |zext_ln106_reg_579                |   2|   0|    7|          5|
    +----------------------------------+----+----+-----+-----------+
    |Total                             | 426|   0|  441|         15|
    +----------------------------------+----+----+-----+-----------+



================================================================
== Interface
================================================================
* Summary: 
+------------------------+-----+-----+------------+---------------+--------------+
|        RTL Ports       | Dir | Bits|  Protocol  | Source Object |    C Type    |
+------------------------+-----+-----+------------+---------------+--------------+
|ap_clk                  |  in |    1| ap_ctrl_hs |   Conv2d_b1   | return value |
|ap_rst                  |  in |    1| ap_ctrl_hs |   Conv2d_b1   | return value |
|ap_start                |  in |    1| ap_ctrl_hs |   Conv2d_b1   | return value |
|ap_done                 | out |    1| ap_ctrl_hs |   Conv2d_b1   | return value |
|ap_idle                 | out |    1| ap_ctrl_hs |   Conv2d_b1   | return value |
|ap_ready                | out |    1| ap_ctrl_hs |   Conv2d_b1   | return value |
|kernel_address0         | out |   10|  ap_memory |     kernel    |     array    |
|kernel_ce0              | out |    1|  ap_memory |     kernel    |     array    |
|kernel_q0               |  in |   32|  ap_memory |     kernel    |     array    |
|kernel_address1         | out |   10|  ap_memory |     kernel    |     array    |
|kernel_ce1              | out |    1|  ap_memory |     kernel    |     array    |
|kernel_q1               |  in |   32|  ap_memory |     kernel    |     array    |
|out_matrix_address0     | out |    4|  ap_memory |   out_matrix  |     array    |
|out_matrix_ce0          | out |    1|  ap_memory |   out_matrix  |     array    |
|out_matrix_we0          | out |    1|  ap_memory |   out_matrix  |     array    |
|out_matrix_d0           | out |   32|  ap_memory |   out_matrix  |     array    |
|sencond_conv1_address0  | out |   10|  ap_memory | sencond_conv1 |     array    |
|sencond_conv1_ce0       | out |    1|  ap_memory | sencond_conv1 |     array    |
|sencond_conv1_q0        |  in |   32|  ap_memory | sencond_conv1 |     array    |
|sencond_conv1_address1  | out |   10|  ap_memory | sencond_conv1 |     array    |
|sencond_conv1_ce1       | out |    1|  ap_memory | sencond_conv1 |     array    |
|sencond_conv1_q1        |  in |   32|  ap_memory | sencond_conv1 |     array    |
+------------------------+-----+-----+------------+---------------+--------------+

