

================================================================
== Vivado HLS Report for 'MaxPool2d'
================================================================
* Date:           Thu May 11 11:34:47 2023

* Version:        2019.1 (Build 2552052 on Fri May 24 15:28:33 MDT 2019)
* Project:        Zynq-7020-HLS
* Solution:       solution1
* Product family: zynq
* Target device:  xc7z020-clg484-1


================================================================
== Performance Estimates
================================================================
+ Timing (ns): 
    * Summary: 
    +--------+-------+----------+------------+
    |  Clock | Target| Estimated| Uncertainty|
    +--------+-------+----------+------------+
    |ap_clk  |  10.00|     8.685|        1.25|
    +--------+-------+----------+------------+

+ Latency (clock cycles): 
    * Summary: 
    +-----+-----+-----+-----+---------+
    |  Latency  |  Interval | Pipeline|
    | min | max | min | max |   Type  |
    +-----+-----+-----+-----+---------+
    |    ?|    ?|    ?|    ?|   none  |
    +-----+-----+-----+-----+---------+

    + Detail: 
        * Instance: 
        N/A

        * Loop: 
        +---------------------+-----+-----+----------+-----------+-----------+------+----------+
        |                     |  Latency  | Iteration|  Initiation Interval  | Trip |          |
        |      Loop Name      | min | max |  Latency |  achieved |   target  | Count| Pipelined|
        +---------------------+-----+-----+----------+-----------+-----------+------+----------+
        |- Loop 1             |    ?|    ?|         ?|          -|          -|     6|    no    |
        | + Loop 1.1          |    ?|    ?|         ?|          -|          -|     6|    no    |
        |  ++ Loop 1.1.1      |    ?|    ?|         ?|          -|          -|     ?|    no    |
        |   +++ Loop 1.1.1.1  |    ?|    ?|  9 ~ 14  |          -|          -|     ?|    no    |
        +---------------------+-----+-----+----------+-----------+-----------+------+----------+

============================================================
+ Verbose Summary: Synthesis Manager
============================================================
InlineROM: 1
ExposeGlobal: 0
============================================================
+ Verbose Summary: CDFG Model
============================================================
IsTopModel: 0
ResetActiveHigh: 1
IsCombinational: 0
IsDatapathOnly: 0
HasWiredReturn: 1
HasMFsm: 0
HasVarLatency: 1
IsPipeline: 0
IsRtlPipelined: 0
IsInstanceOverlapped: 0
IsDontTouch: 0
HasImplIP: 0
IsGatedGlobalClock: 0


============================================================
+ Verbose Summary: Schedule
============================================================
* Number of FSM states : 24
* Pipeline : 0
* Dataflow Pipeline: 0

* FSM state transitions: 
1 --> 2 
2 --> 3 
3 --> 4 2 
4 --> 19 5 
5 --> 6 4 
6 --> 7 
7 --> 8 
8 --> 9 
9 --> 10 
10 --> 11 
11 --> 12 
12 --> 13 18 
13 --> 14 
14 --> 15 
15 --> 16 
16 --> 17 
17 --> 18 
18 --> 5 
19 --> 20 
20 --> 21 
21 --> 22 
22 --> 23 
23 --> 24 
24 --> 3 

* FSM state operations: 

State 1 <SV = 0> <Delay = 1.76>
ST_1 : Operation 25 [1/1] (1.76ns)   --->   "br label %.loopexit" [f_b_4_new_network/forw_back_new_network.c:38]   --->   Operation 25 'br' <Predicate = true> <Delay = 1.76>

State 2 <SV = 1> <Delay = 1.82>
ST_2 : Operation 26 [1/1] (0.00ns)   --->   "%i_0 = phi i3 [ 0, %0 ], [ %i, %.loopexit.loopexit ]"   --->   Operation 26 'phi' 'i_0' <Predicate = true> <Delay = 0.00>
ST_2 : Operation 27 [1/1] (0.00ns)   --->   "%empty = call i32 (...)* @_ssdm_op_SpecLoopTripCount(i64 6, i64 6, i64 6)"   --->   Operation 27 'speclooptripcount' 'empty' <Predicate = true> <Delay = 0.00>
ST_2 : Operation 28 [1/1] (1.13ns)   --->   "%icmp_ln38 = icmp eq i3 %i_0, -2" [f_b_4_new_network/forw_back_new_network.c:38]   --->   Operation 28 'icmp' 'icmp_ln38' <Predicate = true> <Delay = 1.13> <Core = "Cmp">   --->   Core 25 'Cmp' <Latency = 0> <II = 1> <Delay = 2.44> <FuncUnit> <Opcode : 'icmp'> <InPorts = 2> <OutPorts = 1>
ST_2 : Operation 29 [1/1] (1.65ns)   --->   "%i = add i3 %i_0, 1" [f_b_4_new_network/forw_back_new_network.c:38]   --->   Operation 29 'add' 'i' <Predicate = true> <Delay = 1.65> <Core = "AddSub">   --->   Core 14 'AddSub' <Latency = 0> <II = 1> <Delay = 2.55> <FuncUnit> <Opcode : 'add' 'sub'> <InPorts = 2> <OutPorts = 1>
ST_2 : Operation 30 [1/1] (0.00ns)   --->   "br i1 %icmp_ln38, label %9, label %.preheader.preheader" [f_b_4_new_network/forw_back_new_network.c:38]   --->   Operation 30 'br' <Predicate = true> <Delay = 0.00>
ST_2 : Operation 31 [1/1] (0.00ns)   --->   "%col = call i4 @_ssdm_op_BitConcatenate.i4.i3.i1(i3 %i_0, i1 false)" [f_b_4_new_network/forw_back_new_network.c:41]   --->   Operation 31 'bitconcatenate' 'col' <Predicate = (!icmp_ln38)> <Delay = 0.00>
ST_2 : Operation 32 [1/1] (0.00ns)   --->   "%zext_ln41 = zext i4 %col to i32" [f_b_4_new_network/forw_back_new_network.c:41]   --->   Operation 32 'zext' 'zext_ln41' <Predicate = (!icmp_ln38)> <Delay = 0.00>
ST_2 : Operation 33 [1/1] (0.00ns)   --->   "%zext_ln41_3 = zext i4 %col to i7" [f_b_4_new_network/forw_back_new_network.c:41]   --->   Operation 33 'zext' 'zext_ln41_3' <Predicate = (!icmp_ln38)> <Delay = 0.00>
ST_2 : Operation 34 [1/1] (1.73ns)   --->   "%add_ln41 = add i4 %col, 2" [f_b_4_new_network/forw_back_new_network.c:41]   --->   Operation 34 'add' 'add_ln41' <Predicate = (!icmp_ln38)> <Delay = 1.73> <Core = "AddSub">   --->   Core 14 'AddSub' <Latency = 0> <II = 1> <Delay = 2.55> <FuncUnit> <Opcode : 'add' 'sub'> <InPorts = 2> <OutPorts = 1>
ST_2 : Operation 35 [1/1] (0.00ns)   --->   "%zext_ln41_4 = zext i4 %add_ln41 to i32" [f_b_4_new_network/forw_back_new_network.c:41]   --->   Operation 35 'zext' 'zext_ln41_4' <Predicate = (!icmp_ln38)> <Delay = 0.00>
ST_2 : Operation 36 [1/1] (0.00ns)   --->   "%shl_ln = call i6 @_ssdm_op_BitConcatenate.i6.i3.i3(i3 %i_0, i3 0)" [f_b_4_new_network/forw_back_new_network.c:45]   --->   Operation 36 'bitconcatenate' 'shl_ln' <Predicate = (!icmp_ln38)> <Delay = 0.00>
ST_2 : Operation 37 [1/1] (0.00ns)   --->   "%zext_ln45_2 = zext i6 %shl_ln to i7" [f_b_4_new_network/forw_back_new_network.c:45]   --->   Operation 37 'zext' 'zext_ln45_2' <Predicate = (!icmp_ln38)> <Delay = 0.00>
ST_2 : Operation 38 [1/1] (1.82ns)   --->   "%sub_ln45 = sub i7 %zext_ln45_2, %zext_ln41_3" [f_b_4_new_network/forw_back_new_network.c:45]   --->   Operation 38 'sub' 'sub_ln45' <Predicate = (!icmp_ln38)> <Delay = 1.82> <Core = "AddSub">   --->   Core 14 'AddSub' <Latency = 0> <II = 1> <Delay = 2.55> <FuncUnit> <Opcode : 'add' 'sub'> <InPorts = 2> <OutPorts = 1>
ST_2 : Operation 39 [1/1] (1.76ns)   --->   "br label %.preheader" [f_b_4_new_network/forw_back_new_network.c:39]   --->   Operation 39 'br' <Predicate = (!icmp_ln38)> <Delay = 1.76>
ST_2 : Operation 40 [1/1] (0.00ns)   --->   "ret void" [f_b_4_new_network/forw_back_new_network.c:49]   --->   Operation 40 'ret' <Predicate = (icmp_ln38)> <Delay = 0.00>

State 3 <SV = 2> <Delay = 1.87>
ST_3 : Operation 41 [1/1] (0.00ns)   --->   "%j_0 = phi i3 [ %j, %8 ], [ 0, %.preheader.preheader ]"   --->   Operation 41 'phi' 'j_0' <Predicate = true> <Delay = 0.00>
ST_3 : Operation 42 [1/1] (0.00ns)   --->   "%j_0_cast3 = zext i3 %j_0 to i7" [f_b_4_new_network/forw_back_new_network.c:39]   --->   Operation 42 'zext' 'j_0_cast3' <Predicate = true> <Delay = 0.00>
ST_3 : Operation 43 [1/1] (0.00ns)   --->   "%empty_135 = call i32 (...)* @_ssdm_op_SpecLoopTripCount(i64 6, i64 6, i64 6)"   --->   Operation 43 'speclooptripcount' 'empty_135' <Predicate = true> <Delay = 0.00>
ST_3 : Operation 44 [1/1] (1.13ns)   --->   "%icmp_ln39 = icmp eq i3 %j_0, -2" [f_b_4_new_network/forw_back_new_network.c:39]   --->   Operation 44 'icmp' 'icmp_ln39' <Predicate = true> <Delay = 1.13> <Core = "Cmp">   --->   Core 25 'Cmp' <Latency = 0> <II = 1> <Delay = 2.44> <FuncUnit> <Opcode : 'icmp'> <InPorts = 2> <OutPorts = 1>
ST_3 : Operation 45 [1/1] (1.65ns)   --->   "%j = add i3 %j_0, 1" [f_b_4_new_network/forw_back_new_network.c:39]   --->   Operation 45 'add' 'j' <Predicate = true> <Delay = 1.65> <Core = "AddSub">   --->   Core 14 'AddSub' <Latency = 0> <II = 1> <Delay = 2.55> <FuncUnit> <Opcode : 'add' 'sub'> <InPorts = 2> <OutPorts = 1>
ST_3 : Operation 46 [1/1] (0.00ns)   --->   "br i1 %icmp_ln39, label %.loopexit.loopexit, label %1" [f_b_4_new_network/forw_back_new_network.c:39]   --->   Operation 46 'br' <Predicate = true> <Delay = 0.00>
ST_3 : Operation 47 [1/1] (0.00ns)   --->   "%row = call i4 @_ssdm_op_BitConcatenate.i4.i3.i1(i3 %j_0, i1 false)" [f_b_4_new_network/forw_back_new_network.c:42]   --->   Operation 47 'bitconcatenate' 'row' <Predicate = (!icmp_ln39)> <Delay = 0.00>
ST_3 : Operation 48 [1/1] (0.00ns)   --->   "%zext_ln42 = zext i4 %row to i32" [f_b_4_new_network/forw_back_new_network.c:42]   --->   Operation 48 'zext' 'zext_ln42' <Predicate = (!icmp_ln39)> <Delay = 0.00>
ST_3 : Operation 49 [1/1] (1.73ns)   --->   "%add_ln42 = add i4 %row, 2" [f_b_4_new_network/forw_back_new_network.c:42]   --->   Operation 49 'add' 'add_ln42' <Predicate = (!icmp_ln39)> <Delay = 1.73> <Core = "AddSub">   --->   Core 14 'AddSub' <Latency = 0> <II = 1> <Delay = 2.55> <FuncUnit> <Opcode : 'add' 'sub'> <InPorts = 2> <OutPorts = 1>
ST_3 : Operation 50 [1/1] (0.00ns)   --->   "%zext_ln42_2 = zext i4 %add_ln42 to i32" [f_b_4_new_network/forw_back_new_network.c:42]   --->   Operation 50 'zext' 'zext_ln42_2' <Predicate = (!icmp_ln39)> <Delay = 0.00>
ST_3 : Operation 51 [1/1] (1.87ns)   --->   "%add_ln45 = add i7 %j_0_cast3, %sub_ln45" [f_b_4_new_network/forw_back_new_network.c:45]   --->   Operation 51 'add' 'add_ln45' <Predicate = (!icmp_ln39)> <Delay = 1.87> <Core = "AddSub">   --->   Core 14 'AddSub' <Latency = 0> <II = 1> <Delay = 2.55> <FuncUnit> <Opcode : 'add' 'sub'> <InPorts = 2> <OutPorts = 1>
ST_3 : Operation 52 [1/1] (0.00ns)   --->   "%sext_ln45 = sext i7 %add_ln45 to i32" [f_b_4_new_network/forw_back_new_network.c:45]   --->   Operation 52 'sext' 'sext_ln45' <Predicate = (!icmp_ln39)> <Delay = 0.00>
ST_3 : Operation 53 [1/1] (0.00ns)   --->   "%zext_ln45 = zext i32 %sext_ln45 to i64" [f_b_4_new_network/forw_back_new_network.c:45]   --->   Operation 53 'zext' 'zext_ln45' <Predicate = (!icmp_ln39)> <Delay = 0.00>
ST_3 : Operation 54 [1/1] (0.00ns)   --->   "%output_matrix_addr = getelementptr [36 x float]* %output_matrix, i64 0, i64 %zext_ln45" [f_b_4_new_network/forw_back_new_network.c:47]   --->   Operation 54 'getelementptr' 'output_matrix_addr' <Predicate = (!icmp_ln39)> <Delay = 0.00>
ST_3 : Operation 55 [1/1] (0.00ns)   --->   "%locate_matrix_addr = getelementptr [36 x float]* %locate_matrix, i64 0, i64 %zext_ln45" [f_b_4_new_network/forw_back_new_network.c:45]   --->   Operation 55 'getelementptr' 'locate_matrix_addr' <Predicate = (!icmp_ln39)> <Delay = 0.00>
ST_3 : Operation 56 [1/1] (1.76ns)   --->   "br label %2" [f_b_4_new_network/forw_back_new_network.c:41]   --->   Operation 56 'br' <Predicate = (!icmp_ln39)> <Delay = 1.76>
ST_3 : Operation 57 [1/1] (0.00ns)   --->   "br label %.loopexit"   --->   Operation 57 'br' <Predicate = (icmp_ln39)> <Delay = 0.00>

State 4 <SV = 3> <Delay = 6.41>
ST_4 : Operation 58 [1/1] (0.00ns)   --->   "%max_num_0 = phi i32 [ -999, %1 ], [ %max_num_1, %7 ]" [r:/builds/2019.1/continuous/2019_05_24_2552052/src/products/hls/hls_lib/hlsmath/include/FloatingPoint\hls_case_IEEE754.h:59->r:/builds/2019.1/continuous/2019_05_24_2552052/src/products/hls/hls_lib/hlsmath/include/FloatingPoint\hls_case_IEEE754.h:117->r:/builds/2019.1/continuous/2019_05_24_2552052/src/products/hls/hls_lib/hlsmath/src/lib_floatconversion.cpp:51->f_b_4_new_network/forw_back_new_network.c:44]   --->   Operation 58 'phi' 'max_num_0' <Predicate = true> <Delay = 0.00>
ST_4 : Operation 59 [1/1] (0.00ns)   --->   "%col_0 = phi i32 [ %zext_ln41, %1 ], [ %col_2, %7 ]"   --->   Operation 59 'phi' 'col_0' <Predicate = true> <Delay = 0.00>
ST_4 : Operation 60 [1/1] (2.47ns)   --->   "%icmp_ln41 = icmp slt i32 %col_0, %zext_ln41_4" [f_b_4_new_network/forw_back_new_network.c:41]   --->   Operation 60 'icmp' 'icmp_ln41' <Predicate = true> <Delay = 2.47> <Core = "Cmp">   --->   Core 25 'Cmp' <Latency = 0> <II = 1> <Delay = 2.44> <FuncUnit> <Opcode : 'icmp'> <InPorts = 2> <OutPorts = 1>
ST_4 : Operation 61 [1/1] (0.00ns)   --->   "br i1 %icmp_ln41, label %3, label %8" [f_b_4_new_network/forw_back_new_network.c:41]   --->   Operation 61 'br' <Predicate = true> <Delay = 0.00>
ST_4 : Operation 62 [1/1] (0.00ns) (grouped into LUT with out node sub_ln43)   --->   "%shl_ln43 = shl i32 %col_0, 4" [f_b_4_new_network/forw_back_new_network.c:43]   --->   Operation 62 'shl' 'shl_ln43' <Predicate = (icmp_ln41)> <Delay = 0.00>
ST_4 : Operation 63 [1/1] (0.00ns) (grouped into LUT with out node sub_ln43)   --->   "%shl_ln43_2 = shl i32 %col_0, 2" [f_b_4_new_network/forw_back_new_network.c:43]   --->   Operation 63 'shl' 'shl_ln43_2' <Predicate = (icmp_ln41)> <Delay = 0.00>
ST_4 : Operation 64 [1/1] (2.55ns) (out node of the LUT)   --->   "%sub_ln43 = sub i32 %shl_ln43, %shl_ln43_2" [f_b_4_new_network/forw_back_new_network.c:43]   --->   Operation 64 'sub' 'sub_ln43' <Predicate = (icmp_ln41)> <Delay = 2.55> <Core = "AddSub">   --->   Core 14 'AddSub' <Latency = 0> <II = 1> <Delay = 2.55> <FuncUnit> <Opcode : 'add' 'sub'> <InPorts = 2> <OutPorts = 1>
ST_4 : Operation 65 [1/1] (1.76ns)   --->   "br label %4" [f_b_4_new_network/forw_back_new_network.c:42]   --->   Operation 65 'br' <Predicate = (icmp_ln41)> <Delay = 1.76>
ST_4 : Operation 66 [6/6] (6.41ns)   --->   "%tmp = sitofp i32 %max_num_0 to float" [f_b_4_new_network/forw_back_new_network.c:47]   --->   Operation 66 'sitofp' 'tmp' <Predicate = (!icmp_ln41)> <Delay = 6.41> <Core = "Int2Float">   --->   Core 112 'Int2Float' <Latency = 5> <II = 1> <Delay = 6.41> <FuncUnit> <Opcode : 'sitofp' 'uitofp'> <InPorts = 1> <OutPorts = 1>

State 5 <SV = 4> <Delay = 6.41>
ST_5 : Operation 67 [1/1] (0.00ns)   --->   "%max_num_1 = phi i32 [ %max_num_0, %3 ], [ %max_num_2, %._crit_edge ]" [r:/builds/2019.1/continuous/2019_05_24_2552052/src/products/hls/hls_lib/hlsmath/include/FloatingPoint\hls_case_IEEE754.h:59->r:/builds/2019.1/continuous/2019_05_24_2552052/src/products/hls/hls_lib/hlsmath/include/FloatingPoint\hls_case_IEEE754.h:117->r:/builds/2019.1/continuous/2019_05_24_2552052/src/products/hls/hls_lib/hlsmath/src/lib_floatconversion.cpp:51->f_b_4_new_network/forw_back_new_network.c:44]   --->   Operation 67 'phi' 'max_num_1' <Predicate = true> <Delay = 0.00>
ST_5 : Operation 68 [1/1] (0.00ns)   --->   "%row_0 = phi i32 [ %zext_ln42, %3 ], [ %row_2, %._crit_edge ]"   --->   Operation 68 'phi' 'row_0' <Predicate = true> <Delay = 0.00>
ST_5 : Operation 69 [1/1] (2.47ns)   --->   "%icmp_ln42 = icmp slt i32 %row_0, %zext_ln42_2" [f_b_4_new_network/forw_back_new_network.c:42]   --->   Operation 69 'icmp' 'icmp_ln42' <Predicate = true> <Delay = 2.47> <Core = "Cmp">   --->   Core 25 'Cmp' <Latency = 0> <II = 1> <Delay = 2.44> <FuncUnit> <Opcode : 'icmp'> <InPorts = 2> <OutPorts = 1>
ST_5 : Operation 70 [1/1] (0.00ns)   --->   "br i1 %icmp_ln42, label %5, label %7" [f_b_4_new_network/forw_back_new_network.c:42]   --->   Operation 70 'br' <Predicate = true> <Delay = 0.00>
ST_5 : Operation 71 [6/6] (6.41ns)   --->   "%tmp_s = sitofp i32 %max_num_1 to float" [f_b_4_new_network/forw_back_new_network.c:43]   --->   Operation 71 'sitofp' 'tmp_s' <Predicate = (icmp_ln42)> <Delay = 6.41> <Core = "Int2Float">   --->   Core 112 'Int2Float' <Latency = 5> <II = 1> <Delay = 6.41> <FuncUnit> <Opcode : 'sitofp' 'uitofp'> <InPorts = 1> <OutPorts = 1>
ST_5 : Operation 72 [1/1] (2.55ns)   --->   "%col_2 = add nsw i32 %col_0, 1" [f_b_4_new_network/forw_back_new_network.c:41]   --->   Operation 72 'add' 'col_2' <Predicate = (!icmp_ln42)> <Delay = 2.55> <Core = "AddSub">   --->   Core 14 'AddSub' <Latency = 0> <II = 1> <Delay = 2.55> <FuncUnit> <Opcode : 'add' 'sub'> <InPorts = 2> <OutPorts = 1>
ST_5 : Operation 73 [1/1] (0.00ns)   --->   "br label %2" [f_b_4_new_network/forw_back_new_network.c:41]   --->   Operation 73 'br' <Predicate = (!icmp_ln42)> <Delay = 0.00>

State 6 <SV = 5> <Delay = 6.41>
ST_6 : Operation 74 [5/6] (6.41ns)   --->   "%tmp_s = sitofp i32 %max_num_1 to float" [f_b_4_new_network/forw_back_new_network.c:43]   --->   Operation 74 'sitofp' 'tmp_s' <Predicate = true> <Delay = 6.41> <Core = "Int2Float">   --->   Core 112 'Int2Float' <Latency = 5> <II = 1> <Delay = 6.41> <FuncUnit> <Opcode : 'sitofp' 'uitofp'> <InPorts = 1> <OutPorts = 1>

State 7 <SV = 6> <Delay = 6.41>
ST_7 : Operation 75 [4/6] (6.41ns)   --->   "%tmp_s = sitofp i32 %max_num_1 to float" [f_b_4_new_network/forw_back_new_network.c:43]   --->   Operation 75 'sitofp' 'tmp_s' <Predicate = true> <Delay = 6.41> <Core = "Int2Float">   --->   Core 112 'Int2Float' <Latency = 5> <II = 1> <Delay = 6.41> <FuncUnit> <Opcode : 'sitofp' 'uitofp'> <InPorts = 1> <OutPorts = 1>

State 8 <SV = 7> <Delay = 6.41>
ST_8 : Operation 76 [3/6] (6.41ns)   --->   "%tmp_s = sitofp i32 %max_num_1 to float" [f_b_4_new_network/forw_back_new_network.c:43]   --->   Operation 76 'sitofp' 'tmp_s' <Predicate = true> <Delay = 6.41> <Core = "Int2Float">   --->   Core 112 'Int2Float' <Latency = 5> <II = 1> <Delay = 6.41> <FuncUnit> <Opcode : 'sitofp' 'uitofp'> <InPorts = 1> <OutPorts = 1>

State 9 <SV = 8> <Delay = 6.41>
ST_9 : Operation 77 [2/6] (6.41ns)   --->   "%tmp_s = sitofp i32 %max_num_1 to float" [f_b_4_new_network/forw_back_new_network.c:43]   --->   Operation 77 'sitofp' 'tmp_s' <Predicate = true> <Delay = 6.41> <Core = "Int2Float">   --->   Core 112 'Int2Float' <Latency = 5> <II = 1> <Delay = 6.41> <FuncUnit> <Opcode : 'sitofp' 'uitofp'> <InPorts = 1> <OutPorts = 1>

State 10 <SV = 9> <Delay = 6.41>
ST_10 : Operation 78 [1/1] (2.55ns)   --->   "%add_ln43 = add nsw i32 %row_0, %sub_ln43" [f_b_4_new_network/forw_back_new_network.c:43]   --->   Operation 78 'add' 'add_ln43' <Predicate = true> <Delay = 2.55> <Core = "AddSub">   --->   Core 14 'AddSub' <Latency = 0> <II = 1> <Delay = 2.55> <FuncUnit> <Opcode : 'add' 'sub'> <InPorts = 2> <OutPorts = 1>
ST_10 : Operation 79 [1/1] (0.00ns)   --->   "%sext_ln43 = sext i32 %add_ln43 to i64" [f_b_4_new_network/forw_back_new_network.c:43]   --->   Operation 79 'sext' 'sext_ln43' <Predicate = true> <Delay = 0.00>
ST_10 : Operation 80 [1/1] (0.00ns)   --->   "%conv_out_2_addr = getelementptr [144 x float]* @conv_out_2, i64 0, i64 %sext_ln43" [f_b_4_new_network/forw_back_new_network.c:43]   --->   Operation 80 'getelementptr' 'conv_out_2_addr' <Predicate = true> <Delay = 0.00>
ST_10 : Operation 81 [2/2] (3.25ns)   --->   "%conv_out_2_load = load float* %conv_out_2_addr, align 4" [f_b_4_new_network/forw_back_new_network.c:43]   --->   Operation 81 'load' 'conv_out_2_load' <Predicate = true> <Delay = 3.25> <Core = "RAM">   --->   Core 37 'RAM' <Latency = 1> <II = 1> <Delay = 3.25> <Storage> <Opcode : 'load' 'store'> <Ports = 2> <Width = 32> <Depth = 36> <RAM>
ST_10 : Operation 82 [1/6] (6.41ns)   --->   "%tmp_s = sitofp i32 %max_num_1 to float" [f_b_4_new_network/forw_back_new_network.c:43]   --->   Operation 82 'sitofp' 'tmp_s' <Predicate = true> <Delay = 6.41> <Core = "Int2Float">   --->   Core 112 'Int2Float' <Latency = 5> <II = 1> <Delay = 6.41> <FuncUnit> <Opcode : 'sitofp' 'uitofp'> <InPorts = 1> <OutPorts = 1>

State 11 <SV = 10> <Delay = 8.68>
ST_11 : Operation 83 [1/2] (3.25ns)   --->   "%conv_out_2_load = load float* %conv_out_2_addr, align 4" [f_b_4_new_network/forw_back_new_network.c:43]   --->   Operation 83 'load' 'conv_out_2_load' <Predicate = true> <Delay = 3.25> <Core = "RAM">   --->   Core 37 'RAM' <Latency = 1> <II = 1> <Delay = 3.25> <Storage> <Opcode : 'load' 'store'> <Ports = 2> <Width = 32> <Depth = 36> <RAM>
ST_11 : Operation 84 [1/1] (0.00ns)   --->   "%bitcast_ln43_2 = bitcast float %tmp_s to i32" [f_b_4_new_network/forw_back_new_network.c:43]   --->   Operation 84 'bitcast' 'bitcast_ln43_2' <Predicate = true> <Delay = 0.00>
ST_11 : Operation 85 [1/1] (0.00ns)   --->   "%tmp_14 = call i8 @_ssdm_op_PartSelect.i8.i32.i32.i32(i32 %bitcast_ln43_2, i32 23, i32 30)" [f_b_4_new_network/forw_back_new_network.c:43]   --->   Operation 85 'partselect' 'tmp_14' <Predicate = true> <Delay = 0.00>
ST_11 : Operation 86 [1/1] (0.00ns)   --->   "%trunc_ln43_2 = trunc i32 %bitcast_ln43_2 to i23" [f_b_4_new_network/forw_back_new_network.c:43]   --->   Operation 86 'trunc' 'trunc_ln43_2' <Predicate = true> <Delay = 0.00>
ST_11 : Operation 87 [1/1] (1.55ns)   --->   "%icmp_ln43_5 = icmp ne i8 %tmp_14, -1" [f_b_4_new_network/forw_back_new_network.c:43]   --->   Operation 87 'icmp' 'icmp_ln43_5' <Predicate = true> <Delay = 1.55> <Core = "Cmp">   --->   Core 25 'Cmp' <Latency = 0> <II = 1> <Delay = 2.44> <FuncUnit> <Opcode : 'icmp'> <InPorts = 2> <OutPorts = 1>
ST_11 : Operation 88 [1/1] (2.44ns)   --->   "%icmp_ln43_6 = icmp eq i23 %trunc_ln43_2, 0" [f_b_4_new_network/forw_back_new_network.c:43]   --->   Operation 88 'icmp' 'icmp_ln43_6' <Predicate = true> <Delay = 2.44> <Core = "Cmp">   --->   Core 25 'Cmp' <Latency = 0> <II = 1> <Delay = 2.44> <FuncUnit> <Opcode : 'icmp'> <InPorts = 2> <OutPorts = 1>
ST_11 : Operation 89 [2/2] (5.43ns)   --->   "%tmp_15 = fcmp ogt float %conv_out_2_load, %tmp_s" [f_b_4_new_network/forw_back_new_network.c:43]   --->   Operation 89 'fcmp' 'tmp_15' <Predicate = true> <Delay = 5.43> <Core = "FCmp">   --->   Core 111 'FCmp' <Latency = 1> <II = 1> <Delay = 5.43> <FuncUnit> <Opcode : 'fcmp'> <InPorts = 2> <OutPorts = 1>

State 12 <SV = 11> <Delay = 8.17>
ST_12 : Operation 90 [1/1] (0.00ns)   --->   "%p_Val2_s = bitcast float %conv_out_2_load to i32" [f_b_4_new_network/forw_back_new_network.c:43]   --->   Operation 90 'bitcast' 'p_Val2_s' <Predicate = true> <Delay = 0.00>
ST_12 : Operation 91 [1/1] (0.00ns)   --->   "%tmp_V = call i8 @_ssdm_op_PartSelect.i8.i32.i32.i32(i32 %p_Val2_s, i32 23, i32 30)" [f_b_4_new_network/forw_back_new_network.c:43]   --->   Operation 91 'partselect' 'tmp_V' <Predicate = true> <Delay = 0.00>
ST_12 : Operation 92 [1/1] (0.00ns)   --->   "%tmp_V_2 = trunc i32 %p_Val2_s to i23" [f_b_4_new_network/forw_back_new_network.c:43]   --->   Operation 92 'trunc' 'tmp_V_2' <Predicate = true> <Delay = 0.00>
ST_12 : Operation 93 [1/1] (1.55ns)   --->   "%icmp_ln43 = icmp ne i8 %tmp_V, -1" [f_b_4_new_network/forw_back_new_network.c:43]   --->   Operation 93 'icmp' 'icmp_ln43' <Predicate = true> <Delay = 1.55> <Core = "Cmp">   --->   Core 25 'Cmp' <Latency = 0> <II = 1> <Delay = 2.44> <FuncUnit> <Opcode : 'icmp'> <InPorts = 2> <OutPorts = 1>
ST_12 : Operation 94 [1/1] (2.44ns)   --->   "%icmp_ln43_4 = icmp eq i23 %tmp_V_2, 0" [f_b_4_new_network/forw_back_new_network.c:43]   --->   Operation 94 'icmp' 'icmp_ln43_4' <Predicate = true> <Delay = 2.44> <Core = "Cmp">   --->   Core 25 'Cmp' <Latency = 0> <II = 1> <Delay = 2.44> <FuncUnit> <Opcode : 'icmp'> <InPorts = 2> <OutPorts = 1>
ST_12 : Operation 95 [1/1] (0.00ns) (grouped into LUT with out node and_ln43_2)   --->   "%or_ln43 = or i1 %icmp_ln43_4, %icmp_ln43" [f_b_4_new_network/forw_back_new_network.c:43]   --->   Operation 95 'or' 'or_ln43' <Predicate = true> <Delay = 0.00> <Core = "LogicGate">   --->   Core 27 'LogicGate' <Latency = 0> <II = 1> <Delay = 0.97> <FuncUnit> <Opcode : 'and' 'or' 'xor'> <InPorts = 2> <OutPorts = 1>
ST_12 : Operation 96 [1/1] (0.00ns) (grouped into LUT with out node and_ln43_2)   --->   "%or_ln43_2 = or i1 %icmp_ln43_6, %icmp_ln43_5" [f_b_4_new_network/forw_back_new_network.c:43]   --->   Operation 96 'or' 'or_ln43_2' <Predicate = true> <Delay = 0.00> <Core = "LogicGate">   --->   Core 27 'LogicGate' <Latency = 0> <II = 1> <Delay = 0.97> <FuncUnit> <Opcode : 'and' 'or' 'xor'> <InPorts = 2> <OutPorts = 1>
ST_12 : Operation 97 [1/1] (0.00ns) (grouped into LUT with out node and_ln43_2)   --->   "%and_ln43 = and i1 %or_ln43, %or_ln43_2" [f_b_4_new_network/forw_back_new_network.c:43]   --->   Operation 97 'and' 'and_ln43' <Predicate = true> <Delay = 0.00> <Core = "LogicGate">   --->   Core 27 'LogicGate' <Latency = 0> <II = 1> <Delay = 0.97> <FuncUnit> <Opcode : 'and' 'or' 'xor'> <InPorts = 2> <OutPorts = 1>
ST_12 : Operation 98 [1/2] (5.43ns)   --->   "%tmp_15 = fcmp ogt float %conv_out_2_load, %tmp_s" [f_b_4_new_network/forw_back_new_network.c:43]   --->   Operation 98 'fcmp' 'tmp_15' <Predicate = true> <Delay = 5.43> <Core = "FCmp">   --->   Core 111 'FCmp' <Latency = 1> <II = 1> <Delay = 5.43> <FuncUnit> <Opcode : 'fcmp'> <InPorts = 2> <OutPorts = 1>
ST_12 : Operation 99 [1/1] (0.97ns) (out node of the LUT)   --->   "%and_ln43_2 = and i1 %and_ln43, %tmp_15" [f_b_4_new_network/forw_back_new_network.c:43]   --->   Operation 99 'and' 'and_ln43_2' <Predicate = true> <Delay = 0.97> <Core = "LogicGate">   --->   Core 27 'LogicGate' <Latency = 0> <II = 1> <Delay = 0.97> <FuncUnit> <Opcode : 'and' 'or' 'xor'> <InPorts = 2> <OutPorts = 1>
ST_12 : Operation 100 [1/1] (1.76ns)   --->   "br i1 %and_ln43_2, label %6, label %._crit_edge" [f_b_4_new_network/forw_back_new_network.c:43]   --->   Operation 100 'br' <Predicate = true> <Delay = 1.76>
ST_12 : Operation 101 [1/1] (0.00ns)   --->   "%p_Result_s = call i1 @_ssdm_op_BitSelect.i1.i32.i32(i32 %p_Val2_s, i32 31)" [r:/builds/2019.1/continuous/2019_05_24_2552052/src/products/hls/hls_lib/src/hls\utils/x_hls_utils.h:316->r:/builds/2019.1/continuous/2019_05_24_2552052/src/products/hls/hls_lib/src/hls\utils/x_hls_utils.h:319->r:/builds/2019.1/continuous/2019_05_24_2552052/src/products/hls/hls_lib/hlsmath/include/FloatingPoint\hls_case_IEEE754.h:13->r:/builds/2019.1/continuous/2019_05_24_2552052/src/products/hls/hls_lib/hlsmath/include/FloatingPoint\hls_case_IEEE754.h:117->r:/builds/2019.1/continuous/2019_05_24_2552052/src/products/hls/hls_lib/hlsmath/src/lib_floatconversion.cpp:51->f_b_4_new_network/forw_back_new_network.c:44]   --->   Operation 101 'bitselect' 'p_Result_s' <Predicate = (and_ln43_2)> <Delay = 0.00>
ST_12 : Operation 102 [6/6] (6.41ns)   --->   "%tmp_7 = sitofp i32 %add_ln43 to float" [f_b_4_new_network/forw_back_new_network.c:45]   --->   Operation 102 'sitofp' 'tmp_7' <Predicate = (and_ln43_2)> <Delay = 6.41> <Core = "Int2Float">   --->   Core 112 'Int2Float' <Latency = 5> <II = 1> <Delay = 6.41> <FuncUnit> <Opcode : 'sitofp' 'uitofp'> <InPorts = 1> <OutPorts = 1>

State 13 <SV = 12> <Delay = 6.41>
ST_13 : Operation 103 [5/6] (6.41ns)   --->   "%tmp_7 = sitofp i32 %add_ln43 to float" [f_b_4_new_network/forw_back_new_network.c:45]   --->   Operation 103 'sitofp' 'tmp_7' <Predicate = true> <Delay = 6.41> <Core = "Int2Float">   --->   Core 112 'Int2Float' <Latency = 5> <II = 1> <Delay = 6.41> <FuncUnit> <Opcode : 'sitofp' 'uitofp'> <InPorts = 1> <OutPorts = 1>

State 14 <SV = 13> <Delay = 6.41>
ST_14 : Operation 104 [4/6] (6.41ns)   --->   "%tmp_7 = sitofp i32 %add_ln43 to float" [f_b_4_new_network/forw_back_new_network.c:45]   --->   Operation 104 'sitofp' 'tmp_7' <Predicate = true> <Delay = 6.41> <Core = "Int2Float">   --->   Core 112 'Int2Float' <Latency = 5> <II = 1> <Delay = 6.41> <FuncUnit> <Opcode : 'sitofp' 'uitofp'> <InPorts = 1> <OutPorts = 1>

State 15 <SV = 14> <Delay = 6.41>
ST_15 : Operation 105 [3/6] (6.41ns)   --->   "%tmp_7 = sitofp i32 %add_ln43 to float" [f_b_4_new_network/forw_back_new_network.c:45]   --->   Operation 105 'sitofp' 'tmp_7' <Predicate = true> <Delay = 6.41> <Core = "Int2Float">   --->   Core 112 'Int2Float' <Latency = 5> <II = 1> <Delay = 6.41> <FuncUnit> <Opcode : 'sitofp' 'uitofp'> <InPorts = 1> <OutPorts = 1>

State 16 <SV = 15> <Delay = 6.41>
ST_16 : Operation 106 [2/6] (6.41ns)   --->   "%tmp_7 = sitofp i32 %add_ln43 to float" [f_b_4_new_network/forw_back_new_network.c:45]   --->   Operation 106 'sitofp' 'tmp_7' <Predicate = true> <Delay = 6.41> <Core = "Int2Float">   --->   Core 112 'Int2Float' <Latency = 5> <II = 1> <Delay = 6.41> <FuncUnit> <Opcode : 'sitofp' 'uitofp'> <InPorts = 1> <OutPorts = 1>

State 17 <SV = 16> <Delay = 7.30>
ST_17 : Operation 107 [1/1] (0.00ns)   --->   "%mantissa_V = call i25 @_ssdm_op_BitConcatenate.i25.i1.i23.i1(i1 true, i23 %tmp_V_2, i1 false)" [r:/builds/2019.1/continuous/2019_05_24_2552052/src/products/hls/hls_lib/hlsmath/include/FloatingPoint\hls_case_IEEE754.h:15->r:/builds/2019.1/continuous/2019_05_24_2552052/src/products/hls/hls_lib/hlsmath/include/FloatingPoint\hls_case_IEEE754.h:117->r:/builds/2019.1/continuous/2019_05_24_2552052/src/products/hls/hls_lib/hlsmath/src/lib_floatconversion.cpp:51->f_b_4_new_network/forw_back_new_network.c:44]   --->   Operation 107 'bitconcatenate' 'mantissa_V' <Predicate = true> <Delay = 0.00>
ST_17 : Operation 108 [1/1] (0.00ns) (grouped into LUT with out node p_Val2_11)   --->   "%zext_ln682 = zext i25 %mantissa_V to i79" [r:/builds/2019.1/continuous/2019_05_24_2552052/src/products/hls/hls_lib/hlsmath/include/FloatingPoint\hls_case_IEEE754.h:15->r:/builds/2019.1/continuous/2019_05_24_2552052/src/products/hls/hls_lib/hlsmath/include/FloatingPoint\hls_case_IEEE754.h:117->r:/builds/2019.1/continuous/2019_05_24_2552052/src/products/hls/hls_lib/hlsmath/src/lib_floatconversion.cpp:51->f_b_4_new_network/forw_back_new_network.c:44]   --->   Operation 108 'zext' 'zext_ln682' <Predicate = true> <Delay = 0.00>
ST_17 : Operation 109 [1/1] (0.00ns)   --->   "%zext_ln339 = zext i8 %tmp_V to i9" [r:/builds/2019.1/continuous/2019_05_24_2552052/src/products/hls/hls_lib/src/hls\utils/x_hls_utils.h:339->r:/builds/2019.1/continuous/2019_05_24_2552052/src/products/hls/hls_lib/hlsmath/include/FloatingPoint\hls_case_IEEE754.h:18->r:/builds/2019.1/continuous/2019_05_24_2552052/src/products/hls/hls_lib/hlsmath/include/FloatingPoint\hls_case_IEEE754.h:117->r:/builds/2019.1/continuous/2019_05_24_2552052/src/products/hls/hls_lib/hlsmath/src/lib_floatconversion.cpp:51->f_b_4_new_network/forw_back_new_network.c:44]   --->   Operation 109 'zext' 'zext_ln339' <Predicate = true> <Delay = 0.00>
ST_17 : Operation 110 [1/1] (1.91ns)   --->   "%add_ln339 = add i9 %zext_ln339, -127" [r:/builds/2019.1/continuous/2019_05_24_2552052/src/products/hls/hls_lib/src/hls\utils/x_hls_utils.h:339->r:/builds/2019.1/continuous/2019_05_24_2552052/src/products/hls/hls_lib/hlsmath/include/FloatingPoint\hls_case_IEEE754.h:18->r:/builds/2019.1/continuous/2019_05_24_2552052/src/products/hls/hls_lib/hlsmath/include/FloatingPoint\hls_case_IEEE754.h:117->r:/builds/2019.1/continuous/2019_05_24_2552052/src/products/hls/hls_lib/hlsmath/src/lib_floatconversion.cpp:51->f_b_4_new_network/forw_back_new_network.c:44]   --->   Operation 110 'add' 'add_ln339' <Predicate = true> <Delay = 1.91> <Core = "AddSub">   --->   Core 14 'AddSub' <Latency = 0> <II = 1> <Delay = 2.55> <FuncUnit> <Opcode : 'add' 'sub'> <InPorts = 2> <OutPorts = 1>
ST_17 : Operation 111 [1/1] (0.00ns)   --->   "%isNeg = call i1 @_ssdm_op_BitSelect.i1.i9.i32(i9 %add_ln339, i32 8)" [r:/builds/2019.1/continuous/2019_05_24_2552052/src/products/hls/hls_lib/hlsmath/include/FloatingPoint\hls_case_IEEE754.h:18->r:/builds/2019.1/continuous/2019_05_24_2552052/src/products/hls/hls_lib/hlsmath/include/FloatingPoint\hls_case_IEEE754.h:117->r:/builds/2019.1/continuous/2019_05_24_2552052/src/products/hls/hls_lib/hlsmath/src/lib_floatconversion.cpp:51->f_b_4_new_network/forw_back_new_network.c:44]   --->   Operation 111 'bitselect' 'isNeg' <Predicate = true> <Delay = 0.00>
ST_17 : Operation 112 [1/1] (1.91ns)   --->   "%sub_ln1311 = sub i8 127, %tmp_V" [r:/builds/2019.1/continuous/2019_05_24_2552052/src/products/hls/hls_lib/hlsmath/include/FloatingPoint\hls_case_IEEE754.h:18->r:/builds/2019.1/continuous/2019_05_24_2552052/src/products/hls/hls_lib/hlsmath/include/FloatingPoint\hls_case_IEEE754.h:117->r:/builds/2019.1/continuous/2019_05_24_2552052/src/products/hls/hls_lib/hlsmath/src/lib_floatconversion.cpp:51->f_b_4_new_network/forw_back_new_network.c:44]   --->   Operation 112 'sub' 'sub_ln1311' <Predicate = true> <Delay = 1.91> <Core = "AddSub">   --->   Core 14 'AddSub' <Latency = 0> <II = 1> <Delay = 2.55> <FuncUnit> <Opcode : 'add' 'sub'> <InPorts = 2> <OutPorts = 1>
ST_17 : Operation 113 [1/1] (0.00ns)   --->   "%sext_ln1311 = sext i8 %sub_ln1311 to i9" [r:/builds/2019.1/continuous/2019_05_24_2552052/src/products/hls/hls_lib/hlsmath/include/FloatingPoint\hls_case_IEEE754.h:18->r:/builds/2019.1/continuous/2019_05_24_2552052/src/products/hls/hls_lib/hlsmath/include/FloatingPoint\hls_case_IEEE754.h:117->r:/builds/2019.1/continuous/2019_05_24_2552052/src/products/hls/hls_lib/hlsmath/src/lib_floatconversion.cpp:51->f_b_4_new_network/forw_back_new_network.c:44]   --->   Operation 113 'sext' 'sext_ln1311' <Predicate = true> <Delay = 0.00>
ST_17 : Operation 114 [1/1] (0.96ns)   --->   "%ush = select i1 %isNeg, i9 %sext_ln1311, i9 %add_ln339" [r:/builds/2019.1/continuous/2019_05_24_2552052/src/products/hls/hls_lib/hlsmath/include/FloatingPoint\hls_case_IEEE754.h:18->r:/builds/2019.1/continuous/2019_05_24_2552052/src/products/hls/hls_lib/hlsmath/include/FloatingPoint\hls_case_IEEE754.h:117->r:/builds/2019.1/continuous/2019_05_24_2552052/src/products/hls/hls_lib/hlsmath/src/lib_floatconversion.cpp:51->f_b_4_new_network/forw_back_new_network.c:44]   --->   Operation 114 'select' 'ush' <Predicate = true> <Delay = 0.96> <Core = "Sel">   --->   Core 26 'Sel' <Latency = 0> <II = 1> <Delay = 0.69> <FuncUnit> <Opcode : 'select'> <InPorts = 3> <OutPorts = 1>
ST_17 : Operation 115 [1/1] (0.00ns) (grouped into LUT with out node p_Val2_11)   --->   "%sext_ln1311_2 = sext i9 %ush to i32" [r:/builds/2019.1/continuous/2019_05_24_2552052/src/products/hls/hls_lib/hlsmath/include/FloatingPoint\hls_case_IEEE754.h:18->r:/builds/2019.1/continuous/2019_05_24_2552052/src/products/hls/hls_lib/hlsmath/include/FloatingPoint\hls_case_IEEE754.h:117->r:/builds/2019.1/continuous/2019_05_24_2552052/src/products/hls/hls_lib/hlsmath/src/lib_floatconversion.cpp:51->f_b_4_new_network/forw_back_new_network.c:44]   --->   Operation 115 'sext' 'sext_ln1311_2' <Predicate = true> <Delay = 0.00>
ST_17 : Operation 116 [1/1] (0.00ns) (grouped into LUT with out node p_Val2_11)   --->   "%sext_ln1311_3 = sext i9 %ush to i25" [r:/builds/2019.1/continuous/2019_05_24_2552052/src/products/hls/hls_lib/hlsmath/include/FloatingPoint\hls_case_IEEE754.h:18->r:/builds/2019.1/continuous/2019_05_24_2552052/src/products/hls/hls_lib/hlsmath/include/FloatingPoint\hls_case_IEEE754.h:117->r:/builds/2019.1/continuous/2019_05_24_2552052/src/products/hls/hls_lib/hlsmath/src/lib_floatconversion.cpp:51->f_b_4_new_network/forw_back_new_network.c:44]   --->   Operation 116 'sext' 'sext_ln1311_3' <Predicate = true> <Delay = 0.00>
ST_17 : Operation 117 [1/1] (0.00ns) (grouped into LUT with out node p_Val2_11)   --->   "%zext_ln1287 = zext i32 %sext_ln1311_2 to i79" [r:/builds/2019.1/continuous/2019_05_24_2552052/src/products/hls/hls_lib/hlsmath/include/FloatingPoint\hls_case_IEEE754.h:18->r:/builds/2019.1/continuous/2019_05_24_2552052/src/products/hls/hls_lib/hlsmath/include/FloatingPoint\hls_case_IEEE754.h:117->r:/builds/2019.1/continuous/2019_05_24_2552052/src/products/hls/hls_lib/hlsmath/src/lib_floatconversion.cpp:51->f_b_4_new_network/forw_back_new_network.c:44]   --->   Operation 117 'zext' 'zext_ln1287' <Predicate = true> <Delay = 0.00>
ST_17 : Operation 118 [1/1] (0.00ns) (grouped into LUT with out node p_Val2_11)   --->   "%r_V = lshr i25 %mantissa_V, %sext_ln1311_3" [r:/builds/2019.1/continuous/2019_05_24_2552052/src/products/hls/hls_lib/hlsmath/include/FloatingPoint\hls_case_IEEE754.h:18->r:/builds/2019.1/continuous/2019_05_24_2552052/src/products/hls/hls_lib/hlsmath/include/FloatingPoint\hls_case_IEEE754.h:117->r:/builds/2019.1/continuous/2019_05_24_2552052/src/products/hls/hls_lib/hlsmath/src/lib_floatconversion.cpp:51->f_b_4_new_network/forw_back_new_network.c:44]   --->   Operation 118 'lshr' 'r_V' <Predicate = true> <Delay = 0.00> <Core = "Shift">   --->   Core 28 'Shift' <Latency = 0> <II = 1> <Delay = 4.42> <FuncUnit> <Opcode : 'shl' 'lshr' 'ashr'> <InPorts = 2> <OutPorts = 1>
ST_17 : Operation 119 [1/1] (0.00ns) (grouped into LUT with out node p_Val2_11)   --->   "%r_V_2 = shl i79 %zext_ln682, %zext_ln1287" [r:/builds/2019.1/continuous/2019_05_24_2552052/src/products/hls/hls_lib/hlsmath/include/FloatingPoint\hls_case_IEEE754.h:18->r:/builds/2019.1/continuous/2019_05_24_2552052/src/products/hls/hls_lib/hlsmath/include/FloatingPoint\hls_case_IEEE754.h:117->r:/builds/2019.1/continuous/2019_05_24_2552052/src/products/hls/hls_lib/hlsmath/src/lib_floatconversion.cpp:51->f_b_4_new_network/forw_back_new_network.c:44]   --->   Operation 119 'shl' 'r_V_2' <Predicate = true> <Delay = 0.00> <Core = "Shift">   --->   Core 28 'Shift' <Latency = 0> <II = 1> <Delay = 4.42> <FuncUnit> <Opcode : 'shl' 'lshr' 'ashr'> <InPorts = 2> <OutPorts = 1>
ST_17 : Operation 120 [1/1] (0.00ns) (grouped into LUT with out node p_Val2_11)   --->   "%tmp_9 = call i1 @_ssdm_op_BitSelect.i1.i25.i32(i25 %r_V, i32 24)" [r:/builds/2019.1/continuous/2019_05_24_2552052/src/products/hls/hls_lib/hlsmath/include/FloatingPoint\hls_case_IEEE754.h:21->r:/builds/2019.1/continuous/2019_05_24_2552052/src/products/hls/hls_lib/hlsmath/include/FloatingPoint\hls_case_IEEE754.h:117->r:/builds/2019.1/continuous/2019_05_24_2552052/src/products/hls/hls_lib/hlsmath/src/lib_floatconversion.cpp:51->f_b_4_new_network/forw_back_new_network.c:44]   --->   Operation 120 'bitselect' 'tmp_9' <Predicate = true> <Delay = 0.00>
ST_17 : Operation 121 [1/1] (0.00ns) (grouped into LUT with out node p_Val2_11)   --->   "%zext_ln662 = zext i1 %tmp_9 to i32" [r:/builds/2019.1/continuous/2019_05_24_2552052/src/products/hls/hls_lib/hlsmath/include/FloatingPoint\hls_case_IEEE754.h:21->r:/builds/2019.1/continuous/2019_05_24_2552052/src/products/hls/hls_lib/hlsmath/include/FloatingPoint\hls_case_IEEE754.h:117->r:/builds/2019.1/continuous/2019_05_24_2552052/src/products/hls/hls_lib/hlsmath/src/lib_floatconversion.cpp:51->f_b_4_new_network/forw_back_new_network.c:44]   --->   Operation 121 'zext' 'zext_ln662' <Predicate = true> <Delay = 0.00>
ST_17 : Operation 122 [1/1] (0.00ns) (grouped into LUT with out node p_Val2_11)   --->   "%tmp_11 = call i32 @_ssdm_op_PartSelect.i32.i79.i32.i32(i79 %r_V_2, i32 24, i32 55)" [r:/builds/2019.1/continuous/2019_05_24_2552052/src/products/hls/hls_lib/hlsmath/include/FloatingPoint\hls_case_IEEE754.h:21->r:/builds/2019.1/continuous/2019_05_24_2552052/src/products/hls/hls_lib/hlsmath/include/FloatingPoint\hls_case_IEEE754.h:117->r:/builds/2019.1/continuous/2019_05_24_2552052/src/products/hls/hls_lib/hlsmath/src/lib_floatconversion.cpp:51->f_b_4_new_network/forw_back_new_network.c:44]   --->   Operation 122 'partselect' 'tmp_11' <Predicate = true> <Delay = 0.00>
ST_17 : Operation 123 [1/1] (4.42ns) (out node of the LUT)   --->   "%p_Val2_11 = select i1 %isNeg, i32 %zext_ln662, i32 %tmp_11" [r:/builds/2019.1/continuous/2019_05_24_2552052/src/products/hls/hls_lib/hlsmath/include/FloatingPoint\hls_case_IEEE754.h:18->r:/builds/2019.1/continuous/2019_05_24_2552052/src/products/hls/hls_lib/hlsmath/include/FloatingPoint\hls_case_IEEE754.h:117->r:/builds/2019.1/continuous/2019_05_24_2552052/src/products/hls/hls_lib/hlsmath/src/lib_floatconversion.cpp:51->f_b_4_new_network/forw_back_new_network.c:44]   --->   Operation 123 'select' 'p_Val2_11' <Predicate = true> <Delay = 4.42> <Core = "Sel">   --->   Core 26 'Sel' <Latency = 0> <II = 1> <Delay = 0.69> <FuncUnit> <Opcode : 'select'> <InPorts = 3> <OutPorts = 1>
ST_17 : Operation 124 [1/6] (6.41ns)   --->   "%tmp_7 = sitofp i32 %add_ln43 to float" [f_b_4_new_network/forw_back_new_network.c:45]   --->   Operation 124 'sitofp' 'tmp_7' <Predicate = true> <Delay = 6.41> <Core = "Int2Float">   --->   Core 112 'Int2Float' <Latency = 5> <II = 1> <Delay = 6.41> <FuncUnit> <Opcode : 'sitofp' 'uitofp'> <InPorts = 1> <OutPorts = 1>

State 18 <SV = 17> <Delay = 5.01>
ST_18 : Operation 125 [1/1] (2.55ns)   --->   "%result_V_2 = sub i32 0, %p_Val2_11" [r:/builds/2019.1/continuous/2019_05_24_2552052/src/products/hls/hls_lib/hlsmath/include/FloatingPoint\hls_case_IEEE754.h:59->r:/builds/2019.1/continuous/2019_05_24_2552052/src/products/hls/hls_lib/hlsmath/include/FloatingPoint\hls_case_IEEE754.h:117->r:/builds/2019.1/continuous/2019_05_24_2552052/src/products/hls/hls_lib/hlsmath/src/lib_floatconversion.cpp:51->f_b_4_new_network/forw_back_new_network.c:44]   --->   Operation 125 'sub' 'result_V_2' <Predicate = (and_ln43_2 & p_Result_s)> <Delay = 2.55> <Core = "AddSub">   --->   Core 14 'AddSub' <Latency = 0> <II = 1> <Delay = 2.55> <FuncUnit> <Opcode : 'add' 'sub'> <InPorts = 2> <OutPorts = 1>
ST_18 : Operation 126 [1/1] (0.69ns)   --->   "%p_Val2_12 = select i1 %p_Result_s, i32 %result_V_2, i32 %p_Val2_11" [r:/builds/2019.1/continuous/2019_05_24_2552052/src/products/hls/hls_lib/hlsmath/include/FloatingPoint\hls_case_IEEE754.h:59->r:/builds/2019.1/continuous/2019_05_24_2552052/src/products/hls/hls_lib/hlsmath/include/FloatingPoint\hls_case_IEEE754.h:117->r:/builds/2019.1/continuous/2019_05_24_2552052/src/products/hls/hls_lib/hlsmath/src/lib_floatconversion.cpp:51->f_b_4_new_network/forw_back_new_network.c:44]   --->   Operation 126 'select' 'p_Val2_12' <Predicate = (and_ln43_2)> <Delay = 0.69> <Core = "Sel">   --->   Core 26 'Sel' <Latency = 0> <II = 1> <Delay = 0.69> <FuncUnit> <Opcode : 'select'> <InPorts = 3> <OutPorts = 1>
ST_18 : Operation 127 [1/1] (3.25ns)   --->   "store float %tmp_7, float* %locate_matrix_addr, align 4" [f_b_4_new_network/forw_back_new_network.c:45]   --->   Operation 127 'store' <Predicate = (and_ln43_2)> <Delay = 3.25> <Core = "RAM">   --->   Core 37 'RAM' <Latency = 1> <II = 1> <Delay = 3.25> <Storage> <Opcode : 'load' 'store'> <Ports = 2> <Width = 32> <Depth = 36> <RAM>
ST_18 : Operation 128 [1/1] (1.76ns)   --->   "br label %._crit_edge" [f_b_4_new_network/forw_back_new_network.c:46]   --->   Operation 128 'br' <Predicate = (and_ln43_2)> <Delay = 1.76>
ST_18 : Operation 129 [1/1] (0.00ns)   --->   "%max_num_2 = phi i32 [ %p_Val2_12, %6 ], [ %max_num_1, %5 ]"   --->   Operation 129 'phi' 'max_num_2' <Predicate = true> <Delay = 0.00>
ST_18 : Operation 130 [1/1] (2.55ns)   --->   "%row_2 = add nsw i32 %row_0, 1" [f_b_4_new_network/forw_back_new_network.c:42]   --->   Operation 130 'add' 'row_2' <Predicate = true> <Delay = 2.55> <Core = "AddSub">   --->   Core 14 'AddSub' <Latency = 0> <II = 1> <Delay = 2.55> <FuncUnit> <Opcode : 'add' 'sub'> <InPorts = 2> <OutPorts = 1>
ST_18 : Operation 131 [1/1] (0.00ns)   --->   "br label %4" [f_b_4_new_network/forw_back_new_network.c:42]   --->   Operation 131 'br' <Predicate = true> <Delay = 0.00>

State 19 <SV = 4> <Delay = 6.41>
ST_19 : Operation 132 [5/6] (6.41ns)   --->   "%tmp = sitofp i32 %max_num_0 to float" [f_b_4_new_network/forw_back_new_network.c:47]   --->   Operation 132 'sitofp' 'tmp' <Predicate = true> <Delay = 6.41> <Core = "Int2Float">   --->   Core 112 'Int2Float' <Latency = 5> <II = 1> <Delay = 6.41> <FuncUnit> <Opcode : 'sitofp' 'uitofp'> <InPorts = 1> <OutPorts = 1>

State 20 <SV = 5> <Delay = 6.41>
ST_20 : Operation 133 [4/6] (6.41ns)   --->   "%tmp = sitofp i32 %max_num_0 to float" [f_b_4_new_network/forw_back_new_network.c:47]   --->   Operation 133 'sitofp' 'tmp' <Predicate = true> <Delay = 6.41> <Core = "Int2Float">   --->   Core 112 'Int2Float' <Latency = 5> <II = 1> <Delay = 6.41> <FuncUnit> <Opcode : 'sitofp' 'uitofp'> <InPorts = 1> <OutPorts = 1>

State 21 <SV = 6> <Delay = 6.41>
ST_21 : Operation 134 [3/6] (6.41ns)   --->   "%tmp = sitofp i32 %max_num_0 to float" [f_b_4_new_network/forw_back_new_network.c:47]   --->   Operation 134 'sitofp' 'tmp' <Predicate = true> <Delay = 6.41> <Core = "Int2Float">   --->   Core 112 'Int2Float' <Latency = 5> <II = 1> <Delay = 6.41> <FuncUnit> <Opcode : 'sitofp' 'uitofp'> <InPorts = 1> <OutPorts = 1>

State 22 <SV = 7> <Delay = 6.41>
ST_22 : Operation 135 [2/6] (6.41ns)   --->   "%tmp = sitofp i32 %max_num_0 to float" [f_b_4_new_network/forw_back_new_network.c:47]   --->   Operation 135 'sitofp' 'tmp' <Predicate = true> <Delay = 6.41> <Core = "Int2Float">   --->   Core 112 'Int2Float' <Latency = 5> <II = 1> <Delay = 6.41> <FuncUnit> <Opcode : 'sitofp' 'uitofp'> <InPorts = 1> <OutPorts = 1>

State 23 <SV = 8> <Delay = 6.41>
ST_23 : Operation 136 [1/6] (6.41ns)   --->   "%tmp = sitofp i32 %max_num_0 to float" [f_b_4_new_network/forw_back_new_network.c:47]   --->   Operation 136 'sitofp' 'tmp' <Predicate = true> <Delay = 6.41> <Core = "Int2Float">   --->   Core 112 'Int2Float' <Latency = 5> <II = 1> <Delay = 6.41> <FuncUnit> <Opcode : 'sitofp' 'uitofp'> <InPorts = 1> <OutPorts = 1>

State 24 <SV = 9> <Delay = 3.25>
ST_24 : Operation 137 [1/1] (3.25ns)   --->   "store float %tmp, float* %output_matrix_addr, align 4" [f_b_4_new_network/forw_back_new_network.c:47]   --->   Operation 137 'store' <Predicate = true> <Delay = 3.25> <Core = "RAM">   --->   Core 37 'RAM' <Latency = 1> <II = 1> <Delay = 3.25> <Storage> <Opcode : 'load' 'store'> <Ports = 2> <Width = 32> <Depth = 36> <RAM>
ST_24 : Operation 138 [1/1] (0.00ns)   --->   "br label %.preheader" [f_b_4_new_network/forw_back_new_network.c:39]   --->   Operation 138 'br' <Predicate = true> <Delay = 0.00>


============================================================
+ Verbose Summary: Timing violations
============================================================
Target clock period: 10ns, clock uncertainty: 1.25ns.

 <State 1>: 1.77ns
The critical path consists of the following:
	multiplexor before 'phi' operation ('i') with incoming values : ('i', f_b_4_new_network/forw_back_new_network.c:38) [6]  (1.77 ns)

 <State 2>: 1.83ns
The critical path consists of the following:
	'phi' operation ('i') with incoming values : ('i', f_b_4_new_network/forw_back_new_network.c:38) [6]  (0 ns)
	'sub' operation ('sub_ln45', f_b_4_new_network/forw_back_new_network.c:45) [19]  (1.83 ns)

 <State 3>: 1.87ns
The critical path consists of the following:
	'phi' operation ('j') with incoming values : ('j', f_b_4_new_network/forw_back_new_network.c:39) [22]  (0 ns)
	'add' operation ('add_ln45', f_b_4_new_network/forw_back_new_network.c:45) [33]  (1.87 ns)

 <State 4>: 6.41ns
The critical path consists of the following:
	'phi' operation ('max_num_0', r:/builds/2019.1/continuous/2019_05_24_2552052/src/products/hls/hls_lib/hlsmath/include/FloatingPoint\hls_case_IEEE754.h:59->r:/builds/2019.1/continuous/2019_05_24_2552052/src/products/hls/hls_lib/hlsmath/include/FloatingPoint\hls_case_IEEE754.h:117->r:/builds/2019.1/continuous/2019_05_24_2552052/src/products/hls/hls_lib/hlsmath/src/lib_floatconversion.cpp:51->f_b_4_new_network/forw_back_new_network.c:44) with incoming values : ('__Val2__', r:/builds/2019.1/continuous/2019_05_24_2552052/src/products/hls/hls_lib/hlsmath/include/FloatingPoint\hls_case_IEEE754.h:59->r:/builds/2019.1/continuous/2019_05_24_2552052/src/products/hls/hls_lib/hlsmath/include/FloatingPoint\hls_case_IEEE754.h:117->r:/builds/2019.1/continuous/2019_05_24_2552052/src/products/hls/hls_lib/hlsmath/src/lib_floatconversion.cpp:51->f_b_4_new_network/forw_back_new_network.c:44) [40]  (0 ns)
	'sitofp' operation ('tmp', f_b_4_new_network/forw_back_new_network.c:47) [108]  (6.41 ns)

 <State 5>: 6.41ns
The critical path consists of the following:
	'phi' operation ('max_num_1', r:/builds/2019.1/continuous/2019_05_24_2552052/src/products/hls/hls_lib/hlsmath/include/FloatingPoint\hls_case_IEEE754.h:59->r:/builds/2019.1/continuous/2019_05_24_2552052/src/products/hls/hls_lib/hlsmath/include/FloatingPoint\hls_case_IEEE754.h:117->r:/builds/2019.1/continuous/2019_05_24_2552052/src/products/hls/hls_lib/hlsmath/src/lib_floatconversion.cpp:51->f_b_4_new_network/forw_back_new_network.c:44) with incoming values : ('__Val2__', r:/builds/2019.1/continuous/2019_05_24_2552052/src/products/hls/hls_lib/hlsmath/include/FloatingPoint\hls_case_IEEE754.h:59->r:/builds/2019.1/continuous/2019_05_24_2552052/src/products/hls/hls_lib/hlsmath/include/FloatingPoint\hls_case_IEEE754.h:117->r:/builds/2019.1/continuous/2019_05_24_2552052/src/products/hls/hls_lib/hlsmath/src/lib_floatconversion.cpp:51->f_b_4_new_network/forw_back_new_network.c:44) [50]  (0 ns)
	'sitofp' operation ('tmp_s', f_b_4_new_network/forw_back_new_network.c:43) [59]  (6.41 ns)

 <State 6>: 6.41ns
The critical path consists of the following:
	'sitofp' operation ('tmp_s', f_b_4_new_network/forw_back_new_network.c:43) [59]  (6.41 ns)

 <State 7>: 6.41ns
The critical path consists of the following:
	'sitofp' operation ('tmp_s', f_b_4_new_network/forw_back_new_network.c:43) [59]  (6.41 ns)

 <State 8>: 6.41ns
The critical path consists of the following:
	'sitofp' operation ('tmp_s', f_b_4_new_network/forw_back_new_network.c:43) [59]  (6.41 ns)

 <State 9>: 6.41ns
The critical path consists of the following:
	'sitofp' operation ('tmp_s', f_b_4_new_network/forw_back_new_network.c:43) [59]  (6.41 ns)

 <State 10>: 6.41ns
The critical path consists of the following:
	'sitofp' operation ('tmp_s', f_b_4_new_network/forw_back_new_network.c:43) [59]  (6.41 ns)

 <State 11>: 8.69ns
The critical path consists of the following:
	'load' operation ('x', f_b_4_new_network/forw_back_new_network.c:43) on array 'conv_out_2' [58]  (3.25 ns)
	'fcmp' operation ('tmp_15', f_b_4_new_network/forw_back_new_network.c:43) [73]  (5.43 ns)

 <State 12>: 8.18ns
The critical path consists of the following:
	'fcmp' operation ('tmp_15', f_b_4_new_network/forw_back_new_network.c:43) [73]  (5.43 ns)
	'and' operation ('and_ln43_2', f_b_4_new_network/forw_back_new_network.c:43) [74]  (0.978 ns)
	multiplexor before 'phi' operation ('__Val2__') with incoming values : ('__Val2__', r:/builds/2019.1/continuous/2019_05_24_2552052/src/products/hls/hls_lib/hlsmath/include/FloatingPoint\hls_case_IEEE754.h:59->r:/builds/2019.1/continuous/2019_05_24_2552052/src/products/hls/hls_lib/hlsmath/include/FloatingPoint\hls_case_IEEE754.h:117->r:/builds/2019.1/continuous/2019_05_24_2552052/src/products/hls/hls_lib/hlsmath/src/lib_floatconversion.cpp:51->f_b_4_new_network/forw_back_new_network.c:44) [101]  (1.77 ns)

 <State 13>: 6.41ns
The critical path consists of the following:
	'sitofp' operation ('tmp_7', f_b_4_new_network/forw_back_new_network.c:45) [97]  (6.41 ns)

 <State 14>: 6.41ns
The critical path consists of the following:
	'sitofp' operation ('tmp_7', f_b_4_new_network/forw_back_new_network.c:45) [97]  (6.41 ns)

 <State 15>: 6.41ns
The critical path consists of the following:
	'sitofp' operation ('tmp_7', f_b_4_new_network/forw_back_new_network.c:45) [97]  (6.41 ns)

 <State 16>: 6.41ns
The critical path consists of the following:
	'sitofp' operation ('tmp_7', f_b_4_new_network/forw_back_new_network.c:45) [97]  (6.41 ns)

 <State 17>: 7.3ns
The critical path consists of the following:
	'add' operation ('sh', r:/builds/2019.1/continuous/2019_05_24_2552052/src/products/hls/hls_lib/src/hls\utils/x_hls_utils.h:339->r:/builds/2019.1/continuous/2019_05_24_2552052/src/products/hls/hls_lib/hlsmath/include/FloatingPoint\hls_case_IEEE754.h:18->r:/builds/2019.1/continuous/2019_05_24_2552052/src/products/hls/hls_lib/hlsmath/include/FloatingPoint\hls_case_IEEE754.h:117->r:/builds/2019.1/continuous/2019_05_24_2552052/src/products/hls/hls_lib/hlsmath/src/lib_floatconversion.cpp:51->f_b_4_new_network/forw_back_new_network.c:44) [81]  (1.92 ns)
	'select' operation ('sh', r:/builds/2019.1/continuous/2019_05_24_2552052/src/products/hls/hls_lib/hlsmath/include/FloatingPoint\hls_case_IEEE754.h:18->r:/builds/2019.1/continuous/2019_05_24_2552052/src/products/hls/hls_lib/hlsmath/include/FloatingPoint\hls_case_IEEE754.h:117->r:/builds/2019.1/continuous/2019_05_24_2552052/src/products/hls/hls_lib/hlsmath/src/lib_floatconversion.cpp:51->f_b_4_new_network/forw_back_new_network.c:44) [85]  (0.968 ns)
	'lshr' operation ('r.V', r:/builds/2019.1/continuous/2019_05_24_2552052/src/products/hls/hls_lib/hlsmath/include/FloatingPoint\hls_case_IEEE754.h:18->r:/builds/2019.1/continuous/2019_05_24_2552052/src/products/hls/hls_lib/hlsmath/include/FloatingPoint\hls_case_IEEE754.h:117->r:/builds/2019.1/continuous/2019_05_24_2552052/src/products/hls/hls_lib/hlsmath/src/lib_floatconversion.cpp:51->f_b_4_new_network/forw_back_new_network.c:44) [89]  (0 ns)
	'select' operation ('__Val2__', r:/builds/2019.1/continuous/2019_05_24_2552052/src/products/hls/hls_lib/hlsmath/include/FloatingPoint\hls_case_IEEE754.h:18->r:/builds/2019.1/continuous/2019_05_24_2552052/src/products/hls/hls_lib/hlsmath/include/FloatingPoint\hls_case_IEEE754.h:117->r:/builds/2019.1/continuous/2019_05_24_2552052/src/products/hls/hls_lib/hlsmath/src/lib_floatconversion.cpp:51->f_b_4_new_network/forw_back_new_network.c:44) [94]  (4.42 ns)

 <State 18>: 5.02ns
The critical path consists of the following:
	'sub' operation ('result.V', r:/builds/2019.1/continuous/2019_05_24_2552052/src/products/hls/hls_lib/hlsmath/include/FloatingPoint\hls_case_IEEE754.h:59->r:/builds/2019.1/continuous/2019_05_24_2552052/src/products/hls/hls_lib/hlsmath/include/FloatingPoint\hls_case_IEEE754.h:117->r:/builds/2019.1/continuous/2019_05_24_2552052/src/products/hls/hls_lib/hlsmath/src/lib_floatconversion.cpp:51->f_b_4_new_network/forw_back_new_network.c:44) [95]  (2.55 ns)
	'select' operation ('__Val2__', r:/builds/2019.1/continuous/2019_05_24_2552052/src/products/hls/hls_lib/hlsmath/include/FloatingPoint\hls_case_IEEE754.h:59->r:/builds/2019.1/continuous/2019_05_24_2552052/src/products/hls/hls_lib/hlsmath/include/FloatingPoint\hls_case_IEEE754.h:117->r:/builds/2019.1/continuous/2019_05_24_2552052/src/products/hls/hls_lib/hlsmath/src/lib_floatconversion.cpp:51->f_b_4_new_network/forw_back_new_network.c:44) [96]  (0.698 ns)
	multiplexor before 'phi' operation ('__Val2__') with incoming values : ('__Val2__', r:/builds/2019.1/continuous/2019_05_24_2552052/src/products/hls/hls_lib/hlsmath/include/FloatingPoint\hls_case_IEEE754.h:59->r:/builds/2019.1/continuous/2019_05_24_2552052/src/products/hls/hls_lib/hlsmath/include/FloatingPoint\hls_case_IEEE754.h:117->r:/builds/2019.1/continuous/2019_05_24_2552052/src/products/hls/hls_lib/hlsmath/src/lib_floatconversion.cpp:51->f_b_4_new_network/forw_back_new_network.c:44) [101]  (1.77 ns)
	'phi' operation ('__Val2__') with incoming values : ('__Val2__', r:/builds/2019.1/continuous/2019_05_24_2552052/src/products/hls/hls_lib/hlsmath/include/FloatingPoint\hls_case_IEEE754.h:59->r:/builds/2019.1/continuous/2019_05_24_2552052/src/products/hls/hls_lib/hlsmath/include/FloatingPoint\hls_case_IEEE754.h:117->r:/builds/2019.1/continuous/2019_05_24_2552052/src/products/hls/hls_lib/hlsmath/src/lib_floatconversion.cpp:51->f_b_4_new_network/forw_back_new_network.c:44) [101]  (0 ns)

 <State 19>: 6.41ns
The critical path consists of the following:
	'sitofp' operation ('tmp', f_b_4_new_network/forw_back_new_network.c:47) [108]  (6.41 ns)

 <State 20>: 6.41ns
The critical path consists of the following:
	'sitofp' operation ('tmp', f_b_4_new_network/forw_back_new_network.c:47) [108]  (6.41 ns)

 <State 21>: 6.41ns
The critical path consists of the following:
	'sitofp' operation ('tmp', f_b_4_new_network/forw_back_new_network.c:47) [108]  (6.41 ns)

 <State 22>: 6.41ns
The critical path consists of the following:
	'sitofp' operation ('tmp', f_b_4_new_network/forw_back_new_network.c:47) [108]  (6.41 ns)

 <State 23>: 6.41ns
The critical path consists of the following:
	'sitofp' operation ('tmp', f_b_4_new_network/forw_back_new_network.c:47) [108]  (6.41 ns)

 <State 24>: 3.25ns
The critical path consists of the following:
	'store' operation ('store_ln47', f_b_4_new_network/forw_back_new_network.c:47) of variable 'tmp', f_b_4_new_network/forw_back_new_network.c:47 on array 'output_matrix' [109]  (3.25 ns)


============================================================
+ Verbose Summary: Binding
============================================================
N/A
* FSMD analyzer results:
  - Output states:
 - Input state : 
  - Chain level:
	State 1
	State 2
	State 3
	State 4
	State 5
	State 6
	State 7
	State 8
	State 9
	State 10
	State 11
	State 12
	State 13
	State 14
	State 15
	State 16
	State 17
	State 18
	State 19
	State 20
	State 21
	State 22
	State 23
	State 24


============================================================
+ Verbose Summary: Datapath Resource usage 
============================================================
N/A
