

================================================================
== Vivado HLS Report for 'forw_back'
================================================================
* Date:           Mon Oct 31 21:59:16 2022

* Version:        2019.1 (Build 2552052 on Fri May 24 15:28:33 MDT 2019)
* Project:        f_b_3
* Solution:       solution1
* Product family: zynquplus
* Target device:  xczu3eg-sbva484-1-e


================================================================
== Performance Estimates
================================================================
+ Timing (ns): 
    * Summary: 
    +--------+-------+----------+------------+
    |  Clock | Target| Estimated| Uncertainty|
    +--------+-------+----------+------------+
    |ap_clk  |  10.00|    10.117|        1.25|
    +--------+-------+----------+------------+

+ Latency (clock cycles): 
    * Summary: 
    +-----+-----+-----+-----+---------+
    |  Latency  |  Interval | Pipeline|
    | min | max | min | max |   Type  |
    +-----+-----+-----+-----+---------+
    |    ?|    ?|    ?|    ?|   none  |
    +-----+-----+-----+-----+---------+

    + Detail: 
        * Instance: 
        +---------------------+----------+-----+-----+-----+-----+---------+
        |                     |          |  Latency  |  Interval | Pipeline|
        |       Instance      |  Module  | min | max | min | max |   Type  |
        +---------------------+----------+-----+-----+-----+-----+---------+
        |grp_forward_fu_761   |forward   |    ?|    ?|    ?|    ?|   none  |
        |grp_backward_fu_799  |backward  |    ?|    ?|    ?|    ?|   none  |
        +---------------------+----------+-----+-----+-----+-----+---------+

        * Loop: 
        +-------------------------------------+--------+--------+----------+-----------+-----------+--------+----------+
        |                                     |     Latency     | Iteration|  Initiation Interval  |  Trip  |          |
        |              Loop Name              |   min  |   max  |  Latency |  achieved |   target  |  Count | Pipelined|
        +-------------------------------------+--------+--------+----------+-----------+-----------+--------+----------+
        |- memcpy.conv_kernel_1.conv1         |      10|      10|         3|          1|          1|       9|    yes   |
        |- memcpy.conv_kernel_2.conv2         |      10|      10|         3|          1|          1|       9|    yes   |
        |- memcpy.conv_kernel_3.conv3         |      10|      10|         3|          1|          1|       9|    yes   |
        |- memcpy.fc_hidden_layer1.fc1        |  103681|  103681|         3|          1|          1|  103680|    yes   |
        |- memcpy.fc_hidden_layer2.fc2        |    8101|    8101|         3|          1|          1|    8100|    yes   |
        |- memcpy.fc_hidden_layer3.fc3        |     451|     451|         3|          1|          1|     450|    yes   |
        |- memcpy.mnist_data.in               |     901|     901|         3|          1|          1|     900|    yes   |
        |- memcpy.out.probability_result.gep  |      11|      11|         3|          1|          1|      10|    yes   |
        |- memcpy.conv1.conv_kernel_1.gep     |      10|      10|         3|          1|          1|       9|    yes   |
        |- memcpy.conv2.conv_kernel_2.gep     |      10|      10|         3|          1|          1|       9|    yes   |
        |- memcpy.conv3.conv_kernel_3.gep     |      10|      10|         3|          1|          1|       9|    yes   |
        |- memcpy.fc1.fc_hidden_layer1.gep    |  103681|  103681|         3|          1|          1|  103680|    yes   |
        |- memcpy.fc2.fc_hidden_layer2.gep    |    8101|    8101|         3|          1|          1|    8100|    yes   |
        |- memcpy.fc3.fc_hidden_layer3.gep    |     451|     451|         3|          1|          1|     450|    yes   |
        +-------------------------------------+--------+--------+----------+-----------+-----------+--------+----------+



================================================================
== Utilization Estimates
================================================================
* Summary: 
+-----------------+---------+-------+--------+-------+-----+
|       Name      | BRAM_18K| DSP48E|   FF   |  LUT  | URAM|
+-----------------+---------+-------+--------+-------+-----+
|DSP              |        -|      -|       -|      -|    -|
|Expression       |        -|      -|       0|    605|    -|
|FIFO             |        -|      -|       -|      -|    -|
|Instance         |      220|    134|   19471|  29390|    0|
|Memory           |      199|      -|     320|   4070|    0|
|Multiplexer      |        -|      -|       -|   2125|    -|
|Register         |        -|      -|    1171|      -|    -|
+-----------------+---------+-------+--------+-------+-----+
|Total            |      419|    134|   20962|  36190|    0|
+-----------------+---------+-------+--------+-------+-----+
|Available        |      432|    360|  141120|  70560|    0|
+-----------------+---------+-------+--------+-------+-----+
|Utilization (%)  |       96|     37|      14|     51|    0|
+-----------------+---------+-------+--------+-------+-----+

+ Detail: 
    * Instance: 
    +------------------------+----------------------+---------+-------+-------+-------+-----+
    |        Instance        |        Module        | BRAM_18K| DSP48E|   FF  |  LUT  | URAM|
    +------------------------+----------------------+---------+-------+-------+-------+-----+
    |grp_backward_fu_799     |backward              |      216|     59|   8242|  12422|    0|
    |forw_back_ctrl_s_axi_U  |forw_back_ctrl_s_axi  |        0|      0|    454|    744|    0|
    |forw_back_data_m_axi_U  |forw_back_data_m_axi  |        2|      0|    512|    580|    0|
    |grp_forward_fu_761      |forward               |        2|     75|  10263|  15644|    0|
    +------------------------+----------------------+---------+-------+-------+-------+-----+
    |Total                   |                      |      220|    134|  19471|  29390|    0|
    +------------------------+----------------------+---------+-------+-------+-------+-----+

    * DSP48E: 
    N/A

    * Memory: 
    +----------------------+----------------------+---------+----+------+-----+--------+-----+------+-------------+
    |        Memory        |        Module        | BRAM_18K| FF |  LUT | URAM|  Words | Bits| Banks| W*Bits*Banks|
    +----------------------+----------------------+---------+----+------+-----+--------+-----+------+-------------+
    |conv_kernel_1_U       |forw_back_conv_keAem  |        0|  64|     5|    0|       9|   32|     1|          288|
    |conv_kernel_2_U       |forw_back_conv_keAem  |        0|  64|     5|    0|       9|   32|     1|          288|
    |conv_kernel_3_U       |forw_back_conv_keAem  |        0|  64|     5|    0|       9|   32|     1|          288|
    |conv_out_1_U          |forw_back_conv_ouHfu  |        2|   0|     0|    0|     784|   32|     1|        25088|
    |conv_out_2_U          |forw_back_conv_ouIfE  |        2|   0|     0|    0|     676|   32|     1|        21632|
    |fc_hidden_layer1_U    |forw_back_fc_hiddDeQ  |      186|   0|     0|    0|  103680|   32|     1|      3317760|
    |fc_hidden_layer2_U    |forw_back_fc_hiddEe0  |        0|  64|  4050|    0|    8100|   32|     1|       259200|
    |fc_hidden_layer3_U    |forw_back_fc_hiddFfa  |        1|   0|     0|    0|     450|   32|     1|        14400|
    |fc_out_1_0_U          |forw_back_fc_out_JfO  |        1|   0|     0|    0|     180|   32|     1|         5760|
    |fc_in_2_relu1_0_U     |forw_back_fc_out_JfO  |        1|   0|     0|    0|     180|   32|     1|         5760|
    |fc_out_2_0_U          |forw_back_fc_out_Lf8  |        1|   0|     0|    0|      45|   32|     1|         1440|
    |fc_in_3_relu2_0_U     |forw_back_fc_out_Lf8  |        1|   0|     0|    0|      45|   32|     1|         1440|
    |mnist_data_U          |forw_back_mnist_dGfk  |        2|   0|     0|    0|     900|   32|     1|        28800|
    |fc_in_1_0_U           |forward_conv_out_3    |        2|   0|     0|    0|     576|   32|     1|        18432|
    |probability_result_U  |forward_fc_out_3_0    |        0|  64|     5|    0|      10|   32|     1|          320|
    +----------------------+----------------------+---------+----+------+-----+--------+-----+------+-------------+
    |Total                 |                      |      199| 320|  4070|    0|  115653|  480|    15|      3700896|
    +----------------------+----------------------+---------+----+------+-----+--------+-----+------+-------------+

    * FIFO: 
    N/A

    * Expression: 
    +--------------------------------------+----------+-------+---+----+------------+------------+
    |             Variable Name            | Operation| DSP48E| FF| LUT| Bitwidth P0| Bitwidth P1|
    +--------------------------------------+----------+-------+---+----+------------+------------+
    |add_ln208_fu_1179_p2                  |     +    |      0|  0|  12|           4|           1|
    |add_ln209_fu_1196_p2                  |     +    |      0|  0|  12|           4|           1|
    |add_ln210_fu_1213_p2                  |     +    |      0|  0|  12|           4|           1|
    |add_ln211_fu_1230_p2                  |     +    |      0|  0|  24|          17|           1|
    |add_ln212_fu_1247_p2                  |     +    |      0|  0|  20|          13|           1|
    |add_ln213_fu_1264_p2                  |     +    |      0|  0|  16|           9|           1|
    |add_ln216_fu_1162_p2                  |     +    |      0|  0|  17|          10|           1|
    |add_ln226_fu_1145_p2                  |     +    |      0|  0|  12|           4|           1|
    |add_ln229_fu_1043_p2                  |     +    |      0|  0|  12|           4|           1|
    |add_ln230_fu_1060_p2                  |     +    |      0|  0|  12|           4|           1|
    |add_ln231_fu_1077_p2                  |     +    |      0|  0|  12|           4|           1|
    |add_ln232_fu_1094_p2                  |     +    |      0|  0|  24|          17|           1|
    |add_ln233_fu_1111_p2                  |     +    |      0|  0|  20|          13|           1|
    |add_ln234_fu_1128_p2                  |     +    |      0|  0|  16|           9|           1|
    |ap_block_pp0_stage0_11001             |    and   |      0|  0|   2|           1|           1|
    |ap_block_pp10_stage0_11001            |    and   |      0|  0|   2|           1|           1|
    |ap_block_pp11_stage0_11001            |    and   |      0|  0|   2|           1|           1|
    |ap_block_pp12_stage0_11001            |    and   |      0|  0|   2|           1|           1|
    |ap_block_pp13_stage0_11001            |    and   |      0|  0|   2|           1|           1|
    |ap_block_pp1_stage0_11001             |    and   |      0|  0|   2|           1|           1|
    |ap_block_pp2_stage0_11001             |    and   |      0|  0|   2|           1|           1|
    |ap_block_pp3_stage0_11001             |    and   |      0|  0|   2|           1|           1|
    |ap_block_pp4_stage0_11001             |    and   |      0|  0|   2|           1|           1|
    |ap_block_pp5_stage0_11001             |    and   |      0|  0|   2|           1|           1|
    |ap_block_pp6_stage0_11001             |    and   |      0|  0|   2|           1|           1|
    |ap_block_pp7_stage0_11001             |    and   |      0|  0|   2|           1|           1|
    |ap_block_pp8_stage0_11001             |    and   |      0|  0|   2|           1|           1|
    |ap_block_pp9_stage0_11001             |    and   |      0|  0|   2|           1|           1|
    |ap_block_state103_pp10_stage0_iter1   |    and   |      0|  0|   2|           1|           1|
    |ap_block_state113_pp11_stage0_iter1   |    and   |      0|  0|   2|           1|           1|
    |ap_block_state123_pp12_stage0_iter1   |    and   |      0|  0|   2|           1|           1|
    |ap_block_state133_pp13_stage0_iter1   |    and   |      0|  0|   2|           1|           1|
    |ap_block_state13_io                   |    and   |      0|  0|   2|           1|           1|
    |ap_block_state21_io                   |    and   |      0|  0|   2|           1|           1|
    |ap_block_state29_io                   |    and   |      0|  0|   2|           1|           1|
    |ap_block_state37_io                   |    and   |      0|  0|   2|           1|           1|
    |ap_block_state45_io                   |    and   |      0|  0|   2|           1|           1|
    |ap_block_state50                      |    and   |      0|  0|   2|           1|           1|
    |ap_block_state54_io                   |    and   |      0|  0|   2|           1|           1|
    |ap_block_state5_io                    |    and   |      0|  0|   2|           1|           1|
    |ap_block_state72_pp7_stage0_iter1     |    and   |      0|  0|   2|           1|           1|
    |ap_block_state83_pp8_stage0_iter1     |    and   |      0|  0|   2|           1|           1|
    |ap_block_state93_pp9_stage0_iter1     |    and   |      0|  0|   2|           1|           1|
    |ap_predicate_op334_writeresp_state50  |    and   |      0|  0|   2|           1|           1|
    |icmp_ln207_fu_1007_p2                 |   icmp   |      0|  0|  20|          32|           1|
    |icmp_ln208_fu_1173_p2                 |   icmp   |      0|  0|   9|           4|           4|
    |icmp_ln209_fu_1190_p2                 |   icmp   |      0|  0|   9|           4|           4|
    |icmp_ln210_fu_1207_p2                 |   icmp   |      0|  0|   9|           4|           4|
    |icmp_ln211_fu_1224_p2                 |   icmp   |      0|  0|  20|          17|          16|
    |icmp_ln212_fu_1241_p2                 |   icmp   |      0|  0|  13|          13|           8|
    |icmp_ln213_fu_1258_p2                 |   icmp   |      0|  0|  13|           9|           7|
    |icmp_ln215_fu_1013_p2                 |   icmp   |      0|  0|  20|          32|           1|
    |icmp_ln216_fu_1156_p2                 |   icmp   |      0|  0|  13|          10|           8|
    |icmp_ln218_fu_1019_p2                 |   icmp   |      0|  0|  20|          32|           2|
    |icmp_ln221_fu_1025_p2                 |   icmp   |      0|  0|  20|          32|           2|
    |icmp_ln225_fu_1031_p2                 |   icmp   |      0|  0|  20|          32|           3|
    |icmp_ln226_fu_1139_p2                 |   icmp   |      0|  0|   9|           4|           4|
    |icmp_ln229_fu_1037_p2                 |   icmp   |      0|  0|   9|           4|           4|
    |icmp_ln230_fu_1054_p2                 |   icmp   |      0|  0|   9|           4|           4|
    |icmp_ln231_fu_1071_p2                 |   icmp   |      0|  0|   9|           4|           4|
    |icmp_ln232_fu_1088_p2                 |   icmp   |      0|  0|  20|          17|          16|
    |icmp_ln233_fu_1105_p2                 |   icmp   |      0|  0|  13|          13|           8|
    |icmp_ln234_fu_1122_p2                 |   icmp   |      0|  0|  13|           9|           7|
    |ap_enable_pp0                         |    xor   |      0|  0|   2|           1|           2|
    |ap_enable_pp1                         |    xor   |      0|  0|   2|           1|           2|
    |ap_enable_pp10                        |    xor   |      0|  0|   2|           1|           2|
    |ap_enable_pp11                        |    xor   |      0|  0|   2|           1|           2|
    |ap_enable_pp12                        |    xor   |      0|  0|   2|           1|           2|
    |ap_enable_pp13                        |    xor   |      0|  0|   2|           1|           2|
    |ap_enable_pp2                         |    xor   |      0|  0|   2|           1|           2|
    |ap_enable_pp3                         |    xor   |      0|  0|   2|           1|           2|
    |ap_enable_pp4                         |    xor   |      0|  0|   2|           1|           2|
    |ap_enable_pp5                         |    xor   |      0|  0|   2|           1|           2|
    |ap_enable_pp6                         |    xor   |      0|  0|   2|           1|           2|
    |ap_enable_pp7                         |    xor   |      0|  0|   2|           1|           2|
    |ap_enable_pp8                         |    xor   |      0|  0|   2|           1|           2|
    |ap_enable_pp9                         |    xor   |      0|  0|   2|           1|           2|
    |ap_enable_reg_pp0_iter1               |    xor   |      0|  0|   2|           2|           1|
    |ap_enable_reg_pp10_iter1              |    xor   |      0|  0|   2|           2|           1|
    |ap_enable_reg_pp11_iter1              |    xor   |      0|  0|   2|           2|           1|
    |ap_enable_reg_pp12_iter1              |    xor   |      0|  0|   2|           2|           1|
    |ap_enable_reg_pp13_iter1              |    xor   |      0|  0|   2|           2|           1|
    |ap_enable_reg_pp1_iter1               |    xor   |      0|  0|   2|           2|           1|
    |ap_enable_reg_pp2_iter1               |    xor   |      0|  0|   2|           2|           1|
    |ap_enable_reg_pp3_iter1               |    xor   |      0|  0|   2|           2|           1|
    |ap_enable_reg_pp4_iter1               |    xor   |      0|  0|   2|           2|           1|
    |ap_enable_reg_pp5_iter1               |    xor   |      0|  0|   2|           2|           1|
    |ap_enable_reg_pp6_iter1               |    xor   |      0|  0|   2|           2|           1|
    |ap_enable_reg_pp7_iter1               |    xor   |      0|  0|   2|           2|           1|
    |ap_enable_reg_pp8_iter1               |    xor   |      0|  0|   2|           2|           1|
    |ap_enable_reg_pp9_iter1               |    xor   |      0|  0|   2|           2|           1|
    +--------------------------------------+----------+-------+---+----+------------+------------+
    |Total                                 |          |      0|  0| 605|         464|         193|
    +--------------------------------------+----------+-------+---+----+------------+------------+

    * Multiplexer: 
    +------------------------------------+-----+-----------+-----+-----------+
    |                Name                | LUT | Input Size| Bits| Total Bits|
    +------------------------------------+-----+-----------+-----+-----------+
    |ap_NS_fsm                           |  473|        108|    1|        108|
    |ap_enable_reg_pp0_iter1             |    9|          2|    1|          2|
    |ap_enable_reg_pp0_iter2             |    9|          2|    1|          2|
    |ap_enable_reg_pp10_iter1            |    9|          2|    1|          2|
    |ap_enable_reg_pp10_iter2            |    9|          2|    1|          2|
    |ap_enable_reg_pp11_iter1            |    9|          2|    1|          2|
    |ap_enable_reg_pp11_iter2            |    9|          2|    1|          2|
    |ap_enable_reg_pp12_iter1            |    9|          2|    1|          2|
    |ap_enable_reg_pp12_iter2            |    9|          2|    1|          2|
    |ap_enable_reg_pp13_iter1            |    9|          2|    1|          2|
    |ap_enable_reg_pp13_iter2            |    9|          2|    1|          2|
    |ap_enable_reg_pp1_iter1             |    9|          2|    1|          2|
    |ap_enable_reg_pp1_iter2             |    9|          2|    1|          2|
    |ap_enable_reg_pp2_iter1             |    9|          2|    1|          2|
    |ap_enable_reg_pp2_iter2             |    9|          2|    1|          2|
    |ap_enable_reg_pp3_iter1             |    9|          2|    1|          2|
    |ap_enable_reg_pp3_iter2             |    9|          2|    1|          2|
    |ap_enable_reg_pp4_iter1             |    9|          2|    1|          2|
    |ap_enable_reg_pp4_iter2             |    9|          2|    1|          2|
    |ap_enable_reg_pp5_iter1             |    9|          2|    1|          2|
    |ap_enable_reg_pp5_iter2             |    9|          2|    1|          2|
    |ap_enable_reg_pp6_iter1             |    9|          2|    1|          2|
    |ap_enable_reg_pp6_iter2             |    9|          2|    1|          2|
    |ap_enable_reg_pp7_iter1             |    9|          2|    1|          2|
    |ap_enable_reg_pp7_iter2             |    9|          2|    1|          2|
    |ap_enable_reg_pp8_iter1             |    9|          2|    1|          2|
    |ap_enable_reg_pp8_iter2             |    9|          2|    1|          2|
    |ap_enable_reg_pp9_iter1             |    9|          2|    1|          2|
    |ap_enable_reg_pp9_iter2             |    9|          2|    1|          2|
    |ap_phi_mux_phi_ln208_phi_fu_693_p4  |    9|          2|    4|          8|
    |ap_phi_mux_phi_ln209_phi_fu_705_p4  |    9|          2|    4|          8|
    |ap_phi_mux_phi_ln210_phi_fu_717_p4  |    9|          2|    4|          8|
    |ap_phi_mux_phi_ln211_phi_fu_729_p4  |    9|          2|   17|         34|
    |ap_phi_mux_phi_ln212_phi_fu_741_p4  |    9|          2|   13|         26|
    |ap_phi_mux_phi_ln213_phi_fu_753_p4  |    9|          2|    9|         18|
    |ap_phi_mux_phi_ln216_phi_fu_681_p4  |    9|          2|   10|         20|
    |conv_kernel_1_address0              |   27|          5|    4|         20|
    |conv_kernel_1_ce0                   |   21|          4|    1|          4|
    |conv_kernel_1_d0                    |   15|          3|   32|         96|
    |conv_kernel_1_we0                   |   15|          3|    1|          3|
    |conv_kernel_2_address0              |   27|          5|    4|         20|
    |conv_kernel_2_ce0                   |   21|          4|    1|          4|
    |conv_kernel_2_d0                    |   15|          3|   32|         96|
    |conv_kernel_2_we0                   |   15|          3|    1|          3|
    |conv_kernel_3_address0              |   27|          5|    4|         20|
    |conv_kernel_3_ce0                   |   21|          4|    1|          4|
    |conv_kernel_3_d0                    |   15|          3|   32|         96|
    |conv_kernel_3_we0                   |   15|          3|    1|          3|
    |conv_out_1_address0                 |   15|          3|   10|         30|
    |conv_out_1_ce0                      |   15|          3|    1|          3|
    |conv_out_1_we0                      |    9|          2|    1|          2|
    |conv_out_2_address0                 |   15|          3|   10|         30|
    |conv_out_2_ce0                      |   15|          3|    1|          3|
    |conv_out_2_we0                      |    9|          2|    1|          2|
    |data_ARADDR                         |   44|          9|   32|        288|
    |data_ARBURST                        |    9|          2|    2|          4|
    |data_ARCACHE                        |    9|          2|    4|          8|
    |data_ARID                           |    9|          2|    1|          2|
    |data_ARLEN                          |   38|          7|   32|        224|
    |data_ARLOCK                         |    9|          2|    2|          4|
    |data_ARPROT                         |    9|          2|    3|          6|
    |data_ARQOS                          |    9|          2|    4|          8|
    |data_ARREGION                       |    9|          2|    4|          8|
    |data_ARSIZE                         |    9|          2|    3|          6|
    |data_ARUSER                         |    9|          2|    1|          2|
    |data_ARVALID                        |   15|          3|    1|          3|
    |data_AWADDR                         |   41|          8|   32|        256|
    |data_AWLEN                          |   33|          6|   32|        192|
    |data_RREADY                         |   15|          3|    1|          3|
    |data_WDATA                          |   41|          8|   32|        256|
    |data_blk_n_AR                       |    9|          2|    1|          2|
    |data_blk_n_AW                       |    9|          2|    1|          2|
    |data_blk_n_B                        |    9|          2|    1|          2|
    |data_blk_n_R                        |    9|          2|    1|          2|
    |data_blk_n_W                        |    9|          2|    1|          2|
    |fc_hidden_layer1_address0           |   27|          5|   17|         85|
    |fc_hidden_layer1_ce0                |   21|          4|    1|          4|
    |fc_hidden_layer1_d0                 |   15|          3|   32|         96|
    |fc_hidden_layer1_we0                |   15|          3|    1|          3|
    |fc_hidden_layer2_address0           |   21|          4|   13|         52|
    |fc_hidden_layer2_address1           |   15|          3|   13|         39|
    |fc_hidden_layer2_ce0                |   21|          4|    1|          4|
    |fc_hidden_layer2_ce1                |   15|          3|    1|          3|
    |fc_hidden_layer2_d1                 |   15|          3|   32|         96|
    |fc_hidden_layer2_we1                |   15|          3|    1|          3|
    |fc_hidden_layer3_address0           |   27|          5|    9|         45|
    |fc_hidden_layer3_ce0                |   21|          4|    1|          4|
    |fc_hidden_layer3_d0                 |   15|          3|   32|         96|
    |fc_hidden_layer3_we0                |   15|          3|    1|          3|
    |fc_in_1_0_address0                  |   15|          3|   10|         30|
    |fc_in_1_0_ce0                       |   15|          3|    1|          3|
    |fc_in_1_0_we0                       |    9|          2|    1|          2|
    |fc_in_2_relu1_0_address0            |   15|          3|    8|         24|
    |fc_in_2_relu1_0_ce0                 |   15|          3|    1|          3|
    |fc_in_2_relu1_0_we0                 |    9|          2|    1|          2|
    |fc_in_3_relu2_0_address0            |   15|          3|    6|         18|
    |fc_in_3_relu2_0_ce0                 |   15|          3|    1|          3|
    |fc_in_3_relu2_0_we0                 |    9|          2|    1|          2|
    |fc_out_1_0_address0                 |   15|          3|    8|         24|
    |fc_out_1_0_ce0                      |   15|          3|    1|          3|
    |fc_out_1_0_we0                      |    9|          2|    1|          2|
    |fc_out_2_0_address0                 |   15|          3|    6|         18|
    |fc_out_2_0_ce0                      |   15|          3|    1|          3|
    |fc_out_2_0_we0                      |    9|          2|    1|          2|
    |mnist_data_address0                 |   21|          4|   10|         40|
    |mnist_data_ce0                      |   21|          4|    1|          4|
    |phi_ln208_reg_689                   |    9|          2|    4|          8|
    |phi_ln209_reg_701                   |    9|          2|    4|          8|
    |phi_ln210_reg_713                   |    9|          2|    4|          8|
    |phi_ln211_reg_725                   |    9|          2|   17|         34|
    |phi_ln212_reg_737                   |    9|          2|   13|         26|
    |phi_ln213_reg_749                   |    9|          2|    9|         18|
    |phi_ln216_reg_677                   |    9|          2|   10|         20|
    |phi_ln226_reg_666                   |    9|          2|    4|          8|
    |phi_ln229_reg_600                   |    9|          2|    4|          8|
    |phi_ln230_reg_611                   |    9|          2|    4|          8|
    |phi_ln231_reg_622                   |    9|          2|    4|          8|
    |phi_ln232_reg_633                   |    9|          2|   17|         34|
    |phi_ln233_reg_644                   |    9|          2|   13|         26|
    |phi_ln234_reg_655                   |    9|          2|    9|         18|
    |probability_result_address0         |   21|          4|    4|         16|
    |probability_result_ce0              |   21|          4|    1|          4|
    |probability_result_we0              |    9|          2|    1|          2|
    +------------------------------------+-----+-----------+-----+-----------+
    |Total                               | 2125|        447|  755|       2975|
    +------------------------------------+-----+-----------+-----+-----------+

    * Register: 
    +------------------------------------+-----+----+-----+-----------+
    |                Name                |  FF | LUT| Bits| Const Bits|
    +------------------------------------+-----+----+-----+-----------+
    |add_ln208_reg_1510                  |    4|   0|    4|          0|
    |add_ln209_reg_1524                  |    4|   0|    4|          0|
    |add_ln210_reg_1538                  |    4|   0|    4|          0|
    |add_ln211_reg_1552                  |   17|   0|   17|          0|
    |add_ln212_reg_1566                  |   13|   0|   13|          0|
    |add_ln213_reg_1580                  |    9|   0|    9|          0|
    |add_ln216_reg_1496                  |   10|   0|   10|          0|
    |ap_CS_fsm                           |  107|   0|  107|          0|
    |ap_enable_reg_pp0_iter0             |    1|   0|    1|          0|
    |ap_enable_reg_pp0_iter1             |    1|   0|    1|          0|
    |ap_enable_reg_pp0_iter2             |    1|   0|    1|          0|
    |ap_enable_reg_pp10_iter0            |    1|   0|    1|          0|
    |ap_enable_reg_pp10_iter1            |    1|   0|    1|          0|
    |ap_enable_reg_pp10_iter2            |    1|   0|    1|          0|
    |ap_enable_reg_pp11_iter0            |    1|   0|    1|          0|
    |ap_enable_reg_pp11_iter1            |    1|   0|    1|          0|
    |ap_enable_reg_pp11_iter2            |    1|   0|    1|          0|
    |ap_enable_reg_pp12_iter0            |    1|   0|    1|          0|
    |ap_enable_reg_pp12_iter1            |    1|   0|    1|          0|
    |ap_enable_reg_pp12_iter2            |    1|   0|    1|          0|
    |ap_enable_reg_pp13_iter0            |    1|   0|    1|          0|
    |ap_enable_reg_pp13_iter1            |    1|   0|    1|          0|
    |ap_enable_reg_pp13_iter2            |    1|   0|    1|          0|
    |ap_enable_reg_pp1_iter0             |    1|   0|    1|          0|
    |ap_enable_reg_pp1_iter1             |    1|   0|    1|          0|
    |ap_enable_reg_pp1_iter2             |    1|   0|    1|          0|
    |ap_enable_reg_pp2_iter0             |    1|   0|    1|          0|
    |ap_enable_reg_pp2_iter1             |    1|   0|    1|          0|
    |ap_enable_reg_pp2_iter2             |    1|   0|    1|          0|
    |ap_enable_reg_pp3_iter0             |    1|   0|    1|          0|
    |ap_enable_reg_pp3_iter1             |    1|   0|    1|          0|
    |ap_enable_reg_pp3_iter2             |    1|   0|    1|          0|
    |ap_enable_reg_pp4_iter0             |    1|   0|    1|          0|
    |ap_enable_reg_pp4_iter1             |    1|   0|    1|          0|
    |ap_enable_reg_pp4_iter2             |    1|   0|    1|          0|
    |ap_enable_reg_pp5_iter0             |    1|   0|    1|          0|
    |ap_enable_reg_pp5_iter1             |    1|   0|    1|          0|
    |ap_enable_reg_pp5_iter2             |    1|   0|    1|          0|
    |ap_enable_reg_pp6_iter0             |    1|   0|    1|          0|
    |ap_enable_reg_pp6_iter1             |    1|   0|    1|          0|
    |ap_enable_reg_pp6_iter2             |    1|   0|    1|          0|
    |ap_enable_reg_pp7_iter0             |    1|   0|    1|          0|
    |ap_enable_reg_pp7_iter1             |    1|   0|    1|          0|
    |ap_enable_reg_pp7_iter2             |    1|   0|    1|          0|
    |ap_enable_reg_pp8_iter0             |    1|   0|    1|          0|
    |ap_enable_reg_pp8_iter1             |    1|   0|    1|          0|
    |ap_enable_reg_pp8_iter2             |    1|   0|    1|          0|
    |ap_enable_reg_pp9_iter0             |    1|   0|    1|          0|
    |ap_enable_reg_pp9_iter1             |    1|   0|    1|          0|
    |ap_enable_reg_pp9_iter2             |    1|   0|    1|          0|
    |conv_kernel_1_load_reg_1373         |   32|   0|   32|          0|
    |conv_kernel_2_load_reg_1392         |   32|   0|   32|          0|
    |conv_kernel_3_load_reg_1411         |   32|   0|   32|          0|
    |data_addr_1_read_reg_1585           |   32|   0|   32|          0|
    |data_addr_1_reg_1291                |   30|   0|   32|          2|
    |data_addr_2_read_reg_1571           |   32|   0|   32|          0|
    |data_addr_2_reg_1298                |   30|   0|   32|          2|
    |data_addr_3_read_reg_1557           |   32|   0|   32|          0|
    |data_addr_3_reg_1305                |   30|   0|   32|          2|
    |data_addr_4_read_reg_1543           |   32|   0|   32|          0|
    |data_addr_4_reg_1312                |   30|   0|   32|          2|
    |data_addr_5_read_reg_1529           |   32|   0|   32|          0|
    |data_addr_5_reg_1319                |   30|   0|   32|          2|
    |data_addr_6_read_reg_1515           |   32|   0|   32|          0|
    |data_addr_6_reg_1326                |   30|   0|   32|          2|
    |data_addr_7_read_reg_1501           |   32|   0|   32|          0|
    |data_addr_7_reg_1333                |   30|   0|   32|          2|
    |data_addr_reg_1285                  |   30|   0|   32|          2|
    |fc_hidden_layer1_loa_reg_1430       |   32|   0|   32|          0|
    |fc_hidden_layer2_loa_reg_1449       |   32|   0|   32|          0|
    |fc_hidden_layer3_loa_reg_1468       |   32|   0|   32|          0|
    |grp_backward_fu_799_ap_start_reg    |    1|   0|    1|          0|
    |grp_forward_fu_761_ap_start_reg     |    1|   0|    1|          0|
    |icmp_ln208_reg_1506                 |    1|   0|    1|          0|
    |icmp_ln208_reg_1506_pp8_iter1_reg   |    1|   0|    1|          0|
    |icmp_ln209_reg_1520                 |    1|   0|    1|          0|
    |icmp_ln209_reg_1520_pp9_iter1_reg   |    1|   0|    1|          0|
    |icmp_ln210_reg_1534                 |    1|   0|    1|          0|
    |icmp_ln210_reg_1534_pp10_iter1_reg  |    1|   0|    1|          0|
    |icmp_ln211_reg_1548                 |    1|   0|    1|          0|
    |icmp_ln211_reg_1548_pp11_iter1_reg  |    1|   0|    1|          0|
    |icmp_ln212_reg_1562                 |    1|   0|    1|          0|
    |icmp_ln212_reg_1562_pp12_iter1_reg  |    1|   0|    1|          0|
    |icmp_ln213_reg_1576                 |    1|   0|    1|          0|
    |icmp_ln213_reg_1576_pp13_iter1_reg  |    1|   0|    1|          0|
    |icmp_ln215_reg_1343                 |    1|   0|    1|          0|
    |icmp_ln216_reg_1492                 |    1|   0|    1|          0|
    |icmp_ln216_reg_1492_pp7_iter1_reg   |    1|   0|    1|          0|
    |icmp_ln218_reg_1347                 |    1|   0|    1|          0|
    |icmp_ln221_reg_1351                 |    1|   0|    1|          0|
    |icmp_ln225_reg_1355                 |    1|   0|    1|          0|
    |icmp_ln226_reg_1473                 |    1|   0|    1|          0|
    |icmp_ln226_reg_1473_pp6_iter1_reg   |    1|   0|    1|          0|
    |icmp_ln229_reg_1359                 |    1|   0|    1|          0|
    |icmp_ln229_reg_1359_pp0_iter1_reg   |    1|   0|    1|          0|
    |icmp_ln230_reg_1378                 |    1|   0|    1|          0|
    |icmp_ln230_reg_1378_pp1_iter1_reg   |    1|   0|    1|          0|
    |icmp_ln231_reg_1397                 |    1|   0|    1|          0|
    |icmp_ln231_reg_1397_pp2_iter1_reg   |    1|   0|    1|          0|
    |icmp_ln232_reg_1416                 |    1|   0|    1|          0|
    |icmp_ln232_reg_1416_pp3_iter1_reg   |    1|   0|    1|          0|
    |icmp_ln233_reg_1435                 |    1|   0|    1|          0|
    |icmp_ln233_reg_1435_pp4_iter1_reg   |    1|   0|    1|          0|
    |icmp_ln234_reg_1454                 |    1|   0|    1|          0|
    |icmp_ln234_reg_1454_pp5_iter1_reg   |    1|   0|    1|          0|
    |label_read_reg_1275                 |   32|   0|   32|          0|
    |lr1_reg_1280                        |   30|   0|   30|          0|
    |phi_ln208_reg_689                   |    4|   0|    4|          0|
    |phi_ln208_reg_689_pp8_iter1_reg     |    4|   0|    4|          0|
    |phi_ln209_reg_701                   |    4|   0|    4|          0|
    |phi_ln209_reg_701_pp9_iter1_reg     |    4|   0|    4|          0|
    |phi_ln210_reg_713                   |    4|   0|    4|          0|
    |phi_ln210_reg_713_pp10_iter1_reg    |    4|   0|    4|          0|
    |phi_ln211_reg_725                   |   17|   0|   17|          0|
    |phi_ln211_reg_725_pp11_iter1_reg    |   17|   0|   17|          0|
    |phi_ln212_reg_737                   |   13|   0|   13|          0|
    |phi_ln212_reg_737_pp12_iter1_reg    |   13|   0|   13|          0|
    |phi_ln213_reg_749                   |    9|   0|    9|          0|
    |phi_ln213_reg_749_pp13_iter1_reg    |    9|   0|    9|          0|
    |phi_ln216_reg_677                   |   10|   0|   10|          0|
    |phi_ln216_reg_677_pp7_iter1_reg     |   10|   0|   10|          0|
    |phi_ln226_reg_666                   |    4|   0|    4|          0|
    |phi_ln229_reg_600                   |    4|   0|    4|          0|
    |phi_ln230_reg_611                   |    4|   0|    4|          0|
    |phi_ln231_reg_622                   |    4|   0|    4|          0|
    |phi_ln232_reg_633                   |   17|   0|   17|          0|
    |phi_ln233_reg_644                   |   13|   0|   13|          0|
    |phi_ln234_reg_655                   |    9|   0|    9|          0|
    |probability_result_l_reg_1487       |   32|   0|   32|          0|
    +------------------------------------+-----+----+-----+-----------+
    |Total                               | 1171|   0| 1187|         16|
    +------------------------------------+-----+----+-----+-----------+



================================================================
== Interface
================================================================
* Summary: 
+---------------------+-----+-----+------------+--------------+--------------+
|      RTL Ports      | Dir | Bits|  Protocol  | Source Object|    C Type    |
+---------------------+-----+-----+------------+--------------+--------------+
|s_axi_ctrl_AWVALID   |  in |    1|    s_axi   |     ctrl     |    scalar    |
|s_axi_ctrl_AWREADY   | out |    1|    s_axi   |     ctrl     |    scalar    |
|s_axi_ctrl_AWADDR    |  in |    7|    s_axi   |     ctrl     |    scalar    |
|s_axi_ctrl_WVALID    |  in |    1|    s_axi   |     ctrl     |    scalar    |
|s_axi_ctrl_WREADY    | out |    1|    s_axi   |     ctrl     |    scalar    |
|s_axi_ctrl_WDATA     |  in |   32|    s_axi   |     ctrl     |    scalar    |
|s_axi_ctrl_WSTRB     |  in |    4|    s_axi   |     ctrl     |    scalar    |
|s_axi_ctrl_ARVALID   |  in |    1|    s_axi   |     ctrl     |    scalar    |
|s_axi_ctrl_ARREADY   | out |    1|    s_axi   |     ctrl     |    scalar    |
|s_axi_ctrl_ARADDR    |  in |    7|    s_axi   |     ctrl     |    scalar    |
|s_axi_ctrl_RVALID    | out |    1|    s_axi   |     ctrl     |    scalar    |
|s_axi_ctrl_RREADY    |  in |    1|    s_axi   |     ctrl     |    scalar    |
|s_axi_ctrl_RDATA     | out |   32|    s_axi   |     ctrl     |    scalar    |
|s_axi_ctrl_RRESP     | out |    2|    s_axi   |     ctrl     |    scalar    |
|s_axi_ctrl_BVALID    | out |    1|    s_axi   |     ctrl     |    scalar    |
|s_axi_ctrl_BREADY    |  in |    1|    s_axi   |     ctrl     |    scalar    |
|s_axi_ctrl_BRESP     | out |    2|    s_axi   |     ctrl     |    scalar    |
|ap_clk               |  in |    1| ap_ctrl_hs |   forw_back  | return value |
|ap_rst_n             |  in |    1| ap_ctrl_hs |   forw_back  | return value |
|interrupt            | out |    1| ap_ctrl_hs |   forw_back  | return value |
|m_axi_data_AWVALID   | out |    1|    m_axi   |     data     |    pointer   |
|m_axi_data_AWREADY   |  in |    1|    m_axi   |     data     |    pointer   |
|m_axi_data_AWADDR    | out |   32|    m_axi   |     data     |    pointer   |
|m_axi_data_AWID      | out |    1|    m_axi   |     data     |    pointer   |
|m_axi_data_AWLEN     | out |    8|    m_axi   |     data     |    pointer   |
|m_axi_data_AWSIZE    | out |    3|    m_axi   |     data     |    pointer   |
|m_axi_data_AWBURST   | out |    2|    m_axi   |     data     |    pointer   |
|m_axi_data_AWLOCK    | out |    2|    m_axi   |     data     |    pointer   |
|m_axi_data_AWCACHE   | out |    4|    m_axi   |     data     |    pointer   |
|m_axi_data_AWPROT    | out |    3|    m_axi   |     data     |    pointer   |
|m_axi_data_AWQOS     | out |    4|    m_axi   |     data     |    pointer   |
|m_axi_data_AWREGION  | out |    4|    m_axi   |     data     |    pointer   |
|m_axi_data_AWUSER    | out |    1|    m_axi   |     data     |    pointer   |
|m_axi_data_WVALID    | out |    1|    m_axi   |     data     |    pointer   |
|m_axi_data_WREADY    |  in |    1|    m_axi   |     data     |    pointer   |
|m_axi_data_WDATA     | out |   32|    m_axi   |     data     |    pointer   |
|m_axi_data_WSTRB     | out |    4|    m_axi   |     data     |    pointer   |
|m_axi_data_WLAST     | out |    1|    m_axi   |     data     |    pointer   |
|m_axi_data_WID       | out |    1|    m_axi   |     data     |    pointer   |
|m_axi_data_WUSER     | out |    1|    m_axi   |     data     |    pointer   |
|m_axi_data_ARVALID   | out |    1|    m_axi   |     data     |    pointer   |
|m_axi_data_ARREADY   |  in |    1|    m_axi   |     data     |    pointer   |
|m_axi_data_ARADDR    | out |   32|    m_axi   |     data     |    pointer   |
|m_axi_data_ARID      | out |    1|    m_axi   |     data     |    pointer   |
|m_axi_data_ARLEN     | out |    8|    m_axi   |     data     |    pointer   |
|m_axi_data_ARSIZE    | out |    3|    m_axi   |     data     |    pointer   |
|m_axi_data_ARBURST   | out |    2|    m_axi   |     data     |    pointer   |
|m_axi_data_ARLOCK    | out |    2|    m_axi   |     data     |    pointer   |
|m_axi_data_ARCACHE   | out |    4|    m_axi   |     data     |    pointer   |
|m_axi_data_ARPROT    | out |    3|    m_axi   |     data     |    pointer   |
|m_axi_data_ARQOS     | out |    4|    m_axi   |     data     |    pointer   |
|m_axi_data_ARREGION  | out |    4|    m_axi   |     data     |    pointer   |
|m_axi_data_ARUSER    | out |    1|    m_axi   |     data     |    pointer   |
|m_axi_data_RVALID    |  in |    1|    m_axi   |     data     |    pointer   |
|m_axi_data_RREADY    | out |    1|    m_axi   |     data     |    pointer   |
|m_axi_data_RDATA     |  in |   32|    m_axi   |     data     |    pointer   |
|m_axi_data_RLAST     |  in |    1|    m_axi   |     data     |    pointer   |
|m_axi_data_RID       |  in |    1|    m_axi   |     data     |    pointer   |
|m_axi_data_RUSER     |  in |    1|    m_axi   |     data     |    pointer   |
|m_axi_data_RRESP     |  in |    2|    m_axi   |     data     |    pointer   |
|m_axi_data_BVALID    |  in |    1|    m_axi   |     data     |    pointer   |
|m_axi_data_BREADY    | out |    1|    m_axi   |     data     |    pointer   |
|m_axi_data_BRESP     |  in |    2|    m_axi   |     data     |    pointer   |
|m_axi_data_BID       |  in |    1|    m_axi   |     data     |    pointer   |
|m_axi_data_BUSER     |  in |    1|    m_axi   |     data     |    pointer   |
+---------------------+-----+-----+------------+--------------+--------------+

