

================================================================
== Vivado HLS Report for 'OverturnKernel'
================================================================
* Date:           Fri Oct 28 14:10:11 2022

* Version:        2019.1 (Build 2552052 on Fri May 24 15:28:33 MDT 2019)
* Project:        f_b_1
* Solution:       solution1
* Product family: zynquplus
* Target device:  xczu3eg-sbva484-1-e


================================================================
== Performance Estimates
================================================================
+ Timing (ns): 
    * Summary: 
    +--------+-------+----------+------------+
    |  Clock | Target| Estimated| Uncertainty|
    +--------+-------+----------+------------+
    |ap_clk  |  10.00|     1.668|        1.25|
    +--------+-------+----------+------------+

+ Latency (clock cycles): 
    * Summary: 
    +-----+-----+-----+-----+---------+
    |  Latency  |  Interval | Pipeline|
    | min | max | min | max |   Type  |
    +-----+-----+-----+-----+---------+
    |   25|   25|   25|   25|   none  |
    +-----+-----+-----+-----+---------+

    + Detail: 
        * Instance: 
        N/A

        * Loop: 
        +--------------------------+-----+-----+----------+-----------+-----------+------+----------+
        |                          |  Latency  | Iteration|  Initiation Interval  | Trip |          |
        |         Loop Name        | min | max |  Latency |  achieved |   target  | Count| Pipelined|
        +--------------------------+-----+-----+----------+-----------+-----------+------+----------+
        |- Loop 1                  |   24|   24|         8|          -|          -|     3|    no    |
        | + OverturnKernel_label4  |    6|    6|         2|          -|          -|     3|    no    |
        +--------------------------+-----+-----+----------+-----------+-----------+------+----------+



================================================================
== Utilization Estimates
================================================================
* Summary: 
+-----------------+---------+-------+--------+-------+-----+
|       Name      | BRAM_18K| DSP48E|   FF   |  LUT  | URAM|
+-----------------+---------+-------+--------+-------+-----+
|DSP              |        -|      -|       -|      -|    -|
|Expression       |        -|      -|       0|    136|    -|
|FIFO             |        -|      -|       -|      -|    -|
|Instance         |        -|      -|       -|      -|    -|
|Memory           |        -|      -|       -|      -|    -|
|Multiplexer      |        -|      -|       -|     45|    -|
|Register         |        -|      -|      27|      -|    -|
+-----------------+---------+-------+--------+-------+-----+
|Total            |        0|      0|      27|    181|    0|
+-----------------+---------+-------+--------+-------+-----+
|Available        |      432|    360|  141120|  70560|    0|
+-----------------+---------+-------+--------+-------+-----+
|Utilization (%)  |        0|      0|   ~0   |   ~0  |    0|
+-----------------+---------+-------+--------+-------+-----+

+ Detail: 
    * Instance: 
    N/A

    * DSP48E: 
    N/A

    * Memory: 
    N/A

    * FIFO: 
    N/A

    * Expression: 
    +----------------------+----------+-------+---+----+------------+------------+
    |     Variable Name    | Operation| DSP48E| FF| LUT| Bitwidth P0| Bitwidth P1|
    +----------------------+----------+-------+---+----+------------+------------+
    |add_ln85_1_fu_153_p2  |     +    |      0|  0|  23|           5|           2|
    |add_ln85_fu_175_p2    |     +    |      0|  0|  15|           5|           5|
    |i_fu_101_p2           |     +    |      0|  0|   9|           2|           1|
    |j_fu_169_p2           |     +    |      0|  0|   9|           2|           1|
    |sub_ln85_1_fu_119_p2  |     -    |      0|  0|  15|           5|           5|
    |sub_ln85_2_fu_147_p2  |     -    |      0|  0|  23|           5|           5|
    |sub_ln85_3_fu_189_p2  |     -    |      0|  0|  15|           5|           5|
    |sub_ln85_fu_125_p2    |     -    |      0|  0|  11|           3|           2|
    |icmp_ln83_fu_95_p2    |   icmp   |      0|  0|   8|           2|           2|
    |icmp_ln84_fu_163_p2   |   icmp   |      0|  0|   8|           2|           2|
    +----------------------+----------+-------+---+----+------------+------------+
    |Total                 |          |      0|  0| 136|          36|          30|
    +----------------------+----------+-------+---+----+------------+------------+

    * Multiplexer: 
    +------------+----+-----------+-----+-----------+
    |    Name    | LUT| Input Size| Bits| Total Bits|
    +------------+----+-----------+-----+-----------+
    |ap_NS_fsm   |  27|          5|    1|          5|
    |i_0_reg_69  |   9|          2|    2|          4|
    |j_0_reg_80  |   9|          2|    2|          4|
    +------------+----+-----------+-----+-----------+
    |Total       |  45|          9|    5|         13|
    +------------+----+-----------+-----+-----------+

    * Register: 
    +--------------------+---+----+-----+-----------+
    |        Name        | FF| LUT| Bits| Const Bits|
    +--------------------+---+----+-----+-----------+
    |add_ln85_1_reg_215  |  5|   0|    5|          0|
    |ap_CS_fsm           |  4|   0|    4|          0|
    |i_0_reg_69          |  2|   0|    2|          0|
    |i_reg_205           |  2|   0|    2|          0|
    |j_0_reg_80          |  2|   0|    2|          0|
    |j_reg_223           |  2|   0|    2|          0|
    |sub_ln85_1_reg_210  |  5|   0|    5|          0|
    |sub_ln85_3_reg_233  |  5|   0|    5|          0|
    +--------------------+---+----+-----+-----------+
    |Total               | 27|   0|   27|          0|
    +--------------------+---+----+-----+-----------+



================================================================
== Interface
================================================================
* Summary: 
+------------------------+-----+-----+------------+----------------+--------------+
|        RTL Ports       | Dir | Bits|  Protocol  |  Source Object |    C Type    |
+------------------------+-----+-----+------------+----------------+--------------+
|ap_clk                  |  in |    1| ap_ctrl_hs | OverturnKernel | return value |
|ap_rst                  |  in |    1| ap_ctrl_hs | OverturnKernel | return value |
|ap_start                |  in |    1| ap_ctrl_hs | OverturnKernel | return value |
|ap_done                 | out |    1| ap_ctrl_hs | OverturnKernel | return value |
|ap_idle                 | out |    1| ap_ctrl_hs | OverturnKernel | return value |
|ap_ready                | out |    1| ap_ctrl_hs | OverturnKernel | return value |
|input_matrix_address0   | out |    4|  ap_memory |  input_matrix  |     array    |
|input_matrix_ce0        | out |    1|  ap_memory |  input_matrix  |     array    |
|input_matrix_q0         |  in |   32|  ap_memory |  input_matrix  |     array    |
|output_matrix_address0  | out |    4|  ap_memory |  output_matrix |     array    |
|output_matrix_ce0       | out |    1|  ap_memory |  output_matrix |     array    |
|output_matrix_we0       | out |    1|  ap_memory |  output_matrix |     array    |
|output_matrix_d0        | out |   32|  ap_memory |  output_matrix |     array    |
+------------------------+-----+-----+------------+----------------+--------------+

============================================================
+ Verbose Summary: Synthesis Manager
============================================================
InlineROM: 1
ExposeGlobal: 0
============================================================
+ Verbose Summary: CDFG Model
============================================================
IsTopModel: 0
ResetActiveHigh: 1
IsCombinational: 2
IsDatapathOnly: 2
HasWiredReturn: 1
HasMFsm: 0
HasVarLatency: 1
IsPipeline: 0
IsRtlPipelined: 0
IsInstanceOverlapped: 0
IsDontTouch: 0
HasImplIP: 0
IsGatedGlobalClock: 0


============================================================
+ Verbose Summary: Schedule
============================================================
* Number of FSM states : 4
* Pipeline : 0
* Dataflow Pipeline: 0

* FSM state transitions: 
1 --> 2 
2 --> 3 
3 --> 4 2 
4 --> 3 

* FSM state operations: 

State 1 <SV = 0> <Delay = 0.75>
ST_1 : Operation 5 [1/1] (0.00ns)   --->   "call void (...)* @_ssdm_op_SpecMemCore([8100 x float]* @fc_hidden_layer2, [1 x i8]* @p_str, [14 x i8]* @p_str1, [1 x i8]* @p_str, i32 -1, [1 x i8]* @p_str, [1 x i8]* @p_str, [1 x i8]* @p_str, [1 x i8]* @p_str, [1 x i8]* @p_str)" [f_b_1/forw_back_LTL.c:83]   --->   Operation 5 'specmemcore' <Predicate = true> <Delay = 0.00>
ST_1 : Operation 6 [1/1] (0.75ns)   --->   "br label %.loopexit" [f_b_1/forw_back_LTL.c:83]   --->   Operation 6 'br' <Predicate = true> <Delay = 0.75>

State 2 <SV = 1> <Delay = 1.34>
ST_2 : Operation 7 [1/1] (0.00ns)   --->   "%i_0 = phi i2 [ 0, %0 ], [ %i, %.loopexit.loopexit ]"   --->   Operation 7 'phi' 'i_0' <Predicate = true> <Delay = 0.00>
ST_2 : Operation 8 [1/1] (0.00ns)   --->   "%zext_ln83 = zext i2 %i_0 to i5" [f_b_1/forw_back_LTL.c:83]   --->   Operation 8 'zext' 'zext_ln83' <Predicate = true> <Delay = 0.00>
ST_2 : Operation 9 [1/1] (0.51ns)   --->   "%icmp_ln83 = icmp eq i2 %i_0, -1" [f_b_1/forw_back_LTL.c:83]   --->   Operation 9 'icmp' 'icmp_ln83' <Predicate = true> <Delay = 0.51> <Core = "Cmp">   --->   Core 25 'Cmp' <Latency = 0> <II = 1> <Delay = 0.51> <FuncUnit> <Opcode : 'icmp'> <InPorts = 2> <OutPorts = 1>
ST_2 : Operation 10 [1/1] (0.00ns)   --->   "%empty = call i32 (...)* @_ssdm_op_SpecLoopTripCount(i64 3, i64 3, i64 3)"   --->   Operation 10 'speclooptripcount' 'empty' <Predicate = true> <Delay = 0.00>
ST_2 : Operation 11 [1/1] (0.62ns)   --->   "%i = add i2 %i_0, 1" [f_b_1/forw_back_LTL.c:83]   --->   Operation 11 'add' 'i' <Predicate = true> <Delay = 0.62> <Core = "AddSub">   --->   Core 14 'AddSub' <Latency = 0> <II = 1> <Delay = 0.74> <FuncUnit> <Opcode : 'add' 'sub'> <InPorts = 2> <OutPorts = 1>
ST_2 : Operation 12 [1/1] (0.00ns)   --->   "br i1 %icmp_ln83, label %1, label %.preheader.preheader" [f_b_1/forw_back_LTL.c:83]   --->   Operation 12 'br' <Predicate = true> <Delay = 0.00>
ST_2 : Operation 13 [1/1] (0.00ns)   --->   "%shl_ln = call i4 @_ssdm_op_BitConcatenate.i4.i2.i2(i2 %i_0, i2 0)" [f_b_1/forw_back_LTL.c:85]   --->   Operation 13 'bitconcatenate' 'shl_ln' <Predicate = (!icmp_ln83)> <Delay = 0.00>
ST_2 : Operation 14 [1/1] (0.00ns)   --->   "%zext_ln85_2 = zext i4 %shl_ln to i5" [f_b_1/forw_back_LTL.c:85]   --->   Operation 14 'zext' 'zext_ln85_2' <Predicate = (!icmp_ln83)> <Delay = 0.00>
ST_2 : Operation 15 [1/1] (0.86ns)   --->   "%sub_ln85_1 = sub i5 %zext_ln85_2, %zext_ln83" [f_b_1/forw_back_LTL.c:85]   --->   Operation 15 'sub' 'sub_ln85_1' <Predicate = (!icmp_ln83)> <Delay = 0.86> <Core = "AddSub">   --->   Core 14 'AddSub' <Latency = 0> <II = 1> <Delay = 0.74> <FuncUnit> <Opcode : 'add' 'sub'> <InPorts = 2> <OutPorts = 1>
ST_2 : Operation 16 [1/1] (0.62ns)   --->   "%sub_ln85 = sub i2 -2, %i_0" [f_b_1/forw_back_LTL.c:85]   --->   Operation 16 'sub' 'sub_ln85' <Predicate = (!icmp_ln83)> <Delay = 0.62> <Core = "AddSub">   --->   Core 14 'AddSub' <Latency = 0> <II = 1> <Delay = 0.74> <FuncUnit> <Opcode : 'add' 'sub'> <InPorts = 2> <OutPorts = 1>
ST_2 : Operation 17 [1/1] (0.00ns)   --->   "%zext_ln85_3 = zext i2 %sub_ln85 to i5" [f_b_1/forw_back_LTL.c:85]   --->   Operation 17 'zext' 'zext_ln85_3' <Predicate = (!icmp_ln83)> <Delay = 0.00>
ST_2 : Operation 18 [1/1] (0.00ns)   --->   "%shl_ln85_1 = call i4 @_ssdm_op_BitConcatenate.i4.i2.i2(i2 %sub_ln85, i2 0)" [f_b_1/forw_back_LTL.c:85]   --->   Operation 18 'bitconcatenate' 'shl_ln85_1' <Predicate = (!icmp_ln83)> <Delay = 0.00>
ST_2 : Operation 19 [1/1] (0.00ns)   --->   "%zext_ln85_4 = zext i4 %shl_ln85_1 to i5" [f_b_1/forw_back_LTL.c:85]   --->   Operation 19 'zext' 'zext_ln85_4' <Predicate = (!icmp_ln83)> <Delay = 0.00>
ST_2 : Operation 20 [1/1] (0.00ns) (grouped into TernaryAdder)   --->   "%sub_ln85_2 = sub i5 %zext_ln85_4, %zext_ln85_3" [f_b_1/forw_back_LTL.c:85]   --->   Operation 20 'sub' 'sub_ln85_2' <Predicate = (!icmp_ln83)> <Delay = 0.00> <Core = "TAddSub">   --->   Core 83 'TAddSub' <Latency = 0> <II = 1> <Delay = 0.58> <IPBlock> <Opcode : 'add' 'sub'> <InPorts = 3> <OutPorts = 1> <Sync> <CReg>
ST_2 : Operation 21 [1/1] (0.71ns) (root node of TernaryAdder)   --->   "%add_ln85_1 = add i5 %sub_ln85_2, 2" [f_b_1/forw_back_LTL.c:85]   --->   Operation 21 'add' 'add_ln85_1' <Predicate = (!icmp_ln83)> <Delay = 0.71> <Core = "TAddSub">   --->   Core 83 'TAddSub' <Latency = 0> <II = 1> <Delay = 0.58> <IPBlock> <Opcode : 'add' 'sub'> <InPorts = 3> <OutPorts = 1> <Sync> <CReg>
ST_2 : Operation 22 [1/1] (0.75ns)   --->   "br label %.preheader" [f_b_1/forw_back_LTL.c:84]   --->   Operation 22 'br' <Predicate = (!icmp_ln83)> <Delay = 0.75>
ST_2 : Operation 23 [1/1] (0.00ns)   --->   "ret void" [f_b_1/forw_back_LTL.c:86]   --->   Operation 23 'ret' <Predicate = (icmp_ln83)> <Delay = 0.00>

State 3 <SV = 2> <Delay = 1.66>
ST_3 : Operation 24 [1/1] (0.00ns)   --->   "%j_0 = phi i2 [ %j, %hls_label_0 ], [ 0, %.preheader.preheader ]"   --->   Operation 24 'phi' 'j_0' <Predicate = true> <Delay = 0.00>
ST_3 : Operation 25 [1/1] (0.00ns)   --->   "%zext_ln84 = zext i2 %j_0 to i5" [f_b_1/forw_back_LTL.c:84]   --->   Operation 25 'zext' 'zext_ln84' <Predicate = true> <Delay = 0.00>
ST_3 : Operation 26 [1/1] (0.51ns)   --->   "%icmp_ln84 = icmp eq i2 %j_0, -1" [f_b_1/forw_back_LTL.c:84]   --->   Operation 26 'icmp' 'icmp_ln84' <Predicate = true> <Delay = 0.51> <Core = "Cmp">   --->   Core 25 'Cmp' <Latency = 0> <II = 1> <Delay = 0.51> <FuncUnit> <Opcode : 'icmp'> <InPorts = 2> <OutPorts = 1>
ST_3 : Operation 27 [1/1] (0.00ns)   --->   "%empty_115 = call i32 (...)* @_ssdm_op_SpecLoopTripCount(i64 3, i64 3, i64 3)"   --->   Operation 27 'speclooptripcount' 'empty_115' <Predicate = true> <Delay = 0.00>
ST_3 : Operation 28 [1/1] (0.62ns)   --->   "%j = add i2 %j_0, 1" [f_b_1/forw_back_LTL.c:84]   --->   Operation 28 'add' 'j' <Predicate = true> <Delay = 0.62> <Core = "AddSub">   --->   Core 14 'AddSub' <Latency = 0> <II = 1> <Delay = 0.74> <FuncUnit> <Opcode : 'add' 'sub'> <InPorts = 2> <OutPorts = 1>
ST_3 : Operation 29 [1/1] (0.00ns)   --->   "br i1 %icmp_ln84, label %.loopexit.loopexit, label %hls_label_0" [f_b_1/forw_back_LTL.c:84]   --->   Operation 29 'br' <Predicate = true> <Delay = 0.00>
ST_3 : Operation 30 [1/1] (0.87ns)   --->   "%add_ln85 = add i5 %sub_ln85_1, %zext_ln84" [f_b_1/forw_back_LTL.c:85]   --->   Operation 30 'add' 'add_ln85' <Predicate = (!icmp_ln84)> <Delay = 0.87> <Core = "AddSub">   --->   Core 14 'AddSub' <Latency = 0> <II = 1> <Delay = 0.74> <FuncUnit> <Opcode : 'add' 'sub'> <InPorts = 2> <OutPorts = 1>
ST_3 : Operation 31 [1/1] (0.00ns)   --->   "%sext_ln85 = sext i5 %add_ln85 to i32" [f_b_1/forw_back_LTL.c:85]   --->   Operation 31 'sext' 'sext_ln85' <Predicate = (!icmp_ln84)> <Delay = 0.00>
ST_3 : Operation 32 [1/1] (0.00ns)   --->   "%zext_ln85 = zext i32 %sext_ln85 to i64" [f_b_1/forw_back_LTL.c:85]   --->   Operation 32 'zext' 'zext_ln85' <Predicate = (!icmp_ln84)> <Delay = 0.00>
ST_3 : Operation 33 [1/1] (0.00ns)   --->   "%input_matrix_addr = getelementptr [9 x float]* %input_matrix, i64 0, i64 %zext_ln85" [f_b_1/forw_back_LTL.c:85]   --->   Operation 33 'getelementptr' 'input_matrix_addr' <Predicate = (!icmp_ln84)> <Delay = 0.00>
ST_3 : Operation 34 [2/2] (0.79ns)   --->   "%input_matrix_load = load float* %input_matrix_addr, align 4" [f_b_1/forw_back_LTL.c:85]   --->   Operation 34 'load' 'input_matrix_load' <Predicate = (!icmp_ln84)> <Delay = 0.79> <Core = "RAM">   --->   Core 37 'RAM' <Latency = 1> <II = 1> <Delay = 0.79> <Storage> <Opcode : 'load' 'store'> <Ports = 2> <Width = 32> <Depth = 10> <RAM>
ST_3 : Operation 35 [1/1] (0.87ns)   --->   "%sub_ln85_3 = sub i5 %add_ln85_1, %zext_ln84" [f_b_1/forw_back_LTL.c:85]   --->   Operation 35 'sub' 'sub_ln85_3' <Predicate = (!icmp_ln84)> <Delay = 0.87> <Core = "AddSub">   --->   Core 14 'AddSub' <Latency = 0> <II = 1> <Delay = 0.74> <FuncUnit> <Opcode : 'add' 'sub'> <InPorts = 2> <OutPorts = 1>
ST_3 : Operation 36 [1/1] (0.00ns)   --->   "br label %.loopexit"   --->   Operation 36 'br' <Predicate = (icmp_ln84)> <Delay = 0.00>

State 4 <SV = 3> <Delay = 1.58>
ST_4 : Operation 37 [1/1] (0.00ns)   --->   "%tmp = call i32 (...)* @_ssdm_op_SpecRegionBegin([12 x i8]* @p_str4)" [f_b_1/forw_back_LTL.c:85]   --->   Operation 37 'specregionbegin' 'tmp' <Predicate = true> <Delay = 0.00>
ST_4 : Operation 38 [1/1] (0.00ns)   --->   "call void (...)* @_ssdm_op_SpecLoopName([22 x i8]* @p_str5) nounwind" [f_b_1/forw_back_LTL.c:85]   --->   Operation 38 'specloopname' <Predicate = true> <Delay = 0.00>
ST_4 : Operation 39 [1/2] (0.79ns)   --->   "%input_matrix_load = load float* %input_matrix_addr, align 4" [f_b_1/forw_back_LTL.c:85]   --->   Operation 39 'load' 'input_matrix_load' <Predicate = true> <Delay = 0.79> <Core = "RAM">   --->   Core 37 'RAM' <Latency = 1> <II = 1> <Delay = 0.79> <Storage> <Opcode : 'load' 'store'> <Ports = 2> <Width = 32> <Depth = 10> <RAM>
ST_4 : Operation 40 [1/1] (0.00ns)   --->   "%sext_ln85_1 = sext i5 %sub_ln85_3 to i32" [f_b_1/forw_back_LTL.c:85]   --->   Operation 40 'sext' 'sext_ln85_1' <Predicate = true> <Delay = 0.00>
ST_4 : Operation 41 [1/1] (0.00ns)   --->   "%zext_ln85_1 = zext i32 %sext_ln85_1 to i64" [f_b_1/forw_back_LTL.c:85]   --->   Operation 41 'zext' 'zext_ln85_1' <Predicate = true> <Delay = 0.00>
ST_4 : Operation 42 [1/1] (0.00ns)   --->   "%output_matrix_addr = getelementptr [9 x float]* %output_matrix, i64 0, i64 %zext_ln85_1" [f_b_1/forw_back_LTL.c:85]   --->   Operation 42 'getelementptr' 'output_matrix_addr' <Predicate = true> <Delay = 0.00>
ST_4 : Operation 43 [1/1] (0.79ns)   --->   "store float %input_matrix_load, float* %output_matrix_addr, align 4" [f_b_1/forw_back_LTL.c:85]   --->   Operation 43 'store' <Predicate = true> <Delay = 0.79> <Core = "RAM">   --->   Core 37 'RAM' <Latency = 1> <II = 1> <Delay = 0.79> <Storage> <Opcode : 'load' 'store'> <Ports = 2> <Width = 32> <Depth = 10> <RAM>
ST_4 : Operation 44 [1/1] (0.00ns)   --->   "%empty_116 = call i32 (...)* @_ssdm_op_SpecRegionEnd([12 x i8]* @p_str4, i32 %tmp)" [f_b_1/forw_back_LTL.c:85]   --->   Operation 44 'specregionend' 'empty_116' <Predicate = true> <Delay = 0.00>
ST_4 : Operation 45 [1/1] (0.00ns)   --->   "br label %.preheader" [f_b_1/forw_back_LTL.c:84]   --->   Operation 45 'br' <Predicate = true> <Delay = 0.00>


============================================================
+ Verbose Summary: Binding
============================================================
STG Binding: 
---------------- STG Properties BEGIN ----------------
- Is combinational: 0
- Is one-state seq: 0
- Is datapath-only: 0
- Is pipelined: 0
- Is top level: 0
Port [ Return ] is wired: 1; IO mode=ap_ctrl_hs:ce=0
Port [ input_matrix]:  wired=1; compound=1; hidden=0; nouse=0; global=0; static=0; extern=0; dir=0; type=1; pingpong=0; private_global=0; MemPort=[13]; IO mode=ap_memory:ce=0
Port [ output_matrix]:  wired=1; compound=1; hidden=0; nouse=0; global=0; static=0; extern=0; dir=1; type=1; pingpong=0; private_global=0; MemPort=[03]; IO mode=ap_memory:ce=0
---------------- STG Properties END ------------------

---------------- Datapath Model BEGIN ----------------

<LifeTime>
<method=bitvector/>
specmemcore_ln83   (specmemcore      ) [ 00000]
br_ln83            (br               ) [ 01111]
i_0                (phi              ) [ 00100]
zext_ln83          (zext             ) [ 00000]
icmp_ln83          (icmp             ) [ 00111]
empty              (speclooptripcount) [ 00000]
i                  (add              ) [ 01111]
br_ln83            (br               ) [ 00000]
shl_ln             (bitconcatenate   ) [ 00000]
zext_ln85_2        (zext             ) [ 00000]
sub_ln85_1         (sub              ) [ 00011]
sub_ln85           (sub              ) [ 00000]
zext_ln85_3        (zext             ) [ 00000]
shl_ln85_1         (bitconcatenate   ) [ 00000]
zext_ln85_4        (zext             ) [ 00000]
sub_ln85_2         (sub              ) [ 00000]
add_ln85_1         (add              ) [ 00011]
br_ln84            (br               ) [ 00111]
ret_ln86           (ret              ) [ 00000]
j_0                (phi              ) [ 00010]
zext_ln84          (zext             ) [ 00000]
icmp_ln84          (icmp             ) [ 00111]
empty_115          (speclooptripcount) [ 00000]
j                  (add              ) [ 00111]
br_ln84            (br               ) [ 00000]
add_ln85           (add              ) [ 00000]
sext_ln85          (sext             ) [ 00000]
zext_ln85          (zext             ) [ 00000]
input_matrix_addr  (getelementptr    ) [ 00001]
sub_ln85_3         (sub              ) [ 00001]
br_ln0             (br               ) [ 01111]
tmp                (specregionbegin  ) [ 00000]
specloopname_ln85  (specloopname     ) [ 00000]
input_matrix_load  (load             ) [ 00000]
sext_ln85_1        (sext             ) [ 00000]
zext_ln85_1        (zext             ) [ 00000]
output_matrix_addr (getelementptr    ) [ 00000]
store_ln85         (store            ) [ 00000]
empty_116          (specregionend    ) [ 00000]
br_ln84            (br               ) [ 00111]
</LifeTime>

<model>

<comp_list>
<comp id="0" class="1000" name="input_matrix">
<pin_list>
<pin id="1" dir="1" index="0" bw="1" slack="0"/>
</pin_list>
<bind>
<StgValue><ssdm name="input_matrix"/><MemPortTyVec>1 3 </MemPortTyVec>
</StgValue>
</bind>
</comp>

<comp id="2" class="1000" name="output_matrix">
<pin_list>
<pin id="3" dir="1" index="0" bw="1" slack="0"/>
</pin_list>
<bind>
<StgValue><ssdm name="output_matrix"/><MemPortTyVec>0 3 </MemPortTyVec>
</StgValue>
</bind>
</comp>

<comp id="4" class="1001" name="const_4">
<pin_list>
<pin id="5" dir="1" index="0" bw="1" slack="2147483647"/>
</pin_list>
<bind>
<StgValue><ssdm name="_ssdm_op_SpecMemCore"/></StgValue>
</bind>
</comp>

<comp id="6" class="1001" name="const_6">
<pin_list>
<pin id="7" dir="1" index="0" bw="1" slack="2147483647"/>
</pin_list>
<bind>
<StgValue><ssdm name="fc_hidden_layer2"/></StgValue>
</bind>
</comp>

<comp id="8" class="1001" name="const_8">
<pin_list>
<pin id="9" dir="1" index="0" bw="1" slack="2147483647"/>
</pin_list>
<bind>
<StgValue><ssdm name="p_str"/></StgValue>
</bind>
</comp>

<comp id="10" class="1001" name="const_10">
<pin_list>
<pin id="11" dir="1" index="0" bw="1" slack="2147483647"/>
</pin_list>
<bind>
<StgValue><ssdm name="p_str1"/></StgValue>
</bind>
</comp>

<comp id="12" class="1001" name="const_12">
<pin_list>
<pin id="13" dir="1" index="0" bw="1" slack="2147483647"/>
</pin_list>
<bind>
<StgValue><ssdm name=""/></StgValue>
</bind>
</comp>

<comp id="14" class="1001" name="const_14">
<pin_list>
<pin id="15" dir="1" index="0" bw="1" slack="0"/>
</pin_list>
<bind>
<StgValue><ssdm name=""/></StgValue>
</bind>
</comp>

<comp id="16" class="1001" name="const_16">
<pin_list>
<pin id="17" dir="1" index="0" bw="1" slack="0"/>
</pin_list>
<bind>
<StgValue><ssdm name=""/></StgValue>
</bind>
</comp>

<comp id="18" class="1001" name="const_18">
<pin_list>
<pin id="19" dir="1" index="0" bw="1" slack="2147483647"/>
</pin_list>
<bind>
<StgValue><ssdm name="_ssdm_op_SpecLoopTripCount"/></StgValue>
</bind>
</comp>

<comp id="20" class="1001" name="const_20">
<pin_list>
<pin id="21" dir="1" index="0" bw="1" slack="2147483647"/>
</pin_list>
<bind>
<StgValue><ssdm name=""/></StgValue>
</bind>
</comp>

<comp id="22" class="1001" name="const_22">
<pin_list>
<pin id="23" dir="1" index="0" bw="1" slack="0"/>
</pin_list>
<bind>
<StgValue><ssdm name=""/></StgValue>
</bind>
</comp>

<comp id="24" class="1001" name="const_24">
<pin_list>
<pin id="25" dir="1" index="0" bw="1" slack="0"/>
</pin_list>
<bind>
<StgValue><ssdm name="_ssdm_op_BitConcatenate.i4.i2.i2"/></StgValue>
</bind>
</comp>

<comp id="26" class="1001" name="const_26">
<pin_list>
<pin id="27" dir="1" index="0" bw="1" slack="0"/>
</pin_list>
<bind>
<StgValue><ssdm name=""/></StgValue>
</bind>
</comp>

<comp id="28" class="1001" name="const_28">
<pin_list>
<pin id="29" dir="1" index="0" bw="1" slack="0"/>
</pin_list>
<bind>
<StgValue><ssdm name=""/></StgValue>
</bind>
</comp>

<comp id="30" class="1001" name="const_30">
<pin_list>
<pin id="31" dir="1" index="0" bw="1" slack="0"/>
</pin_list>
<bind>
<StgValue><ssdm name=""/></StgValue>
</bind>
</comp>

<comp id="32" class="1001" name="const_32">
<pin_list>
<pin id="33" dir="1" index="0" bw="1" slack="2147483647"/>
</pin_list>
<bind>
<StgValue><ssdm name="_ssdm_op_SpecRegionBegin"/></StgValue>
</bind>
</comp>

<comp id="34" class="1001" name="const_34">
<pin_list>
<pin id="35" dir="1" index="0" bw="1" slack="2147483647"/>
</pin_list>
<bind>
<StgValue><ssdm name="p_str4"/></StgValue>
</bind>
</comp>

<comp id="36" class="1001" name="const_36">
<pin_list>
<pin id="37" dir="1" index="0" bw="1" slack="2147483647"/>
</pin_list>
<bind>
<StgValue><ssdm name="_ssdm_op_SpecLoopName"/></StgValue>
</bind>
</comp>

<comp id="38" class="1001" name="const_38">
<pin_list>
<pin id="39" dir="1" index="0" bw="1" slack="2147483647"/>
</pin_list>
<bind>
<StgValue><ssdm name="p_str5"/></StgValue>
</bind>
</comp>

<comp id="40" class="1001" name="const_40">
<pin_list>
<pin id="41" dir="1" index="0" bw="1" slack="2147483647"/>
</pin_list>
<bind>
<StgValue><ssdm name="_ssdm_op_SpecRegionEnd"/></StgValue>
</bind>
</comp>

<comp id="42" class="1004" name="input_matrix_addr_gep_fu_42">
<pin_list>
<pin id="43" dir="0" index="0" bw="32" slack="0"/>
<pin id="44" dir="0" index="1" bw="1" slack="0"/>
<pin id="45" dir="0" index="2" bw="32" slack="0"/>
<pin id="46" dir="1" index="3" bw="4" slack="0"/>
</pin_list>
<bind>
<opcode="getelementptr(29) " fcode="getelementptr"/>
<opset="input_matrix_addr/3 "/>
</bind>
</comp>

<comp id="49" class="1004" name="grp_access_fu_49">
<pin_list>
<pin id="50" dir="0" index="0" bw="4" slack="0"/>
<pin id="51" dir="0" index="1" bw="32" slack="2147483647"/>
<pin id="52" dir="0" index="2" bw="0" slack="2147483647"/>
<pin id="53" dir="1" index="3" bw="32" slack="0"/>
</pin_list>
<bind>
<opcode="load(27) " fcode="load"/>
<opset="input_matrix_load/3 "/>
</bind>
</comp>

<comp id="55" class="1004" name="output_matrix_addr_gep_fu_55">
<pin_list>
<pin id="56" dir="0" index="0" bw="32" slack="0"/>
<pin id="57" dir="0" index="1" bw="1" slack="0"/>
<pin id="58" dir="0" index="2" bw="32" slack="0"/>
<pin id="59" dir="1" index="3" bw="4" slack="0"/>
</pin_list>
<bind>
<opcode="getelementptr(29) " fcode="getelementptr"/>
<opset="output_matrix_addr/4 "/>
</bind>
</comp>

<comp id="62" class="1004" name="store_ln85_access_fu_62">
<pin_list>
<pin id="63" dir="0" index="0" bw="4" slack="0"/>
<pin id="64" dir="0" index="1" bw="32" slack="0"/>
<pin id="65" dir="0" index="2" bw="0" slack="2147483647"/>
<pin id="66" dir="1" index="3" bw="32" slack="2147483647"/>
</pin_list>
<bind>
<opcode="store(28) " fcode="store"/>
<opset="store_ln85/4 "/>
</bind>
</comp>

<comp id="69" class="1005" name="i_0_reg_69">
<pin_list>
<pin id="70" dir="0" index="0" bw="2" slack="1"/>
<pin id="71" dir="1" index="1" bw="2" slack="1"/>
</pin_list>
<bind>
<opset="i_0 (phireg) "/>
</bind>
</comp>

<comp id="73" class="1004" name="i_0_phi_fu_73">
<pin_list>
<pin id="74" dir="0" index="0" bw="1" slack="1"/>
<pin id="75" dir="0" index="1" bw="0" slack="2147483647"/>
<pin id="76" dir="0" index="2" bw="2" slack="0"/>
<pin id="77" dir="0" index="3" bw="0" slack="2147483647"/>
<pin id="78" dir="1" index="4" bw="2" slack="0"/>
</pin_list>
<bind>
<opcode="phi(47) " fcode="phi"/>
<opset="i_0/2 "/>
</bind>
</comp>

<comp id="80" class="1005" name="j_0_reg_80">
<pin_list>
<pin id="81" dir="0" index="0" bw="2" slack="1"/>
<pin id="82" dir="1" index="1" bw="2" slack="1"/>
</pin_list>
<bind>
<opset="j_0 (phireg) "/>
</bind>
</comp>

<comp id="84" class="1004" name="j_0_phi_fu_84">
<pin_list>
<pin id="85" dir="0" index="0" bw="2" slack="0"/>
<pin id="86" dir="0" index="1" bw="0" slack="2147483647"/>
<pin id="87" dir="0" index="2" bw="1" slack="1"/>
<pin id="88" dir="0" index="3" bw="0" slack="2147483647"/>
<pin id="89" dir="1" index="4" bw="2" slack="0"/>
</pin_list>
<bind>
<opcode="phi(47) " fcode="phi"/>
<opset="j_0/3 "/>
</bind>
</comp>

<comp id="91" class="1004" name="zext_ln83_fu_91">
<pin_list>
<pin id="92" dir="0" index="0" bw="2" slack="0"/>
<pin id="93" dir="1" index="1" bw="5" slack="0"/>
</pin_list>
<bind>
<opcode="zext(34) " fcode="zext"/>
<opset="zext_ln83/2 "/>
</bind>
</comp>

<comp id="95" class="1004" name="icmp_ln83_fu_95">
<pin_list>
<pin id="96" dir="0" index="0" bw="2" slack="0"/>
<pin id="97" dir="0" index="1" bw="2" slack="0"/>
<pin id="98" dir="1" index="2" bw="1" slack="2147483647"/>
</pin_list>
<bind>
<opcode="icmp(45) " fcode="icmp"/>
<opset="icmp_ln83/2 "/>
</bind>
</comp>

<comp id="101" class="1004" name="i_fu_101">
<pin_list>
<pin id="102" dir="0" index="0" bw="2" slack="0"/>
<pin id="103" dir="0" index="1" bw="1" slack="0"/>
<pin id="104" dir="1" index="2" bw="2" slack="0"/>
</pin_list>
<bind>
<opcode="add(8) " fcode="add"/>
<opset="i/2 "/>
</bind>
</comp>

<comp id="107" class="1004" name="shl_ln_fu_107">
<pin_list>
<pin id="108" dir="0" index="0" bw="4" slack="0"/>
<pin id="109" dir="0" index="1" bw="2" slack="0"/>
<pin id="110" dir="0" index="2" bw="1" slack="0"/>
<pin id="111" dir="1" index="3" bw="4" slack="0"/>
</pin_list>
<bind>
<opcode="bitconcatenate(1004) " fcode="bitconcatenate"/>
<opset="shl_ln/2 "/>
</bind>
</comp>

<comp id="115" class="1004" name="zext_ln85_2_fu_115">
<pin_list>
<pin id="116" dir="0" index="0" bw="4" slack="0"/>
<pin id="117" dir="1" index="1" bw="5" slack="0"/>
</pin_list>
<bind>
<opcode="zext(34) " fcode="zext"/>
<opset="zext_ln85_2/2 "/>
</bind>
</comp>

<comp id="119" class="1004" name="sub_ln85_1_fu_119">
<pin_list>
<pin id="120" dir="0" index="0" bw="4" slack="0"/>
<pin id="121" dir="0" index="1" bw="2" slack="0"/>
<pin id="122" dir="1" index="2" bw="5" slack="1"/>
</pin_list>
<bind>
<opcode="sub(10) " fcode="sub"/>
<opset="sub_ln85_1/2 "/>
</bind>
</comp>

<comp id="125" class="1004" name="sub_ln85_fu_125">
<pin_list>
<pin id="126" dir="0" index="0" bw="2" slack="0"/>
<pin id="127" dir="0" index="1" bw="2" slack="0"/>
<pin id="128" dir="1" index="2" bw="2" slack="0"/>
</pin_list>
<bind>
<opcode="sub(10) " fcode="sub"/>
<opset="sub_ln85/2 "/>
</bind>
</comp>

<comp id="131" class="1004" name="zext_ln85_3_fu_131">
<pin_list>
<pin id="132" dir="0" index="0" bw="2" slack="0"/>
<pin id="133" dir="1" index="1" bw="5" slack="0"/>
</pin_list>
<bind>
<opcode="zext(34) " fcode="zext"/>
<opset="zext_ln85_3/2 "/>
</bind>
</comp>

<comp id="135" class="1004" name="shl_ln85_1_fu_135">
<pin_list>
<pin id="136" dir="0" index="0" bw="4" slack="0"/>
<pin id="137" dir="0" index="1" bw="2" slack="0"/>
<pin id="138" dir="0" index="2" bw="1" slack="0"/>
<pin id="139" dir="1" index="3" bw="4" slack="0"/>
</pin_list>
<bind>
<opcode="bitconcatenate(1004) " fcode="bitconcatenate"/>
<opset="shl_ln85_1/2 "/>
</bind>
</comp>

<comp id="143" class="1004" name="zext_ln85_4_fu_143">
<pin_list>
<pin id="144" dir="0" index="0" bw="4" slack="0"/>
<pin id="145" dir="1" index="1" bw="5" slack="0"/>
</pin_list>
<bind>
<opcode="zext(34) " fcode="zext"/>
<opset="zext_ln85_4/2 "/>
</bind>
</comp>

<comp id="147" class="1004" name="sub_ln85_2_fu_147">
<pin_list>
<pin id="148" dir="0" index="0" bw="4" slack="0"/>
<pin id="149" dir="0" index="1" bw="2" slack="0"/>
<pin id="150" dir="1" index="2" bw="5" slack="0"/>
</pin_list>
<bind>
<opcode="sub(10) " fcode="sub"/>
<opset="sub_ln85_2/2 "/>
</bind>
</comp>

<comp id="153" class="1004" name="add_ln85_1_fu_153">
<pin_list>
<pin id="154" dir="0" index="0" bw="5" slack="0"/>
<pin id="155" dir="0" index="1" bw="3" slack="0"/>
<pin id="156" dir="1" index="2" bw="5" slack="1"/>
</pin_list>
<bind>
<opcode="add(8) " fcode="add"/>
<opset="add_ln85_1/2 "/>
</bind>
</comp>

<comp id="159" class="1004" name="zext_ln84_fu_159">
<pin_list>
<pin id="160" dir="0" index="0" bw="2" slack="0"/>
<pin id="161" dir="1" index="1" bw="5" slack="0"/>
</pin_list>
<bind>
<opcode="zext(34) " fcode="zext"/>
<opset="zext_ln84/3 "/>
</bind>
</comp>

<comp id="163" class="1004" name="icmp_ln84_fu_163">
<pin_list>
<pin id="164" dir="0" index="0" bw="2" slack="0"/>
<pin id="165" dir="0" index="1" bw="2" slack="0"/>
<pin id="166" dir="1" index="2" bw="1" slack="2147483647"/>
</pin_list>
<bind>
<opcode="icmp(45) " fcode="icmp"/>
<opset="icmp_ln84/3 "/>
</bind>
</comp>

<comp id="169" class="1004" name="j_fu_169">
<pin_list>
<pin id="170" dir="0" index="0" bw="2" slack="0"/>
<pin id="171" dir="0" index="1" bw="1" slack="0"/>
<pin id="172" dir="1" index="2" bw="2" slack="0"/>
</pin_list>
<bind>
<opcode="add(8) " fcode="add"/>
<opset="j/3 "/>
</bind>
</comp>

<comp id="175" class="1004" name="add_ln85_fu_175">
<pin_list>
<pin id="176" dir="0" index="0" bw="5" slack="1"/>
<pin id="177" dir="0" index="1" bw="2" slack="0"/>
<pin id="178" dir="1" index="2" bw="5" slack="0"/>
</pin_list>
<bind>
<opcode="add(8) " fcode="add"/>
<opset="add_ln85/3 "/>
</bind>
</comp>

<comp id="180" class="1004" name="sext_ln85_fu_180">
<pin_list>
<pin id="181" dir="0" index="0" bw="5" slack="0"/>
<pin id="182" dir="1" index="1" bw="32" slack="0"/>
</pin_list>
<bind>
<opcode="sext(35) " fcode="sext"/>
<opset="sext_ln85/3 "/>
</bind>
</comp>

<comp id="184" class="1004" name="zext_ln85_fu_184">
<pin_list>
<pin id="185" dir="0" index="0" bw="5" slack="0"/>
<pin id="186" dir="1" index="1" bw="64" slack="0"/>
</pin_list>
<bind>
<opcode="zext(34) " fcode="zext"/>
<opset="zext_ln85/3 "/>
</bind>
</comp>

<comp id="189" class="1004" name="sub_ln85_3_fu_189">
<pin_list>
<pin id="190" dir="0" index="0" bw="5" slack="1"/>
<pin id="191" dir="0" index="1" bw="2" slack="0"/>
<pin id="192" dir="1" index="2" bw="5" slack="1"/>
</pin_list>
<bind>
<opcode="sub(10) " fcode="sub"/>
<opset="sub_ln85_3/3 "/>
</bind>
</comp>

<comp id="194" class="1004" name="sext_ln85_1_fu_194">
<pin_list>
<pin id="195" dir="0" index="0" bw="5" slack="1"/>
<pin id="196" dir="1" index="1" bw="32" slack="0"/>
</pin_list>
<bind>
<opcode="sext(35) " fcode="sext"/>
<opset="sext_ln85_1/4 "/>
</bind>
</comp>

<comp id="197" class="1004" name="zext_ln85_1_fu_197">
<pin_list>
<pin id="198" dir="0" index="0" bw="5" slack="0"/>
<pin id="199" dir="1" index="1" bw="64" slack="0"/>
</pin_list>
<bind>
<opcode="zext(34) " fcode="zext"/>
<opset="zext_ln85_1/4 "/>
</bind>
</comp>

<comp id="205" class="1005" name="i_reg_205">
<pin_list>
<pin id="206" dir="0" index="0" bw="2" slack="0"/>
<pin id="207" dir="1" index="1" bw="2" slack="0"/>
</pin_list>
<bind>
<opset="i "/>
</bind>
</comp>

<comp id="210" class="1005" name="sub_ln85_1_reg_210">
<pin_list>
<pin id="211" dir="0" index="0" bw="5" slack="1"/>
<pin id="212" dir="1" index="1" bw="5" slack="1"/>
</pin_list>
<bind>
<opset="sub_ln85_1 "/>
</bind>
</comp>

<comp id="215" class="1005" name="add_ln85_1_reg_215">
<pin_list>
<pin id="216" dir="0" index="0" bw="5" slack="1"/>
<pin id="217" dir="1" index="1" bw="5" slack="1"/>
</pin_list>
<bind>
<opset="add_ln85_1 "/>
</bind>
</comp>

<comp id="223" class="1005" name="j_reg_223">
<pin_list>
<pin id="224" dir="0" index="0" bw="2" slack="0"/>
<pin id="225" dir="1" index="1" bw="2" slack="0"/>
</pin_list>
<bind>
<opset="j "/>
</bind>
</comp>

<comp id="228" class="1005" name="input_matrix_addr_reg_228">
<pin_list>
<pin id="229" dir="0" index="0" bw="4" slack="1"/>
<pin id="230" dir="1" index="1" bw="4" slack="1"/>
</pin_list>
<bind>
<opset="input_matrix_addr "/>
</bind>
</comp>

<comp id="233" class="1005" name="sub_ln85_3_reg_233">
<pin_list>
<pin id="234" dir="0" index="0" bw="5" slack="1"/>
<pin id="235" dir="1" index="1" bw="5" slack="1"/>
</pin_list>
<bind>
<opset="sub_ln85_3 "/>
</bind>
</comp>

</comp_list>

<net_list>
<net id="47"><net_src comp="0" pin="0"/><net_sink comp="42" pin=0"/></net>

<net id="48"><net_src comp="30" pin="0"/><net_sink comp="42" pin=1"/></net>

<net id="54"><net_src comp="42" pin="3"/><net_sink comp="49" pin=0"/></net>

<net id="60"><net_src comp="2" pin="0"/><net_sink comp="55" pin=0"/></net>

<net id="61"><net_src comp="30" pin="0"/><net_sink comp="55" pin=1"/></net>

<net id="67"><net_src comp="49" pin="3"/><net_sink comp="62" pin=1"/></net>

<net id="68"><net_src comp="55" pin="3"/><net_sink comp="62" pin=0"/></net>

<net id="72"><net_src comp="14" pin="0"/><net_sink comp="69" pin=0"/></net>

<net id="79"><net_src comp="69" pin="1"/><net_sink comp="73" pin=0"/></net>

<net id="83"><net_src comp="14" pin="0"/><net_sink comp="80" pin=0"/></net>

<net id="90"><net_src comp="80" pin="1"/><net_sink comp="84" pin=2"/></net>

<net id="94"><net_src comp="73" pin="4"/><net_sink comp="91" pin=0"/></net>

<net id="99"><net_src comp="73" pin="4"/><net_sink comp="95" pin=0"/></net>

<net id="100"><net_src comp="16" pin="0"/><net_sink comp="95" pin=1"/></net>

<net id="105"><net_src comp="73" pin="4"/><net_sink comp="101" pin=0"/></net>

<net id="106"><net_src comp="22" pin="0"/><net_sink comp="101" pin=1"/></net>

<net id="112"><net_src comp="24" pin="0"/><net_sink comp="107" pin=0"/></net>

<net id="113"><net_src comp="73" pin="4"/><net_sink comp="107" pin=1"/></net>

<net id="114"><net_src comp="14" pin="0"/><net_sink comp="107" pin=2"/></net>

<net id="118"><net_src comp="107" pin="3"/><net_sink comp="115" pin=0"/></net>

<net id="123"><net_src comp="115" pin="1"/><net_sink comp="119" pin=0"/></net>

<net id="124"><net_src comp="91" pin="1"/><net_sink comp="119" pin=1"/></net>

<net id="129"><net_src comp="26" pin="0"/><net_sink comp="125" pin=0"/></net>

<net id="130"><net_src comp="73" pin="4"/><net_sink comp="125" pin=1"/></net>

<net id="134"><net_src comp="125" pin="2"/><net_sink comp="131" pin=0"/></net>

<net id="140"><net_src comp="24" pin="0"/><net_sink comp="135" pin=0"/></net>

<net id="141"><net_src comp="125" pin="2"/><net_sink comp="135" pin=1"/></net>

<net id="142"><net_src comp="14" pin="0"/><net_sink comp="135" pin=2"/></net>

<net id="146"><net_src comp="135" pin="3"/><net_sink comp="143" pin=0"/></net>

<net id="151"><net_src comp="143" pin="1"/><net_sink comp="147" pin=0"/></net>

<net id="152"><net_src comp="131" pin="1"/><net_sink comp="147" pin=1"/></net>

<net id="157"><net_src comp="147" pin="2"/><net_sink comp="153" pin=0"/></net>

<net id="158"><net_src comp="28" pin="0"/><net_sink comp="153" pin=1"/></net>

<net id="162"><net_src comp="84" pin="4"/><net_sink comp="159" pin=0"/></net>

<net id="167"><net_src comp="84" pin="4"/><net_sink comp="163" pin=0"/></net>

<net id="168"><net_src comp="16" pin="0"/><net_sink comp="163" pin=1"/></net>

<net id="173"><net_src comp="84" pin="4"/><net_sink comp="169" pin=0"/></net>

<net id="174"><net_src comp="22" pin="0"/><net_sink comp="169" pin=1"/></net>

<net id="179"><net_src comp="159" pin="1"/><net_sink comp="175" pin=1"/></net>

<net id="183"><net_src comp="175" pin="2"/><net_sink comp="180" pin=0"/></net>

<net id="187"><net_src comp="180" pin="1"/><net_sink comp="184" pin=0"/></net>

<net id="188"><net_src comp="184" pin="1"/><net_sink comp="42" pin=2"/></net>

<net id="193"><net_src comp="159" pin="1"/><net_sink comp="189" pin=1"/></net>

<net id="200"><net_src comp="194" pin="1"/><net_sink comp="197" pin=0"/></net>

<net id="201"><net_src comp="197" pin="1"/><net_sink comp="55" pin=2"/></net>

<net id="208"><net_src comp="101" pin="2"/><net_sink comp="205" pin=0"/></net>

<net id="209"><net_src comp="205" pin="1"/><net_sink comp="73" pin=2"/></net>

<net id="213"><net_src comp="119" pin="2"/><net_sink comp="210" pin=0"/></net>

<net id="214"><net_src comp="210" pin="1"/><net_sink comp="175" pin=0"/></net>

<net id="218"><net_src comp="153" pin="2"/><net_sink comp="215" pin=0"/></net>

<net id="219"><net_src comp="215" pin="1"/><net_sink comp="189" pin=0"/></net>

<net id="226"><net_src comp="169" pin="2"/><net_sink comp="223" pin=0"/></net>

<net id="227"><net_src comp="223" pin="1"/><net_sink comp="84" pin=0"/></net>

<net id="231"><net_src comp="42" pin="3"/><net_sink comp="228" pin=0"/></net>

<net id="232"><net_src comp="228" pin="1"/><net_sink comp="49" pin=0"/></net>

<net id="236"><net_src comp="189" pin="2"/><net_sink comp="233" pin=0"/></net>

<net id="237"><net_src comp="233" pin="1"/><net_sink comp="194" pin=0"/></net>

</net_list>

</model> 
---------------- Datapath Model END ------------------

* FSMD analyzer results:
  - Output states:
	Port: input_matrix | {}
	Port: output_matrix | {4 }
 - Input state : 
	Port: OverturnKernel : input_matrix | {3 4 }
  - Chain level:
	State 1
	State 2
		zext_ln83 : 1
		icmp_ln83 : 1
		i : 1
		br_ln83 : 2
		shl_ln : 1
		zext_ln85_2 : 2
		sub_ln85_1 : 3
		sub_ln85 : 1
		zext_ln85_3 : 2
		shl_ln85_1 : 2
		zext_ln85_4 : 3
		sub_ln85_2 : 4
		add_ln85_1 : 5
	State 3
		zext_ln84 : 1
		icmp_ln84 : 1
		j : 1
		br_ln84 : 2
		add_ln85 : 2
		sext_ln85 : 3
		zext_ln85 : 4
		input_matrix_addr : 5
		input_matrix_load : 6
		sub_ln85_3 : 2
	State 4
		zext_ln85_1 : 1
		output_matrix_addr : 2
		store_ln85 : 3
		empty_116 : 1


============================================================
+ Verbose Summary: Datapath Resource usage 
============================================================

* Functional unit list:
|----------|--------------------|---------|---------|
| Operation|   Functional Unit  |    FF   |   LUT   |
|----------|--------------------|---------|---------|
|          |  sub_ln85_1_fu_119 |    0    |    12   |
|    sub   |   sub_ln85_fu_125  |    0    |    9    |
|          |  sub_ln85_2_fu_147 |    0    |    23   |
|          |  sub_ln85_3_fu_189 |    0    |    15   |
|----------|--------------------|---------|---------|
|          |      i_fu_101      |    0    |    9    |
|    add   |  add_ln85_1_fu_153 |    0    |    23   |
|          |      j_fu_169      |    0    |    9    |
|          |   add_ln85_fu_175  |    0    |    15   |
|----------|--------------------|---------|---------|
|   icmp   |   icmp_ln83_fu_95  |    0    |    8    |
|          |  icmp_ln84_fu_163  |    0    |    8    |
|----------|--------------------|---------|---------|
|          |   zext_ln83_fu_91  |    0    |    0    |
|          | zext_ln85_2_fu_115 |    0    |    0    |
|          | zext_ln85_3_fu_131 |    0    |    0    |
|   zext   | zext_ln85_4_fu_143 |    0    |    0    |
|          |  zext_ln84_fu_159  |    0    |    0    |
|          |  zext_ln85_fu_184  |    0    |    0    |
|          | zext_ln85_1_fu_197 |    0    |    0    |
|----------|--------------------|---------|---------|
|bitconcatenate|    shl_ln_fu_107   |    0    |    0    |
|          |  shl_ln85_1_fu_135 |    0    |    0    |
|----------|--------------------|---------|---------|
|   sext   |  sext_ln85_fu_180  |    0    |    0    |
|          | sext_ln85_1_fu_194 |    0    |    0    |
|----------|--------------------|---------|---------|
|   Total  |                    |    0    |   131   |
|----------|--------------------|---------|---------|

Memories:
N/A

* Register list:
+-------------------------+--------+
|                         |   FF   |
+-------------------------+--------+
|    add_ln85_1_reg_215   |    5   |
|        i_0_reg_69       |    2   |
|        i_reg_205        |    2   |
|input_matrix_addr_reg_228|    4   |
|        j_0_reg_80       |    2   |
|        j_reg_223        |    2   |
|    sub_ln85_1_reg_210   |    5   |
|    sub_ln85_3_reg_233   |    5   |
+-------------------------+--------+
|          Total          |   27   |
+-------------------------+--------+

* Multiplexer (MUX) list: 
|------------------|------|------|------|--------||---------||---------|
|       Comp       |  Pin | Size |  BW  | S x BW ||  Delay  ||   LUT   |
|------------------|------|------|------|--------||---------||---------|
| grp_access_fu_49 |  p0  |   2  |   4  |    8   ||    9    |
|------------------|------|------|------|--------||---------||---------|
|       Total      |      |      |      |    8   ||  0.755  ||    9    |
|------------------|------|------|------|--------||---------||---------|



* Summary:
+-----------+--------+--------+--------+
|           |  Delay |   FF   |   LUT  |
+-----------+--------+--------+--------+
|  Function |    -   |    0   |   131  |
|   Memory  |    -   |    -   |    -   |
|Multiplexer|    0   |    -   |    9   |
|  Register |    -   |   27   |    -   |
+-----------+--------+--------+--------+
|   Total   |    0   |   27   |   140  |
+-----------+--------+--------+--------+
