#-----------------------------------------------------------
# Vivado v2019.1 (64-bit)
# SW Build 2552052 on Fri May 24 14:49:42 MDT 2019
# IP Build 2548770 on Fri May 24 18:01:18 MDT 2019
# Start of session at: Thu May 11 11:51:44 2023
# Process ID: 91532
# Current directory: C:/Users/LTL/Desktop/Zynq-7020-HLS/solution1/impl/ip
# Command line: vivado.exe -notrace -mode batch -source run_ippack.tcl
# Log file: C:/Users/LTL/Desktop/Zynq-7020-HLS/solution1/impl/ip/vivado.log
# Journal file: C:/Users/LTL/Desktop/Zynq-7020-HLS/solution1/impl/ip\vivado.jou
#-----------------------------------------------------------
source run_ippack.tcl -notrace
INFO: [IP_Flow 19-234] Refreshing IP repositories
INFO: [IP_Flow 19-1704] No user IP repositories specified
INFO: [IP_Flow 19-2313] Loaded Vivado IP repository 'D:/Xilinx/Vivado/2019.1/data/ip'.
WARNING: [IP_Flow 19-4832] The IP name 'forw_back_ap_dadd_3_full_dsp_64' you have specified is long. The Windows operating system has path length limitations. It is recommended you use shorter names to reduce the likelihood of issues.
create_ip: Time (s): cpu = 00:00:04 ; elapsed = 00:00:05 . Memory (MB): peak = 401.434 ; gain = 42.273
INFO: [IP_Flow 19-1686] Generating 'Synthesis' target for IP 'forw_back_ap_dadd_3_full_dsp_64'...
INFO: [IP_Flow 19-1686] Generating 'Simulation' target for IP 'forw_back_ap_dadd_3_full_dsp_64'...
WARNING: [IP_Flow 19-4832] The IP name 'forw_back_ap_ddiv_29_no_dsp_64' you have specified is long. The Windows operating system has path length limitations. It is recommended you use shorter names to reduce the likelihood of issues.
INFO: [IP_Flow 19-1686] Generating 'Synthesis' target for IP 'forw_back_ap_ddiv_29_no_dsp_64'...
INFO: [IP_Flow 19-1686] Generating 'Simulation' target for IP 'forw_back_ap_ddiv_29_no_dsp_64'...
WARNING: [IP_Flow 19-4832] The IP name 'forw_back_ap_dexp_16_full_dsp_64' you have specified is long. The Windows operating system has path length limitations. It is recommended you use shorter names to reduce the likelihood of issues.
INFO: [IP_Flow 19-1686] Generating 'Synthesis' target for IP 'forw_back_ap_dexp_16_full_dsp_64'...
INFO: [IP_Flow 19-1686] Generating 'Simulation' target for IP 'forw_back_ap_dexp_16_full_dsp_64'...
WARNING: [IP_Flow 19-4832] The IP name 'forw_back_ap_dmul_4_max_dsp_64' you have specified is long. The Windows operating system has path length limitations. It is recommended you use shorter names to reduce the likelihood of issues.
INFO: [IP_Flow 19-1686] Generating 'Synthesis' target for IP 'forw_back_ap_dmul_4_max_dsp_64'...
INFO: [IP_Flow 19-1686] Generating 'Simulation' target for IP 'forw_back_ap_dmul_4_max_dsp_64'...
WARNING: [IP_Flow 19-4832] The IP name 'forw_back_ap_fadd_3_full_dsp_32' you have specified is long. The Windows operating system has path length limitations. It is recommended you use shorter names to reduce the likelihood of issues.
INFO: [IP_Flow 19-1686] Generating 'Synthesis' target for IP 'forw_back_ap_fadd_3_full_dsp_32'...
INFO: [IP_Flow 19-1686] Generating 'Simulation' target for IP 'forw_back_ap_fadd_3_full_dsp_32'...
WARNING: [IP_Flow 19-4832] The IP name 'forw_back_ap_faddfsub_3_full_dsp_32' you have specified is long. The Windows operating system has path length limitations. It is recommended you use shorter names to reduce the likelihood of issues.
INFO: [IP_Flow 19-1686] Generating 'Synthesis' target for IP 'forw_back_ap_faddfsub_3_full_dsp_32'...
INFO: [IP_Flow 19-1686] Generating 'Simulation' target for IP 'forw_back_ap_faddfsub_3_full_dsp_32'...
WARNING: [IP_Flow 19-4832] The IP name 'forw_back_ap_fcmp_0_no_dsp_32' you have specified is long. The Windows operating system has path length limitations. It is recommended you use shorter names to reduce the likelihood of issues.
INFO: [IP_Flow 19-1686] Generating 'Synthesis' target for IP 'forw_back_ap_fcmp_0_no_dsp_32'...
INFO: [IP_Flow 19-1686] Generating 'Simulation' target for IP 'forw_back_ap_fcmp_0_no_dsp_32'...
WARNING: [IP_Flow 19-4832] The IP name 'forw_back_ap_fmul_2_max_dsp_32' you have specified is long. The Windows operating system has path length limitations. It is recommended you use shorter names to reduce the likelihood of issues.
INFO: [IP_Flow 19-1686] Generating 'Synthesis' target for IP 'forw_back_ap_fmul_2_max_dsp_32'...
INFO: [IP_Flow 19-1686] Generating 'Simulation' target for IP 'forw_back_ap_fmul_2_max_dsp_32'...
WARNING: [IP_Flow 19-4832] The IP name 'forw_back_ap_fpext_0_no_dsp_32' you have specified is long. The Windows operating system has path length limitations. It is recommended you use shorter names to reduce the likelihood of issues.
INFO: [IP_Flow 19-1686] Generating 'Synthesis' target for IP 'forw_back_ap_fpext_0_no_dsp_32'...
INFO: [IP_Flow 19-1686] Generating 'Simulation' target for IP 'forw_back_ap_fpext_0_no_dsp_32'...
WARNING: [IP_Flow 19-4832] The IP name 'forw_back_ap_fptrunc_0_no_dsp_64' you have specified is long. The Windows operating system has path length limitations. It is recommended you use shorter names to reduce the likelihood of issues.
INFO: [IP_Flow 19-1686] Generating 'Synthesis' target for IP 'forw_back_ap_fptrunc_0_no_dsp_64'...
INFO: [IP_Flow 19-1686] Generating 'Simulation' target for IP 'forw_back_ap_fptrunc_0_no_dsp_64'...
WARNING: [IP_Flow 19-4832] The IP name 'forw_back_ap_fsub_3_full_dsp_32' you have specified is long. The Windows operating system has path length limitations. It is recommended you use shorter names to reduce the likelihood of issues.
INFO: [IP_Flow 19-1686] Generating 'Synthesis' target for IP 'forw_back_ap_fsub_3_full_dsp_32'...
INFO: [IP_Flow 19-1686] Generating 'Simulation' target for IP 'forw_back_ap_fsub_3_full_dsp_32'...
WARNING: [IP_Flow 19-4832] The IP name 'forw_back_ap_sitofp_4_no_dsp_32' you have specified is long. The Windows operating system has path length limitations. It is recommended you use shorter names to reduce the likelihood of issues.
INFO: [IP_Flow 19-1686] Generating 'Synthesis' target for IP 'forw_back_ap_sitofp_4_no_dsp_32'...
INFO: [IP_Flow 19-1686] Generating 'Simulation' target for IP 'forw_back_ap_sitofp_4_no_dsp_32'...
INFO: [IP_Flow 19-234] Refreshing IP repositories
INFO: [IP_Flow 19-1704] No user IP repositories specified
INFO: [IP_Flow 19-2313] Loaded Vivado IP repository 'D:/Xilinx/Vivado/2019.1/data/ip'.
INFO: [Common 17-206] Exiting Vivado at Thu May 11 11:52:55 2023...
