

================================================================
== Vivado HLS Report for 'Conv2d_2'
================================================================
* Date:           Fri Oct 28 14:10:13 2022

* Version:        2019.1 (Build 2552052 on Fri May 24 15:28:33 MDT 2019)
* Project:        f_b_1
* Solution:       solution1
* Product family: zynquplus
* Target device:  xczu3eg-sbva484-1-e


================================================================
== Performance Estimates
================================================================
+ Timing (ns): 
    * Summary: 
    +--------+-------+----------+------------+
    |  Clock | Target| Estimated| Uncertainty|
    +--------+-------+----------+------------+
    |ap_clk  |  10.00|     8.507|        1.25|
    +--------+-------+----------+------------+

+ Latency (clock cycles): 
    * Summary: 
    +-----+-----+-----+-----+---------+
    |  Latency  |  Interval | Pipeline|
    | min | max | min | max |   Type  |
    +-----+-----+-----+-----+---------+
    |  388|  388|  388|  388|   none  |
    +-----+-----+-----+-----+---------+

    + Detail: 
        * Instance: 
        N/A

        * Loop: 
        +--------------------+-----+-----+----------+-----------+-----------+------+----------+
        |                    |  Latency  | Iteration|  Initiation Interval  | Trip |          |
        |      Loop Name     | min | max |  Latency |  achieved |   target  | Count| Pipelined|
        +--------------------+-----+-----+----------+-----------+-----------+------+----------+
        |- Loop 1            |  387|  387|        43|          -|          -|     9|    no    |
        | + Conv2d_label0_L  |   40|   40|         9|          4|          1|     9|    yes   |
        +--------------------+-----+-----+----------+-----------+-----------+------+----------+



================================================================
== Utilization Estimates
================================================================
* Summary: 
+-----------------+---------+-------+--------+-------+-----+
|       Name      | BRAM_18K| DSP48E|   FF   |  LUT  | URAM|
+-----------------+---------+-------+--------+-------+-----+
|DSP              |        -|      1|       -|      -|    -|
|Expression       |        -|      -|       0|    260|    -|
|FIFO             |        -|      -|       -|      -|    -|
|Instance         |        -|      5|     355|    352|    -|
|Memory           |        -|      -|       -|      -|    -|
|Multiplexer      |        -|      -|       -|    179|    -|
|Register         |        -|      -|     195|      -|    -|
+-----------------+---------+-------+--------+-------+-----+
|Total            |        0|      6|     550|    791|    0|
+-----------------+---------+-------+--------+-------+-----+
|Available        |      432|    360|  141120|  70560|    0|
+-----------------+---------+-------+--------+-------+-----+
|Utilization (%)  |        0|      1|   ~0   |      1|    0|
+-----------------+---------+-------+--------+-------+-----+

+ Detail: 
    * Instance: 
    +--------------------------+----------------------+---------+-------+-----+-----+-----+
    |         Instance         |        Module        | BRAM_18K| DSP48E|  FF | LUT | URAM|
    +--------------------------+----------------------+---------+-------+-----+-----+-----+
    |forw_back_fadd_32bkb_U70  |forw_back_fadd_32bkb  |        0|      2|  227|  214|    0|
    |forw_back_fmul_32cud_U71  |forw_back_fmul_32cud  |        0|      3|  128|  138|    0|
    +--------------------------+----------------------+---------+-------+-----+-----+-----+
    |Total                     |                      |        0|      5|  355|  352|    0|
    +--------------------------+----------------------+---------+-------+-----+-----+-----+

    * DSP48E: 
    +--------------------------+----------------------+--------------+
    |         Instance         |        Module        |  Expression  |
    +--------------------------+----------------------+--------------+
    |forw_back_mac_mulmb6_U72  |forw_back_mac_mulmb6  | i0 * i1 - i2 |
    +--------------------------+----------------------+--------------+

    * Memory: 
    N/A

    * FIFO: 
    N/A

    * Expression: 
    +---------------------------------+----------+-------+---+----+------------+------------+
    |          Variable Name          | Operation| DSP48E| FF| LUT| Bitwidth P0| Bitwidth P1|
    +---------------------------------+----------+-------+---+----+------------+------------+
    |add_ln31_fu_223_p2               |     +    |      0|  0|  12|           4|           1|
    |add_ln32_fu_492_p2               |     +    |      0|  0|  11|           3|           1|
    |add_ln33_fu_315_p2               |     +    |      0|  0|  15|           5|           5|
    |add_ln34_fu_366_p2               |     +    |      0|  0|  12|           4|           1|
    |add_ln36_2_fu_472_p2             |     +    |      0|  0|  15|           8|           8|
    |add_ln36_fu_457_p2               |     +    |      0|  0|  16|           9|           9|
    |col_8_fu_372_p2                  |     +    |      0|  0|  11|           3|           1|
    |i_fu_229_p2                      |     +    |      0|  0|   9|           2|           1|
    |j_fu_487_p2                      |     +    |      0|  0|   9|           2|           1|
    |row_6_fu_482_p2                  |     +    |      0|  0|  11|           3|           1|
    |sub_ln33_4_fu_289_p2             |     -    |      0|  0|  15|           5|           5|
    |sub_ln33_fu_211_p2               |     -    |      0|  0|  15|           5|           5|
    |sub_ln36_10_fu_354_p2            |     -    |      0|  0|  16|           9|           9|
    |sub_ln36_6_mid2_v_v_2_fu_440_p2  |     -    |      0|  0|  12|           4|           4|
    |sub_ln36_fu_414_p2               |     -    |      0|  0|  16|           9|           9|
    |icmp_ln31_fu_217_p2              |   icmp   |      0|  0|   9|           4|           4|
    |icmp_ln32_fu_235_p2              |   icmp   |      0|  0|   9|           3|           3|
    |icmp_ln34_fu_360_p2              |   icmp   |      0|  0|   9|           4|           4|
    |icmp_ln35_fu_378_p2              |   icmp   |      0|  0|   9|           3|           3|
    |col_cast7_mid2_v_fu_257_p3       |  select  |      0|  0|   2|           1|           2|
    |indvars_iv_mid2_fu_241_p3        |  select  |      0|  0|   3|           1|           2|
    |row_0_mid2_fu_383_p3             |  select  |      0|  0|   3|           1|           3|
    |row_mid2_fu_249_p3               |  select  |      0|  0|   2|           1|           1|
    |sub_ln33_mid2_fu_295_p3          |  select  |      0|  0|   5|           1|           5|
    |sub_ln36_10_mid2_fu_420_p3       |  select  |      0|  0|   9|           1|           9|
    |sub_ln36_6_mid2_v_v_s_fu_428_p3  |  select  |      0|  0|   3|           1|           3|
    |ap_enable_pp0                    |    xor   |      0|  0|   2|           1|           2|
    +---------------------------------+----------+-------+---+----+------------+------------+
    |Total                            |          |      0|  0| 260|          97|         102|
    +---------------------------------+----------+-------+---+----+------------+------------+

    * Multiplexer: 
    +-----------------------------------------+----+-----------+-----+-----------+
    |                   Name                  | LUT| Input Size| Bits| Total Bits|
    +-----------------------------------------+----+-----------+-----+-----------+
    |ap_NS_fsm                                |  41|          8|    1|          8|
    |ap_enable_reg_pp0_iter2                  |   9|          2|    1|          2|
    |ap_phi_mux_col_0_phi_fu_158_p4           |   9|          2|    3|          6|
    |ap_phi_mux_indvar_flatten_phi_fu_148_p4  |   9|          2|    4|          8|
    |ap_phi_mux_row_0_phi_fu_179_p4           |   9|          2|    3|          6|
    |col_0_reg_155                            |   9|          2|    3|          6|
    |col_reg_111                              |   9|          2|    2|          4|
    |empty_reg_164                            |   9|          2|   32|         64|
    |indvar_flatten7_reg_100                  |   9|          2|    4|          8|
    |indvar_flatten_reg_144                   |   9|          2|    4|          8|
    |indvars_iv_reg_122                       |   9|          2|    3|          6|
    |out_matrix_address0                      |  15|          3|    4|         12|
    |out_matrix_d0                            |  15|          3|   32|         96|
    |row_0_reg_176                            |   9|          2|    3|          6|
    |row_reg_133                              |   9|          2|    2|          4|
    +-----------------------------------------+----+-----------+-----+-----------+
    |Total                                    | 179|         38|  101|        244|
    +-----------------------------------------+----+-----------+-----+-----------+

    * Register: 
    +---------------------------------+----+----+-----+-----------+
    |               Name              | FF | LUT| Bits| Const Bits|
    +---------------------------------+----+----+-----+-----------+
    |add_ln31_reg_509                 |   4|   0|    4|          0|
    |add_ln34_reg_560                 |   4|   0|    4|          0|
    |ap_CS_fsm                        |   7|   0|    7|          0|
    |ap_enable_reg_pp0_iter0          |   1|   0|    1|          0|
    |ap_enable_reg_pp0_iter1          |   1|   0|    1|          0|
    |ap_enable_reg_pp0_iter2          |   1|   0|    1|          0|
    |col_0_reg_155                    |   3|   0|    3|          0|
    |col_cast7_mid2_v_reg_525         |   2|   0|    2|          0|
    |col_cast_mid2_reg_535            |   2|   0|    4|          2|
    |col_reg_111                      |   2|   0|    2|          0|
    |conv_out_1_load_reg_585          |  32|   0|   32|          0|
    |empty_reg_164                    |  32|   0|   32|          0|
    |icmp_ln34_reg_556                |   1|   0|    1|          0|
    |icmp_ln34_reg_556_pp0_iter1_reg  |   1|   0|    1|          0|
    |indvar_flatten7_reg_100          |   4|   0|    4|          0|
    |indvar_flatten_reg_144           |   4|   0|    4|          0|
    |indvars_iv_mid2_reg_514          |   3|   0|    3|          0|
    |indvars_iv_reg_122               |   3|   0|    3|          0|
    |kernel_load_reg_590              |  32|   0|   32|          0|
    |out_matrix_addr_reg_551          |   4|   0|    4|          0|
    |row_0_mid2_reg_565               |   3|   0|    3|          0|
    |row_0_reg_176                    |   3|   0|    3|          0|
    |row_6_reg_595                    |   3|   0|    3|          0|
    |row_cast4_reg_540                |   2|   0|    3|          1|
    |row_cast_reg_546                 |   2|   0|    8|          6|
    |row_mid2_reg_520                 |   2|   0|    2|          0|
    |row_reg_133                      |   2|   0|    2|          0|
    |sub_ln36_6_mid2_v_v_s_reg_570    |   3|   0|    3|          0|
    |tmp_reg_600                      |  32|   0|   32|          0|
    +---------------------------------+----+----+-----+-----------+
    |Total                            | 195|   0|  204|          9|
    +---------------------------------+----+----+-----+-----------+



================================================================
== Interface
================================================================
* Summary: 
+---------------------+-----+-----+------------+--------------+--------------+
|      RTL Ports      | Dir | Bits|  Protocol  | Source Object|    C Type    |
+---------------------+-----+-----+------------+--------------+--------------+
|ap_clk               |  in |    1| ap_ctrl_hs |   Conv2d.2   | return value |
|ap_rst               |  in |    1| ap_ctrl_hs |   Conv2d.2   | return value |
|ap_start             |  in |    1| ap_ctrl_hs |   Conv2d.2   | return value |
|ap_done              | out |    1| ap_ctrl_hs |   Conv2d.2   | return value |
|ap_idle              | out |    1| ap_ctrl_hs |   Conv2d.2   | return value |
|ap_ready             | out |    1| ap_ctrl_hs |   Conv2d.2   | return value |
|kernel_address0      | out |   10|  ap_memory |    kernel    |     array    |
|kernel_ce0           | out |    1|  ap_memory |    kernel    |     array    |
|kernel_q0            |  in |   32|  ap_memory |    kernel    |     array    |
|out_matrix_address0  | out |    4|  ap_memory |  out_matrix  |     array    |
|out_matrix_ce0       | out |    1|  ap_memory |  out_matrix  |     array    |
|out_matrix_we0       | out |    1|  ap_memory |  out_matrix  |     array    |
|out_matrix_d0        | out |   32|  ap_memory |  out_matrix  |     array    |
|conv_out_1_address0  | out |   10|  ap_memory |  conv_out_1  |     array    |
|conv_out_1_ce0       | out |    1|  ap_memory |  conv_out_1  |     array    |
|conv_out_1_q0        |  in |   32|  ap_memory |  conv_out_1  |     array    |
+---------------------+-----+-----+------------+--------------+--------------+

