

================================================================
== Vivado HLS Report for 'Conv2d_3'
================================================================
* Date:           Fri Oct 28 14:10:12 2022

* Version:        2019.1 (Build 2552052 on Fri May 24 15:28:33 MDT 2019)
* Project:        f_b_1
* Solution:       solution1
* Product family: zynquplus
* Target device:  xczu3eg-sbva484-1-e


================================================================
== Performance Estimates
================================================================
+ Timing (ns): 
    * Summary: 
    +--------+-------+----------+------------+
    |  Clock | Target| Estimated| Uncertainty|
    +--------+-------+----------+------------+
    |ap_clk  |  10.00|     8.286|        1.25|
    +--------+-------+----------+------------+

+ Latency (clock cycles): 
    * Summary: 
    +-----+-----+-----+-----+---------+
    |  Latency  |  Interval | Pipeline|
    | min | max | min | max |   Type  |
    +-----+-----+-----+-----+---------+
    |    ?|    ?|    ?|    ?|   none  |
    +-----+-----+-----+-----+---------+

    + Detail: 
        * Instance: 
        N/A

        * Loop: 
        +--------------------+-----+-----+----------+-----------+-----------+------+----------+
        |                    |  Latency  | Iteration|  Initiation Interval  | Trip |          |
        |      Loop Name     | min | max |  Latency |  achieved |   target  | Count| Pipelined|
        +--------------------+-----+-----+----------+-----------+-----------+------+----------+
        |- Loop 1            |    ?|    ?|         ?|          -|          -|   676|    no    |
        | + Conv2d_label0_L  |    ?|    ?|        10|          4|          1|     ?|    yes   |
        +--------------------+-----+-----+----------+-----------+-----------+------+----------+



================================================================
== Utilization Estimates
================================================================
* Summary: 
+-----------------+---------+-------+--------+-------+-----+
|       Name      | BRAM_18K| DSP48E|   FF   |  LUT  | URAM|
+-----------------+---------+-------+--------+-------+-----+
|DSP              |        -|      1|       -|      -|    -|
|Expression       |        -|      4|       0|   1494|    -|
|FIFO             |        -|      -|       -|      -|    -|
|Instance         |        -|      5|     355|    352|    -|
|Memory           |        -|      -|       -|      -|    -|
|Multiplexer      |        -|      -|       -|    233|    -|
|Register         |        0|      -|    1036|     32|    -|
+-----------------+---------+-------+--------+-------+-----+
|Total            |        0|     10|    1391|   2111|    0|
+-----------------+---------+-------+--------+-------+-----+
|Available        |      432|    360|  141120|  70560|    0|
+-----------------+---------+-------+--------+-------+-----+
|Utilization (%)  |        0|      2|   ~0   |      2|    0|
+-----------------+---------+-------+--------+-------+-----+

+ Detail: 
    * Instance: 
    +--------------------------+----------------------+---------+-------+-----+-----+-----+
    |         Instance         |        Module        | BRAM_18K| DSP48E|  FF | LUT | URAM|
    +--------------------------+----------------------+---------+-------+-----+-----+-----+
    |forw_back_fadd_32bkb_U64  |forw_back_fadd_32bkb  |        0|      2|  227|  214|    0|
    |forw_back_fmul_32cud_U65  |forw_back_fmul_32cud  |        0|      3|  128|  138|    0|
    +--------------------------+----------------------+---------+-------+-----+-----+-----+
    |Total                     |                      |        0|      5|  355|  352|    0|
    +--------------------------+----------------------+---------+-------+-----+-----+-----+

    * DSP48E: 
    +--------------------------+----------------------+--------------+
    |         Instance         |        Module        |  Expression  |
    +--------------------------+----------------------+--------------+
    |forw_back_mac_muldEe_U66  |forw_back_mac_muldEe  | i0 * i1 + i2 |
    +--------------------------+----------------------+--------------+

    * Memory: 
    N/A

    * FIFO: 
    N/A

    * Expression: 
    +--------------------------+----------+-------+---+----+------------+------------+
    |       Variable Name      | Operation| DSP48E| FF| LUT| Bitwidth P0| Bitwidth P1|
    +--------------------------+----------+-------+---+----+------------+------------+
    |mul_ln33_fu_459_p2        |     *    |      4|  0|  20|          32|          32|
    |add_ln3177_fu_355_p2      |     +    |      0|  0|  39|          32|          32|
    |add_ln31_18_fu_265_p2     |     +    |      0|  0|  39|          32|           1|
    |add_ln31_19_fu_271_p2     |     +    |      0|  0|  39|          32|           1|
    |add_ln31_20_fu_277_p2     |     +    |      0|  0|  39|          32|           2|
    |add_ln31_21_fu_335_p2     |     +    |      0|  0|  39|          32|          32|
    |add_ln31_fu_253_p2        |     +    |      0|  0|  17|          10|           1|
    |add_ln32_15_fu_625_p2     |     +    |      0|  0|  39|          32|           1|
    |add_ln32_16_fu_630_p2     |     +    |      0|  0|  39|          32|           1|
    |add_ln32_17_fu_635_p2     |     +    |      0|  0|  39|          32|           2|
    |add_ln32_fu_423_p2        |     +    |      0|  0|  39|          32|          32|
    |add_ln34_fu_505_p2        |     +    |      0|  0|  71|           1|          64|
    |add_ln35_fu_441_p2        |     +    |      0|  0|  15|           5|           2|
    |add_ln36_2_fu_604_p2      |     +    |      0|  0|  23|          32|          32|
    |add_ln36_fu_593_p2        |     +    |      0|  0|  39|          32|          32|
    |col_7_fu_511_p2           |     +    |      0|  0|  39|           1|          32|
    |i_fu_259_p2               |     +    |      0|  0|  15|           5|           1|
    |j_fu_620_p2               |     +    |      0|  0|  15|           5|           1|
    |row_5_fu_615_p2           |     +    |      0|  0|  39|           1|          32|
    |sub_ln35_fu_580_p2        |     -    |      0|  0|  23|          32|          32|
    |sub_ln36_14_fu_541_p2     |     -    |      0|  0|  39|          32|          32|
    |sub_ln36_15_fu_555_p2     |     -    |      0|  0|  39|          32|          32|
    |sub_ln36_16_fu_566_p2     |     -    |      0|  0|  39|          32|          32|
    |sub_ln36_8_fu_477_p2      |     -    |      0|  0|  39|          32|          32|
    |sub_ln36_9_fu_494_p2      |     -    |      0|  0|  39|          32|          32|
    |sub_ln36_fu_483_p2        |     -    |      0|  0|  39|          32|          32|
    |icmp_ln31_6_fu_321_p2     |   icmp   |      0|  0|  20|          32|          32|
    |icmp_ln31_7_fu_341_p2     |   icmp   |      0|  0|  20|          32|          32|
    |icmp_ln31_fu_247_p2       |   icmp   |      0|  0|  13|          10|          10|
    |icmp_ln32_4_fu_409_p2     |   icmp   |      0|  0|  20|          32|          32|
    |icmp_ln32_fu_283_p2       |   icmp   |      0|  0|  11|           5|           4|
    |icmp_ln34_fu_500_p2       |   icmp   |      0|  0|  29|          64|          64|
    |icmp_ln35_fu_517_p2       |   icmp   |      0|  0|  20|          32|          32|
    |select_ln3178_fu_347_p3   |  select  |      0|  0|  32|           1|          32|
    |select_ln31_30_fu_297_p3  |  select  |      0|  0|  32|           1|           1|
    |select_ln31_31_fu_305_p3  |  select  |      0|  0|  32|           1|           2|
    |select_ln31_32_fu_313_p3  |  select  |      0|  0|   5|           1|           1|
    |select_ln31_33_fu_327_p3  |  select  |      0|  0|  32|           1|          32|
    |select_ln31_34_fu_361_p3  |  select  |      0|  0|  32|           1|          32|
    |select_ln31_35_fu_369_p3  |  select  |      0|  0|   5|           1|           5|
    |select_ln31_36_fu_385_p3  |  select  |      0|  0|  32|           1|          32|
    |select_ln31_37_fu_393_p3  |  select  |      0|  0|  32|           1|          32|
    |select_ln31_38_fu_401_p3  |  select  |      0|  0|  32|           1|          32|
    |select_ln31_fu_289_p3     |  select  |      0|  0|  32|           1|           1|
    |select_ln32_fu_415_p3     |  select  |      0|  0|  32|           1|          32|
    |select_ln34_fu_585_p3     |  select  |      0|  0|  32|           1|          32|
    |select_ln35_7_fu_547_p3   |  select  |      0|  0|  32|           1|          32|
    |select_ln35_8_fu_572_p3   |  select  |      0|  0|  32|           1|          32|
    |select_ln35_fu_522_p3     |  select  |      0|  0|  32|           1|          32|
    |ap_enable_pp0             |    xor   |      0|  0|   2|           1|           2|
    +--------------------------+----------+-------+---+----+------------+------------+
    |Total                     |          |      4|  0|1494|         860|        1127|
    +--------------------------+----------+-------+---+----+------------+------------+

    * Multiplexer: 
    +-----------------------------------------+----+-----------+-----+-----------+
    |                   Name                  | LUT| Input Size| Bits| Total Bits|
    +-----------------------------------------+----+-----------+-----+-----------+
    |ap_NS_fsm                                |  41|          8|    1|          8|
    |ap_enable_reg_pp0_iter2                  |   9|          2|    1|          2|
    |ap_phi_mux_col_0_phi_fu_211_p4           |   9|          2|   32|         64|
    |ap_phi_mux_empty_phi_fu_221_p4           |   9|          2|   32|         64|
    |ap_phi_mux_indvar_flatten_phi_fu_201_p4  |   9|          2|   64|        128|
    |ap_phi_mux_row_0_phi_fu_232_p4           |   9|          2|   32|         64|
    |col_0_reg_208                            |   9|          2|   32|         64|
    |col_reg_142                              |   9|          2|    5|         10|
    |empty_reg_217                            |   9|          2|   32|         64|
    |indvar_flatten42_reg_98                  |   9|          2|   10|         20|
    |indvar_flatten_reg_197                   |   9|          2|   64|        128|
    |indvars_iv12_reg_131                     |   9|          2|   32|         64|
    |indvars_iv19_reg_175                     |   9|          2|   32|         64|
    |out_matrix_address0                      |  15|          3|   10|         30|
    |out_matrix_d0                            |  15|          3|   32|         96|
    |phi_ln31_4_reg_120                       |   9|          2|   32|         64|
    |phi_ln31_reg_109                         |   9|          2|   32|         64|
    |phi_ln32_4_reg_164                       |   9|          2|   32|         64|
    |phi_ln32_reg_153                         |   9|          2|   32|         64|
    |row_0_reg_229                            |   9|          2|   32|         64|
    |row_reg_186                              |   9|          2|    5|         10|
    +-----------------------------------------+----+-----------+-----+-----------+
    |Total                                    | 233|         50|  576|       1200|
    +-----------------------------------------+----+-----------+-----+-----------+

    * Register: 
    +---------------------------+----+----+-----+-----------+
    |            Name           | FF | LUT| Bits| Const Bits|
    +---------------------------+----+----+-----+-----------+
    |add_ln31_reg_653           |  10|   0|   10|          0|
    |add_ln34_reg_731           |  64|   0|   64|          0|
    |ap_CS_fsm                  |   7|   0|    7|          0|
    |ap_enable_reg_pp0_iter0    |   1|   0|    1|          0|
    |ap_enable_reg_pp0_iter1    |   1|   0|    1|          0|
    |ap_enable_reg_pp0_iter2    |   1|   0|    1|          0|
    |col_0_reg_208              |  32|   0|   32|          0|
    |col_reg_142                |   5|   0|    5|          0|
    |empty_reg_217              |  32|   0|   32|          0|
    |icmp_ln34_reg_727          |   1|   0|    1|          0|
    |indvar_flatten42_reg_98    |  10|   0|   10|          0|
    |indvar_flatten_reg_197     |  64|   0|   64|          0|
    |indvars_iv12_reg_131       |  32|   0|   32|          0|
    |indvars_iv19_reg_175       |  32|   0|   32|          0|
    |input_matrix_load_reg_756  |  32|   0|   32|          0|
    |kernel_load_reg_761        |  32|   0|   32|          0|
    |mul_ln33_reg_722           |  64|   0|   64|          0|
    |out_matrix_addr_reg_712    |  10|   0|   10|          0|
    |phi_ln31_4_reg_120         |  32|   0|   32|          0|
    |phi_ln31_reg_109           |  32|   0|   32|          0|
    |phi_ln32_4_reg_164         |  32|   0|   32|          0|
    |phi_ln32_reg_153           |  32|   0|   32|          0|
    |row_0_reg_229              |  32|   0|   32|          0|
    |row_5_reg_766              |  32|   0|   32|          0|
    |row_cast_reg_705           |   5|   0|   32|         27|
    |row_reg_186                |   5|   0|    5|          0|
    |select_ln31_30_reg_663     |  32|   0|   32|          0|
    |select_ln31_31_reg_668     |  32|   0|   32|          0|
    |select_ln31_32_reg_673     |   5|   0|    5|          0|
    |select_ln31_35_reg_678     |   5|   0|    5|          0|
    |select_ln31_36_reg_690     |  32|   0|   32|          0|
    |select_ln31_37_reg_695     |  32|   0|   32|          0|
    |select_ln31_38_reg_700     |  32|   0|   32|          0|
    |select_ln31_reg_658        |  32|   0|   32|          0|
    |select_ln34_reg_741        |  32|   0|   32|          0|
    |select_ln35_reg_736        |  32|   0|   32|          0|
    |tmp_reg_771                |  32|   0|   32|          0|
    |tmp_s_reg_776              |  32|   0|   32|          0|
    |zext_ln31_reg_683          |   5|   0|   32|         27|
    |zext_ln35_reg_717          |   5|   0|   32|         27|
    |icmp_ln34_reg_727          |  64|  32|    1|          0|
    +---------------------------+----+----+-----+-----------+
    |Total                      |1036|  32| 1054|         81|
    +---------------------------+----+----+-----+-----------+



================================================================
== Interface
================================================================
* Summary: 
+-----------------------+-----+-----+------------+--------------+--------------+
|       RTL Ports       | Dir | Bits|  Protocol  | Source Object|    C Type    |
+-----------------------+-----+-----+------------+--------------+--------------+
|ap_clk                 |  in |    1| ap_ctrl_hs |   Conv2d.3   | return value |
|ap_rst                 |  in |    1| ap_ctrl_hs |   Conv2d.3   | return value |
|ap_start               |  in |    1| ap_ctrl_hs |   Conv2d.3   | return value |
|ap_done                | out |    1| ap_ctrl_hs |   Conv2d.3   | return value |
|ap_idle                | out |    1| ap_ctrl_hs |   Conv2d.3   | return value |
|ap_ready               | out |    1| ap_ctrl_hs |   Conv2d.3   | return value |
|input_matrix_address0  | out |   10|  ap_memory | input_matrix |     array    |
|input_matrix_ce0       | out |    1|  ap_memory | input_matrix |     array    |
|input_matrix_q0        |  in |   32|  ap_memory | input_matrix |     array    |
|kernel_address0        | out |    4|  ap_memory |    kernel    |     array    |
|kernel_ce0             | out |    1|  ap_memory |    kernel    |     array    |
|kernel_q0              |  in |   32|  ap_memory |    kernel    |     array    |
|out_matrix_address0    | out |   10|  ap_memory |  out_matrix  |     array    |
|out_matrix_ce0         | out |    1|  ap_memory |  out_matrix  |     array    |
|out_matrix_we0         | out |    1|  ap_memory |  out_matrix  |     array    |
|out_matrix_d0          | out |   32|  ap_memory |  out_matrix  |     array    |
+-----------------------+-----+-----+------------+--------------+--------------+

