

================================================================
== Vivado HLS Report for 'OverturnKernel'
================================================================
* Date:           Fri Oct 28 14:10:11 2022

* Version:        2019.1 (Build 2552052 on Fri May 24 15:28:33 MDT 2019)
* Project:        f_b_1
* Solution:       solution1
* Product family: zynquplus
* Target device:  xczu3eg-sbva484-1-e


================================================================
== Performance Estimates
================================================================
+ Timing (ns): 
    * Summary: 
    +--------+-------+----------+------------+
    |  Clock | Target| Estimated| Uncertainty|
    +--------+-------+----------+------------+
    |ap_clk  |  10.00|     1.668|        1.25|
    +--------+-------+----------+------------+

+ Latency (clock cycles): 
    * Summary: 
    +-----+-----+-----+-----+---------+
    |  Latency  |  Interval | Pipeline|
    | min | max | min | max |   Type  |
    +-----+-----+-----+-----+---------+
    |   25|   25|   25|   25|   none  |
    +-----+-----+-----+-----+---------+

    + Detail: 
        * Instance: 
        N/A

        * Loop: 
        +--------------------------+-----+-----+----------+-----------+-----------+------+----------+
        |                          |  Latency  | Iteration|  Initiation Interval  | Trip |          |
        |         Loop Name        | min | max |  Latency |  achieved |   target  | Count| Pipelined|
        +--------------------------+-----+-----+----------+-----------+-----------+------+----------+
        |- Loop 1                  |   24|   24|         8|          -|          -|     3|    no    |
        | + OverturnKernel_label4  |    6|    6|         2|          -|          -|     3|    no    |
        +--------------------------+-----+-----+----------+-----------+-----------+------+----------+



================================================================
== Utilization Estimates
================================================================
* Summary: 
+-----------------+---------+-------+--------+-------+-----+
|       Name      | BRAM_18K| DSP48E|   FF   |  LUT  | URAM|
+-----------------+---------+-------+--------+-------+-----+
|DSP              |        -|      -|       -|      -|    -|
|Expression       |        -|      -|       0|    136|    -|
|FIFO             |        -|      -|       -|      -|    -|
|Instance         |        -|      -|       -|      -|    -|
|Memory           |        -|      -|       -|      -|    -|
|Multiplexer      |        -|      -|       -|     45|    -|
|Register         |        -|      -|      27|      -|    -|
+-----------------+---------+-------+--------+-------+-----+
|Total            |        0|      0|      27|    181|    0|
+-----------------+---------+-------+--------+-------+-----+
|Available        |      432|    360|  141120|  70560|    0|
+-----------------+---------+-------+--------+-------+-----+
|Utilization (%)  |        0|      0|   ~0   |   ~0  |    0|
+-----------------+---------+-------+--------+-------+-----+

+ Detail: 
    * Instance: 
    N/A

    * DSP48E: 
    N/A

    * Memory: 
    N/A

    * FIFO: 
    N/A

    * Expression: 
    +----------------------+----------+-------+---+----+------------+------------+
    |     Variable Name    | Operation| DSP48E| FF| LUT| Bitwidth P0| Bitwidth P1|
    +----------------------+----------+-------+---+----+------------+------------+
    |add_ln85_1_fu_153_p2  |     +    |      0|  0|  23|           5|           2|
    |add_ln85_fu_175_p2    |     +    |      0|  0|  15|           5|           5|
    |i_fu_101_p2           |     +    |      0|  0|   9|           2|           1|
    |j_fu_169_p2           |     +    |      0|  0|   9|           2|           1|
    |sub_ln85_1_fu_119_p2  |     -    |      0|  0|  15|           5|           5|
    |sub_ln85_2_fu_147_p2  |     -    |      0|  0|  23|           5|           5|
    |sub_ln85_3_fu_189_p2  |     -    |      0|  0|  15|           5|           5|
    |sub_ln85_fu_125_p2    |     -    |      0|  0|  11|           3|           2|
    |icmp_ln83_fu_95_p2    |   icmp   |      0|  0|   8|           2|           2|
    |icmp_ln84_fu_163_p2   |   icmp   |      0|  0|   8|           2|           2|
    +----------------------+----------+-------+---+----+------------+------------+
    |Total                 |          |      0|  0| 136|          36|          30|
    +----------------------+----------+-------+---+----+------------+------------+

    * Multiplexer: 
    +------------+----+-----------+-----+-----------+
    |    Name    | LUT| Input Size| Bits| Total Bits|
    +------------+----+-----------+-----+-----------+
    |ap_NS_fsm   |  27|          5|    1|          5|
    |i_0_reg_69  |   9|          2|    2|          4|
    |j_0_reg_80  |   9|          2|    2|          4|
    +------------+----+-----------+-----+-----------+
    |Total       |  45|          9|    5|         13|
    +------------+----+-----------+-----+-----------+

    * Register: 
    +--------------------+---+----+-----+-----------+
    |        Name        | FF| LUT| Bits| Const Bits|
    +--------------------+---+----+-----+-----------+
    |add_ln85_1_reg_215  |  5|   0|    5|          0|
    |ap_CS_fsm           |  4|   0|    4|          0|
    |i_0_reg_69          |  2|   0|    2|          0|
    |i_reg_205           |  2|   0|    2|          0|
    |j_0_reg_80          |  2|   0|    2|          0|
    |j_reg_223           |  2|   0|    2|          0|
    |sub_ln85_1_reg_210  |  5|   0|    5|          0|
    |sub_ln85_3_reg_233  |  5|   0|    5|          0|
    +--------------------+---+----+-----+-----------+
    |Total               | 27|   0|   27|          0|
    +--------------------+---+----+-----+-----------+



================================================================
== Interface
================================================================
* Summary: 
+------------------------+-----+-----+------------+----------------+--------------+
|        RTL Ports       | Dir | Bits|  Protocol  |  Source Object |    C Type    |
+------------------------+-----+-----+------------+----------------+--------------+
|ap_clk                  |  in |    1| ap_ctrl_hs | OverturnKernel | return value |
|ap_rst                  |  in |    1| ap_ctrl_hs | OverturnKernel | return value |
|ap_start                |  in |    1| ap_ctrl_hs | OverturnKernel | return value |
|ap_done                 | out |    1| ap_ctrl_hs | OverturnKernel | return value |
|ap_idle                 | out |    1| ap_ctrl_hs | OverturnKernel | return value |
|ap_ready                | out |    1| ap_ctrl_hs | OverturnKernel | return value |
|input_matrix_address0   | out |    4|  ap_memory |  input_matrix  |     array    |
|input_matrix_ce0        | out |    1|  ap_memory |  input_matrix  |     array    |
|input_matrix_q0         |  in |   32|  ap_memory |  input_matrix  |     array    |
|output_matrix_address0  | out |    4|  ap_memory |  output_matrix |     array    |
|output_matrix_ce0       | out |    1|  ap_memory |  output_matrix |     array    |
|output_matrix_we0       | out |    1|  ap_memory |  output_matrix |     array    |
|output_matrix_d0        | out |   32|  ap_memory |  output_matrix |     array    |
+------------------------+-----+-----+------------+----------------+--------------+

