

================================================================
== Vivado HLS Report for 'Padding'
================================================================
* Date:           Fri Oct 28 14:10:13 2022

* Version:        2019.1 (Build 2552052 on Fri May 24 15:28:33 MDT 2019)
* Project:        f_b_1
* Solution:       solution1
* Product family: zynquplus
* Target device:  xczu3eg-sbva484-1-e


================================================================
== Performance Estimates
================================================================
+ Timing (ns): 
    * Summary: 
    +--------+-------+----------+------------+
    |  Clock | Target| Estimated| Uncertainty|
    +--------+-------+----------+------------+
    |ap_clk  |  10.00|     5.064|        1.25|
    +--------+-------+----------+------------+

+ Latency (clock cycles): 
    * Summary: 
    +-----+-----+-----+-----+---------+
    |  Latency  |  Interval | Pipeline|
    | min | max | min | max |   Type  |
    +-----+-----+-----+-----+---------+
    |  902|  902|  902|  902|   none  |
    +-----+-----+-----+-----+---------+

    + Detail: 
        * Instance: 
        N/A

        * Loop: 
        +--------------------+-----+-----+----------+-----------+-----------+------+----------+
        |                    |  Latency  | Iteration|  Initiation Interval  | Trip |          |
        |      Loop Name     | min | max |  Latency |  achieved |   target  | Count| Pipelined|
        +--------------------+-----+-----+----------+-----------+-----------+------+----------+
        |- Padding_label5_L  |  900|  900|         2|          1|          1|   900|    yes   |
        +--------------------+-----+-----+----------+-----------+-----------+------+----------+



================================================================
== Utilization Estimates
================================================================
* Summary: 
+-----------------+---------+-------+--------+-------+-----+
|       Name      | BRAM_18K| DSP48E|   FF   |  LUT  | URAM|
+-----------------+---------+-------+--------+-------+-----+
|DSP              |        -|      -|       -|      -|    -|
|Expression       |        -|      0|       0|    294|    -|
|FIFO             |        -|      -|       -|      -|    -|
|Instance         |        -|      -|       -|      -|    -|
|Memory           |        -|      -|       -|      -|    -|
|Multiplexer      |        -|      -|       -|     72|    -|
|Register         |        -|      -|      43|      -|    -|
+-----------------+---------+-------+--------+-------+-----+
|Total            |        0|      0|      43|    366|    0|
+-----------------+---------+-------+--------+-------+-----+
|Available        |      432|    360|  141120|  70560|    0|
+-----------------+---------+-------+--------+-------+-----+
|Utilization (%)  |        0|      0|   ~0   |   ~0  |    0|
+-----------------+---------+-------+--------+-------+-----+

+ Detail: 
    * Instance: 
    N/A

    * DSP48E: 
    N/A

    * Memory: 
    N/A

    * FIFO: 
    N/A

    * Expression: 
    +-------------------------+----------+-------+---+----+------------+------------+
    |      Variable Name      | Operation| DSP48E| FF| LUT| Bitwidth P0| Bitwidth P1|
    +-------------------------+----------+-------+---+----+------------+------------+
    |mul_ln92_fu_283_p2       |     *    |      0|  0|  17|           5|           5|
    |add_ln89_fu_193_p2       |     +    |      0|  0|  17|          10|           1|
    |add_ln92_2_fu_394_p2     |     +    |      0|  0|  17|          10|          10|
    |add_ln92_3_fu_405_p2     |     +    |      0|  0|  18|          11|          11|
    |add_ln92_fu_376_p2       |     +    |      0|  0|  15|           7|           7|
    |add_ln94_fu_357_p2       |     +    |      0|  0|  18|          11|          11|
    |i_fu_199_p2              |     +    |      0|  0|  15|           5|           1|
    |j_fu_411_p2              |     +    |      0|  0|  15|           5|           1|
    |sub_ln94_2_fu_243_p2     |     -    |      0|  0|  18|          11|          11|
    |sub_ln94_fu_159_p2       |     -    |      0|  0|  18|          11|          11|
    |and_ln91_2_fu_351_p2     |    and   |      0|  0|   2|           1|           1|
    |and_ln91_3_fu_345_p2     |    and   |      0|  0|   2|           1|           1|
    |and_ln91_fu_339_p2       |    and   |      0|  0|   2|           1|           1|
    |icmp_ln89_fu_187_p2      |   icmp   |      0|  0|  13|          10|           8|
    |icmp_ln90_fu_205_p2      |   icmp   |      0|  0|  11|           5|           3|
    |icmp_ln91_1_fu_165_p2    |   icmp   |      0|  0|  11|           5|           4|
    |icmp_ln91_3_fu_333_p2    |   icmp   |      0|  0|  11|           5|           4|
    |icmp_ln91_6_fu_257_p2    |   icmp   |      0|  0|  11|           5|           4|
    |icmp_ln91_7_fu_299_p2    |   icmp   |      0|  0|   9|           4|           1|
    |icmp_ln91_8_fu_327_p2    |   icmp   |      0|  0|   9|           4|           1|
    |icmp_ln91_fu_181_p2      |   icmp   |      0|  0|   9|           4|           1|
    |select_ln92_1_fu_249_p3  |  select  |      0|  0|  11|           1|          11|
    |select_ln92_2_fu_263_p3  |  select  |      0|  0|   2|           1|           1|
    |select_ln92_3_fu_271_p3  |  select  |      0|  0|   5|           1|           5|
    |select_ln92_4_fu_305_p3  |  select  |      0|  0|   2|           1|           1|
    |select_ln92_5_fu_382_p3  |  select  |      0|  0|   7|           1|           7|
    |select_ln92_fu_211_p3    |  select  |      0|  0|   5|           1|           1|
    |ap_enable_pp0            |    xor   |      0|  0|   2|           1|           2|
    |ap_enable_reg_pp0_iter1  |    xor   |      0|  0|   2|           2|           1|
    +-------------------------+----------+-------+---+----+------------+------------+
    |Total                    |          |      0|  0| 294|         140|         127|
    +-------------------------+----------+-------+---+----+------------+------------+

    * Multiplexer: 
    +------------------------------+----+-----------+-----+-----------+
    |             Name             | LUT| Input Size| Bits| Total Bits|
    +------------------------------+----+-----------+-----+-----------+
    |ap_NS_fsm                     |  21|          4|    1|          4|
    |ap_enable_reg_pp0_iter1       |  15|          3|    1|          3|
    |ap_phi_mux_i_0_phi_fu_117_p4  |   9|          2|    5|         10|
    |i_0_reg_113                   |   9|          2|    5|         10|
    |indvar_flatten_reg_102        |   9|          2|   10|         20|
    |j_0_reg_124                   |   9|          2|    5|         10|
    +------------------------------+----+-----------+-----+-----------+
    |Total                         |  72|         15|   27|         57|
    +------------------------------+----+-----------+-----+-----------+

    * Register: 
    +-------------------------+----+----+-----+-----------+
    |           Name          | FF | LUT| Bits| Const Bits|
    +-------------------------+----+----+-----+-----------+
    |add_ln92_3_reg_444       |  11|   0|   11|          0|
    |and_ln91_2_reg_435       |   1|   0|    1|          0|
    |ap_CS_fsm                |   3|   0|    3|          0|
    |ap_enable_reg_pp0_iter0  |   1|   0|    1|          0|
    |ap_enable_reg_pp0_iter1  |   1|   0|    1|          0|
    |i_0_reg_113              |   5|   0|    5|          0|
    |icmp_ln89_reg_421        |   1|   0|    1|          0|
    |indvar_flatten_reg_102   |  10|   0|   10|          0|
    |j_0_reg_124              |   5|   0|    5|          0|
    |select_ln92_3_reg_430    |   5|   0|    5|          0|
    +-------------------------+----+----+-----+-----------+
    |Total                    |  43|   0|   43|          0|
    +-------------------------+----+----+-----+-----------+



================================================================
== Interface
================================================================
* Summary: 
+------------------------+-----+-----+------------+---------------+--------------+
|        RTL Ports       | Dir | Bits|  Protocol  | Source Object |    C Type    |
+------------------------+-----+-----+------------+---------------+--------------+
|ap_clk                  |  in |    1| ap_ctrl_hs |    Padding    | return value |
|ap_rst                  |  in |    1| ap_ctrl_hs |    Padding    | return value |
|ap_start                |  in |    1| ap_ctrl_hs |    Padding    | return value |
|ap_done                 | out |    1| ap_ctrl_hs |    Padding    | return value |
|ap_idle                 | out |    1| ap_ctrl_hs |    Padding    | return value |
|ap_ready                | out |    1| ap_ctrl_hs |    Padding    | return value |
|input_matrix_address0   | out |   10|  ap_memory |  input_matrix |     array    |
|input_matrix_ce0        | out |    1|  ap_memory |  input_matrix |     array    |
|input_matrix_q0         |  in |   32|  ap_memory |  input_matrix |     array    |
|output_matrix_address0  | out |   10|  ap_memory | output_matrix |     array    |
|output_matrix_ce0       | out |    1|  ap_memory | output_matrix |     array    |
|output_matrix_we0       | out |    1|  ap_memory | output_matrix |     array    |
|output_matrix_d0        | out |   32|  ap_memory | output_matrix |     array    |
|output_matrix_address1  | out |   10|  ap_memory | output_matrix |     array    |
|output_matrix_ce1       | out |    1|  ap_memory | output_matrix |     array    |
|output_matrix_we1       | out |    1|  ap_memory | output_matrix |     array    |
|output_matrix_d1        | out |   32|  ap_memory | output_matrix |     array    |
+------------------------+-----+-----+------------+---------------+--------------+

