

================================================================
== Vivado HLS Report for 'backward'
================================================================
* Date:           Thu May 11 11:35:02 2023

* Version:        2019.1 (Build 2552052 on Fri May 24 15:28:33 MDT 2019)
* Project:        Zynq-7020-HLS
* Solution:       solution1
* Product family: zynq
* Target device:  xc7z020-clg484-1


================================================================
== Performance Estimates
================================================================
+ Timing (ns): 
    * Summary: 
    +--------+-------+----------+------------+
    |  Clock | Target| Estimated| Uncertainty|
    +--------+-------+----------+------------+
    |ap_clk  |  10.00|     9.195|        1.25|
    +--------+-------+----------+------------+

+ Latency (clock cycles): 
    * Summary: 
    +-----+-----+-----+-----+---------+
    |  Latency  |  Interval | Pipeline|
    | min | max | min | max |   Type  |
    +-----+-----+-----+-----+---------+
    |    ?|    ?|    ?|    ?|   none  |
    +-----+-----+-----+-----+---------+

    + Detail: 
        * Instance: 
        +-----------------------------------+------------------------+------+------+------+------+---------+
        |                                   |                        |   Latency   |   Interval  | Pipeline|
        |              Instance             |         Module         |  min |  max |  min |  max |   Type  |
        +-----------------------------------+------------------------+------+------+------+------+---------+
        |grp_Conv2d_1_fu_685                |Conv2d_1                |     ?|     ?|     ?|     ?|   none  |
        |grp_Conv2d_fu_692                  |Conv2d                  |  1051|  1051|  1051|  1051|   none  |
        |grp_Conv2d_2_fu_700                |Conv2d_2                |  1051|  1051|  1051|  1051|   none  |
        |grp_MatrixBackPropagatio_fu_708    |MatrixBackPropagatio    |   106|   106|   106|   106|   none  |
        |grp_MaxPooBackPropagatio_1_fu_717  |MaxPooBackPropagatio_1  |  1654|  1654|  1654|  1654|   none  |
        |grp_MaxPooBackPropagatio_fu_725    |MaxPooBackPropagatio    |   326|   326|   326|   326|   none  |
        |grp_Padding_fu_733                 |Padding                 |   545|   545|   545|   545|   none  |
        +-----------------------------------+------------------------+------+------+------+------+---------+

        * Loop: 
        +-------------+------+------+----------+-----------+-----------+------+----------+
        |             |   Latency   | Iteration|  Initiation Interval  | Trip |          |
        |  Loop Name  |  min |  max |  Latency |  achieved |   target  | Count| Pipelined|
        +-------------+------+------+----------+-----------+-----------+------+----------+
        |- Loop 1     |    20|    20|         2|          -|          -|    10|    no    |
        |- Loop 2     |  1260|  1260|        63|          -|          -|    20|    no    |
        | + Loop 2.1  |    60|    60|         6|          -|          -|    10|    no    |
        |- Loop 3     |  2440|  2440|       122|          -|          -|    20|    no    |
        | + Loop 3.1  |   120|   120|        12|          -|          -|    10|    no    |
        |- Loop 4     |    80|   240|  4 ~ 12  |          -|          -|    20|    no    |
        |- Loop 5     |  4428|  4428|       123|          -|          -|    36|    no    |
        | + Loop 5.1  |   120|   120|         6|          -|          -|    20|    no    |
        |- Loop 6     |  8712|  8712|       242|          -|          -|    36|    no    |
        | + Loop 6.1  |   240|   240|        12|          -|          -|    20|    no    |
        |- Loop 7     |    24|    24|         8|          -|          -|     3|    no    |
        | + Loop 7.1  |     6|     6|         2|          -|          -|     3|    no    |
        |- Loop 8     |  8712|  8712|       242|          -|          -|    36|    no    |
        | + Loop 8.1  |   240|   240|        12|          -|          -|    20|    no    |
        |- Loop 9     |  2440|  2440|       122|          -|          -|    20|    no    |
        | + Loop 9.1  |   120|   120|        12|          -|          -|    10|    no    |
        +-------------+------+------+----------+-----------+-----------+------+----------+



================================================================
== Utilization Estimates
================================================================
* Summary: 
+-----------------+---------+-------+--------+-------+-----+
|       Name      | BRAM_18K| DSP48E|   FF   |  LUT  | URAM|
+-----------------+---------+-------+--------+-------+-----+
|DSP              |        -|      -|       -|      -|    -|
|Expression       |        -|      -|       0|    689|    -|
|FIFO             |        -|      -|       -|      -|    -|
|Instance         |        -|     36|    3760|   7907|    -|
|Memory           |        9|      -|     384|     40|    0|
|Multiplexer      |        -|      -|       -|   1407|    -|
|Register         |        -|      -|     981|      -|    -|
+-----------------+---------+-------+--------+-------+-----+
|Total            |        9|     36|    5125|  10043|    0|
+-----------------+---------+-------+--------+-------+-----+
|Available        |      280|    220|  106400|  53200|    0|
+-----------------+---------+-------+--------+-------+-----+
|Utilization (%)  |        3|     16|       4|     18|    0|
+-----------------+---------+-------+--------+-------+-----+

+ Detail: 
    * Instance: 
    +-----------------------------------+------------------------+---------+-------+-----+------+-----+
    |              Instance             |         Module         | BRAM_18K| DSP48E|  FF |  LUT | URAM|
    +-----------------------------------+------------------------+---------+-------+-----+------+-----+
    |grp_Conv2d_fu_692                  |Conv2d                  |        0|      5|  613|  1106|    0|
    |grp_Conv2d_1_fu_685                |Conv2d_1                |        0|      5|  762|  1231|    0|
    |grp_Conv2d_2_fu_700                |Conv2d_2                |        0|      5|  611|  1106|    0|
    |grp_MatrixBackPropagatio_fu_708    |MatrixBackPropagatio    |        0|      5|  474|   854|    0|
    |grp_MaxPooBackPropagatio_fu_725    |MaxPooBackPropagatio    |        0|      0|  142|   714|    0|
    |grp_MaxPooBackPropagatio_1_fu_717  |MaxPooBackPropagatio_1  |        0|      0|  153|   720|    0|
    |grp_Padding_fu_733                 |Padding                 |        0|      0|   46|   233|    0|
    |forw_back_dmul_64jbC_U90           |forw_back_dmul_64jbC    |        0|     11|  317|   578|    0|
    |forw_back_faddfsuudo_U85           |forw_back_faddfsuudo    |        0|      2|  205|   390|    0|
    |forw_back_fcmp_32eOg_U89           |forw_back_fcmp_32eOg    |        0|      0|   66|   239|    0|
    |forw_back_fmul_32cud_U86           |forw_back_fmul_32cud    |        0|      3|  143|   321|    0|
    |forw_back_fpext_3hbi_U88           |forw_back_fpext_3hbi    |        0|      0|  100|   138|    0|
    |forw_back_fptruncg8j_U87           |forw_back_fptruncg8j    |        0|      0|  128|   277|    0|
    +-----------------------------------+------------------------+---------+-------+-----+------+-----+
    |Total                              |                        |        0|     36| 3760|  7907|    0|
    +-----------------------------------+------------------------+---------+-------+-----+------+-----+

    * DSP48E: 
    N/A

    * Memory: 
    +------------------------+----------------------+---------+----+----+-----+------+-----+------+-------------+
    |         Memory         |        Module        | BRAM_18K| FF | LUT| URAM| Words| Bits| Banks| W*Bits*Banks|
    +------------------------+----------------------+---------+----+----+-----+------+-----+------+-------------+
    |conv_grad_2_U           |backward_conv_grancg  |        1|   0|   0|    0|   144|   32|     1|         4608|
    |conv_grad_2_padding_U   |backward_conv_grapcA  |        1|   0|   0|    0|   256|   32|     1|         8192|
    |conv_grad_1_U           |backward_conv_grasc4  |        2|   0|   0|    0|   784|   32|     1|        25088|
    |grad_0_U                |backward_grad_0       |        1|   0|   0|    0|    36|   32|     1|         1152|
    |grad_2_U                |backward_grad_2       |        0|  64|   5|    0|    10|   32|     1|          320|
    |kernel_grad_2_U         |backward_kernel_gocq  |        0|  64|   5|    0|     9|   32|     1|          288|
    |kernel_grad_2_overtu_U  |backward_kernel_gocq  |        0|  64|   5|    0|     9|   32|     1|          288|
    |kernel_grad_1_U         |backward_kernel_gocq  |        0|  64|   5|    0|     9|   32|     1|          288|
    |pool_grad_1_U           |backward_pool_grarcU  |        1|   0|   0|    0|   196|   32|     1|         6272|
    |rgrad_1_U               |backward_rgrad_1      |        0|  64|  10|    0|    20|   32|     1|          640|
    |grad_1_U                |backward_rgrad_1      |        0|  64|  10|    0|    20|   32|     1|          640|
    |wgrad_1_U               |backward_wgrad_1      |        2|   0|   0|    0|   720|   32|     1|        23040|
    |wgrad_2_U               |backward_wgrad_2      |        1|   0|   0|    0|   300|   32|     1|         9600|
    +------------------------+----------------------+---------+----+----+-----+------+-----+------+-------------+
    |Total                   |                      |        9| 384|  40|    0|  2513|  416|    13|        80416|
    +------------------------+----------------------+---------+----+----+-----+------+-----+------+-------------+

    * FIFO: 
    N/A

    * Expression: 
    +----------------------------------+----------+-------+---+----+------------+------------+
    |           Variable Name          | Operation| DSP48E| FF| LUT| Bitwidth P0| Bitwidth P1|
    +----------------------------------+----------+-------+---+----+------------+------------+
    |add_ln109_1_fu_1290_p2            |     +    |      0|  0|  15|           5|           5|
    |add_ln109_fu_1268_p2              |     +    |      0|  0|   8|           5|           2|
    |add_ln125_1_fu_1370_p2            |     +    |      0|  0|  14|          10|          10|
    |add_ln125_2_fu_1425_p2            |     +    |      0|  0|  15|           6|           6|
    |add_ln125_3_fu_1434_p2            |     +    |      0|  0|  15|           8|           8|
    |add_ln125_fu_1361_p2              |     +    |      0|  0|  15|           8|           8|
    |add_ln75_1_fu_922_p2              |     +    |      0|  0|  15|           8|           8|
    |add_ln75_2_fu_1115_p2             |     +    |      0|  0|  15|           8|           8|
    |add_ln75_3_fu_1124_p2             |     +    |      0|  0|  14|          10|          10|
    |add_ln75_fu_913_p2                |     +    |      0|  0|  15|           6|           6|
    |add_ln82_1_fu_989_p2              |     +    |      0|  0|  15|           8|           8|
    |add_ln82_2_fu_1182_p2             |     +    |      0|  0|  15|           8|           8|
    |add_ln82_3_fu_1191_p2             |     +    |      0|  0|  14|          10|          10|
    |add_ln82_fu_980_p2                |     +    |      0|  0|  15|           6|           6|
    |i_10_fu_1323_p2                   |     +    |      0|  0|  15|           6|           1|
    |i_11_fu_1387_p2                   |     +    |      0|  0|  15|           5|           1|
    |i_4_fu_843_p2                     |     +    |      0|  0|  13|           4|           1|
    |i_5_fu_937_p2                     |     +    |      0|  0|  15|           5|           1|
    |i_6_fu_1067_p2                    |     +    |      0|  0|  15|           6|           1|
    |i_7_fu_1010_p2                    |     +    |      0|  0|  15|           5|           1|
    |i_8_fu_1139_p2                    |     +    |      0|  0|  15|           6|           1|
    |i_9_fu_1216_p2                    |     +    |      0|  0|  10|           2|           1|
    |i_fu_865_p2                       |     +    |      0|  0|  15|           5|           1|
    |j_11_fu_974_p2                    |     +    |      0|  0|  13|           4|           1|
    |j_12_fu_1104_p2                   |     +    |      0|  0|  15|           5|           1|
    |j_13_fu_1176_p2                   |     +    |      0|  0|  15|           5|           1|
    |j_14_fu_1284_p2                   |     +    |      0|  0|  10|           2|           1|
    |j_15_fu_1355_p2                   |     +    |      0|  0|  15|           5|           1|
    |j_16_fu_1419_p2                   |     +    |      0|  0|  13|           4|           1|
    |j_fu_902_p2                       |     +    |      0|  0|  13|           4|           1|
    |sub_ln109_1_fu_1240_p2            |     -    |      0|  0|  12|           3|           2|
    |sub_ln109_2_fu_1262_p2            |     -    |      0|  0|   8|           5|           5|
    |sub_ln109_3_fu_1304_p2            |     -    |      0|  0|  15|           5|           5|
    |sub_ln109_fu_1234_p2              |     -    |      0|  0|  15|           5|           5|
    |and_ln88_fu_1055_p2               |    and   |      0|  0|   2|           1|           1|
    |ap_block_state69_io               |    and   |      0|  0|   2|           1|           1|
    |icmp_ln107_fu_1210_p2             |   icmp   |      0|  0|   8|           2|           2|
    |icmp_ln108_fu_1278_p2             |   icmp   |      0|  0|   8|           2|           2|
    |icmp_ln123_1_fu_1381_p2           |   icmp   |      0|  0|  11|           5|           5|
    |icmp_ln123_fu_1317_p2             |   icmp   |      0|  0|  11|           6|           6|
    |icmp_ln124_1_fu_1413_p2           |   icmp   |      0|  0|   9|           4|           4|
    |icmp_ln124_fu_1349_p2             |   icmp   |      0|  0|  11|           5|           5|
    |icmp_ln154_fu_837_p2              |   icmp   |      0|  0|   9|           4|           4|
    |icmp_ln155_fu_849_p2              |   icmp   |      0|  0|  18|          32|          32|
    |icmp_ln73_1_fu_1061_p2            |   icmp   |      0|  0|  11|           6|           6|
    |icmp_ln73_fu_859_p2               |   icmp   |      0|  0|  11|           5|           5|
    |icmp_ln74_1_fu_1098_p2            |   icmp   |      0|  0|  11|           5|           5|
    |icmp_ln74_fu_896_p2               |   icmp   |      0|  0|   9|           4|           4|
    |icmp_ln79_1_fu_1133_p2            |   icmp   |      0|  0|  11|           6|           6|
    |icmp_ln79_fu_931_p2               |   icmp   |      0|  0|  11|           5|           5|
    |icmp_ln81_1_fu_1170_p2            |   icmp   |      0|  0|  11|           5|           5|
    |icmp_ln81_fu_968_p2               |   icmp   |      0|  0|   9|           4|           4|
    |icmp_ln87_fu_1004_p2              |   icmp   |      0|  0|  11|           5|           5|
    |icmp_ln88_1_fu_1045_p2            |   icmp   |      0|  0|  18|          23|           1|
    |icmp_ln88_fu_1039_p2              |   icmp   |      0|  0|  11|           8|           2|
    |ap_block_state81_on_subcall_done  |    or    |      0|  0|   2|           1|           1|
    |or_ln88_fu_1051_p2                |    or    |      0|  0|   2|           1|           1|
    +----------------------------------+----------+-------+---+----+------------+------------+
    |Total                             |          |      0|  0| 689|         337|         248|
    +----------------------------------+----------+-------+---+----+------------+------------+

    * Multiplexer: 
    +--------------------------------------------------+-----+-----------+-----+-----------+
    |                       Name                       | LUT | Input Size| Bits| Total Bits|
    +--------------------------------------------------+-----+-----------+-----+-----------+
    |ap_NS_fsm                                         |  481|        110|    1|        110|
    |conv_grad_1_address0                              |   15|          3|   10|         30|
    |conv_grad_1_ce0                                   |   15|          3|    1|          3|
    |conv_grad_1_we0                                   |    9|          2|    1|          2|
    |conv_grad_2_address0                              |   21|          4|    8|         32|
    |conv_grad_2_ce0                                   |   21|          4|    1|          4|
    |conv_grad_2_padding_address0                      |   15|          3|    8|         24|
    |conv_grad_2_padding_ce0                           |   15|          3|    1|          3|
    |conv_grad_2_padding_we0                           |    9|          2|    1|          2|
    |conv_grad_2_we0                                   |    9|          2|    1|          2|
    |conv_kernel_1_ce0                                 |    9|          2|    1|          2|
    |conv_kernel_1_we0                                 |    9|          2|    1|          2|
    |conv_kernel_2_address0                            |   15|          3|    4|         12|
    |conv_kernel_2_ce0                                 |   15|          3|    1|          3|
    |conv_kernel_2_we0                                 |    9|          2|    1|          2|
    |empty_49_reg_526                                  |    9|          2|   32|         64|
    |empty_57_reg_595                                  |    9|          2|   32|         64|
    |fc_hidden_layer1_address0                         |   15|          3|   10|         30|
    |fc_hidden_layer2_address0                         |   15|          3|    8|         24|
    |grad_0_address0                                   |   21|          4|    6|         24|
    |grad_0_ce0                                        |   15|          3|    1|          3|
    |grad_0_d0                                         |   15|          3|   32|         96|
    |grad_1_address0                                   |   27|          5|    5|         25|
    |grad_1_d0                                         |   15|          3|   32|         96|
    |grad_2_address0                                   |   27|          5|    4|         20|
    |grad_2_d0                                         |   15|          3|   32|         96|
    |grp_MatrixBackPropagatio_fu_708_input_matrix_q0   |   15|          3|   32|         96|
    |grp_MatrixBackPropagatio_fu_708_lr                |   15|          3|   32|         96|
    |grp_MatrixBackPropagatio_fu_708_output_matrix_q0  |   15|          3|   32|         96|
    |grp_fu_739_opcode                                 |   15|          3|    2|          6|
    |grp_fu_739_p0                                     |   33|          6|   32|        192|
    |grp_fu_739_p1                                     |   15|          3|   32|         96|
    |grp_fu_746_p0                                     |   38|          7|   32|        224|
    |grp_fu_746_p1                                     |   21|          4|   32|        128|
    |i_0_i15_reg_561                                   |    9|          2|    6|         12|
    |i_0_i1_reg_515                                    |    9|          2|    5|         10|
    |i_0_i31_reg_584                                   |    9|          2|    6|         12|
    |i_0_i49_reg_619                                   |    9|          2|    2|          4|
    |i_0_i58_reg_641                                   |    9|          2|    6|         12|
    |i_0_i69_reg_663                                   |    9|          2|    5|         10|
    |i_0_i8_reg_550                                    |    9|          2|    5|         10|
    |i_0_i_reg_492                                     |    9|          2|    5|         10|
    |i_0_reg_481                                       |    9|          2|    4|          8|
    |j_0_i20_reg_573                                   |    9|          2|    5|         10|
    |j_0_i2_reg_538                                    |    9|          2|    4|          8|
    |j_0_i36_reg_607                                   |    9|          2|    5|         10|
    |j_0_i51_reg_630                                   |    9|          2|    2|          4|
    |j_0_i60_reg_652                                   |    9|          2|    5|         10|
    |j_0_i73_reg_674                                   |    9|          2|    4|          8|
    |j_0_i_reg_504                                     |    9|          2|    4|          8|
    |kernel_grad_1_address0                            |   15|          3|    4|         12|
    |kernel_grad_1_ce0                                 |   15|          3|    1|          3|
    |kernel_grad_1_we0                                 |    9|          2|    1|          2|
    |kernel_grad_2_address0                            |   15|          3|    4|         12|
    |kernel_grad_2_ce0                                 |   15|          3|    1|          3|
    |kernel_grad_2_overtu_address0                     |   15|          3|    4|         12|
    |kernel_grad_2_overtu_ce0                          |   15|          3|    1|          3|
    |kernel_grad_2_we0                                 |    9|          2|    1|          2|
    |lr_in_blk_n_AR                                    |    9|          2|    1|          2|
    |lr_in_blk_n_R                                     |    9|          2|    1|          2|
    |pool_grad_1_address0                              |   15|          3|    8|         24|
    |pool_grad_1_ce0                                   |   15|          3|    1|          3|
    |pool_grad_1_we0                                   |    9|          2|    1|          2|
    |probability_result_address0                       |   15|          3|    4|         12|
    |rgrad_1_address0                                  |   21|          4|    5|         20|
    |rgrad_1_d0                                        |   15|          3|   32|         96|
    |wgrad_1_address0                                  |   15|          3|   10|         30|
    |wgrad_2_address0                                  |   15|          3|    9|         27|
    +--------------------------------------------------+-----+-----------+-----+-----------+
    |Total                                             | 1407|        298|  623|       2122|
    +--------------------------------------------------+-----+-----------+-----+-----------+

    * Register: 
    +------------------------------------------------+-----+----+-----+-----------+
    |                      Name                      |  FF | LUT| Bits| Const Bits|
    +------------------------------------------------+-----+----+-----+-----------+
    |add_ln109_reg_1739                              |    5|   0|    5|          0|
    |add_ln75_1_reg_1534                             |    8|   0|    8|          0|
    |add_ln75_3_reg_1680                             |   10|   0|   10|          0|
    |and_ln88_reg_1620                               |    1|   0|    1|          0|
    |ap_CS_fsm                                       |  109|   0|  109|          0|
    |empty_49_reg_526                                |   32|   0|   32|          0|
    |empty_57_reg_595                                |   32|   0|   32|          0|
    |fc_hidden_layer1_add_2_reg_1793                 |   10|   0|   10|          0|
    |fc_hidden_layer2_add_2_reg_1834                 |    8|   0|    8|          0|
    |fc_in_1_0_load_reg_1662                         |   32|   0|   32|          0|
    |fc_in_2_relu1_0_load_reg_1516                   |   32|   0|   32|          0|
    |grad_0_addr_reg_1693                            |    6|   0|    6|          0|
    |grad_2_addr_reg_1455                            |    4|   0|    4|          0|
    |grp_Conv2d_1_fu_685_ap_start_reg                |    1|   0|    1|          0|
    |grp_Conv2d_2_fu_700_ap_start_reg                |    1|   0|    1|          0|
    |grp_Conv2d_fu_692_ap_start_reg                  |    1|   0|    1|          0|
    |grp_MatrixBackPropagatio_fu_708_ap_start_reg    |    1|   0|    1|          0|
    |grp_MaxPooBackPropagatio_1_fu_717_ap_start_reg  |    1|   0|    1|          0|
    |grp_MaxPooBackPropagatio_fu_725_ap_start_reg    |    1|   0|    1|          0|
    |grp_Padding_fu_733_ap_start_reg                 |    1|   0|    1|          0|
    |i_0_i15_reg_561                                 |    6|   0|    6|          0|
    |i_0_i1_reg_515                                  |    5|   0|    5|          0|
    |i_0_i31_reg_584                                 |    6|   0|    6|          0|
    |i_0_i49_reg_619                                 |    2|   0|    2|          0|
    |i_0_i58_reg_641                                 |    6|   0|    6|          0|
    |i_0_i69_reg_663                                 |    5|   0|    5|          0|
    |i_0_i8_reg_550                                  |    5|   0|    5|          0|
    |i_0_i_reg_492                                   |    5|   0|    5|          0|
    |i_0_reg_481                                     |    4|   0|    4|          0|
    |i_10_reg_1770                                   |    6|   0|    6|          0|
    |i_11_reg_1811                                   |    5|   0|    5|          0|
    |i_4_reg_1474                                    |    4|   0|    4|          0|
    |i_5_reg_1542                                    |    5|   0|    5|          0|
    |i_6_reg_1642                                    |    6|   0|    6|          0|
    |i_7_reg_1583                                    |    5|   0|    5|          0|
    |i_8_reg_1688                                    |    6|   0|    6|          0|
    |i_9_reg_1729                                    |    2|   0|    2|          0|
    |i_reg_1496                                      |    5|   0|    5|          0|
    |icmp_ln155_reg_1479                             |    1|   0|    1|          0|
    |icmp_ln88_1_reg_1610                            |    1|   0|    1|          0|
    |icmp_ln88_reg_1605                              |    1|   0|    1|          0|
    |j_0_i20_reg_573                                 |    5|   0|    5|          0|
    |j_0_i2_reg_538                                  |    4|   0|    4|          0|
    |j_0_i36_reg_607                                 |    5|   0|    5|          0|
    |j_0_i51_reg_630                                 |    2|   0|    2|          0|
    |j_0_i60_reg_652                                 |    5|   0|    5|          0|
    |j_0_i73_reg_674                                 |    4|   0|    4|          0|
    |j_0_i_reg_504                                   |    4|   0|    4|          0|
    |j_11_reg_1565                                   |    4|   0|    4|          0|
    |j_12_reg_1670                                   |    5|   0|    5|          0|
    |j_13_reg_1711                                   |    5|   0|    5|          0|
    |j_14_reg_1747                                   |    2|   0|    2|          0|
    |j_15_reg_1788                                   |    5|   0|    5|          0|
    |j_16_reg_1829                                   |    4|   0|    4|          0|
    |j_reg_1524                                      |    4|   0|    4|          0|
    |lr_in_addr_read_1_reg_1762                      |   32|   0|   32|          0|
    |lr_in_addr_reg_1465                             |   30|   0|   32|          2|
    |probability_result_l_reg_1460                   |   32|   0|   32|          0|
    |reg_771                                         |   32|   0|   32|          0|
    |reg_787                                         |   32|   0|   32|          0|
    |reg_794                                         |   32|   0|   32|          0|
    |reg_805                                         |   32|   0|   32|          0|
    |reg_811                                         |   32|   0|   32|          0|
    |rgrad_1_addr_reg_1547                           |    5|   0|    5|          0|
    |shl_ln125_1_reg_1780                            |    6|   0|    8|          2|
    |shl_ln125_2_reg_1816                            |    5|   0|    8|          3|
    |shl_ln125_3_reg_1821                            |    5|   0|    6|          1|
    |shl_ln2_reg_1552                                |    5|   0|    8|          3|
    |shl_ln4_reg_1775                                |    6|   0|   10|          4|
    |shl_ln75_1_reg_1511                             |    5|   0|    6|          1|
    |shl_ln75_2_reg_1652                             |    6|   0|   10|          4|
    |shl_ln75_3_reg_1657                             |    6|   0|    8|          2|
    |shl_ln82_1_reg_1557                             |    5|   0|    6|          1|
    |shl_ln82_2_reg_1698                             |    6|   0|   10|          4|
    |shl_ln82_3_reg_1703                             |    6|   0|    8|          2|
    |shl_ln_reg_1506                                 |    5|   0|    8|          3|
    |sub_ln109_3_reg_1757                            |    5|   0|    5|          0|
    |sub_ln109_reg_1734                              |    5|   0|    5|          0|
    |tmp_2_i_reg_1634                                |   64|   0|   64|          0|
    |tmp_i3_reg_1629                                 |   64|   0|   64|          0|
    |wgrad_1_load_reg_1803                           |   32|   0|   32|          0|
    |wgrad_2_load_reg_1844                           |   32|   0|   32|          0|
    |zext_ln156_reg_1483                             |    4|   0|   64|         60|
    |zext_ln88_reg_1588                              |    5|   0|   64|         59|
    +------------------------------------------------+-----+----+-----+-----------+
    |Total                                           |  981|   0| 1132|        151|
    +------------------------------------------------+-----+----+-----+-----------+



================================================================
== Interface
================================================================
* Summary: 
+-----------------------------+-----+-----+------------+--------------------+--------------+
|          RTL Ports          | Dir | Bits|  Protocol  |    Source Object   |    C Type    |
+-----------------------------+-----+-----+------------+--------------------+--------------+
|ap_clk                       |  in |    1| ap_ctrl_hs |      backward      | return value |
|ap_rst                       |  in |    1| ap_ctrl_hs |      backward      | return value |
|ap_start                     |  in |    1| ap_ctrl_hs |      backward      | return value |
|ap_done                      | out |    1| ap_ctrl_hs |      backward      | return value |
|ap_idle                      | out |    1| ap_ctrl_hs |      backward      | return value |
|ap_ready                     | out |    1| ap_ctrl_hs |      backward      | return value |
|label_r                      |  in |   32|   ap_none  |       label_r      |    scalar    |
|m_axi_lr_in_AWVALID          | out |    1|    m_axi   |        lr_in       |    pointer   |
|m_axi_lr_in_AWREADY          |  in |    1|    m_axi   |        lr_in       |    pointer   |
|m_axi_lr_in_AWADDR           | out |   32|    m_axi   |        lr_in       |    pointer   |
|m_axi_lr_in_AWID             | out |    1|    m_axi   |        lr_in       |    pointer   |
|m_axi_lr_in_AWLEN            | out |   32|    m_axi   |        lr_in       |    pointer   |
|m_axi_lr_in_AWSIZE           | out |    3|    m_axi   |        lr_in       |    pointer   |
|m_axi_lr_in_AWBURST          | out |    2|    m_axi   |        lr_in       |    pointer   |
|m_axi_lr_in_AWLOCK           | out |    2|    m_axi   |        lr_in       |    pointer   |
|m_axi_lr_in_AWCACHE          | out |    4|    m_axi   |        lr_in       |    pointer   |
|m_axi_lr_in_AWPROT           | out |    3|    m_axi   |        lr_in       |    pointer   |
|m_axi_lr_in_AWQOS            | out |    4|    m_axi   |        lr_in       |    pointer   |
|m_axi_lr_in_AWREGION         | out |    4|    m_axi   |        lr_in       |    pointer   |
|m_axi_lr_in_AWUSER           | out |    1|    m_axi   |        lr_in       |    pointer   |
|m_axi_lr_in_WVALID           | out |    1|    m_axi   |        lr_in       |    pointer   |
|m_axi_lr_in_WREADY           |  in |    1|    m_axi   |        lr_in       |    pointer   |
|m_axi_lr_in_WDATA            | out |   32|    m_axi   |        lr_in       |    pointer   |
|m_axi_lr_in_WSTRB            | out |    4|    m_axi   |        lr_in       |    pointer   |
|m_axi_lr_in_WLAST            | out |    1|    m_axi   |        lr_in       |    pointer   |
|m_axi_lr_in_WID              | out |    1|    m_axi   |        lr_in       |    pointer   |
|m_axi_lr_in_WUSER            | out |    1|    m_axi   |        lr_in       |    pointer   |
|m_axi_lr_in_ARVALID          | out |    1|    m_axi   |        lr_in       |    pointer   |
|m_axi_lr_in_ARREADY          |  in |    1|    m_axi   |        lr_in       |    pointer   |
|m_axi_lr_in_ARADDR           | out |   32|    m_axi   |        lr_in       |    pointer   |
|m_axi_lr_in_ARID             | out |    1|    m_axi   |        lr_in       |    pointer   |
|m_axi_lr_in_ARLEN            | out |   32|    m_axi   |        lr_in       |    pointer   |
|m_axi_lr_in_ARSIZE           | out |    3|    m_axi   |        lr_in       |    pointer   |
|m_axi_lr_in_ARBURST          | out |    2|    m_axi   |        lr_in       |    pointer   |
|m_axi_lr_in_ARLOCK           | out |    2|    m_axi   |        lr_in       |    pointer   |
|m_axi_lr_in_ARCACHE          | out |    4|    m_axi   |        lr_in       |    pointer   |
|m_axi_lr_in_ARPROT           | out |    3|    m_axi   |        lr_in       |    pointer   |
|m_axi_lr_in_ARQOS            | out |    4|    m_axi   |        lr_in       |    pointer   |
|m_axi_lr_in_ARREGION         | out |    4|    m_axi   |        lr_in       |    pointer   |
|m_axi_lr_in_ARUSER           | out |    1|    m_axi   |        lr_in       |    pointer   |
|m_axi_lr_in_RVALID           |  in |    1|    m_axi   |        lr_in       |    pointer   |
|m_axi_lr_in_RREADY           | out |    1|    m_axi   |        lr_in       |    pointer   |
|m_axi_lr_in_RDATA            |  in |   32|    m_axi   |        lr_in       |    pointer   |
|m_axi_lr_in_RLAST            |  in |    1|    m_axi   |        lr_in       |    pointer   |
|m_axi_lr_in_RID              |  in |    1|    m_axi   |        lr_in       |    pointer   |
|m_axi_lr_in_RUSER            |  in |    1|    m_axi   |        lr_in       |    pointer   |
|m_axi_lr_in_RRESP            |  in |    2|    m_axi   |        lr_in       |    pointer   |
|m_axi_lr_in_BVALID           |  in |    1|    m_axi   |        lr_in       |    pointer   |
|m_axi_lr_in_BREADY           | out |    1|    m_axi   |        lr_in       |    pointer   |
|m_axi_lr_in_BRESP            |  in |    2|    m_axi   |        lr_in       |    pointer   |
|m_axi_lr_in_BID              |  in |    1|    m_axi   |        lr_in       |    pointer   |
|m_axi_lr_in_BUSER            |  in |    1|    m_axi   |        lr_in       |    pointer   |
|lr_in_offset                 |  in |   30|   ap_none  |    lr_in_offset    |    scalar    |
|probability_result_address0  | out |    4|  ap_memory | probability_result |     array    |
|probability_result_ce0       | out |    1|  ap_memory | probability_result |     array    |
|probability_result_q0        |  in |   32|  ap_memory | probability_result |     array    |
|fc_in_2_relu1_0_address0     | out |    5|  ap_memory |   fc_in_2_relu1_0  |     array    |
|fc_in_2_relu1_0_ce0          | out |    1|  ap_memory |   fc_in_2_relu1_0  |     array    |
|fc_in_2_relu1_0_q0           |  in |   32|  ap_memory |   fc_in_2_relu1_0  |     array    |
|fc_hidden_layer2_address0    | out |    8|  ap_memory |  fc_hidden_layer2  |     array    |
|fc_hidden_layer2_ce0         | out |    1|  ap_memory |  fc_hidden_layer2  |     array    |
|fc_hidden_layer2_we0         | out |    1|  ap_memory |  fc_hidden_layer2  |     array    |
|fc_hidden_layer2_d0          | out |   32|  ap_memory |  fc_hidden_layer2  |     array    |
|fc_hidden_layer2_q0          |  in |   32|  ap_memory |  fc_hidden_layer2  |     array    |
|fc_out_1_0_address0          | out |    5|  ap_memory |     fc_out_1_0     |     array    |
|fc_out_1_0_ce0               | out |    1|  ap_memory |     fc_out_1_0     |     array    |
|fc_out_1_0_q0                |  in |   32|  ap_memory |     fc_out_1_0     |     array    |
|fc_in_1_0_address0           | out |    6|  ap_memory |      fc_in_1_0     |     array    |
|fc_in_1_0_ce0                | out |    1|  ap_memory |      fc_in_1_0     |     array    |
|fc_in_1_0_q0                 |  in |   32|  ap_memory |      fc_in_1_0     |     array    |
|fc_hidden_layer1_address0    | out |   10|  ap_memory |  fc_hidden_layer1  |     array    |
|fc_hidden_layer1_ce0         | out |    1|  ap_memory |  fc_hidden_layer1  |     array    |
|fc_hidden_layer1_we0         | out |    1|  ap_memory |  fc_hidden_layer1  |     array    |
|fc_hidden_layer1_d0          | out |   32|  ap_memory |  fc_hidden_layer1  |     array    |
|fc_hidden_layer1_q0          |  in |   32|  ap_memory |  fc_hidden_layer1  |     array    |
|max_poo_locate_2_address0    | out |    6|  ap_memory |  max_poo_locate_2  |     array    |
|max_poo_locate_2_ce0         | out |    1|  ap_memory |  max_poo_locate_2  |     array    |
|max_poo_locate_2_q0          |  in |   32|  ap_memory |  max_poo_locate_2  |     array    |
|max_poo_out_1_address0       | out |    8|  ap_memory |    max_poo_out_1   |     array    |
|max_poo_out_1_ce0            | out |    1|  ap_memory |    max_poo_out_1   |     array    |
|max_poo_out_1_q0             |  in |   32|  ap_memory |    max_poo_out_1   |     array    |
|conv_kernel_2_address0       | out |    4|  ap_memory |    conv_kernel_2   |     array    |
|conv_kernel_2_ce0            | out |    1|  ap_memory |    conv_kernel_2   |     array    |
|conv_kernel_2_we0            | out |    1|  ap_memory |    conv_kernel_2   |     array    |
|conv_kernel_2_d0             | out |   32|  ap_memory |    conv_kernel_2   |     array    |
|conv_kernel_2_q0             |  in |   32|  ap_memory |    conv_kernel_2   |     array    |
|max_poo_locate_1_address0    | out |    8|  ap_memory |  max_poo_locate_1  |     array    |
|max_poo_locate_1_ce0         | out |    1|  ap_memory |  max_poo_locate_1  |     array    |
|max_poo_locate_1_q0          |  in |   32|  ap_memory |  max_poo_locate_1  |     array    |
|mnist_data_address0          | out |   10|  ap_memory |     mnist_data     |     array    |
|mnist_data_ce0               | out |    1|  ap_memory |     mnist_data     |     array    |
|mnist_data_q0                |  in |   32|  ap_memory |     mnist_data     |     array    |
|conv_kernel_1_address0       | out |    4|  ap_memory |    conv_kernel_1   |     array    |
|conv_kernel_1_ce0            | out |    1|  ap_memory |    conv_kernel_1   |     array    |
|conv_kernel_1_we0            | out |    1|  ap_memory |    conv_kernel_1   |     array    |
|conv_kernel_1_d0             | out |   32|  ap_memory |    conv_kernel_1   |     array    |
|conv_kernel_1_q0             |  in |   32|  ap_memory |    conv_kernel_1   |     array    |
+-----------------------------+-----+-----+------------+--------------------+--------------+

