

================================================================
== Vivado HLS Report for 'MaxPooBackPropagatio'
================================================================
* Date:           Thu May 11 11:34:59 2023

* Version:        2019.1 (Build 2552052 on Fri May 24 15:28:33 MDT 2019)
* Project:        Zynq-7020-HLS
* Solution:       solution1
* Product family: zynq
* Target device:  xc7z020-clg484-1


================================================================
== Performance Estimates
================================================================
+ Timing (ns): 
    * Summary: 
    +--------+-------+----------+------------+
    |  Clock | Target| Estimated| Uncertainty|
    +--------+-------+----------+------------+
    |ap_clk  |  10.00|     7.303|        1.25|
    +--------+-------+----------+------------+

+ Latency (clock cycles): 
    * Summary: 
    +-----+-----+-----+-----+---------+
    |  Latency  |  Interval | Pipeline|
    | min | max | min | max |   Type  |
    +-----+-----+-----+-----+---------+
    |  326|  326|  326|  326|   none  |
    +-----+-----+-----+-----+---------+

    + Detail: 
        * Instance: 
        N/A

        * Loop: 
        +-------------+-----+-----+----------+-----------+-----------+------+----------+
        |             |  Latency  | Iteration|  Initiation Interval  | Trip |          |
        |  Loop Name  | min | max |  Latency |  achieved |   target  | Count| Pipelined|
        +-------------+-----+-----+----------+-----------+-----------+------+----------+
        |- Loop 1     |  168|  168|        14|          -|          -|    12|    no    |
        | + Loop 1.1  |   12|   12|         1|          -|          -|    12|    no    |
        |- Loop 2     |  156|  156|        26|          -|          -|     6|    no    |
        | + Loop 2.1  |   24|   24|         4|          -|          -|     6|    no    |
        +-------------+-----+-----+----------+-----------+-----------+------+----------+



================================================================
== Utilization Estimates
================================================================
* Summary: 
+-----------------+---------+-------+--------+-------+-----+
|       Name      | BRAM_18K| DSP48E|   FF   |  LUT  | URAM|
+-----------------+---------+-------+--------+-------+-----+
|DSP              |        -|      -|       -|      -|    -|
|Expression       |        -|      -|       0|    604|    -|
|FIFO             |        -|      -|       -|      -|    -|
|Instance         |        -|      -|       -|      -|    -|
|Memory           |        -|      -|       -|      -|    -|
|Multiplexer      |        -|      -|       -|    110|    -|
|Register         |        -|      -|     142|      -|    -|
+-----------------+---------+-------+--------+-------+-----+
|Total            |        0|      0|     142|    714|    0|
+-----------------+---------+-------+--------+-------+-----+
|Available        |      280|    220|  106400|  53200|    0|
+-----------------+---------+-------+--------+-------+-----+
|Utilization (%)  |        0|      0|   ~0   |      1|    0|
+-----------------+---------+-------+--------+-------+-----+

+ Detail: 
    * Instance: 
    N/A

    * DSP48E: 
    N/A

    * Memory: 
    N/A

    * FIFO: 
    N/A

    * Expression: 
    +----------------------+----------+-------+---+-----+------------+------------+
    |     Variable Name    | Operation| DSP48E| FF| LUT | Bitwidth P0| Bitwidth P1|
    +----------------------+----------+-------+---+-----+------------+------------+
    |add_ln101_fu_294_p2   |     +    |      0|  0|   15|           7|           7|
    |add_ln339_fu_352_p2   |     +    |      0|  0|   15|           8|           9|
    |add_ln97_fu_222_p2    |     +    |      0|  0|   15|           9|           9|
    |col_fu_170_p2         |     +    |      0|  0|   13|           4|           1|
    |i_fu_242_p2           |     +    |      0|  0|   12|           3|           1|
    |j_fu_288_p2           |     +    |      0|  0|   12|           3|           1|
    |low_fu_216_p2         |     +    |      0|  0|   13|           4|           1|
    |result_V_4_fu_438_p2  |     -    |      0|  0|   39|           1|          32|
    |sub_ln101_fu_272_p2   |     -    |      0|  0|   15|           7|           7|
    |sub_ln1311_fu_366_p2  |     -    |      0|  0|   15|           7|           8|
    |sub_ln97_fu_200_p2    |     -    |      0|  0|   15|           9|           9|
    |icmp_ln100_fu_282_p2  |   icmp   |      0|  0|    9|           3|           3|
    |icmp_ln95_fu_164_p2   |   icmp   |      0|  0|    9|           4|           4|
    |icmp_ln96_fu_210_p2   |   icmp   |      0|  0|    9|           4|           4|
    |icmp_ln99_fu_236_p2   |   icmp   |      0|  0|    9|           3|           3|
    |r_V_fu_396_p2         |   lshr   |      0|  0|   73|          25|          25|
    |p_Val2_23_fu_430_p3   |  select  |      0|  0|   32|           1|          32|
    |p_Val2_24_fu_443_p3   |  select  |      0|  0|   32|           1|          32|
    |ush_fu_376_p3         |  select  |      0|  0|    9|           1|           9|
    |r_V_4_fu_402_p2       |    shl   |      0|  0|  243|          79|          79|
    +----------------------+----------+-------+---+-----+------------+------------+
    |Total                 |          |      0|  0|  604|         183|         276|
    +----------------------+----------+-------+---+-----+------------+------------+

    * Multiplexer: 
    +------------------------+----+-----------+-----+-----------+
    |          Name          | LUT| Input Size| Bits| Total Bits|
    +------------------------+----+-----------+-----+-----------+
    |ap_NS_fsm               |  44|          9|    1|          9|
    |col_0_reg_120           |   9|          2|    4|          8|
    |i_0_reg_142             |   9|          2|    3|          6|
    |j_0_reg_153             |   9|          2|    3|          6|
    |low_0_reg_131           |   9|          2|    4|          8|
    |output_matrix_address0  |  15|          3|    8|         24|
    |output_matrix_d0        |  15|          3|   32|         96|
    +------------------------+----+-----------+-----+-----------+
    |Total                   | 110|         23|   55|        157|
    +------------------------+----+-----------+-----+-----------+

    * Register: 
    +------------------------------+----+----+-----+-----------+
    |             Name             | FF | LUT| Bits| Const Bits|
    +------------------------------+----+----+-----+-----------+
    |ap_CS_fsm                     |   8|   0|    8|          0|
    |col_0_reg_120                 |   4|   0|    4|          0|
    |col_reg_457                   |   4|   0|    4|          0|
    |i_0_reg_142                   |   3|   0|    3|          0|
    |i_reg_478                     |   3|   0|    3|          0|
    |input_matrix_load_reg_511     |  32|   0|   32|          0|
    |j_0_reg_153                   |   3|   0|    3|          0|
    |j_reg_491                     |   3|   0|    3|          0|
    |low_0_reg_131                 |   4|   0|    4|          0|
    |max_poo_locate_2_loa_reg_506  |  32|   0|   32|          0|
    |p_Result_s_reg_516            |   1|   0|    1|          0|
    |p_Val2_23_reg_521             |  32|   0|   32|          0|
    |sub_ln101_reg_483             |   6|   0|    7|          1|
    |sub_ln97_reg_462              |   7|   0|    9|          2|
    +------------------------------+----+----+-----+-----------+
    |Total                         | 142|   0|  145|          3|
    +------------------------------+----+----+-----+-----------+



================================================================
== Interface
================================================================
* Summary: 
+---------------------------+-----+-----+------------+----------------------+--------------+
|         RTL Ports         | Dir | Bits|  Protocol  |     Source Object    |    C Type    |
+---------------------------+-----+-----+------------+----------------------+--------------+
|ap_clk                     |  in |    1| ap_ctrl_hs | MaxPooBackPropagatio | return value |
|ap_rst                     |  in |    1| ap_ctrl_hs | MaxPooBackPropagatio | return value |
|ap_start                   |  in |    1| ap_ctrl_hs | MaxPooBackPropagatio | return value |
|ap_done                    | out |    1| ap_ctrl_hs | MaxPooBackPropagatio | return value |
|ap_idle                    | out |    1| ap_ctrl_hs | MaxPooBackPropagatio | return value |
|ap_ready                   | out |    1| ap_ctrl_hs | MaxPooBackPropagatio | return value |
|input_matrix_address0      | out |    6|  ap_memory |     input_matrix     |     array    |
|input_matrix_ce0           | out |    1|  ap_memory |     input_matrix     |     array    |
|input_matrix_q0            |  in |   32|  ap_memory |     input_matrix     |     array    |
|output_matrix_address0     | out |    8|  ap_memory |     output_matrix    |     array    |
|output_matrix_ce0          | out |    1|  ap_memory |     output_matrix    |     array    |
|output_matrix_we0          | out |    1|  ap_memory |     output_matrix    |     array    |
|output_matrix_d0           | out |   32|  ap_memory |     output_matrix    |     array    |
|max_poo_locate_2_address0  | out |    6|  ap_memory |   max_poo_locate_2   |     array    |
|max_poo_locate_2_ce0       | out |    1|  ap_memory |   max_poo_locate_2   |     array    |
|max_poo_locate_2_q0        |  in |   32|  ap_memory |   max_poo_locate_2   |     array    |
+---------------------------+-----+-----+------------+----------------------+--------------+

