10:36:59 INFO  : Registering command handlers for SDK TCF services
10:37:00 INFO  : Launching XSCT server: xsct.bat -interactive C:\Users\LTL\Desktop\Handwritten_digit_recognition__ZYY_FPGA\forw_back\forw_back.sdk\temp_xsdb_launch_script.tcl
10:37:03 INFO  : XSCT server has started successfully.
10:37:06 INFO  : Successfully done setting XSCT server connection channel  
10:37:06 INFO  : Successfully done setting SDK workspace  
10:37:06 INFO  : Processing command line option -hwspec C:/Users/LTL/Desktop/Handwritten_digit_recognition__ZYY_FPGA/forw_back/forw_back.sdk/forw_back_wrapper.hdf.
17:08:34 INFO  : Launching XSCT server: xsct.bat -interactive C:\Users\LTL\Desktop\Handwritten_digit_recognition__ZYY_FPGA\forw_back\forw_back.sdk\temp_xsdb_launch_script.tcl
17:08:37 INFO  : XSCT server has started successfully.
17:08:37 INFO  : Successfully done setting XSCT server connection channel  
17:08:47 INFO  : Successfully done setting SDK workspace  
17:08:52 INFO  : Registering command handlers for SDK TCF services
17:08:52 INFO  : Processing command line option -hwspec C:/Users/LTL/Desktop/Handwritten_digit_recognition__ZYY_FPGA/forw_back/forw_back.sdk/forw_back_wrapper.hdf.
17:08:53 INFO  : Checking for hwspec changes in the project forw_back_wrapper_hw_platform_0.
17:08:53 INFO  : SDK has detected change in the last modified timestamps for source hardware specification file Source:1666854083534,  Project:1666837903742
17:08:53 INFO  : The hardware specification for project 'forw_back_wrapper_hw_platform_0' is different from C:/Users/LTL/Desktop/Handwritten_digit_recognition__ZYY_FPGA/forw_back/forw_back.sdk/forw_back_wrapper.hdf.
17:08:53 INFO  : Copied contents of C:/Users/LTL/Desktop/Handwritten_digit_recognition__ZYY_FPGA/forw_back/forw_back.sdk/forw_back_wrapper.hdf into \forw_back_wrapper_hw_platform_0\system.hdf.
17:09:12 INFO  : Synchronizing projects in the workspace with the hardware platform specification changes.
17:09:12 INFO  : Clearing existing target manager status.
17:09:12 INFO  : Workspace synchronized with the new hardware specification file. Cleaning dependent projects...
17:09:12 WARN  : Linker script will not be updated automatically. Users need to update it manually.
10:05:54 INFO  : Launching XSCT server: xsct.bat -interactive C:\Users\LTL\Desktop\Handwritten_digit_recognition__ZYY_FPGA\forw_back\forw_back.sdk\temp_xsdb_launch_script.tcl
10:05:59 INFO  : XSCT server has started successfully.
10:06:17 INFO  : Successfully done setting XSCT server connection channel  
10:06:17 INFO  : Successfully done setting SDK workspace  
10:06:29 INFO  : Registering command handlers for SDK TCF services
10:06:31 INFO  : Processing command line option -hwspec C:/Users/LTL/Desktop/Handwritten_digit_recognition__ZYY_FPGA/forw_back/forw_back.sdk/forw_back_wrapper.hdf.
10:06:31 INFO  : Checking for hwspec changes in the project forw_back_wrapper_hw_platform_0.
10:06:31 INFO  : SDK has detected change in the last modified timestamps for source hardware specification file Source:1667408233541,  Project:1666854083534
10:06:31 INFO  : The hardware specification for project 'forw_back_wrapper_hw_platform_0' is different from C:/Users/LTL/Desktop/Handwritten_digit_recognition__ZYY_FPGA/forw_back/forw_back.sdk/forw_back_wrapper.hdf.
10:06:31 INFO  : Copied contents of C:/Users/LTL/Desktop/Handwritten_digit_recognition__ZYY_FPGA/forw_back/forw_back.sdk/forw_back_wrapper.hdf into \forw_back_wrapper_hw_platform_0\system.hdf.
10:06:59 INFO  : Synchronizing projects in the workspace with the hardware platform specification changes.
10:07:02 INFO  : Clearing existing target manager status.
10:07:02 INFO  : Workspace synchronized with the new hardware specification file. Cleaning dependent projects...
10:07:02 WARN  : Linker script will not be updated automatically. Users need to update it manually.
15:51:36 INFO  : Launching XSCT server: xsct.bat -interactive C:\Users\LTL\Desktop\Handwritten_digit_recognition__ZYY_FPGA\forw_back\forw_back.sdk\temp_xsdb_launch_script.tcl
15:51:39 INFO  : XSCT server has started successfully.
15:51:55 INFO  : Successfully done setting XSCT server connection channel  
15:51:55 INFO  : Successfully done setting SDK workspace  
15:52:08 INFO  : Registering command handlers for SDK TCF services
15:52:10 INFO  : Processing command line option -hwspec C:/Users/LTL/Desktop/Handwritten_digit_recognition__ZYY_FPGA/forw_back/forw_back.sdk/forw_back_wrapper.hdf.
15:52:10 INFO  : Checking for hwspec changes in the project forw_back_wrapper_hw_platform_0.
15:52:10 INFO  : SDK has detected change in the last modified timestamps for source hardware specification file Source:1667461611944,  Project:1667408233541
15:52:10 INFO  : The hardware specification for project 'forw_back_wrapper_hw_platform_0' is different from C:/Users/LTL/Desktop/Handwritten_digit_recognition__ZYY_FPGA/forw_back/forw_back.sdk/forw_back_wrapper.hdf.
15:52:10 INFO  : Copied contents of C:/Users/LTL/Desktop/Handwritten_digit_recognition__ZYY_FPGA/forw_back/forw_back.sdk/forw_back_wrapper.hdf into \forw_back_wrapper_hw_platform_0\system.hdf.
15:52:34 INFO  : Synchronizing projects in the workspace with the hardware platform specification changes.
15:52:34 INFO  : Clearing existing target manager status.
15:52:34 INFO  : Workspace synchronized with the new hardware specification file. Cleaning dependent projects...
15:52:34 WARN  : Linker script will not be updated automatically. Users need to update it manually.
