

================================================================
== Vivado HLS Report for 'Conv2d'
================================================================
* Date:           Thu Nov  3 16:10:32 2022

* Version:        2019.1 (Build 2552052 on Fri May 24 15:28:33 MDT 2019)
* Project:        f_b_4_new_network
* Solution:       solution1
* Product family: zynquplus
* Target device:  xczu3eg-sbva484-1-e


================================================================
== Performance Estimates
================================================================
+ Timing (ns): 
    * Summary: 
    +--------+-------+----------+------------+
    |  Clock | Target| Estimated| Uncertainty|
    +--------+-------+----------+------------+
    |ap_clk  |  10.00|     8.507|        1.25|
    +--------+-------+----------+------------+

+ Latency (clock cycles): 
    * Summary: 
    +-----+-----+-----+-----+---------+
    |  Latency  |  Interval | Pipeline|
    | min | max | min | max |   Type  |
    +-----+-----+-----+-----+---------+
    |  388|  388|  388|  388|   none  |
    +-----+-----+-----+-----+---------+

    + Detail: 
        * Instance: 
        N/A

        * Loop: 
        +--------------------+-----+-----+----------+-----------+-----------+------+----------+
        |                    |  Latency  | Iteration|  Initiation Interval  | Trip |          |
        |      Loop Name     | min | max |  Latency |  achieved |   target  | Count| Pipelined|
        +--------------------+-----+-----+----------+-----------+-----------+------+----------+
        |- Loop 1            |  387|  387|        43|          -|          -|     9|    no    |
        | + Conv2d_label0_L  |   40|   40|         9|          4|          1|     9|    yes   |
        +--------------------+-----+-----+----------+-----------+-----------+------+----------+

============================================================
+ Verbose Summary: Synthesis Manager
============================================================
InlineROM: 1
ExposeGlobal: 0
============================================================
+ Verbose Summary: CDFG Model
============================================================
IsTopModel: 0
ResetActiveHigh: 1
IsCombinational: 0
IsDatapathOnly: 0
HasWiredReturn: 1
HasMFsm: 0
HasVarLatency: 1
IsPipeline: 0
IsRtlPipelined: 0
IsInstanceOverlapped: 0
IsDontTouch: 0
HasImplIP: 0
IsGatedGlobalClock: 0

+ Individual pipeline summary: 
  * Pipeline-0: initiation interval (II) = 4, depth = 9


============================================================
+ Verbose Summary: Schedule
============================================================
* Number of FSM states : 12
* Pipeline : 1
  Pipeline-0 : II = 4, D = 9, States = { 3 4 5 6 7 8 9 10 11 }
* Dataflow Pipeline: 0

* FSM state transitions: 
1 --> 2 
2 --> 3 
3 --> 12 4 
4 --> 5 
5 --> 6 
6 --> 7 
7 --> 8 
8 --> 9 
9 --> 10 
10 --> 11 
11 --> 3 
12 --> 2 

* FSM state operations: 

State 1 <SV = 0> <Delay = 0.75>
ST_1 : Operation 13 [1/1] (0.00ns)   --->   "call void (...)* @_ssdm_op_SpecMemCore([200 x float]* @fc_hidden_layer2, [1 x i8]* @p_str, [14 x i8]* @p_str1, [1 x i8]* @p_str, i32 -1, [1 x i8]* @p_str, [1 x i8]* @p_str, [1 x i8]* @p_str, [1 x i8]* @p_str, [1 x i8]* @p_str)" [f_b_4_new_network/forw_back_new_network.c:28]   --->   Operation 13 'specmemcore' <Predicate = true> <Delay = 0.00>
ST_1 : Operation 14 [1/1] (0.75ns)   --->   "br label %.preheader" [f_b_4_new_network/forw_back_new_network.c:28]   --->   Operation 14 'br' <Predicate = true> <Delay = 0.75>

State 2 <SV = 1> <Delay = 3.16>
ST_2 : Operation 15 [1/1] (0.00ns)   --->   "%indvar_flatten7 = phi i4 [ 0, %0 ], [ %add_ln28, %2 ]" [f_b_4_new_network/forw_back_new_network.c:28]   --->   Operation 15 'phi' 'indvar_flatten7' <Predicate = true> <Delay = 0.00>
ST_2 : Operation 16 [1/1] (0.00ns)   --->   "%col = phi i2 [ 0, %0 ], [ %col_cast6_mid2_v, %2 ]" [f_b_4_new_network/forw_back_new_network.c:29]   --->   Operation 16 'phi' 'col' <Predicate = true> <Delay = 0.00>
ST_2 : Operation 17 [1/1] (0.00ns)   --->   "%indvars_iv = phi i3 [ 3, %0 ], [ %add_ln29, %2 ]" [f_b_4_new_network/forw_back_new_network.c:29]   --->   Operation 17 'phi' 'indvars_iv' <Predicate = true> <Delay = 0.00>
ST_2 : Operation 18 [1/1] (0.00ns)   --->   "%row = phi i2 [ 0, %0 ], [ %j, %2 ]"   --->   Operation 18 'phi' 'row' <Predicate = true> <Delay = 0.00>
ST_2 : Operation 19 [1/1] (0.00ns)   --->   "%col_cast5 = zext i2 %col to i5" [f_b_4_new_network/forw_back_new_network.c:29]   --->   Operation 19 'zext' 'col_cast5' <Predicate = true> <Delay = 0.00>
ST_2 : Operation 20 [1/1] (0.00ns)   --->   "%shl_ln = call i4 @_ssdm_op_BitConcatenate.i4.i2.i2(i2 %col, i2 0)" [f_b_4_new_network/forw_back_new_network.c:30]   --->   Operation 20 'bitconcatenate' 'shl_ln' <Predicate = true> <Delay = 0.00>
ST_2 : Operation 21 [1/1] (0.00ns)   --->   "%zext_ln30_8 = zext i4 %shl_ln to i5" [f_b_4_new_network/forw_back_new_network.c:30]   --->   Operation 21 'zext' 'zext_ln30_8' <Predicate = true> <Delay = 0.00>
ST_2 : Operation 22 [1/1] (0.86ns)   --->   "%sub_ln30 = sub i5 %zext_ln30_8, %col_cast5" [f_b_4_new_network/forw_back_new_network.c:30]   --->   Operation 22 'sub' 'sub_ln30' <Predicate = true> <Delay = 0.86> <Core = "AddSub">   --->   Core 14 'AddSub' <Latency = 0> <II = 1> <Delay = 0.74> <FuncUnit> <Opcode : 'add' 'sub'> <InPorts = 2> <OutPorts = 1>
ST_2 : Operation 23 [1/1] (0.88ns)   --->   "%icmp_ln28 = icmp eq i4 %indvar_flatten7, -7" [f_b_4_new_network/forw_back_new_network.c:28]   --->   Operation 23 'icmp' 'icmp_ln28' <Predicate = true> <Delay = 0.88> <Core = "Cmp">   --->   Core 25 'Cmp' <Latency = 0> <II = 1> <Delay = 0.69> <FuncUnit> <Opcode : 'icmp'> <InPorts = 2> <OutPorts = 1>
ST_2 : Operation 24 [1/1] (0.86ns)   --->   "%add_ln28 = add i4 %indvar_flatten7, 1" [f_b_4_new_network/forw_back_new_network.c:28]   --->   Operation 24 'add' 'add_ln28' <Predicate = true> <Delay = 0.86> <Core = "AddSub">   --->   Core 14 'AddSub' <Latency = 0> <II = 1> <Delay = 0.74> <FuncUnit> <Opcode : 'add' 'sub'> <InPorts = 2> <OutPorts = 1>
ST_2 : Operation 25 [1/1] (0.00ns)   --->   "br i1 %icmp_ln28, label %3, label %.preheader.preheader" [f_b_4_new_network/forw_back_new_network.c:28]   --->   Operation 25 'br' <Predicate = true> <Delay = 0.00>
ST_2 : Operation 26 [1/1] (0.62ns)   --->   "%i = add i2 %col, 1" [f_b_4_new_network/forw_back_new_network.c:28]   --->   Operation 26 'add' 'i' <Predicate = (!icmp_ln28)> <Delay = 0.62> <Core = "AddSub">   --->   Core 14 'AddSub' <Latency = 0> <II = 1> <Delay = 0.74> <FuncUnit> <Opcode : 'add' 'sub'> <InPorts = 2> <OutPorts = 1>
ST_2 : Operation 27 [1/1] (0.00ns)   --->   "%empty_137 = call i32 (...)* @_ssdm_op_SpecLoopTripCount(i64 9, i64 9, i64 9)"   --->   Operation 27 'speclooptripcount' 'empty_137' <Predicate = (!icmp_ln28)> <Delay = 0.00>
ST_2 : Operation 28 [1/1] (0.69ns)   --->   "%icmp_ln29 = icmp eq i3 %indvars_iv, -2" [f_b_4_new_network/forw_back_new_network.c:29]   --->   Operation 28 'icmp' 'icmp_ln29' <Predicate = (!icmp_ln28)> <Delay = 0.69> <Core = "Cmp">   --->   Core 25 'Cmp' <Latency = 0> <II = 1> <Delay = 0.69> <FuncUnit> <Opcode : 'icmp'> <InPorts = 2> <OutPorts = 1>
ST_2 : Operation 29 [1/1] (0.27ns)   --->   "%indvars_iv_mid2 = select i1 %icmp_ln29, i3 3, i3 %indvars_iv" [f_b_4_new_network/forw_back_new_network.c:29]   --->   Operation 29 'select' 'indvars_iv_mid2' <Predicate = (!icmp_ln28)> <Delay = 0.27> <Core = "Sel">   --->   Core 26 'Sel' <Latency = 0> <II = 1> <Delay = 0.48> <FuncUnit> <Opcode : 'select'> <InPorts = 3> <OutPorts = 1>
ST_2 : Operation 30 [1/1] (0.26ns)   --->   "%row_mid2 = select i1 %icmp_ln29, i2 0, i2 %row" [f_b_4_new_network/forw_back_new_network.c:29]   --->   Operation 30 'select' 'row_mid2' <Predicate = (!icmp_ln28)> <Delay = 0.26> <Core = "Sel">   --->   Core 26 'Sel' <Latency = 0> <II = 1> <Delay = 0.48> <FuncUnit> <Opcode : 'select'> <InPorts = 3> <OutPorts = 1>
ST_2 : Operation 31 [1/1] (0.26ns)   --->   "%col_cast6_mid2_v = select i1 %icmp_ln29, i2 %i, i2 %col" [f_b_4_new_network/forw_back_new_network.c:29]   --->   Operation 31 'select' 'col_cast6_mid2_v' <Predicate = (!icmp_ln28)> <Delay = 0.26> <Core = "Sel">   --->   Core 26 'Sel' <Latency = 0> <II = 1> <Delay = 0.48> <FuncUnit> <Opcode : 'select'> <InPorts = 3> <OutPorts = 1>
ST_2 : Operation 32 [1/1] (0.00ns)   --->   "%col_cast6_mid2 = zext i2 %col_cast6_mid2_v to i3" [f_b_4_new_network/forw_back_new_network.c:29]   --->   Operation 32 'zext' 'col_cast6_mid2' <Predicate = (!icmp_ln28)> <Delay = 0.00>
ST_2 : Operation 33 [1/1] (0.00ns)   --->   "%col_cast5_mid1 = zext i2 %i to i5" [f_b_4_new_network/forw_back_new_network.c:28]   --->   Operation 33 'zext' 'col_cast5_mid1' <Predicate = (!icmp_ln28)> <Delay = 0.00>
ST_2 : Operation 34 [1/1] (0.00ns)   --->   "%col_cast_mid2 = zext i2 %col_cast6_mid2_v to i4" [f_b_4_new_network/forw_back_new_network.c:29]   --->   Operation 34 'zext' 'col_cast_mid2' <Predicate = (!icmp_ln28)> <Delay = 0.00>
ST_2 : Operation 35 [1/1] (0.00ns)   --->   "%shl_ln30_mid1 = call i4 @_ssdm_op_BitConcatenate.i4.i2.i2(i2 %i, i2 0)" [f_b_4_new_network/forw_back_new_network.c:30]   --->   Operation 35 'bitconcatenate' 'shl_ln30_mid1' <Predicate = (!icmp_ln28)> <Delay = 0.00>
ST_2 : Operation 36 [1/1] (0.00ns)   --->   "%zext_ln30_16 = zext i4 %shl_ln30_mid1 to i5" [f_b_4_new_network/forw_back_new_network.c:30]   --->   Operation 36 'zext' 'zext_ln30_16' <Predicate = (!icmp_ln28)> <Delay = 0.00>
ST_2 : Operation 37 [1/1] (0.86ns)   --->   "%sub_ln30_5 = sub i5 %zext_ln30_16, %col_cast5_mid1" [f_b_4_new_network/forw_back_new_network.c:30]   --->   Operation 37 'sub' 'sub_ln30_5' <Predicate = (!icmp_ln28)> <Delay = 0.86> <Core = "AddSub">   --->   Core 14 'AddSub' <Latency = 0> <II = 1> <Delay = 0.74> <FuncUnit> <Opcode : 'add' 'sub'> <InPorts = 2> <OutPorts = 1>
ST_2 : Operation 38 [1/1] (0.00ns) (grouped into LUT with out node add_ln30)   --->   "%sub_ln30_mid2 = select i1 %icmp_ln29, i5 %sub_ln30_5, i5 %sub_ln30" [f_b_4_new_network/forw_back_new_network.c:29]   --->   Operation 38 'select' 'sub_ln30_mid2' <Predicate = (!icmp_ln28)> <Delay = 0.00> <Core = "Sel">   --->   Core 26 'Sel' <Latency = 0> <II = 1> <Delay = 0.48> <FuncUnit> <Opcode : 'select'> <InPorts = 3> <OutPorts = 1>
ST_2 : Operation 39 [1/1] (0.00ns) (grouped into LUT with out node add_ln30)   --->   "%row_cast4 = zext i2 %row_mid2 to i5" [f_b_4_new_network/forw_back_new_network.c:29]   --->   Operation 39 'zext' 'row_cast4' <Predicate = (!icmp_ln28)> <Delay = 0.00>
ST_2 : Operation 40 [1/1] (0.00ns)   --->   "%row_cast3 = zext i2 %row_mid2 to i3" [f_b_4_new_network/forw_back_new_network.c:29]   --->   Operation 40 'zext' 'row_cast3' <Predicate = (!icmp_ln28)> <Delay = 0.00>
ST_2 : Operation 41 [1/1] (0.00ns)   --->   "%row_cast = zext i2 %row_mid2 to i9" [f_b_4_new_network/forw_back_new_network.c:29]   --->   Operation 41 'zext' 'row_cast' <Predicate = (!icmp_ln28)> <Delay = 0.00>
ST_2 : Operation 42 [1/1] (0.87ns) (out node of the LUT)   --->   "%add_ln30 = add i5 %sub_ln30_mid2, %row_cast4" [f_b_4_new_network/forw_back_new_network.c:30]   --->   Operation 42 'add' 'add_ln30' <Predicate = (!icmp_ln28)> <Delay = 0.87> <Core = "AddSub">   --->   Core 14 'AddSub' <Latency = 0> <II = 1> <Delay = 0.74> <FuncUnit> <Opcode : 'add' 'sub'> <InPorts = 2> <OutPorts = 1>
ST_2 : Operation 43 [1/1] (0.00ns)   --->   "%sext_ln30 = sext i5 %add_ln30 to i32" [f_b_4_new_network/forw_back_new_network.c:30]   --->   Operation 43 'sext' 'sext_ln30' <Predicate = (!icmp_ln28)> <Delay = 0.00>
ST_2 : Operation 44 [1/1] (0.00ns)   --->   "%zext_ln30 = zext i32 %sext_ln30 to i64" [f_b_4_new_network/forw_back_new_network.c:30]   --->   Operation 44 'zext' 'zext_ln30' <Predicate = (!icmp_ln28)> <Delay = 0.00>
ST_2 : Operation 45 [1/1] (0.00ns)   --->   "%out_matrix_addr = getelementptr [9 x float]* %out_matrix, i64 0, i64 %zext_ln30" [f_b_4_new_network/forw_back_new_network.c:30]   --->   Operation 45 'getelementptr' 'out_matrix_addr' <Predicate = (!icmp_ln28)> <Delay = 0.00>
ST_2 : Operation 46 [1/1] (0.79ns)   --->   "store float 0.000000e+00, float* %out_matrix_addr, align 4" [f_b_4_new_network/forw_back_new_network.c:30]   --->   Operation 46 'store' <Predicate = (!icmp_ln28)> <Delay = 0.79> <Core = "RAM">   --->   Core 37 'RAM' <Latency = 1> <II = 1> <Delay = 0.79> <Storage> <Opcode : 'load' 'store'> <Ports = 2> <Width = 32> <Depth = 9> <RAM>
ST_2 : Operation 47 [1/1] (0.75ns)   --->   "br label %1" [f_b_4_new_network/forw_back_new_network.c:31]   --->   Operation 47 'br' <Predicate = (!icmp_ln28)> <Delay = 0.75>
ST_2 : Operation 48 [1/1] (0.00ns)   --->   "ret void" [f_b_4_new_network/forw_back_new_network.c:35]   --->   Operation 48 'ret' <Predicate = (icmp_ln28)> <Delay = 0.00>

State 3 <SV = 2> <Delay = 5.39>
ST_3 : Operation 49 [1/1] (0.00ns)   --->   "%indvar_flatten = phi i4 [ 0, %.preheader.preheader ], [ %add_ln31, %.reset ]" [f_b_4_new_network/forw_back_new_network.c:31]   --->   Operation 49 'phi' 'indvar_flatten' <Predicate = true> <Delay = 0.00>
ST_3 : Operation 50 [1/1] (0.00ns)   --->   "%col_0 = phi i3 [ %col_cast6_mid2, %.preheader.preheader ], [ %select_ln31, %.reset ]" [f_b_4_new_network/forw_back_new_network.c:29]   --->   Operation 50 'phi' 'col_0' <Predicate = true> <Delay = 0.00>
ST_3 : Operation 51 [1/1] (0.00ns)   --->   "%empty = phi float [ 0.000000e+00, %.preheader.preheader ], [ %tmp_s, %.reset ]" [f_b_4_new_network/forw_back_new_network.c:33]   --->   Operation 51 'phi' 'empty' <Predicate = true> <Delay = 0.00>
ST_3 : Operation 52 [1/1] (0.00ns)   --->   "%row_0 = phi i3 [ %row_cast3, %.preheader.preheader ], [ %row_7, %.reset ]"   --->   Operation 52 'phi' 'row_0' <Predicate = true> <Delay = 0.00>
ST_3 : Operation 53 [1/1] (0.00ns)   --->   "%col_0_cast2 = zext i3 %col_0 to i4" [f_b_4_new_network/forw_back_new_network.c:29]   --->   Operation 53 'zext' 'col_0_cast2' <Predicate = true> <Delay = 0.00>
ST_3 : Operation 54 [1/1] (0.00ns)   --->   "call void (...)* @_ssdm_op_SpecPipeline(i32 -1, i32 1, i32 1, i32 0, [1 x i8]* @p_str) nounwind" [f_b_4_new_network/forw_back_new_network.c:32]   --->   Operation 54 'specpipeline' <Predicate = true> <Delay = 0.00>
ST_3 : Operation 55 [1/1] (0.00ns)   --->   "%shl_ln2 = call i8 @_ssdm_op_BitConcatenate.i8.i3.i5(i3 %col_0, i5 0)" [f_b_4_new_network/forw_back_new_network.c:33]   --->   Operation 55 'bitconcatenate' 'shl_ln2' <Predicate = true> <Delay = 0.00>
ST_3 : Operation 56 [1/1] (0.00ns)   --->   "%zext_ln33_5 = zext i8 %shl_ln2 to i9" [f_b_4_new_network/forw_back_new_network.c:33]   --->   Operation 56 'zext' 'zext_ln33_5' <Predicate = true> <Delay = 0.00>
ST_3 : Operation 57 [1/1] (0.00ns)   --->   "%shl_ln33_9 = call i4 @_ssdm_op_BitConcatenate.i4.i3.i1(i3 %col_0, i1 false)" [f_b_4_new_network/forw_back_new_network.c:33]   --->   Operation 57 'bitconcatenate' 'shl_ln33_9' <Predicate = true> <Delay = 0.00>
ST_3 : Operation 58 [1/1] (0.00ns)   --->   "%zext_ln33_6 = zext i4 %shl_ln33_9 to i9" [f_b_4_new_network/forw_back_new_network.c:33]   --->   Operation 58 'zext' 'zext_ln33_6' <Predicate = true> <Delay = 0.00>
ST_3 : Operation 59 [1/1] (0.90ns)   --->   "%sub_ln33_9 = sub i9 %zext_ln33_5, %zext_ln33_6" [f_b_4_new_network/forw_back_new_network.c:33]   --->   Operation 59 'sub' 'sub_ln33_9' <Predicate = true> <Delay = 0.90> <Core = "AddSub">   --->   Core 14 'AddSub' <Latency = 0> <II = 1> <Delay = 0.74> <FuncUnit> <Opcode : 'add' 'sub'> <InPorts = 2> <OutPorts = 1>
ST_3 : Operation 60 [1/1] (0.74ns)   --->   "%sub_ln33 = sub i4 %col_0_cast2, %col_cast_mid2" [f_b_4_new_network/forw_back_new_network.c:33]   --->   Operation 60 'sub' 'sub_ln33' <Predicate = true> <Delay = 0.74> <Core = "AddSub">   --->   Core 14 'AddSub' <Latency = 0> <II = 1> <Delay = 0.74> <FuncUnit> <Opcode : 'add' 'sub'> <InPorts = 2> <OutPorts = 1>
ST_3 : Operation 61 [1/1] (0.00ns)   --->   "%shl_ln33_s = call i9 @_ssdm_op_BitConcatenate.i9.i4.i5(i4 %sub_ln33, i5 0)" [f_b_4_new_network/forw_back_new_network.c:33]   --->   Operation 61 'bitconcatenate' 'shl_ln33_s' <Predicate = true> <Delay = 0.00>
ST_3 : Operation 62 [1/1] (0.00ns)   --->   "%shl_ln33_1 = call i6 @_ssdm_op_BitConcatenate.i6.i4.i2(i4 %sub_ln33, i2 0)" [f_b_4_new_network/forw_back_new_network.c:33]   --->   Operation 62 'bitconcatenate' 'shl_ln33_1' <Predicate = true> <Delay = 0.00>
ST_3 : Operation 63 [1/1] (0.00ns)   --->   "%sext_ln33 = sext i6 %shl_ln33_1 to i9" [f_b_4_new_network/forw_back_new_network.c:33]   --->   Operation 63 'sext' 'sext_ln33' <Predicate = true> <Delay = 0.00>
ST_3 : Operation 64 [1/1] (0.92ns)   --->   "%sub_ln33_10 = sub i9 %shl_ln33_s, %sext_ln33" [f_b_4_new_network/forw_back_new_network.c:33]   --->   Operation 64 'sub' 'sub_ln33_10' <Predicate = true> <Delay = 0.92> <Core = "AddSub">   --->   Core 14 'AddSub' <Latency = 0> <II = 1> <Delay = 0.74> <FuncUnit> <Opcode : 'add' 'sub'> <InPorts = 2> <OutPorts = 1>
ST_3 : Operation 65 [1/1] (0.88ns)   --->   "%icmp_ln31 = icmp eq i4 %indvar_flatten, -7" [f_b_4_new_network/forw_back_new_network.c:31]   --->   Operation 65 'icmp' 'icmp_ln31' <Predicate = true> <Delay = 0.88> <Core = "Cmp">   --->   Core 25 'Cmp' <Latency = 0> <II = 1> <Delay = 0.69> <FuncUnit> <Opcode : 'icmp'> <InPorts = 2> <OutPorts = 1>
ST_3 : Operation 66 [1/1] (0.86ns)   --->   "%add_ln31 = add i4 %indvar_flatten, 1" [f_b_4_new_network/forw_back_new_network.c:31]   --->   Operation 66 'add' 'add_ln31' <Predicate = true> <Delay = 0.86> <Core = "AddSub">   --->   Core 14 'AddSub' <Latency = 0> <II = 1> <Delay = 0.74> <FuncUnit> <Opcode : 'add' 'sub'> <InPorts = 2> <OutPorts = 1>
ST_3 : Operation 67 [1/1] (0.00ns)   --->   "br i1 %icmp_ln31, label %2, label %.reset" [f_b_4_new_network/forw_back_new_network.c:31]   --->   Operation 67 'br' <Predicate = true> <Delay = 0.00>
ST_3 : Operation 68 [1/1] (0.74ns)   --->   "%col_9 = add i3 %col_0, 1" [f_b_4_new_network/forw_back_new_network.c:31]   --->   Operation 68 'add' 'col_9' <Predicate = (!icmp_ln31)> <Delay = 0.74> <Core = "AddSub">   --->   Core 14 'AddSub' <Latency = 0> <II = 1> <Delay = 0.74> <FuncUnit> <Opcode : 'add' 'sub'> <InPorts = 2> <OutPorts = 1>
ST_3 : Operation 69 [1/1] (0.69ns)   --->   "%icmp_ln32 = icmp eq i3 %row_0, %indvars_iv_mid2" [f_b_4_new_network/forw_back_new_network.c:32]   --->   Operation 69 'icmp' 'icmp_ln32' <Predicate = (!icmp_ln31)> <Delay = 0.69> <Core = "Cmp">   --->   Core 25 'Cmp' <Latency = 0> <II = 1> <Delay = 0.69> <FuncUnit> <Opcode : 'icmp'> <InPorts = 2> <OutPorts = 1>
ST_3 : Operation 70 [1/1] (0.27ns)   --->   "%row_0_mid2 = select i1 %icmp_ln32, i3 %row_cast3, i3 %row_0" [f_b_4_new_network/forw_back_new_network.c:32]   --->   Operation 70 'select' 'row_0_mid2' <Predicate = (!icmp_ln31)> <Delay = 0.27> <Core = "Sel">   --->   Core 26 'Sel' <Latency = 0> <II = 1> <Delay = 0.48> <FuncUnit> <Opcode : 'select'> <InPorts = 3> <OutPorts = 1>
ST_3 : Operation 71 [1/1] (0.00ns)   --->   "%col_0_cast2_mid1 = zext i3 %col_9 to i4" [f_b_4_new_network/forw_back_new_network.c:31]   --->   Operation 71 'zext' 'col_0_cast2_mid1' <Predicate = (!icmp_ln31)> <Delay = 0.00>
ST_3 : Operation 72 [1/1] (0.00ns)   --->   "%shl_ln33_mid1 = call i8 @_ssdm_op_BitConcatenate.i8.i3.i5(i3 %col_9, i5 0)" [f_b_4_new_network/forw_back_new_network.c:33]   --->   Operation 72 'bitconcatenate' 'shl_ln33_mid1' <Predicate = (!icmp_ln31)> <Delay = 0.00>
ST_3 : Operation 73 [1/1] (0.00ns)   --->   "%zext_ln33_7 = zext i8 %shl_ln33_mid1 to i9" [f_b_4_new_network/forw_back_new_network.c:33]   --->   Operation 73 'zext' 'zext_ln33_7' <Predicate = (!icmp_ln31)> <Delay = 0.00>
ST_3 : Operation 74 [1/1] (0.00ns)   --->   "%shl_ln33_9_mid1 = call i4 @_ssdm_op_BitConcatenate.i4.i3.i1(i3 %col_9, i1 false)" [f_b_4_new_network/forw_back_new_network.c:33]   --->   Operation 74 'bitconcatenate' 'shl_ln33_9_mid1' <Predicate = (!icmp_ln31)> <Delay = 0.00>
ST_3 : Operation 75 [1/1] (0.00ns)   --->   "%zext_ln33_8 = zext i4 %shl_ln33_9_mid1 to i9" [f_b_4_new_network/forw_back_new_network.c:33]   --->   Operation 75 'zext' 'zext_ln33_8' <Predicate = (!icmp_ln31)> <Delay = 0.00>
ST_3 : Operation 76 [1/1] (0.90ns)   --->   "%sub_ln33_14 = sub i9 %zext_ln33_7, %zext_ln33_8" [f_b_4_new_network/forw_back_new_network.c:33]   --->   Operation 76 'sub' 'sub_ln33_14' <Predicate = (!icmp_ln31)> <Delay = 0.90> <Core = "AddSub">   --->   Core 14 'AddSub' <Latency = 0> <II = 1> <Delay = 0.74> <FuncUnit> <Opcode : 'add' 'sub'> <InPorts = 2> <OutPorts = 1>
ST_3 : Operation 77 [1/1] (0.00ns) (grouped into LUT with out node add_ln33)   --->   "%sub_ln33_9_mid2 = select i1 %icmp_ln32, i9 %sub_ln33_14, i9 %sub_ln33_9" [f_b_4_new_network/forw_back_new_network.c:32]   --->   Operation 77 'select' 'sub_ln33_9_mid2' <Predicate = (!icmp_ln31)> <Delay = 0.00> <Core = "Sel">   --->   Core 26 'Sel' <Latency = 0> <II = 1> <Delay = 0.48> <FuncUnit> <Opcode : 'select'> <InPorts = 3> <OutPorts = 1>
ST_3 : Operation 78 [1/1] (0.74ns)   --->   "%sub_ln33_15 = sub i4 %col_0_cast2_mid1, %col_cast_mid2" [f_b_4_new_network/forw_back_new_network.c:33]   --->   Operation 78 'sub' 'sub_ln33_15' <Predicate = (!icmp_ln31)> <Delay = 0.74> <Core = "AddSub">   --->   Core 14 'AddSub' <Latency = 0> <II = 1> <Delay = 0.74> <FuncUnit> <Opcode : 'add' 'sub'> <InPorts = 2> <OutPorts = 1>
ST_3 : Operation 79 [1/1] (0.00ns)   --->   "%shl_ln33_10_mid1 = call i9 @_ssdm_op_BitConcatenate.i9.i4.i5(i4 %sub_ln33_15, i5 0)" [f_b_4_new_network/forw_back_new_network.c:33]   --->   Operation 79 'bitconcatenate' 'shl_ln33_10_mid1' <Predicate = (!icmp_ln31)> <Delay = 0.00>
ST_3 : Operation 80 [1/1] (0.00ns)   --->   "%shl_ln33_11_mid1 = call i6 @_ssdm_op_BitConcatenate.i6.i4.i2(i4 %sub_ln33_15, i2 0)" [f_b_4_new_network/forw_back_new_network.c:33]   --->   Operation 80 'bitconcatenate' 'shl_ln33_11_mid1' <Predicate = (!icmp_ln31)> <Delay = 0.00>
ST_3 : Operation 81 [1/1] (0.00ns)   --->   "%sext_ln33_4 = sext i6 %shl_ln33_11_mid1 to i9" [f_b_4_new_network/forw_back_new_network.c:33]   --->   Operation 81 'sext' 'sext_ln33_4' <Predicate = (!icmp_ln31)> <Delay = 0.00>
ST_3 : Operation 82 [1/1] (0.92ns)   --->   "%sub_ln33_16 = sub i9 %shl_ln33_10_mid1, %sext_ln33_4" [f_b_4_new_network/forw_back_new_network.c:33]   --->   Operation 82 'sub' 'sub_ln33_16' <Predicate = (!icmp_ln31)> <Delay = 0.92> <Core = "AddSub">   --->   Core 14 'AddSub' <Latency = 0> <II = 1> <Delay = 0.74> <FuncUnit> <Opcode : 'add' 'sub'> <InPorts = 2> <OutPorts = 1>
ST_3 : Operation 83 [1/1] (0.45ns)   --->   "%sub_ln33_5_mid2_v = select i1 %icmp_ln32, i9 %sub_ln33_16, i9 %sub_ln33_10" [f_b_4_new_network/forw_back_new_network.c:32]   --->   Operation 83 'select' 'sub_ln33_5_mid2_v' <Predicate = (!icmp_ln31)> <Delay = 0.45> <Core = "Sel">   --->   Core 26 'Sel' <Latency = 0> <II = 1> <Delay = 0.48> <FuncUnit> <Opcode : 'select'> <InPorts = 3> <OutPorts = 1>
ST_3 : Operation 84 [1/1] (0.00ns) (grouped into TernaryAdder)   --->   "%sub_ln33_5_mid2 = sub i9 %sub_ln33_5_mid2_v, %row_cast" [f_b_4_new_network/forw_back_new_network.c:32]   --->   Operation 84 'sub' 'sub_ln33_5_mid2' <Predicate = (!icmp_ln31)> <Delay = 0.00> <Core = "TAddSub">   --->   Core 83 'TAddSub' <Latency = 0> <II = 1> <Delay = 0.58> <IPBlock> <Opcode : 'add' 'sub'> <InPorts = 3> <OutPorts = 1> <Sync> <CReg>
ST_3 : Operation 85 [1/1] (0.00ns)   --->   "%row_0_cast_mid2_cast = zext i3 %row_0_mid2 to i9" [f_b_4_new_network/forw_back_new_network.c:32]   --->   Operation 85 'zext' 'row_0_cast_mid2_cast' <Predicate = (!icmp_ln31)> <Delay = 0.00>
ST_3 : Operation 86 [1/1] (0.27ns)   --->   "%select_ln31 = select i1 %icmp_ln32, i3 %col_9, i3 %col_0" [f_b_4_new_network/forw_back_new_network.c:31]   --->   Operation 86 'select' 'select_ln31' <Predicate = (!icmp_ln31)> <Delay = 0.27> <Core = "Sel">   --->   Core 26 'Sel' <Latency = 0> <II = 1> <Delay = 0.48> <FuncUnit> <Opcode : 'select'> <InPorts = 3> <OutPorts = 1>
ST_3 : Operation 87 [1/1] (0.92ns) (out node of the LUT)   --->   "%add_ln33 = add i9 %sub_ln33_9_mid2, %row_0_cast_mid2_cast" [f_b_4_new_network/forw_back_new_network.c:33]   --->   Operation 87 'add' 'add_ln33' <Predicate = (!icmp_ln31)> <Delay = 0.92> <Core = "AddSub">   --->   Core 14 'AddSub' <Latency = 0> <II = 1> <Delay = 0.74> <FuncUnit> <Opcode : 'add' 'sub'> <InPorts = 2> <OutPorts = 1>
ST_3 : Operation 88 [1/1] (0.00ns)   --->   "%sext_ln33_3 = sext i9 %add_ln33 to i32" [f_b_4_new_network/forw_back_new_network.c:33]   --->   Operation 88 'sext' 'sext_ln33_3' <Predicate = (!icmp_ln31)> <Delay = 0.00>
ST_3 : Operation 89 [1/1] (0.00ns)   --->   "%zext_ln33 = zext i32 %sext_ln33_3 to i64" [f_b_4_new_network/forw_back_new_network.c:33]   --->   Operation 89 'zext' 'zext_ln33' <Predicate = (!icmp_ln31)> <Delay = 0.00>
ST_3 : Operation 90 [1/1] (0.00ns)   --->   "%input_matrix_addr = getelementptr [900 x float]* %input_matrix, i64 0, i64 %zext_ln33" [f_b_4_new_network/forw_back_new_network.c:33]   --->   Operation 90 'getelementptr' 'input_matrix_addr' <Predicate = (!icmp_ln31)> <Delay = 0.00>
ST_3 : Operation 91 [2/2] (1.35ns)   --->   "%input_matrix_load = load float* %input_matrix_addr, align 4" [f_b_4_new_network/forw_back_new_network.c:33]   --->   Operation 91 'load' 'input_matrix_load' <Predicate = (!icmp_ln31)> <Delay = 1.35> <Core = "RAM">   --->   Core 37 'RAM' <Latency = 1> <II = 1> <Delay = 0.79> <Storage> <Opcode : 'load' 'store'> <Ports = 2> <Width = 32> <Depth = 9> <RAM>
ST_3 : Operation 92 [1/1] (1.17ns) (root node of TernaryAdder)   --->   "%add_ln33_2 = add i9 %row_0_cast_mid2_cast, %sub_ln33_5_mid2" [f_b_4_new_network/forw_back_new_network.c:33]   --->   Operation 92 'add' 'add_ln33_2' <Predicate = (!icmp_ln31)> <Delay = 1.17> <Core = "TAddSub">   --->   Core 83 'TAddSub' <Latency = 0> <II = 1> <Delay = 0.58> <IPBlock> <Opcode : 'add' 'sub'> <InPorts = 3> <OutPorts = 1> <Sync> <CReg>
ST_3 : Operation 93 [1/1] (0.00ns)   --->   "%sext_ln33_1 = sext i9 %add_ln33_2 to i64" [f_b_4_new_network/forw_back_new_network.c:33]   --->   Operation 93 'sext' 'sext_ln33_1' <Predicate = (!icmp_ln31)> <Delay = 0.00>
ST_3 : Operation 94 [1/1] (0.00ns)   --->   "%kernel_addr = getelementptr [784 x float]* %kernel, i64 0, i64 %sext_ln33_1" [f_b_4_new_network/forw_back_new_network.c:33]   --->   Operation 94 'getelementptr' 'kernel_addr' <Predicate = (!icmp_ln31)> <Delay = 0.00>
ST_3 : Operation 95 [2/2] (1.35ns)   --->   "%kernel_load = load float* %kernel_addr, align 4" [f_b_4_new_network/forw_back_new_network.c:33]   --->   Operation 95 'load' 'kernel_load' <Predicate = (!icmp_ln31)> <Delay = 1.35> <Core = "RAM">   --->   Core 37 'RAM' <Latency = 1> <II = 1> <Delay = 0.79> <Storage> <Opcode : 'load' 'store'> <Ports = 2> <Width = 32> <Depth = 9> <RAM>

State 4 <SV = 3> <Delay = 1.35>
ST_4 : Operation 96 [1/2] (1.35ns)   --->   "%input_matrix_load = load float* %input_matrix_addr, align 4" [f_b_4_new_network/forw_back_new_network.c:33]   --->   Operation 96 'load' 'input_matrix_load' <Predicate = (!icmp_ln31)> <Delay = 1.35> <Core = "RAM">   --->   Core 37 'RAM' <Latency = 1> <II = 1> <Delay = 0.79> <Storage> <Opcode : 'load' 'store'> <Ports = 2> <Width = 32> <Depth = 9> <RAM>
ST_4 : Operation 97 [1/2] (1.35ns)   --->   "%kernel_load = load float* %kernel_addr, align 4" [f_b_4_new_network/forw_back_new_network.c:33]   --->   Operation 97 'load' 'kernel_load' <Predicate = (!icmp_ln31)> <Delay = 1.35> <Core = "RAM">   --->   Core 37 'RAM' <Latency = 1> <II = 1> <Delay = 0.79> <Storage> <Opcode : 'load' 'store'> <Ports = 2> <Width = 32> <Depth = 9> <RAM>

State 5 <SV = 4> <Delay = 8.28>
ST_5 : Operation 98 [3/3] (8.28ns)   --->   "%tmp = fmul float %input_matrix_load, %kernel_load" [f_b_4_new_network/forw_back_new_network.c:33]   --->   Operation 98 'fmul' 'tmp' <Predicate = (!icmp_ln31)> <Delay = 8.28> <Core = "FMul">   --->   Core 106 'FMul' <Latency = 2> <II = 1> <Delay = 8.28> <FuncUnit> <Opcode : 'fmul'> <InPorts = 2> <OutPorts = 1>

State 6 <SV = 5> <Delay = 8.28>
ST_6 : Operation 99 [2/3] (8.28ns)   --->   "%tmp = fmul float %input_matrix_load, %kernel_load" [f_b_4_new_network/forw_back_new_network.c:33]   --->   Operation 99 'fmul' 'tmp' <Predicate = (!icmp_ln31)> <Delay = 8.28> <Core = "FMul">   --->   Core 106 'FMul' <Latency = 2> <II = 1> <Delay = 8.28> <FuncUnit> <Opcode : 'fmul'> <InPorts = 2> <OutPorts = 1>
ST_6 : Operation 100 [1/1] (0.74ns)   --->   "%row_7 = add i3 %row_0_mid2, 1" [f_b_4_new_network/forw_back_new_network.c:32]   --->   Operation 100 'add' 'row_7' <Predicate = (!icmp_ln31)> <Delay = 0.74> <Core = "AddSub">   --->   Core 14 'AddSub' <Latency = 0> <II = 1> <Delay = 0.74> <FuncUnit> <Opcode : 'add' 'sub'> <InPorts = 2> <OutPorts = 1>

State 7 <SV = 6> <Delay = 8.28>
ST_7 : Operation 101 [1/3] (8.28ns)   --->   "%tmp = fmul float %input_matrix_load, %kernel_load" [f_b_4_new_network/forw_back_new_network.c:33]   --->   Operation 101 'fmul' 'tmp' <Predicate = (!icmp_ln31)> <Delay = 8.28> <Core = "FMul">   --->   Core 106 'FMul' <Latency = 2> <II = 1> <Delay = 8.28> <FuncUnit> <Opcode : 'fmul'> <InPorts = 2> <OutPorts = 1>

State 8 <SV = 7> <Delay = 7.71>
ST_8 : Operation 102 [4/4] (7.71ns)   --->   "%tmp_s = fadd float %empty, %tmp" [f_b_4_new_network/forw_back_new_network.c:33]   --->   Operation 102 'fadd' 'tmp_s' <Predicate = (!icmp_ln31)> <Delay = 7.71> <Core = "FAddSub">   --->   Core 105 'FAddSub' <Latency = 3> <II = 1> <Delay = 7.71> <FuncUnit> <Opcode : 'fadd' 'fsub'> <InPorts = 2> <OutPorts = 1>

State 9 <SV = 8> <Delay = 7.71>
ST_9 : Operation 103 [3/4] (7.71ns)   --->   "%tmp_s = fadd float %empty, %tmp" [f_b_4_new_network/forw_back_new_network.c:33]   --->   Operation 103 'fadd' 'tmp_s' <Predicate = (!icmp_ln31)> <Delay = 7.71> <Core = "FAddSub">   --->   Core 105 'FAddSub' <Latency = 3> <II = 1> <Delay = 7.71> <FuncUnit> <Opcode : 'fadd' 'fsub'> <InPorts = 2> <OutPorts = 1>

State 10 <SV = 9> <Delay = 7.71>
ST_10 : Operation 104 [2/4] (7.71ns)   --->   "%tmp_s = fadd float %empty, %tmp" [f_b_4_new_network/forw_back_new_network.c:33]   --->   Operation 104 'fadd' 'tmp_s' <Predicate = (!icmp_ln31)> <Delay = 7.71> <Core = "FAddSub">   --->   Core 105 'FAddSub' <Latency = 3> <II = 1> <Delay = 7.71> <FuncUnit> <Opcode : 'fadd' 'fsub'> <InPorts = 2> <OutPorts = 1>

State 11 <SV = 10> <Delay = 8.50>
ST_11 : Operation 105 [1/1] (0.00ns)   --->   "call void (...)* @_ssdm_op_SpecPipeline(i32 -1, i32 1, i32 1, i32 0, [1 x i8]* @p_str) nounwind" [f_b_4_new_network/forw_back_new_network.c:32]   --->   Operation 105 'specpipeline' <Predicate = (!icmp_ln31)> <Delay = 0.00>
ST_11 : Operation 106 [1/1] (0.00ns)   --->   "call void (...)* @_ssdm_op_SpecLoopName([16 x i8]* @Conv2d_label0_L_str)"   --->   Operation 106 'specloopname' <Predicate = (!icmp_ln31)> <Delay = 0.00>
ST_11 : Operation 107 [1/1] (0.00ns)   --->   "%empty_136 = call i32 (...)* @_ssdm_op_SpecLoopTripCount(i64 9, i64 9, i64 9)"   --->   Operation 107 'speclooptripcount' 'empty_136' <Predicate = (!icmp_ln31)> <Delay = 0.00>
ST_11 : Operation 108 [1/1] (0.00ns)   --->   "call void (...)* @_ssdm_op_SpecPipeline(i32 -1, i32 1, i32 1, i32 0, [1 x i8]* @p_str) nounwind" [f_b_4_new_network/forw_back_new_network.c:32]   --->   Operation 108 'specpipeline' <Predicate = (!icmp_ln31)> <Delay = 0.00>
ST_11 : Operation 109 [1/4] (7.71ns)   --->   "%tmp_s = fadd float %empty, %tmp" [f_b_4_new_network/forw_back_new_network.c:33]   --->   Operation 109 'fadd' 'tmp_s' <Predicate = (!icmp_ln31)> <Delay = 7.71> <Core = "FAddSub">   --->   Core 105 'FAddSub' <Latency = 3> <II = 1> <Delay = 7.71> <FuncUnit> <Opcode : 'fadd' 'fsub'> <InPorts = 2> <OutPorts = 1>
ST_11 : Operation 110 [1/1] (0.79ns)   --->   "store float %tmp_s, float* %out_matrix_addr, align 4" [f_b_4_new_network/forw_back_new_network.c:33]   --->   Operation 110 'store' <Predicate = (!icmp_ln31)> <Delay = 0.79> <Core = "RAM">   --->   Core 37 'RAM' <Latency = 1> <II = 1> <Delay = 0.79> <Storage> <Opcode : 'load' 'store'> <Ports = 2> <Width = 32> <Depth = 9> <RAM>
ST_11 : Operation 111 [1/1] (0.00ns)   --->   "br label %1" [f_b_4_new_network/forw_back_new_network.c:32]   --->   Operation 111 'br' <Predicate = (!icmp_ln31)> <Delay = 0.00>

State 12 <SV = 3> <Delay = 0.74>
ST_12 : Operation 112 [1/1] (0.62ns)   --->   "%j = add i2 %row_mid2, 1" [f_b_4_new_network/forw_back_new_network.c:29]   --->   Operation 112 'add' 'j' <Predicate = true> <Delay = 0.62> <Core = "AddSub">   --->   Core 14 'AddSub' <Latency = 0> <II = 1> <Delay = 0.74> <FuncUnit> <Opcode : 'add' 'sub'> <InPorts = 2> <OutPorts = 1>
ST_12 : Operation 113 [1/1] (0.74ns)   --->   "%add_ln29 = add i3 %indvars_iv_mid2, 1" [f_b_4_new_network/forw_back_new_network.c:29]   --->   Operation 113 'add' 'add_ln29' <Predicate = true> <Delay = 0.74> <Core = "AddSub">   --->   Core 14 'AddSub' <Latency = 0> <II = 1> <Delay = 0.74> <FuncUnit> <Opcode : 'add' 'sub'> <InPorts = 2> <OutPorts = 1>
ST_12 : Operation 114 [1/1] (0.00ns)   --->   "br label %.preheader" [f_b_4_new_network/forw_back_new_network.c:29]   --->   Operation 114 'br' <Predicate = true> <Delay = 0.00>


============================================================
+ Verbose Summary: Timing violations
============================================================
Target clock period: 10ns, clock uncertainty: 1.25ns.

 <State 1>: 0.755ns
The critical path consists of the following:
	multiplexor before 'phi' operation ('indvar_flatten7', f_b_4_new_network/forw_back_new_network.c:28) with incoming values : ('add_ln28', f_b_4_new_network/forw_back_new_network.c:28) [7]  (0.755 ns)

 <State 2>: 3.16ns
The critical path consists of the following:
	'phi' operation ('col', f_b_4_new_network/forw_back_new_network.c:29) with incoming values : ('col_cast6_mid2_v', f_b_4_new_network/forw_back_new_network.c:29) [8]  (0 ns)
	'add' operation ('i', f_b_4_new_network/forw_back_new_network.c:28) [19]  (0.625 ns)
	'sub' operation ('sub_ln30_5', f_b_4_new_network/forw_back_new_network.c:30) [30]  (0.868 ns)
	'select' operation ('sub_ln30_mid2', f_b_4_new_network/forw_back_new_network.c:29) [31]  (0 ns)
	'add' operation ('add_ln30', f_b_4_new_network/forw_back_new_network.c:30) [35]  (0.878 ns)
	'getelementptr' operation ('out_matrix_addr', f_b_4_new_network/forw_back_new_network.c:30) [38]  (0 ns)
	'store' operation ('store_ln30', f_b_4_new_network/forw_back_new_network.c:30) of constant 0 on array 'out_matrix' [39]  (0.79 ns)

 <State 3>: 5.4ns
The critical path consists of the following:
	'phi' operation ('col_0', f_b_4_new_network/forw_back_new_network.c:29) with incoming values : ('col_cast6_mid2', f_b_4_new_network/forw_back_new_network.c:29) ('select_ln31', f_b_4_new_network/forw_back_new_network.c:31) [43]  (0 ns)
	'add' operation ('col', f_b_4_new_network/forw_back_new_network.c:31) [62]  (0.746 ns)
	'sub' operation ('sub_ln33_15', f_b_4_new_network/forw_back_new_network.c:33) [76]  (0.746 ns)
	'sub' operation ('sub_ln33_16', f_b_4_new_network/forw_back_new_network.c:33) [80]  (0.921 ns)
	'select' operation ('sub_ln33_5_mid2_v', f_b_4_new_network/forw_back_new_network.c:32) [81]  (0.458 ns)
	'sub' operation ('sub_ln33_5_mid2', f_b_4_new_network/forw_back_new_network.c:32) [82]  (0 ns)
	'add' operation ('add_ln33_2', f_b_4_new_network/forw_back_new_network.c:33) [90]  (1.17 ns)
	'getelementptr' operation ('kernel_addr', f_b_4_new_network/forw_back_new_network.c:33) [92]  (0 ns)
	'load' operation ('kernel_load', f_b_4_new_network/forw_back_new_network.c:33) on array 'kernel' [93]  (1.35 ns)

 <State 4>: 1.35ns
The critical path consists of the following:
	'load' operation ('input_matrix_load', f_b_4_new_network/forw_back_new_network.c:33) on array 'input_matrix' [89]  (1.35 ns)

 <State 5>: 8.29ns
The critical path consists of the following:
	'fmul' operation ('tmp', f_b_4_new_network/forw_back_new_network.c:33) [94]  (8.29 ns)

 <State 6>: 8.29ns
The critical path consists of the following:
	'fmul' operation ('tmp', f_b_4_new_network/forw_back_new_network.c:33) [94]  (8.29 ns)

 <State 7>: 8.29ns
The critical path consists of the following:
	'fmul' operation ('tmp', f_b_4_new_network/forw_back_new_network.c:33) [94]  (8.29 ns)

 <State 8>: 7.72ns
The critical path consists of the following:
	'fadd' operation ('tmp_s', f_b_4_new_network/forw_back_new_network.c:33) [95]  (7.72 ns)

 <State 9>: 7.72ns
The critical path consists of the following:
	'fadd' operation ('tmp_s', f_b_4_new_network/forw_back_new_network.c:33) [95]  (7.72 ns)

 <State 10>: 7.72ns
The critical path consists of the following:
	'fadd' operation ('tmp_s', f_b_4_new_network/forw_back_new_network.c:33) [95]  (7.72 ns)

 <State 11>: 8.51ns
The critical path consists of the following:
	'fadd' operation ('tmp_s', f_b_4_new_network/forw_back_new_network.c:33) [95]  (7.72 ns)
	'store' operation ('store_ln33', f_b_4_new_network/forw_back_new_network.c:33) of variable 'tmp_s', f_b_4_new_network/forw_back_new_network.c:33 on array 'out_matrix' [96]  (0.79 ns)

 <State 12>: 0.746ns
The critical path consists of the following:
	'add' operation ('add_ln29', f_b_4_new_network/forw_back_new_network.c:29) [101]  (0.746 ns)


============================================================
+ Verbose Summary: Binding
============================================================
N/A
* FSMD analyzer results:
  - Output states:
 - Input state : 
  - Chain level:
	State 1
	State 2
	State 3
	State 4
	State 5
	State 6
	State 7
	State 8
	State 9
	State 10
	State 11
	State 12


============================================================
+ Verbose Summary: Datapath Resource usage 
============================================================
N/A
