

================================================================
== Vivado HLS Report for 'Conv2d_b4'
================================================================
* Date:           Wed Oct 26 23:36:10 2022

* Version:        2019.1 (Build 2552052 on Fri May 24 15:28:33 MDT 2019)
* Project:        f_b_0
* Solution:       solution1
* Product family: zynquplus
* Target device:  xczu3eg-sbva484-1-e


================================================================
== Performance Estimates
================================================================
+ Timing (ns): 
    * Summary: 
    +--------+-------+----------+------------+
    |  Clock | Target| Estimated| Uncertainty|
    +--------+-------+----------+------------+
    |ap_clk  |  10.00|     8.286|        1.25|
    +--------+-------+----------+------------+

+ Latency (clock cycles): 
    * Summary: 
    +-----+-----+-----+-----+---------+
    |  Latency  |  Interval | Pipeline|
    | min | max | min | max |   Type  |
    +-----+-----+-----+-----+---------+
    |    ?|    ?|    ?|    ?|   none  |
    +-----+-----+-----+-----+---------+

    + Detail: 
        * Instance: 
        N/A

        * Loop: 
        +-----------------------+-----+-----+----------+-----------+-----------+------+----------+
        |                       |  Latency  | Iteration|  Initiation Interval  | Trip |          |
        |       Loop Name       | min | max |  Latency |  achieved |   target  | Count| Pipelined|
        +-----------------------+-----+-----+----------+-----------+-----------+------+----------+
        |- Loop 1               |    ?|    ?|         ?|          -|          -|   784|    no    |
        | + Conv2d_b4_label7_L  |    ?|    ?|        10|          4|          1|     ?|    yes   |
        +-----------------------+-----+-----+----------+-----------+-----------+------+----------+

============================================================
+ Verbose Summary: Synthesis Manager
============================================================
InlineROM: 1
ExposeGlobal: 0
============================================================
+ Verbose Summary: CDFG Model
============================================================
IsTopModel: 0
ResetActiveHigh: 1
IsCombinational: 0
IsDatapathOnly: 0
HasWiredReturn: 1
HasMFsm: 0
HasVarLatency: 1
IsPipeline: 0
IsRtlPipelined: 0
IsInstanceOverlapped: 0
IsDontTouch: 0
HasImplIP: 0
IsGatedGlobalClock: 0

+ Individual pipeline summary: 
  * Pipeline-0: initiation interval (II) = 4, depth = 10


============================================================
+ Verbose Summary: Schedule
============================================================
* Number of FSM states : 13
* Pipeline : 1
  Pipeline-0 : II = 4, D = 10, States = { 3 4 5 6 7 8 9 10 11 12 }
* Dataflow Pipeline: 0

* FSM state transitions: 
1 --> 2 
2 --> 3 
3 --> 13 4 
4 --> 5 
5 --> 6 
6 --> 7 
7 --> 8 
8 --> 9 
9 --> 10 
10 --> 11 
11 --> 12 
12 --> 3 
13 --> 2 

* FSM state operations: 

State 1 <SV = 0> <Delay = 0.75>
ST_1 : Operation 14 [1/1] (0.00ns)   --->   "call void (...)* @_ssdm_op_SpecMemCore([8100 x float]* @fc_hidden_layer2, [1 x i8]* @p_str, [14 x i8]* @p_str1, [1 x i8]* @p_str, i32 -1, [1 x i8]* @p_str, [1 x i8]* @p_str, [1 x i8]* @p_str, [1 x i8]* @p_str, [1 x i8]* @p_str)" [f_b_0/forw_back.c:129]   --->   Operation 14 'specmemcore' <Predicate = true> <Delay = 0.00>
ST_1 : Operation 15 [1/1] (0.75ns)   --->   "br label %.preheader" [f_b_0/forw_back.c:129]   --->   Operation 15 'br' <Predicate = true> <Delay = 0.75>

State 2 <SV = 1> <Delay = 7.92>
ST_2 : Operation 16 [1/1] (0.00ns)   --->   "%indvar_flatten42 = phi i10 [ 0, %0 ], [ %add_ln129, %2 ]" [f_b_0/forw_back.c:129]   --->   Operation 16 'phi' 'indvar_flatten42' <Predicate = true> <Delay = 0.00>
ST_2 : Operation 17 [1/1] (0.00ns)   --->   "%phi_ln129 = phi i32 [ 0, %0 ], [ %select_ln129_9, %2 ]" [f_b_0/forw_back.c:129]   --->   Operation 17 'phi' 'phi_ln129' <Predicate = true> <Delay = 0.00>
ST_2 : Operation 18 [1/1] (0.00ns)   --->   "%phi_ln129_1 = phi i32 [ 0, %0 ], [ %select_ln129_10, %2 ]" [f_b_0/forw_back.c:129]   --->   Operation 18 'phi' 'phi_ln129_1' <Predicate = true> <Delay = 0.00>
ST_2 : Operation 19 [1/1] (0.00ns)   --->   "%indvars_iv12 = phi i32 [ 3, %0 ], [ %select_ln129_11, %2 ]" [f_b_0/forw_back.c:129]   --->   Operation 19 'phi' 'indvars_iv12' <Predicate = true> <Delay = 0.00>
ST_2 : Operation 20 [1/1] (0.00ns)   --->   "%row = phi i5 [ 0, %0 ], [ %select_ln129_7, %2 ]" [f_b_0/forw_back.c:129]   --->   Operation 20 'phi' 'row' <Predicate = true> <Delay = 0.00>
ST_2 : Operation 21 [1/1] (0.00ns)   --->   "%phi_ln130 = phi i32 [ 0, %0 ], [ %add_ln130_4, %2 ]" [f_b_0/forw_back.c:130]   --->   Operation 21 'phi' 'phi_ln130' <Predicate = true> <Delay = 0.00>
ST_2 : Operation 22 [1/1] (0.00ns)   --->   "%phi_ln130_1 = phi i32 [ 0, %0 ], [ %add_ln130_3, %2 ]" [f_b_0/forw_back.c:130]   --->   Operation 22 'phi' 'phi_ln130_1' <Predicate = true> <Delay = 0.00>
ST_2 : Operation 23 [1/1] (0.00ns)   --->   "%indvars_iv19 = phi i32 [ 3, %0 ], [ %add_ln130_2, %2 ]" [f_b_0/forw_back.c:130]   --->   Operation 23 'phi' 'indvars_iv19' <Predicate = true> <Delay = 0.00>
ST_2 : Operation 24 [1/1] (0.00ns)   --->   "%col = phi i5 [ 0, %0 ], [ %j, %2 ]"   --->   Operation 24 'phi' 'col' <Predicate = true> <Delay = 0.00>
ST_2 : Operation 25 [1/1] (0.00ns)   --->   "%shl_ln = call i10 @_ssdm_op_BitConcatenate.i10.i5.i5(i5 %row, i5 0)" [f_b_0/forw_back.c:131]   --->   Operation 25 'bitconcatenate' 'shl_ln' <Predicate = true> <Delay = 0.00>
ST_2 : Operation 26 [1/1] (0.00ns)   --->   "%zext_ln131_1 = zext i10 %shl_ln to i11" [f_b_0/forw_back.c:131]   --->   Operation 26 'zext' 'zext_ln131_1' <Predicate = true> <Delay = 0.00>
ST_2 : Operation 27 [1/1] (0.00ns)   --->   "%shl_ln131_1 = call i7 @_ssdm_op_BitConcatenate.i7.i5.i2(i5 %row, i2 0)" [f_b_0/forw_back.c:131]   --->   Operation 27 'bitconcatenate' 'shl_ln131_1' <Predicate = true> <Delay = 0.00>
ST_2 : Operation 28 [1/1] (0.00ns)   --->   "%zext_ln131_2 = zext i7 %shl_ln131_1 to i11" [f_b_0/forw_back.c:131]   --->   Operation 28 'zext' 'zext_ln131_2' <Predicate = true> <Delay = 0.00>
ST_2 : Operation 29 [1/1] (0.93ns)   --->   "%sub_ln131 = sub i11 %zext_ln131_1, %zext_ln131_2" [f_b_0/forw_back.c:131]   --->   Operation 29 'sub' 'sub_ln131' <Predicate = true> <Delay = 0.93> <Core = "AddSub">   --->   Core 14 'AddSub' <Latency = 0> <II = 1> <Delay = 1.20> <FuncUnit> <Opcode : 'add' 'sub'> <InPorts = 2> <OutPorts = 1>
ST_2 : Operation 30 [1/1] (0.85ns)   --->   "%icmp_ln129 = icmp eq i10 %indvar_flatten42, -240" [f_b_0/forw_back.c:129]   --->   Operation 30 'icmp' 'icmp_ln129' <Predicate = true> <Delay = 0.85> <Core = "Cmp">   --->   Core 25 'Cmp' <Latency = 0> <II = 1> <Delay = 1.11> <FuncUnit> <Opcode : 'icmp'> <InPorts = 2> <OutPorts = 1>
ST_2 : Operation 31 [1/1] (0.93ns)   --->   "%add_ln129 = add i10 %indvar_flatten42, 1" [f_b_0/forw_back.c:129]   --->   Operation 31 'add' 'add_ln129' <Predicate = true> <Delay = 0.93> <Core = "AddSub">   --->   Core 14 'AddSub' <Latency = 0> <II = 1> <Delay = 1.20> <FuncUnit> <Opcode : 'add' 'sub'> <InPorts = 2> <OutPorts = 1>
ST_2 : Operation 32 [1/1] (0.00ns)   --->   "br i1 %icmp_ln129, label %3, label %.preheader.preheader" [f_b_0/forw_back.c:129]   --->   Operation 32 'br' <Predicate = true> <Delay = 0.00>
ST_2 : Operation 33 [1/1] (0.87ns)   --->   "%i = add i5 %row, 1" [f_b_0/forw_back.c:129]   --->   Operation 33 'add' 'i' <Predicate = (!icmp_ln129)> <Delay = 0.87> <Core = "AddSub">   --->   Core 14 'AddSub' <Latency = 0> <II = 1> <Delay = 1.20> <FuncUnit> <Opcode : 'add' 'sub'> <InPorts = 2> <OutPorts = 1>
ST_2 : Operation 34 [1/1] (1.20ns)   --->   "%add_ln129_2 = add i32 %indvars_iv12, 1" [f_b_0/forw_back.c:129]   --->   Operation 34 'add' 'add_ln129_2' <Predicate = (!icmp_ln129)> <Delay = 1.20> <Core = "AddSub">   --->   Core 14 'AddSub' <Latency = 0> <II = 1> <Delay = 1.20> <FuncUnit> <Opcode : 'add' 'sub'> <InPorts = 2> <OutPorts = 1>
ST_2 : Operation 35 [1/1] (1.20ns)   --->   "%add_ln129_3 = add i32 %phi_ln129_1, 1" [f_b_0/forw_back.c:129]   --->   Operation 35 'add' 'add_ln129_3' <Predicate = (!icmp_ln129)> <Delay = 1.20> <Core = "AddSub">   --->   Core 14 'AddSub' <Latency = 0> <II = 1> <Delay = 1.20> <FuncUnit> <Opcode : 'add' 'sub'> <InPorts = 2> <OutPorts = 1>
ST_2 : Operation 36 [1/1] (1.20ns)   --->   "%add_ln129_4 = add i32 %phi_ln129, -1" [f_b_0/forw_back.c:129]   --->   Operation 36 'add' 'add_ln129_4' <Predicate = (!icmp_ln129)> <Delay = 1.20> <Core = "AddSub">   --->   Core 14 'AddSub' <Latency = 0> <II = 1> <Delay = 1.20> <FuncUnit> <Opcode : 'add' 'sub'> <InPorts = 2> <OutPorts = 1>
ST_2 : Operation 37 [1/1] (0.00ns)   --->   "%empty_122 = call i32 (...)* @_ssdm_op_SpecLoopTripCount(i64 784, i64 784, i64 784)"   --->   Operation 37 'speclooptripcount' 'empty_122' <Predicate = (!icmp_ln129)> <Delay = 0.00>
ST_2 : Operation 38 [1/1] (0.87ns)   --->   "%icmp_ln130 = icmp eq i5 %col, -4" [f_b_0/forw_back.c:130]   --->   Operation 38 'icmp' 'icmp_ln130' <Predicate = (!icmp_ln129)> <Delay = 0.87> <Core = "Cmp">   --->   Core 25 'Cmp' <Latency = 0> <II = 1> <Delay = 1.11> <FuncUnit> <Opcode : 'icmp'> <InPorts = 2> <OutPorts = 1>
ST_2 : Operation 39 [1/1] (0.52ns)   --->   "%select_ln129 = select i1 %icmp_ln130, i32 0, i32 %phi_ln130" [f_b_0/forw_back.c:129]   --->   Operation 39 'select' 'select_ln129' <Predicate = (!icmp_ln129)> <Delay = 0.52> <Core = "Sel">   --->   Core 26 'Sel' <Latency = 0> <II = 1> <Delay = 0.52> <FuncUnit> <Opcode : 'select'> <InPorts = 3> <OutPorts = 1>
ST_2 : Operation 40 [1/1] (0.52ns)   --->   "%select_ln129_1 = select i1 %icmp_ln130, i32 0, i32 %phi_ln130_1" [f_b_0/forw_back.c:129]   --->   Operation 40 'select' 'select_ln129_1' <Predicate = (!icmp_ln129)> <Delay = 0.52> <Core = "Sel">   --->   Core 26 'Sel' <Latency = 0> <II = 1> <Delay = 0.52> <FuncUnit> <Opcode : 'select'> <InPorts = 3> <OutPorts = 1>
ST_2 : Operation 41 [1/1] (0.52ns)   --->   "%select_ln129_2 = select i1 %icmp_ln130, i32 3, i32 %indvars_iv19" [f_b_0/forw_back.c:129]   --->   Operation 41 'select' 'select_ln129_2' <Predicate = (!icmp_ln129)> <Delay = 0.52> <Core = "Sel">   --->   Core 26 'Sel' <Latency = 0> <II = 1> <Delay = 0.52> <FuncUnit> <Opcode : 'select'> <InPorts = 3> <OutPorts = 1>
ST_2 : Operation 42 [1/1] (0.48ns)   --->   "%select_ln129_3 = select i1 %icmp_ln130, i5 0, i5 %col" [f_b_0/forw_back.c:129]   --->   Operation 42 'select' 'select_ln129_3' <Predicate = (!icmp_ln129)> <Delay = 0.48> <Core = "Sel">   --->   Core 26 'Sel' <Latency = 0> <II = 1> <Delay = 0.52> <FuncUnit> <Opcode : 'select'> <InPorts = 3> <OutPorts = 1>
ST_2 : Operation 43 [1/1] (1.11ns)   --->   "%icmp_ln129_1 = icmp sgt i32 %add_ln129_2, %add_ln129_3" [f_b_0/forw_back.c:129]   --->   Operation 43 'icmp' 'icmp_ln129_1' <Predicate = (!icmp_ln129)> <Delay = 1.11> <Core = "Cmp">   --->   Core 25 'Cmp' <Latency = 0> <II = 1> <Delay = 1.11> <FuncUnit> <Opcode : 'icmp'> <InPorts = 2> <OutPorts = 1>
ST_2 : Operation 44 [1/1] (0.00ns) (grouped into LUT with out node add_ln129_5)   --->   "%select_ln129_4 = select i1 %icmp_ln129_1, i32 %add_ln129_2, i32 %add_ln129_3" [f_b_0/forw_back.c:129]   --->   Operation 44 'select' 'select_ln129_4' <Predicate = (!icmp_ln129)> <Delay = 0.00> <Core = "Sel">   --->   Core 26 'Sel' <Latency = 0> <II = 1> <Delay = 0.52> <FuncUnit> <Opcode : 'select'> <InPorts = 3> <OutPorts = 1>
ST_2 : Operation 45 [1/1] (1.20ns) (out node of the LUT)   --->   "%add_ln129_5 = add i32 %select_ln129_4, %add_ln129_4" [f_b_0/forw_back.c:129]   --->   Operation 45 'add' 'add_ln129_5' <Predicate = (!icmp_ln129)> <Delay = 1.20> <Core = "AddSub">   --->   Core 14 'AddSub' <Latency = 0> <II = 1> <Delay = 1.20> <FuncUnit> <Opcode : 'add' 'sub'> <InPorts = 2> <OutPorts = 1>
ST_2 : Operation 46 [1/1] (1.11ns)   --->   "%icmp_ln129_2 = icmp sgt i32 %indvars_iv12, %phi_ln129_1" [f_b_0/forw_back.c:129]   --->   Operation 46 'icmp' 'icmp_ln129_2' <Predicate = (!icmp_ln129)> <Delay = 1.11> <Core = "Cmp">   --->   Core 25 'Cmp' <Latency = 0> <II = 1> <Delay = 1.11> <FuncUnit> <Opcode : 'icmp'> <InPorts = 2> <OutPorts = 1>
ST_2 : Operation 47 [1/1] (0.00ns) (grouped into LUT with out node add_ln129_6)   --->   "%select_ln129_5 = select i1 %icmp_ln129_2, i32 %indvars_iv12, i32 %phi_ln129_1" [f_b_0/forw_back.c:129]   --->   Operation 47 'select' 'select_ln129_5' <Predicate = (!icmp_ln129)> <Delay = 0.00> <Core = "Sel">   --->   Core 26 'Sel' <Latency = 0> <II = 1> <Delay = 0.52> <FuncUnit> <Opcode : 'select'> <InPorts = 3> <OutPorts = 1>
ST_2 : Operation 48 [1/1] (1.20ns) (out node of the LUT)   --->   "%add_ln129_6 = add i32 %select_ln129_5, %phi_ln129" [f_b_0/forw_back.c:129]   --->   Operation 48 'add' 'add_ln129_6' <Predicate = (!icmp_ln129)> <Delay = 1.20> <Core = "AddSub">   --->   Core 14 'AddSub' <Latency = 0> <II = 1> <Delay = 1.20> <FuncUnit> <Opcode : 'add' 'sub'> <InPorts = 2> <OutPorts = 1>
ST_2 : Operation 49 [1/1] (0.52ns)   --->   "%select_ln129_6 = select i1 %icmp_ln130, i32 %add_ln129_5, i32 %add_ln129_6" [f_b_0/forw_back.c:129]   --->   Operation 49 'select' 'select_ln129_6' <Predicate = (!icmp_ln129)> <Delay = 0.52> <Core = "Sel">   --->   Core 26 'Sel' <Latency = 0> <II = 1> <Delay = 0.52> <FuncUnit> <Opcode : 'select'> <InPorts = 3> <OutPorts = 1>
ST_2 : Operation 50 [1/1] (0.48ns)   --->   "%select_ln129_7 = select i1 %icmp_ln130, i5 %i, i5 %row" [f_b_0/forw_back.c:129]   --->   Operation 50 'select' 'select_ln129_7' <Predicate = (!icmp_ln129)> <Delay = 0.48> <Core = "Sel">   --->   Core 26 'Sel' <Latency = 0> <II = 1> <Delay = 0.52> <FuncUnit> <Opcode : 'select'> <InPorts = 3> <OutPorts = 1>
ST_2 : Operation 51 [1/1] (0.00ns)   --->   "%zext_ln129 = zext i5 %select_ln129_7 to i32" [f_b_0/forw_back.c:129]   --->   Operation 51 'zext' 'zext_ln129' <Predicate = (!icmp_ln129)> <Delay = 0.00>
ST_2 : Operation 52 [1/1] (0.00ns)   --->   "%shl_ln131_mid1 = call i10 @_ssdm_op_BitConcatenate.i10.i5.i5(i5 %i, i5 0)" [f_b_0/forw_back.c:131]   --->   Operation 52 'bitconcatenate' 'shl_ln131_mid1' <Predicate = (!icmp_ln129)> <Delay = 0.00>
ST_2 : Operation 53 [1/1] (0.00ns)   --->   "%zext_ln131_3 = zext i10 %shl_ln131_mid1 to i11" [f_b_0/forw_back.c:131]   --->   Operation 53 'zext' 'zext_ln131_3' <Predicate = (!icmp_ln129)> <Delay = 0.00>
ST_2 : Operation 54 [1/1] (0.00ns)   --->   "%shl_ln131_1_mid1 = call i7 @_ssdm_op_BitConcatenate.i7.i5.i2(i5 %i, i2 0)" [f_b_0/forw_back.c:131]   --->   Operation 54 'bitconcatenate' 'shl_ln131_1_mid1' <Predicate = (!icmp_ln129)> <Delay = 0.00>
ST_2 : Operation 55 [1/1] (0.00ns)   --->   "%zext_ln131_4 = zext i7 %shl_ln131_1_mid1 to i11" [f_b_0/forw_back.c:131]   --->   Operation 55 'zext' 'zext_ln131_4' <Predicate = (!icmp_ln129)> <Delay = 0.00>
ST_2 : Operation 56 [1/1] (0.93ns)   --->   "%sub_ln131_1 = sub i11 %zext_ln131_3, %zext_ln131_4" [f_b_0/forw_back.c:131]   --->   Operation 56 'sub' 'sub_ln131_1' <Predicate = (!icmp_ln129)> <Delay = 0.93> <Core = "AddSub">   --->   Core 14 'AddSub' <Latency = 0> <II = 1> <Delay = 1.20> <FuncUnit> <Opcode : 'add' 'sub'> <InPorts = 2> <OutPorts = 1>
ST_2 : Operation 57 [1/1] (0.00ns) (grouped into LUT with out node add_ln131)   --->   "%select_ln129_8 = select i1 %icmp_ln130, i11 %sub_ln131_1, i11 %sub_ln131" [f_b_0/forw_back.c:129]   --->   Operation 57 'select' 'select_ln129_8' <Predicate = (!icmp_ln129)> <Delay = 0.00> <Core = "Sel">   --->   Core 26 'Sel' <Latency = 0> <II = 1> <Delay = 0.52> <FuncUnit> <Opcode : 'select'> <InPorts = 3> <OutPorts = 1>
ST_2 : Operation 58 [1/1] (0.52ns)   --->   "%select_ln129_9 = select i1 %icmp_ln130, i32 %add_ln129_4, i32 %phi_ln129" [f_b_0/forw_back.c:129]   --->   Operation 58 'select' 'select_ln129_9' <Predicate = (!icmp_ln129)> <Delay = 0.52> <Core = "Sel">   --->   Core 26 'Sel' <Latency = 0> <II = 1> <Delay = 0.52> <FuncUnit> <Opcode : 'select'> <InPorts = 3> <OutPorts = 1>
ST_2 : Operation 59 [1/1] (0.52ns)   --->   "%select_ln129_10 = select i1 %icmp_ln130, i32 %add_ln129_3, i32 %phi_ln129_1" [f_b_0/forw_back.c:129]   --->   Operation 59 'select' 'select_ln129_10' <Predicate = (!icmp_ln129)> <Delay = 0.52> <Core = "Sel">   --->   Core 26 'Sel' <Latency = 0> <II = 1> <Delay = 0.52> <FuncUnit> <Opcode : 'select'> <InPorts = 3> <OutPorts = 1>
ST_2 : Operation 60 [1/1] (0.52ns)   --->   "%select_ln129_11 = select i1 %icmp_ln130, i32 %add_ln129_2, i32 %indvars_iv12" [f_b_0/forw_back.c:129]   --->   Operation 60 'select' 'select_ln129_11' <Predicate = (!icmp_ln129)> <Delay = 0.52> <Core = "Sel">   --->   Core 26 'Sel' <Latency = 0> <II = 1> <Delay = 0.52> <FuncUnit> <Opcode : 'select'> <InPorts = 3> <OutPorts = 1>
ST_2 : Operation 61 [1/1] (1.11ns)   --->   "%icmp_ln130_1 = icmp sgt i32 %select_ln129_2, %select_ln129_1" [f_b_0/forw_back.c:130]   --->   Operation 61 'icmp' 'icmp_ln130_1' <Predicate = (!icmp_ln129)> <Delay = 1.11> <Core = "Cmp">   --->   Core 25 'Cmp' <Latency = 0> <II = 1> <Delay = 1.11> <FuncUnit> <Opcode : 'icmp'> <InPorts = 2> <OutPorts = 1>
ST_2 : Operation 62 [1/1] (0.00ns) (grouped into LUT with out node add_ln130)   --->   "%select_ln130 = select i1 %icmp_ln130_1, i32 %select_ln129_2, i32 %select_ln129_1" [f_b_0/forw_back.c:130]   --->   Operation 62 'select' 'select_ln130' <Predicate = (!icmp_ln129)> <Delay = 0.00> <Core = "Sel">   --->   Core 26 'Sel' <Latency = 0> <II = 1> <Delay = 0.52> <FuncUnit> <Opcode : 'select'> <InPorts = 3> <OutPorts = 1>
ST_2 : Operation 63 [1/1] (1.20ns) (out node of the LUT)   --->   "%add_ln130 = add i32 %select_ln130, %select_ln129" [f_b_0/forw_back.c:130]   --->   Operation 63 'add' 'add_ln130' <Predicate = (!icmp_ln129)> <Delay = 1.20> <Core = "AddSub">   --->   Core 14 'AddSub' <Latency = 0> <II = 1> <Delay = 1.20> <FuncUnit> <Opcode : 'add' 'sub'> <InPorts = 2> <OutPorts = 1>
ST_2 : Operation 64 [1/1] (0.00ns) (grouped into LUT with out node add_ln131)   --->   "%zext_ln130 = zext i5 %select_ln129_3 to i11" [f_b_0/forw_back.c:130]   --->   Operation 64 'zext' 'zext_ln130' <Predicate = (!icmp_ln129)> <Delay = 0.00>
ST_2 : Operation 65 [1/1] (0.00ns)   --->   "%zext_ln130_1 = zext i5 %select_ln129_3 to i32" [f_b_0/forw_back.c:130]   --->   Operation 65 'zext' 'zext_ln130_1' <Predicate = (!icmp_ln129)> <Delay = 0.00>
ST_2 : Operation 66 [1/1] (0.94ns) (out node of the LUT)   --->   "%add_ln131 = add i11 %zext_ln130, %select_ln129_8" [f_b_0/forw_back.c:131]   --->   Operation 66 'add' 'add_ln131' <Predicate = (!icmp_ln129)> <Delay = 0.94> <Core = "AddSub">   --->   Core 14 'AddSub' <Latency = 0> <II = 1> <Delay = 1.20> <FuncUnit> <Opcode : 'add' 'sub'> <InPorts = 2> <OutPorts = 1>
ST_2 : Operation 67 [1/1] (0.00ns)   --->   "%sext_ln131 = sext i11 %add_ln131 to i32" [f_b_0/forw_back.c:131]   --->   Operation 67 'sext' 'sext_ln131' <Predicate = (!icmp_ln129)> <Delay = 0.00>
ST_2 : Operation 68 [1/1] (0.00ns)   --->   "%zext_ln131 = zext i32 %sext_ln131 to i64" [f_b_0/forw_back.c:131]   --->   Operation 68 'zext' 'zext_ln131' <Predicate = (!icmp_ln129)> <Delay = 0.00>
ST_2 : Operation 69 [1/1] (0.00ns)   --->   "%out_matrix_addr = getelementptr [784 x float]* %out_matrix, i64 0, i64 %zext_ln131" [f_b_0/forw_back.c:131]   --->   Operation 69 'getelementptr' 'out_matrix_addr' <Predicate = (!icmp_ln129)> <Delay = 0.00>
ST_2 : Operation 70 [1/1] (1.35ns)   --->   "store float 0.000000e+00, float* %out_matrix_addr, align 4" [f_b_0/forw_back.c:131]   --->   Operation 70 'store' <Predicate = (!icmp_ln129)> <Delay = 1.35> <Core = "RAM">   --->   Core 37 'RAM' <Latency = 1> <II = 1> <Delay = 1.35> <Storage> <Opcode : 'load' 'store'> <Ports = 2> <Width = 32> <Depth = 784> <RAM>
ST_2 : Operation 71 [1/1] (0.87ns)   --->   "%add_ln133 = add i5 %select_ln129_3, 3" [f_b_0/forw_back.c:133]   --->   Operation 71 'add' 'add_ln133' <Predicate = (!icmp_ln129)> <Delay = 0.87> <Core = "AddSub">   --->   Core 14 'AddSub' <Latency = 0> <II = 1> <Delay = 1.20> <FuncUnit> <Opcode : 'add' 'sub'> <InPorts = 2> <OutPorts = 1>
ST_2 : Operation 72 [1/1] (0.00ns)   --->   "%zext_ln133 = zext i5 %add_ln133 to i32" [f_b_0/forw_back.c:133]   --->   Operation 72 'zext' 'zext_ln133' <Predicate = (!icmp_ln129)> <Delay = 0.00>
ST_2 : Operation 73 [1/1] (0.00ns)   --->   "%zext_ln131_5 = zext i32 %select_ln129_6 to i64" [f_b_0/forw_back.c:131]   --->   Operation 73 'zext' 'zext_ln131_5' <Predicate = (!icmp_ln129)> <Delay = 0.00>
ST_2 : Operation 74 [1/1] (0.00ns)   --->   "%zext_ln131_6 = zext i32 %add_ln130 to i64" [f_b_0/forw_back.c:131]   --->   Operation 74 'zext' 'zext_ln131_6' <Predicate = (!icmp_ln129)> <Delay = 0.00>
ST_2 : Operation 75 [1/1] (3.88ns)   --->   "%mul_ln131 = mul i64 %zext_ln131_5, %zext_ln131_6" [f_b_0/forw_back.c:131]   --->   Operation 75 'mul' 'mul_ln131' <Predicate = (!icmp_ln129)> <Delay = 3.88> <Core = "Mul">   --->   Core 16 'Mul' <Latency = 0> <II = 1> <Delay = 3.88> <FuncUnit> <Opcode : 'mul'> <InPorts = 2> <OutPorts = 1>
ST_2 : Operation 76 [1/1] (0.75ns)   --->   "br label %1" [f_b_0/forw_back.c:132]   --->   Operation 76 'br' <Predicate = (!icmp_ln129)> <Delay = 0.75>
ST_2 : Operation 77 [1/1] (0.00ns)   --->   "ret void" [f_b_0/forw_back.c:136]   --->   Operation 77 'ret' <Predicate = (icmp_ln129)> <Delay = 0.00>

State 3 <SV = 2> <Delay = 5.81>
ST_3 : Operation 78 [1/1] (0.00ns)   --->   "%indvar_flatten = phi i64 [ 0, %.preheader.preheader ], [ %add_ln132, %.reset ]" [f_b_0/forw_back.c:132]   --->   Operation 78 'phi' 'indvar_flatten' <Predicate = true> <Delay = 0.00>
ST_3 : Operation 79 [1/1] (0.00ns)   --->   "%row_0 = phi i32 [ %zext_ln129, %.preheader.preheader ], [ %select_ln132, %.reset ]" [f_b_0/forw_back.c:129]   --->   Operation 79 'phi' 'row_0' <Predicate = true> <Delay = 0.00>
ST_3 : Operation 80 [1/1] (0.00ns)   --->   "%empty = phi float [ 0.000000e+00, %.preheader.preheader ], [ %tmp_s, %.reset ]" [f_b_0/forw_back.c:134]   --->   Operation 80 'phi' 'empty' <Predicate = true> <Delay = 0.00>
ST_3 : Operation 81 [1/1] (0.00ns)   --->   "%col_0 = phi i32 [ %zext_ln130_1, %.preheader.preheader ], [ %col_1, %.reset ]"   --->   Operation 81 'phi' 'col_0' <Predicate = true> <Delay = 0.00>
ST_3 : Operation 82 [1/1] (0.00ns)   --->   "call void (...)* @_ssdm_op_SpecPipeline(i32 -1, i32 1, i32 1, i32 0, [1 x i8]* @p_str) nounwind" [f_b_0/forw_back.c:133]   --->   Operation 82 'specpipeline' <Predicate = true> <Delay = 0.00>
ST_3 : Operation 83 [1/1] (0.00ns) (grouped into LUT with out node sub_ln134_1)   --->   "%shl_ln134 = shl i32 %row_0, 5" [f_b_0/forw_back.c:134]   --->   Operation 83 'shl' 'shl_ln134' <Predicate = true> <Delay = 0.00>
ST_3 : Operation 84 [1/1] (0.00ns) (grouped into LUT with out node sub_ln134_1)   --->   "%shl_ln134_1 = shl i32 %row_0, 1" [f_b_0/forw_back.c:134]   --->   Operation 84 'shl' 'shl_ln134_1' <Predicate = true> <Delay = 0.00>
ST_3 : Operation 85 [1/1] (1.20ns) (out node of the LUT)   --->   "%sub_ln134_1 = sub i32 %shl_ln134, %shl_ln134_1" [f_b_0/forw_back.c:134]   --->   Operation 85 'sub' 'sub_ln134_1' <Predicate = true> <Delay = 1.20> <Core = "AddSub">   --->   Core 14 'AddSub' <Latency = 0> <II = 1> <Delay = 1.20> <FuncUnit> <Opcode : 'add' 'sub'> <InPorts = 2> <OutPorts = 1>
ST_3 : Operation 86 [1/1] (1.20ns)   --->   "%sub_ln134 = sub nsw i32 %row_0, %zext_ln129" [f_b_0/forw_back.c:134]   --->   Operation 86 'sub' 'sub_ln134' <Predicate = true> <Delay = 1.20> <Core = "AddSub">   --->   Core 14 'AddSub' <Latency = 0> <II = 1> <Delay = 1.20> <FuncUnit> <Opcode : 'add' 'sub'> <InPorts = 2> <OutPorts = 1>
ST_3 : Operation 87 [1/1] (0.00ns) (grouped into LUT with out node sub_ln134_2)   --->   "%shl_ln134_2 = shl i32 %sub_ln134, 2" [f_b_0/forw_back.c:134]   --->   Operation 87 'shl' 'shl_ln134_2' <Predicate = true> <Delay = 0.00>
ST_3 : Operation 88 [1/1] (1.20ns) (out node of the LUT)   --->   "%sub_ln134_2 = sub i32 %shl_ln134_2, %sub_ln134" [f_b_0/forw_back.c:134]   --->   Operation 88 'sub' 'sub_ln134_2' <Predicate = true> <Delay = 1.20> <Core = "AddSub">   --->   Core 14 'AddSub' <Latency = 0> <II = 1> <Delay = 1.20> <FuncUnit> <Opcode : 'add' 'sub'> <InPorts = 2> <OutPorts = 1>
ST_3 : Operation 89 [1/1] (1.48ns)   --->   "%icmp_ln132 = icmp eq i64 %indvar_flatten, %mul_ln131" [f_b_0/forw_back.c:132]   --->   Operation 89 'icmp' 'icmp_ln132' <Predicate = true> <Delay = 1.48> <Core = "Cmp">   --->   Core 25 'Cmp' <Latency = 0> <II = 1> <Delay = 1.11> <FuncUnit> <Opcode : 'icmp'> <InPorts = 2> <OutPorts = 1>
ST_3 : Operation 90 [1/1] (1.47ns)   --->   "%add_ln132 = add i64 1, %indvar_flatten" [f_b_0/forw_back.c:132]   --->   Operation 90 'add' 'add_ln132' <Predicate = true> <Delay = 1.47> <Core = "AddSub">   --->   Core 14 'AddSub' <Latency = 0> <II = 1> <Delay = 1.20> <FuncUnit> <Opcode : 'add' 'sub'> <InPorts = 2> <OutPorts = 1>
ST_3 : Operation 91 [1/1] (0.00ns)   --->   "br i1 %icmp_ln132, label %2, label %.reset" [f_b_0/forw_back.c:132]   --->   Operation 91 'br' <Predicate = true> <Delay = 0.00>
ST_3 : Operation 92 [1/1] (1.20ns)   --->   "%row_3 = add nsw i32 1, %row_0" [f_b_0/forw_back.c:132]   --->   Operation 92 'add' 'row_3' <Predicate = (!icmp_ln132)> <Delay = 1.20> <Core = "AddSub">   --->   Core 14 'AddSub' <Latency = 0> <II = 1> <Delay = 1.20> <FuncUnit> <Opcode : 'add' 'sub'> <InPorts = 2> <OutPorts = 1>
ST_3 : Operation 93 [1/1] (1.11ns)   --->   "%icmp_ln133 = icmp slt i32 %col_0, %zext_ln133" [f_b_0/forw_back.c:133]   --->   Operation 93 'icmp' 'icmp_ln133' <Predicate = (!icmp_ln132)> <Delay = 1.11> <Core = "Cmp">   --->   Core 25 'Cmp' <Latency = 0> <II = 1> <Delay = 1.11> <FuncUnit> <Opcode : 'icmp'> <InPorts = 2> <OutPorts = 1>
ST_3 : Operation 94 [1/1] (0.52ns)   --->   "%select_ln133 = select i1 %icmp_ln133, i32 %col_0, i32 %zext_ln130_1" [f_b_0/forw_back.c:133]   --->   Operation 94 'select' 'select_ln133' <Predicate = (!icmp_ln132)> <Delay = 0.52> <Core = "Sel">   --->   Core 26 'Sel' <Latency = 0> <II = 1> <Delay = 0.52> <FuncUnit> <Opcode : 'select'> <InPorts = 3> <OutPorts = 1>
ST_3 : Operation 95 [1/1] (0.00ns) (grouped into LUT with out node sub_ln134_3)   --->   "%shl_ln134_3 = shl i32 %row_3, 5" [f_b_0/forw_back.c:134]   --->   Operation 95 'shl' 'shl_ln134_3' <Predicate = (!icmp_ln132)> <Delay = 0.00>
ST_3 : Operation 96 [1/1] (0.00ns) (grouped into LUT with out node sub_ln134_3)   --->   "%shl_ln134_4 = shl i32 %row_3, 1" [f_b_0/forw_back.c:134]   --->   Operation 96 'shl' 'shl_ln134_4' <Predicate = (!icmp_ln132)> <Delay = 0.00>
ST_3 : Operation 97 [1/1] (1.20ns) (out node of the LUT)   --->   "%sub_ln134_3 = sub i32 %shl_ln134_3, %shl_ln134_4" [f_b_0/forw_back.c:134]   --->   Operation 97 'sub' 'sub_ln134_3' <Predicate = (!icmp_ln132)> <Delay = 1.20> <Core = "AddSub">   --->   Core 14 'AddSub' <Latency = 0> <II = 1> <Delay = 1.20> <FuncUnit> <Opcode : 'add' 'sub'> <InPorts = 2> <OutPorts = 1>
ST_3 : Operation 98 [1/1] (0.00ns) (grouped into LUT with out node add_ln134)   --->   "%select_ln133_1 = select i1 %icmp_ln133, i32 %sub_ln134_1, i32 %sub_ln134_3" [f_b_0/forw_back.c:133]   --->   Operation 98 'select' 'select_ln133_1' <Predicate = (!icmp_ln132)> <Delay = 0.00> <Core = "Sel">   --->   Core 26 'Sel' <Latency = 0> <II = 1> <Delay = 0.52> <FuncUnit> <Opcode : 'select'> <InPorts = 3> <OutPorts = 1>
ST_3 : Operation 99 [1/1] (1.20ns)   --->   "%sub_ln134_4 = sub nsw i32 %row_3, %zext_ln129" [f_b_0/forw_back.c:134]   --->   Operation 99 'sub' 'sub_ln134_4' <Predicate = (!icmp_ln132)> <Delay = 1.20> <Core = "AddSub">   --->   Core 14 'AddSub' <Latency = 0> <II = 1> <Delay = 1.20> <FuncUnit> <Opcode : 'add' 'sub'> <InPorts = 2> <OutPorts = 1>
ST_3 : Operation 100 [1/1] (0.00ns) (grouped into LUT with out node sub_ln134_5)   --->   "%shl_ln134_5 = shl i32 %sub_ln134_4, 2" [f_b_0/forw_back.c:134]   --->   Operation 100 'shl' 'shl_ln134_5' <Predicate = (!icmp_ln132)> <Delay = 0.00>
ST_3 : Operation 101 [1/1] (1.20ns) (out node of the LUT)   --->   "%sub_ln134_5 = sub i32 %shl_ln134_5, %sub_ln134_4" [f_b_0/forw_back.c:134]   --->   Operation 101 'sub' 'sub_ln134_5' <Predicate = (!icmp_ln132)> <Delay = 1.20> <Core = "AddSub">   --->   Core 14 'AddSub' <Latency = 0> <II = 1> <Delay = 1.20> <FuncUnit> <Opcode : 'add' 'sub'> <InPorts = 2> <OutPorts = 1>
ST_3 : Operation 102 [1/1] (0.52ns)   --->   "%select_ln133_2 = select i1 %icmp_ln133, i32 %sub_ln134_2, i32 %sub_ln134_5" [f_b_0/forw_back.c:133]   --->   Operation 102 'select' 'select_ln133_2' <Predicate = (!icmp_ln132)> <Delay = 0.52> <Core = "Sel">   --->   Core 26 'Sel' <Latency = 0> <II = 1> <Delay = 0.52> <FuncUnit> <Opcode : 'select'> <InPorts = 3> <OutPorts = 1>
ST_3 : Operation 103 [1/1] (0.00ns) (grouped into TernaryAdder)   --->   "%sub_ln133 = sub i32 %select_ln133_2, %zext_ln130_1" [f_b_0/forw_back.c:133]   --->   Operation 103 'sub' 'sub_ln133' <Predicate = (!icmp_ln132)> <Delay = 0.00> <Core = "TAddSub">   --->   Core 83 'TAddSub' <Latency = 0> <II = 1> <Delay = 0.44> <IPBlock> <Opcode : 'add' 'sub'> <InPorts = 3> <OutPorts = 1> <Sync> <CReg>
ST_3 : Operation 104 [1/1] (0.52ns)   --->   "%select_ln132 = select i1 %icmp_ln133, i32 %row_0, i32 %row_3" [f_b_0/forw_back.c:132]   --->   Operation 104 'select' 'select_ln132' <Predicate = (!icmp_ln132)> <Delay = 0.52> <Core = "Sel">   --->   Core 26 'Sel' <Latency = 0> <II = 1> <Delay = 0.52> <FuncUnit> <Opcode : 'select'> <InPorts = 3> <OutPorts = 1>
ST_3 : Operation 105 [1/1] (1.20ns) (out node of the LUT)   --->   "%add_ln134 = add nsw i32 %select_ln133, %select_ln133_1" [f_b_0/forw_back.c:134]   --->   Operation 105 'add' 'add_ln134' <Predicate = (!icmp_ln132)> <Delay = 1.20> <Core = "AddSub">   --->   Core 14 'AddSub' <Latency = 0> <II = 1> <Delay = 1.20> <FuncUnit> <Opcode : 'add' 'sub'> <InPorts = 2> <OutPorts = 1>
ST_3 : Operation 106 [1/1] (0.00ns)   --->   "%sext_ln134 = sext i32 %add_ln134 to i64" [f_b_0/forw_back.c:134]   --->   Operation 106 'sext' 'sext_ln134' <Predicate = (!icmp_ln132)> <Delay = 0.00>
ST_3 : Operation 107 [1/1] (0.00ns)   --->   "%input_matrix_addr = getelementptr [900 x float]* %input_matrix, i64 0, i64 %sext_ln134" [f_b_0/forw_back.c:134]   --->   Operation 107 'getelementptr' 'input_matrix_addr' <Predicate = (!icmp_ln132)> <Delay = 0.00>
ST_3 : Operation 108 [2/2] (1.35ns)   --->   "%input_matrix_load = load float* %input_matrix_addr, align 4" [f_b_0/forw_back.c:134]   --->   Operation 108 'load' 'input_matrix_load' <Predicate = (!icmp_ln132)> <Delay = 1.35> <Core = "RAM">   --->   Core 37 'RAM' <Latency = 1> <II = 1> <Delay = 1.35> <Storage> <Opcode : 'load' 'store'> <Ports = 2> <Width = 32> <Depth = 784> <RAM>
ST_3 : Operation 109 [1/1] (0.88ns) (root node of TernaryAdder)   --->   "%add_ln134_1 = add i32 %sub_ln133, %select_ln133" [f_b_0/forw_back.c:134]   --->   Operation 109 'add' 'add_ln134_1' <Predicate = (!icmp_ln132)> <Delay = 0.88> <Core = "TAddSub">   --->   Core 83 'TAddSub' <Latency = 0> <II = 1> <Delay = 0.44> <IPBlock> <Opcode : 'add' 'sub'> <InPorts = 3> <OutPorts = 1> <Sync> <CReg>
ST_3 : Operation 110 [1/1] (0.00ns)   --->   "%sext_ln134_1 = sext i32 %add_ln134_1 to i64" [f_b_0/forw_back.c:134]   --->   Operation 110 'sext' 'sext_ln134_1' <Predicate = (!icmp_ln132)> <Delay = 0.00>
ST_3 : Operation 111 [1/1] (0.00ns)   --->   "%kernel_addr = getelementptr [9 x float]* %kernel, i64 0, i64 %sext_ln134_1" [f_b_0/forw_back.c:134]   --->   Operation 111 'getelementptr' 'kernel_addr' <Predicate = (!icmp_ln132)> <Delay = 0.00>
ST_3 : Operation 112 [2/2] (0.79ns)   --->   "%kernel_load = load float* %kernel_addr, align 4" [f_b_0/forw_back.c:134]   --->   Operation 112 'load' 'kernel_load' <Predicate = (!icmp_ln132)> <Delay = 0.79> <Core = "RAM">   --->   Core 37 'RAM' <Latency = 1> <II = 1> <Delay = 1.35> <Storage> <Opcode : 'load' 'store'> <Ports = 2> <Width = 32> <Depth = 784> <RAM>

State 4 <SV = 3> <Delay = 1.35>
ST_4 : Operation 113 [1/2] (1.35ns)   --->   "%input_matrix_load = load float* %input_matrix_addr, align 4" [f_b_0/forw_back.c:134]   --->   Operation 113 'load' 'input_matrix_load' <Predicate = (!icmp_ln132)> <Delay = 1.35> <Core = "RAM">   --->   Core 37 'RAM' <Latency = 1> <II = 1> <Delay = 1.35> <Storage> <Opcode : 'load' 'store'> <Ports = 2> <Width = 32> <Depth = 784> <RAM>
ST_4 : Operation 114 [1/2] (0.79ns)   --->   "%kernel_load = load float* %kernel_addr, align 4" [f_b_0/forw_back.c:134]   --->   Operation 114 'load' 'kernel_load' <Predicate = (!icmp_ln132)> <Delay = 0.79> <Core = "RAM">   --->   Core 37 'RAM' <Latency = 1> <II = 1> <Delay = 1.35> <Storage> <Opcode : 'load' 'store'> <Ports = 2> <Width = 32> <Depth = 784> <RAM>

State 5 <SV = 4> <Delay = 8.28>
ST_5 : Operation 115 [3/3] (8.28ns)   --->   "%tmp = fmul float %input_matrix_load, %kernel_load" [f_b_0/forw_back.c:134]   --->   Operation 115 'fmul' 'tmp' <Predicate = (!icmp_ln132)> <Delay = 8.28> <Core = "FMul">   --->   Core 106 'FMul' <Latency = 2> <II = 1> <Delay = 8.28> <FuncUnit> <Opcode : 'fmul'> <InPorts = 2> <OutPorts = 1>

State 6 <SV = 5> <Delay = 8.28>
ST_6 : Operation 116 [2/3] (8.28ns)   --->   "%tmp = fmul float %input_matrix_load, %kernel_load" [f_b_0/forw_back.c:134]   --->   Operation 116 'fmul' 'tmp' <Predicate = (!icmp_ln132)> <Delay = 8.28> <Core = "FMul">   --->   Core 106 'FMul' <Latency = 2> <II = 1> <Delay = 8.28> <FuncUnit> <Opcode : 'fmul'> <InPorts = 2> <OutPorts = 1>
ST_6 : Operation 117 [1/1] (1.20ns)   --->   "%col_1 = add nsw i32 1, %select_ln133" [f_b_0/forw_back.c:133]   --->   Operation 117 'add' 'col_1' <Predicate = (!icmp_ln132)> <Delay = 1.20> <Core = "AddSub">   --->   Core 14 'AddSub' <Latency = 0> <II = 1> <Delay = 1.20> <FuncUnit> <Opcode : 'add' 'sub'> <InPorts = 2> <OutPorts = 1>

State 7 <SV = 6> <Delay = 8.28>
ST_7 : Operation 118 [1/3] (8.28ns)   --->   "%tmp = fmul float %input_matrix_load, %kernel_load" [f_b_0/forw_back.c:134]   --->   Operation 118 'fmul' 'tmp' <Predicate = (!icmp_ln132)> <Delay = 8.28> <Core = "FMul">   --->   Core 106 'FMul' <Latency = 2> <II = 1> <Delay = 8.28> <FuncUnit> <Opcode : 'fmul'> <InPorts = 2> <OutPorts = 1>

State 8 <SV = 7> <Delay = 7.71>
ST_8 : Operation 119 [4/4] (7.71ns)   --->   "%tmp_s = fadd float %empty, %tmp" [f_b_0/forw_back.c:134]   --->   Operation 119 'fadd' 'tmp_s' <Predicate = (!icmp_ln132)> <Delay = 7.71> <Core = "FAddSub">   --->   Core 105 'FAddSub' <Latency = 3> <II = 1> <Delay = 7.71> <FuncUnit> <Opcode : 'fadd' 'fsub'> <InPorts = 2> <OutPorts = 1>

State 9 <SV = 8> <Delay = 7.71>
ST_9 : Operation 120 [3/4] (7.71ns)   --->   "%tmp_s = fadd float %empty, %tmp" [f_b_0/forw_back.c:134]   --->   Operation 120 'fadd' 'tmp_s' <Predicate = (!icmp_ln132)> <Delay = 7.71> <Core = "FAddSub">   --->   Core 105 'FAddSub' <Latency = 3> <II = 1> <Delay = 7.71> <FuncUnit> <Opcode : 'fadd' 'fsub'> <InPorts = 2> <OutPorts = 1>

State 10 <SV = 9> <Delay = 7.71>
ST_10 : Operation 121 [2/4] (7.71ns)   --->   "%tmp_s = fadd float %empty, %tmp" [f_b_0/forw_back.c:134]   --->   Operation 121 'fadd' 'tmp_s' <Predicate = (!icmp_ln132)> <Delay = 7.71> <Core = "FAddSub">   --->   Core 105 'FAddSub' <Latency = 3> <II = 1> <Delay = 7.71> <FuncUnit> <Opcode : 'fadd' 'fsub'> <InPorts = 2> <OutPorts = 1>

State 11 <SV = 10> <Delay = 7.71>
ST_11 : Operation 122 [1/4] (7.71ns)   --->   "%tmp_s = fadd float %empty, %tmp" [f_b_0/forw_back.c:134]   --->   Operation 122 'fadd' 'tmp_s' <Predicate = (!icmp_ln132)> <Delay = 7.71> <Core = "FAddSub">   --->   Core 105 'FAddSub' <Latency = 3> <II = 1> <Delay = 7.71> <FuncUnit> <Opcode : 'fadd' 'fsub'> <InPorts = 2> <OutPorts = 1>

State 12 <SV = 11> <Delay = 1.35>
ST_12 : Operation 123 [1/1] (0.00ns)   --->   "call void (...)* @_ssdm_op_SpecPipeline(i32 -1, i32 1, i32 1, i32 0, [1 x i8]* @p_str) nounwind" [f_b_0/forw_back.c:133]   --->   Operation 123 'specpipeline' <Predicate = (!icmp_ln132)> <Delay = 0.00>
ST_12 : Operation 124 [1/1] (0.00ns)   --->   "call void (...)* @_ssdm_op_SpecLoopName([19 x i8]* @Conv2d_b4_label7_L_s)"   --->   Operation 124 'specloopname' <Predicate = (!icmp_ln132)> <Delay = 0.00>
ST_12 : Operation 125 [1/1] (0.00ns)   --->   "call void (...)* @_ssdm_op_SpecPipeline(i32 -1, i32 1, i32 1, i32 0, [1 x i8]* @p_str) nounwind" [f_b_0/forw_back.c:133]   --->   Operation 125 'specpipeline' <Predicate = (!icmp_ln132)> <Delay = 0.00>
ST_12 : Operation 126 [1/1] (1.35ns)   --->   "store float %tmp_s, float* %out_matrix_addr, align 4" [f_b_0/forw_back.c:134]   --->   Operation 126 'store' <Predicate = (!icmp_ln132)> <Delay = 1.35> <Core = "RAM">   --->   Core 37 'RAM' <Latency = 1> <II = 1> <Delay = 1.35> <Storage> <Opcode : 'load' 'store'> <Ports = 2> <Width = 32> <Depth = 784> <RAM>
ST_12 : Operation 127 [1/1] (0.00ns)   --->   "br label %1" [f_b_0/forw_back.c:133]   --->   Operation 127 'br' <Predicate = (!icmp_ln132)> <Delay = 0.00>

State 13 <SV = 3> <Delay = 1.20>
ST_13 : Operation 128 [1/1] (0.87ns)   --->   "%j = add i5 %select_ln129_3, 1" [f_b_0/forw_back.c:130]   --->   Operation 128 'add' 'j' <Predicate = true> <Delay = 0.87> <Core = "AddSub">   --->   Core 14 'AddSub' <Latency = 0> <II = 1> <Delay = 1.20> <FuncUnit> <Opcode : 'add' 'sub'> <InPorts = 2> <OutPorts = 1>
ST_13 : Operation 129 [1/1] (1.20ns)   --->   "%add_ln130_2 = add i32 %select_ln129_2, 1" [f_b_0/forw_back.c:130]   --->   Operation 129 'add' 'add_ln130_2' <Predicate = true> <Delay = 1.20> <Core = "AddSub">   --->   Core 14 'AddSub' <Latency = 0> <II = 1> <Delay = 1.20> <FuncUnit> <Opcode : 'add' 'sub'> <InPorts = 2> <OutPorts = 1>
ST_13 : Operation 130 [1/1] (1.20ns)   --->   "%add_ln130_3 = add i32 %select_ln129_1, 1" [f_b_0/forw_back.c:130]   --->   Operation 130 'add' 'add_ln130_3' <Predicate = true> <Delay = 1.20> <Core = "AddSub">   --->   Core 14 'AddSub' <Latency = 0> <II = 1> <Delay = 1.20> <FuncUnit> <Opcode : 'add' 'sub'> <InPorts = 2> <OutPorts = 1>
ST_13 : Operation 131 [1/1] (1.20ns)   --->   "%add_ln130_4 = add i32 %select_ln129, -1" [f_b_0/forw_back.c:130]   --->   Operation 131 'add' 'add_ln130_4' <Predicate = true> <Delay = 1.20> <Core = "AddSub">   --->   Core 14 'AddSub' <Latency = 0> <II = 1> <Delay = 1.20> <FuncUnit> <Opcode : 'add' 'sub'> <InPorts = 2> <OutPorts = 1>
ST_13 : Operation 132 [1/1] (0.00ns)   --->   "br label %.preheader" [f_b_0/forw_back.c:130]   --->   Operation 132 'br' <Predicate = true> <Delay = 0.00>


============================================================
+ Verbose Summary: Timing violations
============================================================
Target clock period: 10ns, clock uncertainty: 1.25ns.

 <State 1>: 0.755ns
The critical path consists of the following:
	multiplexor before 'phi' operation ('indvar_flatten42', f_b_0/forw_back.c:129) with incoming values : ('add_ln129', f_b_0/forw_back.c:129) [7]  (0.755 ns)

 <State 2>: 7.92ns
The critical path consists of the following:
	'phi' operation ('phi_ln129_1', f_b_0/forw_back.c:129) with incoming values : ('select_ln129_10', f_b_0/forw_back.c:129) [9]  (0 ns)
	'add' operation ('add_ln129_3', f_b_0/forw_back.c:129) [27]  (1.2 ns)
	'icmp' operation ('icmp_ln129_1', f_b_0/forw_back.c:129) [35]  (1.11 ns)
	'select' operation ('select_ln129_4', f_b_0/forw_back.c:129) [36]  (0 ns)
	'add' operation ('add_ln129_5', f_b_0/forw_back.c:129) [37]  (1.2 ns)
	'select' operation ('select_ln129_6', f_b_0/forw_back.c:129) [41]  (0.525 ns)
	'mul' operation ('mul_ln131', f_b_0/forw_back.c:131) [67]  (3.88 ns)

 <State 3>: 5.81ns
The critical path consists of the following:
	'phi' operation ('row_0', f_b_0/forw_back.c:129) with incoming values : ('zext_ln129', f_b_0/forw_back.c:129) ('select_ln132', f_b_0/forw_back.c:132) [71]  (0 ns)
	'add' operation ('row', f_b_0/forw_back.c:132) [85]  (1.2 ns)
	'sub' operation ('sub_ln134_4', f_b_0/forw_back.c:134) [95]  (1.2 ns)
	'sub' operation ('sub_ln134_5', f_b_0/forw_back.c:134) [97]  (1.2 ns)
	'select' operation ('select_ln133_2', f_b_0/forw_back.c:133) [98]  (0.525 ns)
	'sub' operation ('sub_ln133', f_b_0/forw_back.c:133) [99]  (0 ns)
	'add' operation ('add_ln134_1', f_b_0/forw_back.c:134) [105]  (0.889 ns)
	'getelementptr' operation ('kernel_addr', f_b_0/forw_back.c:134) [107]  (0 ns)
	'load' operation ('kernel_load', f_b_0/forw_back.c:134) on array 'kernel' [108]  (0.79 ns)

 <State 4>: 1.35ns
The critical path consists of the following:
	'load' operation ('input_matrix_load', f_b_0/forw_back.c:134) on array 'input_matrix' [104]  (1.35 ns)

 <State 5>: 8.29ns
The critical path consists of the following:
	'fmul' operation ('tmp', f_b_0/forw_back.c:134) [109]  (8.29 ns)

 <State 6>: 8.29ns
The critical path consists of the following:
	'fmul' operation ('tmp', f_b_0/forw_back.c:134) [109]  (8.29 ns)

 <State 7>: 8.29ns
The critical path consists of the following:
	'fmul' operation ('tmp', f_b_0/forw_back.c:134) [109]  (8.29 ns)

 <State 8>: 7.72ns
The critical path consists of the following:
	'fadd' operation ('tmp_s', f_b_0/forw_back.c:134) [110]  (7.72 ns)

 <State 9>: 7.72ns
The critical path consists of the following:
	'fadd' operation ('tmp_s', f_b_0/forw_back.c:134) [110]  (7.72 ns)

 <State 10>: 7.72ns
The critical path consists of the following:
	'fadd' operation ('tmp_s', f_b_0/forw_back.c:134) [110]  (7.72 ns)

 <State 11>: 7.72ns
The critical path consists of the following:
	'fadd' operation ('tmp_s', f_b_0/forw_back.c:134) [110]  (7.72 ns)

 <State 12>: 1.35ns
The critical path consists of the following:
	'store' operation ('store_ln134', f_b_0/forw_back.c:134) of variable 'tmp_s', f_b_0/forw_back.c:134 on array 'out_matrix' [111]  (1.35 ns)

 <State 13>: 1.2ns
The critical path consists of the following:
	'add' operation ('add_ln130_2', f_b_0/forw_back.c:130) [116]  (1.2 ns)


============================================================
+ Verbose Summary: Binding
============================================================
N/A
* FSMD analyzer results:
  - Output states:
 - Input state : 
  - Chain level:
	State 1
	State 2
	State 3
	State 4
	State 5
	State 6
	State 7
	State 8
	State 9
	State 10
	State 11
	State 12
	State 13


============================================================
+ Verbose Summary: Datapath Resource usage 
============================================================
N/A
